2015-04-25T09:31:08	Fermi_Speed	150
2015-04-25T09:31:08	Fermi_delay	584.027778
2015-04-25T09:31:08	Freq_T0	50
2015-04-25T09:31:08	Freq_Thick	50
2015-04-25T09:31:08	Error_Thick	0
2015-04-25T09:31:08	T_Head	3.48092012157165
2015-04-25T09:31:08	T_Sample	6.71114062420314
2015-04-25T09:31:14	Phase_T0	9770
2015-04-25T09:31:14	Phase_Thick	4597
2015-04-25T09:31:26	Moderator_Temp	109.637496948242
2015-04-25T09:31:26	Error_T0	-1
2015-04-25T09:31:38	Fermi_Speed	150
2015-04-25T09:31:38	Fermi_delay	584.007937
2015-04-25T09:31:38	Freq_T0	50
2015-04-25T09:31:38	Freq_Thick	50
2015-04-25T09:31:38	Error_Thick	-1
2015-04-25T09:31:38	T_Head	3.47429155300831
2015-04-25T09:31:38	T_Sample	6.71114062420314
2015-04-25T09:31:44	Phase_T0	9770
2015-04-25T09:31:44	Phase_Thick	4597
2015-04-25T09:31:56	Moderator_Temp	109.637496948242
2015-04-25T09:31:56	Error_T0	1
2015-04-25T09:32:08	Fermi_Speed	150
2015-04-25T09:32:08	Fermi_delay	583.968254
2015-04-25T09:32:08	Freq_T0	50
2015-04-25T09:32:09	Freq_Thick	49.99
2015-04-25T09:32:09	Error_Thick	0
2015-04-25T09:32:09	T_Head	3.48092012157165
2015-04-25T09:32:09	T_Sample	6.71114062420314
2015-04-25T09:32:14	Phase_T0	9770
2015-04-25T09:32:14	Phase_Thick	4597
2015-04-25T09:32:26	Moderator_Temp	109.637496948242
2015-04-25T09:32:26	Error_T0	-1
2015-04-25T09:32:38	Fermi_Speed	150
2015-04-25T09:32:38	Fermi_delay	584.007937
2015-04-25T09:32:38	Freq_T0	49.99
2015-04-25T09:32:39	Freq_Thick	50
2015-04-25T09:32:39	Error_Thick	-1
2015-04-25T09:32:39	T_Head	47.809918375578
2015-04-25T09:32:39	T_Sample	20.4451497918868
2015-04-25T09:32:44	Phase_T0	9770
2015-04-25T09:32:44	Phase_Thick	4597
2015-04-25T09:32:56	Moderator_Temp	109.637496948242
2015-04-25T09:32:56	Error_T0	0
2015-04-25T09:33:08	Fermi_Speed	150
2015-04-25T09:33:08	Fermi_delay	584.007937
2015-04-25T09:33:08	Freq_T0	50
2015-04-25T09:33:09	Freq_Thick	50
2015-04-25T09:33:09	Error_Thick	0
2015-04-25T09:33:09	T_Head	61.6369146380501
2015-04-25T09:33:09	T_Sample	29.1340286516101
2015-04-25T09:33:14	Phase_T0	9770
2015-04-25T09:33:14	Phase_Thick	4597
2015-04-25T09:33:26	Moderator_Temp	109.637496948242
2015-04-25T09:33:26	Error_T0	-1
2015-04-25T09:33:38	Fermi_Speed	150
2015-04-25T09:33:38	Fermi_delay	584.027778
2015-04-25T09:33:38	Freq_T0	50
2015-04-25T09:33:39	Freq_Thick	50
2015-04-25T09:33:39	Error_Thick	-1
2015-04-25T09:33:39	T_Head	71.470232383387
2015-04-25T09:33:39	T_Sample	35.1366025339881
2015-04-25T09:33:44	Phase_T0	9770
2015-04-25T09:33:44	Phase_Thick	4597
2015-04-25T09:33:56	Moderator_Temp	109.637496948242
2015-04-25T09:33:56	Error_T0	-1
2015-04-25T09:34:08	Fermi_Speed	150
2015-04-25T09:34:08	Fermi_delay	584.047619
2015-04-25T09:34:08	Freq_T0	50
2015-04-25T09:34:09	Freq_Thick	50
2015-04-25T09:34:09	Error_Thick	0
2015-04-25T09:34:09	T_Head	79.5131868582918
2015-04-25T09:34:09	T_Sample	40.1336926252879
2015-04-25T09:34:14	Phase_T0	9770
2015-04-25T09:34:14	Phase_Thick	4597
2015-04-25T09:34:26	Moderator_Temp	109.600006103516
2015-04-25T09:34:26	Error_T0	0
2015-04-25T09:34:38	Fermi_Speed	150
2015-04-25T09:34:38	Fermi_delay	583.988095
2015-04-25T09:34:38	Freq_T0	49.99
2015-04-25T09:34:39	Freq_Thick	50
2015-04-25T09:34:39	Error_Thick	-1
2015-04-25T09:34:39	T_Head	86.6057114511441
2015-04-25T09:34:39	T_Sample	44.47258002327
2015-04-25T09:34:44	Phase_T0	9770
2015-04-25T09:34:44	Phase_Thick	4597
2015-04-25T09:34:56	Moderator_Temp	109.600006103516
2015-04-25T09:34:56	Error_T0	-1
2015-04-25T09:35:08	Fermi_Speed	150
2015-04-25T09:35:08	Fermi_delay	584.027778
2015-04-25T09:35:08	Freq_T0	50
2015-04-25T09:35:09	Freq_Thick	50
2015-04-25T09:35:09	Error_Thick	-1
2015-04-25T09:35:09	T_Head	92.9281357795065
2015-04-25T09:35:09	T_Sample	48.4653126130229
2015-04-25T09:35:14	Phase_T0	9770
2015-04-25T09:35:14	Phase_Thick	4597
2015-04-25T09:35:26	Moderator_Temp	109.600006103516
2015-04-25T09:35:26	Error_T0	0
2015-04-25T09:35:38	Fermi_Speed	150
2015-04-25T09:35:38	Fermi_delay	584.027778
2015-04-25T09:35:38	Freq_T0	50
2015-04-25T09:35:39	Freq_Thick	50
2015-04-25T09:35:39	Error_Thick	0
2015-04-25T09:35:39	T_Head	98.6521460672372
2015-04-25T09:35:39	T_Sample	52.1420762066593
2015-04-25T09:35:44	Phase_T0	9770
2015-04-25T09:35:44	Phase_Thick	4597
2015-04-25T09:35:56	Moderator_Temp	109.600006103516
2015-04-25T09:35:56	Error_T0	-1
2015-04-25T09:36:08	Fermi_Speed	150
2015-04-25T09:36:08	Fermi_delay	584.047619
2015-04-25T09:36:08	Freq_T0	50
2015-04-25T09:36:09	Freq_Thick	50
2015-04-25T09:36:09	Error_Thick	0
2015-04-25T09:36:09	T_Head	101.743246712399
2015-04-25T09:36:09	T_Sample	55.6905234617239
2015-04-25T09:36:14	Phase_T0	9770
2015-04-25T09:36:14	Phase_Thick	4597
2015-04-25T09:36:26	Moderator_Temp	109.600006103516
2015-04-25T09:36:26	Error_T0	-1
2015-04-25T09:36:38	Fermi_Speed	150
2015-04-25T09:36:38	Fermi_delay	584.007937
2015-04-25T09:36:38	Freq_T0	50
2015-04-25T09:36:39	Freq_Thick	50
2015-04-25T09:36:39	Error_Thick	-1
2015-04-25T09:36:39	T_Head	99.1423833437986
2015-04-25T09:36:39	T_Sample	58.9574085942551
2015-04-25T09:36:44	Phase_T0	9770
2015-04-25T09:36:44	Phase_Thick	4597
2015-04-25T09:36:57	Moderator_Temp	109.600006103516
2015-04-25T09:36:57	Error_T0	0
2015-04-25T09:37:08	Fermi_Speed	150
2015-04-25T09:37:08	Fermi_delay	583.988095
2015-04-25T09:37:08	Freq_T0	50
2015-04-25T09:37:10	Freq_Thick	50
2015-04-25T09:37:10	Error_Thick	-1
2015-04-25T09:37:10	T_Head	101.200679411601
2015-04-25T09:37:10	T_Sample	62.0488730556011
2015-04-25T09:37:15	Phase_T0	9770
2015-04-25T09:37:15	Phase_Thick	4597
2015-04-25T09:37:27	Moderator_Temp	109.600006103516
2015-04-25T09:37:27	Error_T0	-1
2015-04-25T09:37:39	Fermi_Speed	150
2015-04-25T09:37:39	Fermi_delay	584.027778
2015-04-25T09:37:39	Freq_T0	49.99
2015-04-25T09:37:41	Freq_Thick	50
2015-04-25T09:37:41	Error_Thick	-1
2015-04-25T09:37:41	T_Head	99.3346332561756
2015-04-25T09:37:41	T_Sample	64.8246625763009
2015-04-25T09:37:46	Phase_T0	9770
2015-04-25T09:37:46	Phase_Thick	4597
2015-04-25T09:37:58	Moderator_Temp	109.600006103516
2015-04-25T09:37:58	Error_T0	0
2015-04-25T09:38:09	Fermi_Speed	150
2015-04-25T09:38:09	Fermi_delay	584.027778
2015-04-25T09:38:09	Freq_T0	49.99
2015-04-25T09:38:12	Freq_Thick	50
2015-04-25T09:38:12	Error_Thick	-1
2015-04-25T09:38:12	T_Head	101.219716860752
2015-04-25T09:38:12	T_Sample	67.3043964092302
2015-04-25T09:38:17	Phase_T0	9770
2015-04-25T09:38:17	Phase_Thick	4597
2015-04-25T09:38:28	Error_T0	1
2015-04-25T09:38:29	Moderator_Temp	109.600006103516
2015-04-25T09:38:39	Fermi_Speed	150
2015-04-25T09:38:39	Fermi_delay	584.027778
2015-04-25T09:38:39	Freq_T0	50
2015-04-25T09:38:42	Freq_Thick	50
2015-04-25T09:38:43	Error_Thick	-1
2015-04-25T09:38:43	T_Head	99.3923082298887
2015-04-25T09:38:43	T_Sample	69.5425249048796
2015-04-25T09:38:48	Phase_T0	9770
2015-04-25T09:38:48	Phase_Thick	4597
2015-04-25T09:38:59	Error_T0	-2
2015-04-25T09:39:00	Moderator_Temp	109.600006103516
2015-04-25T09:39:09	Fermi_Speed	150
2015-04-25T09:39:09	Fermi_delay	584.007937
2015-04-25T09:39:09	Freq_T0	49.99
2015-04-25T09:39:13	Freq_Thick	50
2015-04-25T09:39:13	Error_Thick	-1
2015-04-25T09:39:13	T_Head	101.257791759054
2015-04-25T09:39:13	T_Sample	71.538262104359
2015-04-25T09:39:18	Phase_T0	9770
2015-04-25T09:39:18	Phase_Thick	4597
2015-04-25T09:39:29	Error_T0	-1
2015-04-25T09:39:30	Moderator_Temp	109.600006103516
2015-04-25T09:39:40	Fermi_Speed	150
2015-04-25T09:39:40	Fermi_delay	584.047619
2015-04-25T09:39:40	Freq_T0	50
2015-04-25T09:39:43	Freq_Thick	50
2015-04-25T09:39:43	Error_Thick	0
2015-04-25T09:39:43	T_Head	99.5268831685526
2015-04-25T09:39:43	T_Sample	73.3606110734525
2015-04-25T09:39:48	Phase_T0	9770
2015-04-25T09:39:48	Phase_Thick	4597
2015-04-25T09:39:59	Error_T0	0
2015-04-25T09:40:00	Moderator_Temp	109.600006103516
2015-04-25T09:40:10	Fermi_Speed	150
2015-04-25T09:40:10	Fermi_delay	584.047619
2015-04-25T09:40:10	Freq_T0	49.99
2015-04-25T09:40:13	Freq_Thick	50
2015-04-25T09:40:13	Error_Thick	0
2015-04-25T09:40:13	T_Head	101.28634793278
2015-04-25T09:40:13	T_Sample	75.0847496190618
2015-04-25T09:40:18	Phase_T0	9770
2015-04-25T09:40:18	Phase_Thick	4597
2015-04-25T09:40:29	Error_T0	-1
2015-04-25T09:40:30	Moderator_Temp	109.600006103516
2015-04-25T09:40:40	Fermi_Speed	150
2015-04-25T09:40:40	Fermi_delay	584.007937
2015-04-25T09:40:40	Freq_T0	50
2015-04-25T09:40:43	Freq_Thick	50
2015-04-25T09:40:43	Error_Thick	-1
2015-04-25T09:40:43	T_Head	99.8537080195935
2015-04-25T09:40:43	T_Sample	76.6271172900718
2015-04-25T09:40:48	Phase_T0	9770
2015-04-25T09:40:48	Phase_Thick	4597
2015-04-25T09:41:00	Error_T0	-1
2015-04-25T09:41:01	Moderator_Temp	109.600006103516
2015-04-25T09:41:10	Fermi_Speed	150
2015-04-25T09:41:10	Fermi_delay	584.007937
2015-04-25T09:41:10	Freq_T0	50
2015-04-25T09:41:13	Freq_Thick	50
2015-04-25T09:41:13	Error_Thick	0
2015-04-25T09:41:13	T_Head	101.210198136176
2015-04-25T09:41:13	T_Sample	78.0521709510059
2015-04-25T09:41:18	Phase_T0	9770
2015-04-25T09:41:18	Phase_Thick	4597
2015-04-25T09:41:30	Error_T0	-1
2015-04-25T09:41:31	Moderator_Temp	109.600006103516
2015-04-25T09:41:40	Fermi_Speed	150
2015-04-25T09:41:40	Fermi_delay	584.027778
2015-04-25T09:41:40	Freq_T0	49.99
2015-04-25T09:41:43	Freq_Thick	50
2015-04-25T09:41:43	Error_Thick	0
2015-04-25T09:41:43	T_Head	100.170920375016
2015-04-25T09:41:43	T_Sample	79.4143545974871
2015-04-25T09:41:48	Phase_T0	9770
2015-04-25T09:41:48	Phase_Thick	4597
2015-04-25T09:42:00	Error_T0	0
2015-04-25T09:42:01	Moderator_Temp	109.600006103516
2015-04-25T09:42:10	Fermi_Speed	150
2015-04-25T09:42:10	Fermi_delay	584.007937
2015-04-25T09:42:10	Freq_T0	50
2015-04-25T09:42:13	Freq_Thick	50
2015-04-25T09:42:13	Error_Thick	-1
2015-04-25T09:42:13	T_Head	100.991267470942
2015-04-25T09:42:13	T_Sample	80.6530025676471
2015-04-25T09:42:18	Phase_T0	9770
2015-04-25T09:42:18	Phase_Thick	4597
2015-04-25T09:42:30	Error_T0	-1
2015-04-25T09:42:31	Moderator_Temp	109.600006103516
2015-04-25T09:42:40	Fermi_Speed	150
2015-04-25T09:42:40	Fermi_delay	583.968254
2015-04-25T09:42:40	Freq_T0	50
2015-04-25T09:42:43	Freq_Thick	50
2015-04-25T09:42:43	Error_Thick	0
2015-04-25T09:42:43	T_Head	100.486775068446
2015-04-25T09:42:43	T_Sample	81.8005663759822
2015-04-25T09:42:48	Phase_T0	9770
2015-04-25T09:42:48	Phase_Thick	4597
2015-04-25T09:43:00	Error_T0	-1
2015-04-25T09:43:01	Moderator_Temp	109.600006103516
2015-04-25T09:43:10	Fermi_Speed	150
2015-04-25T09:43:10	Fermi_delay	584.007937
2015-04-25T09:43:10	Freq_T0	49.99
2015-04-25T09:43:13	Freq_Thick	49.99
2015-04-25T09:43:13	Error_Thick	0
2015-04-25T09:43:13	T_Head	100.515331242172
2015-04-25T09:43:13	T_Sample	82.86688672886
2015-04-25T09:43:18	Phase_T0	9770
2015-04-25T09:43:18	Phase_Thick	4597
2015-04-25T09:43:30	Error_T0	0
2015-04-25T09:43:31	Moderator_Temp	109.600006103516
2015-04-25T09:43:41	Fermi_Speed	150
2015-04-25T09:43:41	Fermi_delay	584.007937
2015-04-25T09:43:41	Freq_T0	49.99
2015-04-25T09:43:44	Freq_Thick	50
2015-04-25T09:43:44	Error_Thick	-1
2015-04-25T09:43:44	T_Head	100.819930428585
2015-04-25T09:43:44	T_Sample	83.9128962178735
2015-04-25T09:43:49	Phase_T0	9770
2015-04-25T09:43:49	Phase_Thick	4597
2015-04-25T09:44:01	Error_T0	0
2015-04-25T09:44:02	Moderator_Temp	109.600006103516
2015-04-25T09:44:11	Fermi_Speed	150
2015-04-25T09:44:11	Fermi_delay	584.007937
2015-04-25T09:44:11	Freq_T0	50
2015-04-25T09:44:14	Freq_Thick	50
2015-04-25T09:44:14	Error_Thick	-1
2015-04-25T09:44:14	T_Head	99.9594454714009
2015-04-25T09:44:14	T_Sample	84.8573513875653
2015-04-25T09:44:19	Phase_T0	9770
2015-04-25T09:44:19	Phase_Thick	4597
2015-04-25T09:44:32	Moderator_Temp	109.5625
2015-04-25T09:44:32	Error_T0	-1
2015-04-25T09:44:42	Fermi_Speed	150
2015-04-25T09:44:42	Fermi_delay	583.988095
2015-04-25T09:44:42	Freq_T0	50
2015-04-25T09:44:45	Freq_Thick	50
2015-04-25T09:44:45	Error_Thick	-1
2015-04-25T09:44:45	T_Head	101.086454716696
2015-04-25T09:44:45	T_Sample	85.7525332500517
2015-04-25T09:44:49	Phase_T0	9770
2015-04-25T09:44:49	Phase_Thick	4597
2015-04-25T09:45:03	Moderator_Temp	109.5625
2015-04-25T09:45:03	Error_T0	-1
2015-04-25T09:45:13	Fermi_Speed	150
2015-04-25T09:45:13	Fermi_delay	584.027778
2015-04-25T09:45:13	Freq_T0	50
2015-04-25T09:45:16	Freq_Thick	49.99
2015-04-25T09:45:16	Error_Thick	2
2015-04-25T09:45:16	T_Head	99.6037831335034
2015-04-25T09:45:16	T_Sample	86.5859160606893
2015-04-25T09:45:20	Phase_T0	9770
2015-04-25T09:45:20	Phase_Thick	4597
2015-04-25T09:45:34	Moderator_Temp	109.5625
2015-04-25T09:45:34	Error_T0	-1
2015-04-25T09:45:43	Fermi_Speed	150
2015-04-25T09:45:43	Fermi_delay	584.027778
2015-04-25T09:45:43	Freq_T0	50
2015-04-25T09:45:47	Freq_Thick	50
2015-04-25T09:45:47	Error_Thick	-1
2015-04-25T09:45:47	T_Head	101.267310483629
2015-04-25T09:45:47	T_Sample	87.3696927516462
2015-04-25T09:45:51	Phase_T0	9770
2015-04-25T09:45:51	Phase_Thick	4597
2015-04-25T09:46:04	Moderator_Temp	109.525001525879
2015-04-25T09:46:04	Error_T0	-1
2015-04-25T09:46:13	Fermi_Speed	150
2015-04-25T09:46:13	Fermi_delay	584.027778
2015-04-25T09:46:13	Freq_T0	50
2015-04-25T09:46:17	Freq_Thick	50
2015-04-25T09:46:17	Error_Thick	0
2015-04-25T09:46:17	T_Head	99.4692081948395
2015-04-25T09:46:17	T_Sample	88.0939420989861
2015-04-25T09:46:21	Phase_T0	9770
2015-04-25T09:46:21	Phase_Thick	4597
2015-04-25T09:46:34	Moderator_Temp	109.525001525879
2015-04-25T09:46:34	Error_T0	0
2015-04-25T09:46:43	Fermi_Speed	150
2015-04-25T09:46:43	Fermi_delay	584.007937
2015-04-25T09:46:43	Freq_T0	50
2015-04-25T09:46:47	Freq_Thick	50
2015-04-25T09:46:47	Error_Thick	-1
2015-04-25T09:46:47	T_Head	101.400572627685
2015-04-25T09:46:47	T_Sample	88.7487428787728
2015-04-25T09:46:51	Phase_T0	9770
2015-04-25T09:46:51	Phase_Thick	4597
2015-04-25T09:47:04	Moderator_Temp	109.5625
2015-04-25T09:47:04	Error_T0	-1
2015-04-25T09:47:13	Fermi_Speed	150
2015-04-25T09:47:13	Fermi_delay	583.988095
2015-04-25T09:47:13	Freq_T0	50
2015-04-25T09:47:17	Freq_Thick	50
2015-04-25T09:47:17	Error_Thick	0
2015-04-25T09:47:17	T_Head	99.949832975782
2015-04-25T09:47:17	T_Sample	0
2015-04-25T09:47:21	Phase_T0	9770
2015-04-25T09:47:21	Phase_Thick	4597
2015-04-25T09:47:34	Moderator_Temp	109.5625
2015-04-25T09:47:34	Error_T0	-1
2015-04-25T09:47:43	Fermi_Speed	150
2015-04-25T09:47:43	Fermi_delay	583.988095
2015-04-25T09:47:43	Freq_T0	50
2015-04-25T09:47:48	Freq_Thick	50
2015-04-25T09:47:48	Error_Thick	0
2015-04-25T09:47:48	T_Head	101.276829208204
2015-04-25T09:47:48	T_Sample	0
2015-04-25T09:47:51	Phase_T0	9770
2015-04-25T09:47:51	Phase_Thick	4597
2015-04-25T09:48:04	Moderator_Temp	109.525001525879
2015-04-25T09:48:04	Error_T0	-1
2015-04-25T09:48:13	Fermi_Speed	150
2015-04-25T09:48:13	Fermi_delay	583.988095
2015-04-25T09:48:13	Freq_T0	50
2015-04-25T09:48:18	Freq_Thick	49.99
2015-04-25T09:48:18	Error_Thick	0
2015-04-25T09:48:18	T_Head	100.420143996418
2015-04-25T09:48:18	T_Sample	0
2015-04-25T09:48:21	Phase_T0	9770
2015-04-25T09:48:21	Phase_Thick	4597
2015-04-25T09:48:34	Moderator_Temp	109.525001525879
2015-04-25T09:48:34	Error_T0	-1
2015-04-25T09:48:43	Fermi_Speed	150
2015-04-25T09:48:43	Fermi_delay	584.007937
2015-04-25T09:48:43	Freq_T0	50
2015-04-25T09:48:48	Freq_Thick	50
2015-04-25T09:48:48	Error_Thick	-1
2015-04-25T09:48:48	T_Head	100.639074661652
2015-04-25T09:48:48	T_Sample	0
2015-04-25T09:48:51	Phase_T0	9770
2015-04-25T09:48:51	Phase_Thick	4597
2015-04-25T09:49:04	Moderator_Temp	109.5625
2015-04-25T09:49:04	Error_T0	-1
2015-04-25T09:49:13	Fermi_Speed	150
2015-04-25T09:49:13	Fermi_delay	584.027778
2015-04-25T09:49:13	Freq_T0	50
2015-04-25T09:49:18	Freq_Thick	50
2015-04-25T09:49:18	Error_Thick	-1
2015-04-25T09:49:18	T_Head	101.172123237875
2015-04-25T09:49:18	T_Sample	0
2015-04-25T09:49:21	Phase_T0	9770
2015-04-25T09:49:21	Phase_Thick	4597
2015-04-25T09:49:34	Moderator_Temp	109.5625
2015-04-25T09:49:34	Error_T0	0
2015-04-25T09:49:43	Fermi_Speed	150
2015-04-25T09:49:43	Fermi_delay	583.988095
2015-04-25T09:49:43	Freq_T0	50
2015-04-25T09:49:48	Freq_Thick	50
2015-04-25T09:49:48	Error_Thick	0
2015-04-25T09:49:48	T_Head	99.498045681696
2015-04-25T09:49:48	T_Sample	0
2015-04-25T09:49:51	Phase_T0	9770
2015-04-25T09:49:51	Phase_Thick	4597
2015-04-25T09:50:04	Moderator_Temp	109.525001525879
2015-04-25T09:50:04	Error_T0	-1
2015-04-25T09:50:13	Fermi_Speed	150
2015-04-25T09:50:13	Fermi_delay	583.988095
2015-04-25T09:50:13	Freq_T0	49.99
2015-04-25T09:50:18	Freq_Thick	50
2015-04-25T09:50:18	Error_Thick	0
2015-04-25T09:50:18	T_Head	101.495759873439
2015-04-25T09:50:18	T_Sample	0
2015-04-25T09:50:21	Phase_T0	9770
2015-04-25T09:50:21	Phase_Thick	4597
2015-04-25T09:50:34	Moderator_Temp	109.525001525879
2015-04-25T09:50:34	Error_T0	-1
2015-04-25T09:50:43	Fermi_Speed	150
2015-04-25T09:50:43	Fermi_delay	583.988095
2015-04-25T09:50:43	Freq_T0	50
2015-04-25T09:50:48	Freq_Thick	50
2015-04-25T09:50:48	Error_Thick	0
2015-04-25T09:50:48	T_Head	99.9690579670197
2015-04-25T09:50:48	T_Sample	0
2015-04-25T09:50:51	Phase_T0	9770
2015-04-25T09:50:51	Phase_Thick	4597
2015-04-25T09:51:04	Moderator_Temp	109.525001525879
2015-04-25T09:51:04	Error_T0	0
2015-04-25T09:51:13	Fermi_Speed	150
2015-04-25T09:51:13	Fermi_delay	583.988095
2015-04-25T09:51:13	Freq_T0	50
2015-04-25T09:51:19	Freq_Thick	50
2015-04-25T09:51:19	Error_Thick	0
2015-04-25T09:51:19	T_Head	101.333941555657
2015-04-25T09:51:19	T_Sample	0
2015-04-25T09:51:22	Phase_T0	9770
2015-04-25T09:51:22	Phase_Thick	4597
2015-04-25T09:51:35	Moderator_Temp	109.525001525879
2015-04-25T09:51:35	Error_T0	-1
2015-04-25T09:51:44	Fermi_Speed	150
2015-04-25T09:51:44	Fermi_delay	583.988095
2015-04-25T09:51:44	Freq_T0	50
2015-04-25T09:51:49	Freq_Thick	50
2015-04-25T09:51:49	Error_Thick	-1
2015-04-25T09:51:49	T_Head	100.772336805708
2015-04-25T09:51:49	T_Sample	0
2015-04-25T09:51:52	Phase_T0	9770
2015-04-25T09:51:52	Phase_Thick	4597
2015-04-25T09:52:06	Moderator_Temp	109.525001525879
2015-04-25T09:52:06	Error_T0	-1
2015-04-25T09:52:15	Fermi_Speed	150
2015-04-25T09:52:15	Fermi_delay	584.027778
2015-04-25T09:52:15	Freq_T0	50
2015-04-25T09:52:20	Freq_Thick	50
2015-04-25T09:52:20	Error_Thick	0
2015-04-25T09:52:20	T_Head	100.13247039254
2015-04-25T09:52:20	T_Sample	0
2015-04-25T09:52:23	Phase_T0	9770
2015-04-25T09:52:23	Phase_Thick	4597
2015-04-25T09:52:36	Moderator_Temp	109.525001525879
2015-04-25T09:52:36	Error_T0	0
2015-04-25T09:52:45	Fermi_Speed	150
2015-04-25T09:52:45	Fermi_delay	584.047619
2015-04-25T09:52:45	Freq_T0	50
2015-04-25T09:52:50	Freq_Thick	50
2015-04-25T09:52:50	Error_Thick	-1
2015-04-25T09:52:50	T_Head	101.362497729383
2015-04-25T09:52:50	T_Sample	0
2015-04-25T09:52:53	Phase_T0	9770
2015-04-25T09:52:53	Phase_Thick	4597
2015-04-25T09:53:07	Moderator_Temp	109.525001525879
2015-04-25T09:53:07	Error_T0	-1
2015-04-25T09:53:16	Fermi_Speed	150
2015-04-25T09:53:16	Fermi_delay	584.027778
2015-04-25T09:53:16	Freq_T0	50
2015-04-25T09:53:21	Freq_Thick	50
2015-04-25T09:53:21	Error_Thick	-1
2015-04-25T09:53:21	T_Head	99.498045681696
2015-04-25T09:53:21	T_Sample	0
2015-04-25T09:53:24	Phase_T0	9770
2015-04-25T09:53:24	Phase_Thick	4597
2015-04-25T09:53:37	Moderator_Temp	109.487503051758
2015-04-25T09:53:37	Error_T0	0
2015-04-25T09:53:46	Fermi_Speed	150
2015-04-25T09:53:46	Fermi_delay	584.007937
2015-04-25T09:53:46	Freq_T0	50
2015-04-25T09:53:51	Freq_Thick	50
2015-04-25T09:53:51	Error_Thick	0
2015-04-25T09:53:51	T_Head	101.53383477174
2015-04-25T09:53:51	T_Sample	0
2015-04-25T09:53:54	Phase_T0	9770
2015-04-25T09:53:54	Phase_Thick	4597
2015-04-25T09:54:08	Moderator_Temp	109.487503051758
2015-04-25T09:54:08	Error_T0	-1
2015-04-25T09:54:17	Fermi_Speed	150
2015-04-25T09:54:17	Fermi_delay	583.988095
2015-04-25T09:54:17	Freq_T0	50
2015-04-25T09:54:22	Freq_Thick	50
2015-04-25T09:54:22	Error_Thick	0
2015-04-25T09:54:22	T_Head	100.286881852362
2015-04-25T09:54:22	T_Sample	0
2015-04-25T09:54:25	Phase_T0	9770
2015-04-25T09:54:25	Phase_Thick	4597
2015-04-25T09:54:38	Moderator_Temp	109.487503051758
2015-04-25T09:54:38	Error_T0	0
2015-04-25T09:54:47	Fermi_Speed	150
2015-04-25T09:54:47	Fermi_delay	583.988095
2015-04-25T09:54:47	Freq_T0	49.99
2015-04-25T09:54:52	Freq_Thick	50
2015-04-25T09:54:52	Error_Thick	-1
2015-04-25T09:54:52	T_Head	100.943673848065
2015-04-25T09:54:52	T_Sample	0
2015-04-25T09:54:55	Phase_T0	9770
2015-04-25T09:54:55	Phase_Thick	4597
2015-04-25T09:55:08	Moderator_Temp	109.525001525879
2015-04-25T09:55:08	Error_T0	0
2015-04-25T09:55:17	Fermi_Speed	150
2015-04-25T09:55:17	Fermi_delay	584.027778
2015-04-25T09:55:17	Freq_T0	50
2015-04-25T09:55:22	Freq_Thick	50
2015-04-25T09:55:22	Error_Thick	0
2015-04-25T09:55:22	T_Head	101.067417267545
2015-04-25T09:55:22	T_Sample	0
2015-04-25T09:55:25	Phase_T0	9770
2015-04-25T09:55:25	Phase_Thick	4597
2015-04-25T09:55:38	Moderator_Temp	109.525001525879
2015-04-25T09:55:38	Error_T0	0
2015-04-25T09:55:47	Fermi_Speed	150
2015-04-25T09:55:47	Fermi_delay	584.007937
2015-04-25T09:55:47	Freq_T0	50
2015-04-25T09:55:52	Freq_Thick	50
2015-04-25T09:55:52	Error_Thick	0
2015-04-25T09:55:52	T_Head	99.5941706378845
2015-04-25T09:55:52	T_Sample	0
2015-04-25T09:55:55	Phase_T0	9770
2015-04-25T09:55:55	Phase_Thick	4597
2015-04-25T09:56:08	Moderator_Temp	109.487503051758
2015-04-25T09:56:08	Error_T0	0
2015-04-25T09:56:17	Fermi_Speed	150
2015-04-25T09:56:17	Fermi_delay	584.047619
2015-04-25T09:56:17	Freq_T0	50
2015-04-25T09:56:22	Freq_Thick	50
2015-04-25T09:56:22	Error_Thick	-1
2015-04-25T09:56:22	T_Head	101.514797322589
2015-04-25T09:56:22	T_Sample	0
2015-04-25T09:56:25	Phase_T0	9770
2015-04-25T09:56:25	Phase_Thick	4597
2015-04-25T09:56:38	Moderator_Temp	109.487503051758
2015-04-25T09:56:38	Error_T0	-4
2015-04-25T09:56:47	Fermi_Speed	150
2015-04-25T09:56:47	Fermi_delay	584.027778
2015-04-25T09:56:47	Freq_T0	50
2015-04-25T09:56:52	Freq_Thick	50
2015-04-25T09:56:52	Error_Thick	0
2015-04-25T09:56:52	T_Head	99.949832975782
2015-04-25T09:56:52	T_Sample	0
2015-04-25T09:56:55	Phase_T0	9770
2015-04-25T09:56:55	Phase_Thick	4597
2015-04-25T09:57:08	Moderator_Temp	109.487503051758
2015-04-25T09:57:08	Error_T0	-1
2015-04-25T09:57:17	Fermi_Speed	150
2015-04-25T09:57:17	Fermi_delay	584.007937
2015-04-25T09:57:17	Freq_T0	50
2015-04-25T09:57:22	Freq_Thick	50
2015-04-25T09:57:22	Error_Thick	0
2015-04-25T09:57:22	T_Head	101.324422831081
2015-04-25T09:57:22	T_Sample	0
2015-04-25T09:57:25	Phase_T0	9770
2015-04-25T09:57:25	Phase_Thick	4597
2015-04-25T09:57:38	Moderator_Temp	109.487503051758
2015-04-25T09:57:38	Error_T0	-1
2015-04-25T09:57:47	Fermi_Speed	150
2015-04-25T09:57:47	Fermi_delay	584.007937
2015-04-25T09:57:47	Freq_T0	50
2015-04-25T09:57:52	Freq_Thick	50
2015-04-25T09:57:52	Error_Thick	-1
2015-04-25T09:57:52	T_Head	100.877042776037
2015-04-25T09:57:52	T_Sample	0
2015-04-25T09:57:55	Phase_T0	9770
2015-04-25T09:57:55	Phase_Thick	4597
2015-04-25T09:58:08	Moderator_Temp	109.487503051758
2015-04-25T09:58:08	Error_T0	0
2015-04-25T09:58:17	Fermi_Speed	150
2015-04-25T09:58:17	Fermi_delay	583.988095
2015-04-25T09:58:17	Freq_T0	50
2015-04-25T09:58:22	Freq_Thick	50
2015-04-25T09:58:22	Error_Thick	-1
2015-04-25T09:58:22	T_Head	99.8537080195935
2015-04-25T09:58:22	T_Sample	0
2015-04-25T09:58:25	Phase_T0	9770
2015-04-25T09:58:25	Phase_Thick	4597
2015-04-25T09:58:38	Moderator_Temp	109.487503051758
2015-04-25T09:58:38	Error_T0	-1
2015-04-25T09:58:47	Fermi_Speed	150
2015-04-25T09:58:47	Fermi_delay	583.988095
2015-04-25T09:58:47	Freq_T0	50
2015-04-25T09:58:52	Freq_Thick	50
2015-04-25T09:58:52	Error_Thick	-1
2015-04-25T09:58:52	T_Head	101.476722424288
2015-04-25T09:58:52	T_Sample	0
2015-04-25T09:58:55	Phase_T0	9770
2015-04-25T09:58:55	Phase_Thick	4597
2015-04-25T09:59:08	Moderator_Temp	109.487503051758
2015-04-25T09:59:08	Error_T0	-1
2015-04-25T09:59:17	Fermi_Speed	150
2015-04-25T09:59:17	Fermi_delay	583.988095
2015-04-25T09:59:17	Freq_T0	50
2015-04-25T09:59:22	Freq_Thick	50
2015-04-25T09:59:22	Error_Thick	0
2015-04-25T09:59:22	T_Head	99.7383580721673
2015-04-25T09:59:22	T_Sample	0
2015-04-25T09:59:25	Phase_T0	9770
2015-04-25T09:59:25	Phase_Thick	4597
2015-04-25T09:59:38	Moderator_Temp	109.487503051758
2015-04-25T09:59:38	Error_T0	-1
2015-04-25T09:59:47	Fermi_Speed	150
2015-04-25T09:59:47	Fermi_delay	584.027778
2015-04-25T09:59:47	Freq_T0	50
2015-04-25T09:59:52	Freq_Thick	50
2015-04-25T09:59:52	Error_Thick	-1
2015-04-25T09:59:52	T_Head	101.448166250562
2015-04-25T09:59:52	T_Sample	0
2015-04-25T09:59:55	Phase_T0	9770
2015-04-25T09:59:55	Phase_Thick	4597
2015-04-25T10:00:08	Moderator_Temp	109.487503051758
2015-04-25T10:00:08	Error_T0	0
2015-04-25T10:00:17	Fermi_Speed	150
2015-04-25T10:00:17	Fermi_delay	584.007937
2015-04-25T10:00:17	Freq_T0	50
2015-04-25T10:00:22	Freq_Thick	50
2015-04-25T10:00:22	Error_Thick	-1
2015-04-25T10:00:22	T_Head	100.667630835378
2015-04-25T10:00:22	T_Sample	0
2015-04-25T10:00:25	Phase_T0	9770
2015-04-25T10:00:25	Phase_Thick	4597
2015-04-25T10:00:38	Moderator_Temp	109.525001525879
2015-04-25T10:00:38	Error_T0	-1
2015-04-25T10:00:47	Fermi_Speed	150
2015-04-25T10:00:47	Fermi_delay	583.968254
2015-04-25T10:00:47	Freq_T0	50
2015-04-25T10:00:52	Freq_Thick	50
2015-04-25T10:00:52	Error_Thick	0
2015-04-25T10:00:52	T_Head	100.199757861872
2015-04-25T10:00:52	T_Sample	0
2015-04-25T10:00:55	Phase_T0	9770
2015-04-25T10:00:55	Phase_Thick	4597
2015-04-25T10:01:08	Moderator_Temp	109.525001525879
2015-04-25T10:01:08	Error_T0	-1
2015-04-25T10:01:17	Fermi_Speed	150
2015-04-25T10:01:17	Fermi_delay	584.027778
2015-04-25T10:01:17	Freq_T0	50
2015-04-25T10:01:22	Freq_Thick	49.99
2015-04-25T10:01:22	Error_Thick	0
2015-04-25T10:01:22	T_Head	101.343460280232
2015-04-25T10:01:22	T_Sample	0
2015-04-25T10:01:25	Phase_T0	9770
2015-04-25T10:01:25	Phase_Thick	4597
2015-04-25T10:01:39	Moderator_Temp	109.525001525879
2015-04-25T10:01:39	Error_T0	0
2015-04-25T10:01:47	Fermi_Speed	150
2015-04-25T10:01:47	Fermi_delay	584.027778
2015-04-25T10:01:47	Freq_T0	50
2015-04-25T10:01:52	Freq_Thick	50
2015-04-25T10:01:52	Error_Thick	-1
2015-04-25T10:01:52	T_Head	99.7383580721673
2015-04-25T10:01:52	T_Sample	0
2015-04-25T10:01:55	Phase_T0	9770
2015-04-25T10:01:55	Phase_Thick	4597
2015-04-25T10:02:09	Moderator_Temp	109.525001525879
2015-04-25T10:02:09	Error_T0	-1
2015-04-25T10:02:17	Fermi_Speed	150
2015-04-25T10:02:17	Fermi_delay	584.027778
2015-04-25T10:02:17	Freq_T0	50
2015-04-25T10:02:22	Freq_Thick	50
2015-04-25T10:02:22	Error_Thick	0
2015-04-25T10:02:22	T_Head	117.805522793695
2015-04-25T10:02:22	T_Sample	0
2015-04-25T10:02:26	Phase_T0	9770
2015-04-25T10:02:26	Phase_Thick	4597
2015-04-25T10:02:39	Moderator_Temp	109.525001525879
2015-04-25T10:02:39	Error_T0	-1
2015-04-25T10:02:48	Fermi_Speed	150
2015-04-25T10:02:48	Fermi_delay	584.047619
2015-04-25T10:02:48	Freq_T0	50
2015-04-25T10:02:53	Freq_Thick	50
2015-04-25T10:02:53	Error_Thick	0
2015-04-25T10:02:53	T_Head	129.561759181044
2015-04-25T10:02:53	T_Sample	0
2015-04-25T10:02:56	Phase_T0	9770
2015-04-25T10:02:56	Phase_Thick	4597
2015-04-25T10:03:09	Moderator_Temp	109.525001525879
2015-04-25T10:03:09	Error_T0	-1
2015-04-25T10:03:18	Fermi_Speed	150
2015-04-25T10:03:18	Fermi_delay	584.007937
2015-04-25T10:03:18	Freq_T0	50
2015-04-25T10:03:23	Freq_Thick	50
2015-04-25T10:03:23	Error_Thick	-1
2015-04-25T10:03:23	T_Head	132.512470366266
2015-04-25T10:03:23	T_Sample	0
2015-04-25T10:03:26	Phase_T0	9770
2015-04-25T10:03:26	Phase_Thick	4597
2015-04-25T10:03:39	Moderator_Temp	109.525001525879
2015-04-25T10:03:39	Error_T0	-1
2015-04-25T10:03:48	Fermi_Speed	150
2015-04-25T10:03:48	Fermi_delay	584.027778
2015-04-25T10:03:48	Freq_T0	50
2015-04-25T10:03:53	Freq_Thick	50
2015-04-25T10:03:53	Error_Thick	-2
2015-04-25T10:03:53	T_Head	135.181019752904
2015-04-25T10:03:53	T_Sample	0
2015-04-25T10:03:56	Phase_T0	9770
2015-04-25T10:03:56	Phase_Thick	4597
2015-04-25T10:04:09	Moderator_Temp	109.487503051758
2015-04-25T10:04:09	Error_T0	-1
2015-04-25T10:04:18	Fermi_Speed	150
2015-04-25T10:04:18	Fermi_delay	584.047619
2015-04-25T10:04:18	Freq_T0	50
2015-04-25T10:04:23	Freq_Thick	50
2015-04-25T10:04:23	Error_Thick	0
2015-04-25T10:04:23	T_Head	136.515294446222
2015-04-25T10:04:23	T_Sample	0
2015-04-25T10:04:26	Phase_T0	9770
2015-04-25T10:04:26	Phase_Thick	4597
2015-04-25T10:04:40	Moderator_Temp	109.525001525879
2015-04-25T10:04:40	Error_T0	-1
2015-04-25T10:04:48	Fermi_Speed	150
2015-04-25T10:04:48	Fermi_delay	584.027778
2015-04-25T10:04:48	Freq_T0	49.99
2015-04-25T10:04:53	Freq_Thick	50
2015-04-25T10:04:53	Error_Thick	-1
2015-04-25T10:04:53	T_Head	137.182431792882
2015-04-25T10:04:53	T_Sample	0
2015-04-25T10:04:56	Phase_T0	9770
2015-04-25T10:04:56	Phase_Thick	4597
2015-04-25T10:05:10	Moderator_Temp	109.525001525879
2015-04-25T10:05:10	Error_T0	-1
2015-04-25T10:05:19	Fermi_Speed	150
2015-04-25T10:05:19	Fermi_delay	584.007937
2015-04-25T10:05:19	Freq_T0	50
2015-04-25T10:05:24	Freq_Thick	50
2015-04-25T10:05:24	Error_Thick	-1
2015-04-25T10:05:24	T_Head	136.896515787171
2015-04-25T10:05:24	T_Sample	0
2015-04-25T10:05:27	Phase_T0	9770
2015-04-25T10:05:27	Phase_Thick	4597
2015-04-25T10:05:40	Moderator_Temp	109.525001525879
2015-04-25T10:05:40	Error_T0	-1
2015-04-25T10:05:49	Fermi_Speed	150
2015-04-25T10:05:49	Fermi_delay	584.027778
2015-04-25T10:05:49	Freq_T0	50
2015-04-25T10:05:54	Freq_Thick	50
2015-04-25T10:05:54	T_Head	136.705905116697
2015-04-25T10:05:54	T_Sample	257.641967375486
2015-04-25T10:05:55	Error_Thick	-1
2015-04-25T10:05:58	Phase_T0	9770
2015-04-25T10:05:58	Phase_Thick	4597
2015-04-25T10:06:11	Moderator_Temp	109.525001525879
2015-04-25T10:06:11	Error_T0	-1
2015-04-25T10:06:19	Fermi_Speed	150
2015-04-25T10:06:19	Fermi_delay	583.988095
2015-04-25T10:06:19	Freq_T0	50
2015-04-25T10:06:24	Freq_Thick	50
2015-04-25T10:06:24	T_Head	136.419989110985
2015-04-25T10:06:24	T_Sample	252.86497730146
2015-04-25T10:06:25	Error_Thick	0
2015-04-25T10:06:28	Phase_T0	9770
2015-04-25T10:06:28	Phase_Thick	4597
2015-04-25T10:06:41	Moderator_Temp	109.525001525879
2015-04-25T10:06:41	Error_T0	-1
2015-04-25T10:06:49	Fermi_Speed	150
2015-04-25T10:06:49	Fermi_delay	584.007937
2015-04-25T10:06:49	Freq_T0	49.99
2015-04-25T10:06:54	Freq_Thick	50
2015-04-25T10:06:54	T_Head	135.9434624348
2015-04-25T10:06:54	T_Sample	248.397804745639
2015-04-25T10:06:55	Error_Thick	-1
2015-04-25T10:06:58	Phase_T0	9770
2015-04-25T10:06:58	Phase_Thick	4597
2015-04-25T10:07:11	Moderator_Temp	109.5625
2015-04-25T10:07:11	Error_T0	3
2015-04-25T10:07:19	Fermi_Speed	150
2015-04-25T10:07:19	Fermi_delay	583.988095
2015-04-25T10:07:19	Freq_T0	50
2015-04-25T10:07:24	Freq_Thick	50
2015-04-25T10:07:24	T_Head	135.466935758615
2015-04-25T10:07:24	T_Sample	244.039178262858
2015-04-25T10:07:25	Error_Thick	0
2015-04-25T10:07:28	Phase_T0	9770
2015-04-25T10:07:28	Phase_Thick	4597
2015-04-25T10:07:42	Moderator_Temp	109.600006103516
2015-04-25T10:07:42	Error_T0	0
2015-04-25T10:07:49	Fermi_Speed	150
2015-04-25T10:07:49	Fermi_delay	584.007937
2015-04-25T10:07:49	Freq_T0	50
2015-04-25T10:07:55	Freq_Thick	50
2015-04-25T10:07:55	T_Head	134.895103747192
2015-04-25T10:07:55	T_Sample	239.68099662869
2015-04-25T10:07:56	Error_Thick	-1
2015-04-25T10:07:59	Phase_T0	9770
2015-04-25T10:07:59	Phase_Thick	4597
2015-04-25T10:08:12	Moderator_Temp	109.600006103516
2015-04-25T10:08:12	Error_T0	-1
2015-04-25T10:08:19	Fermi_Speed	150
2015-04-25T10:08:19	Fermi_delay	584.027778
2015-04-25T10:08:19	Freq_T0	50
2015-04-25T10:08:25	Freq_Thick	50
2015-04-25T10:08:25	T_Head	134.227966400533
2015-04-25T10:08:25	T_Sample	235.629802139231
2015-04-25T10:08:27	Error_Thick	0
2015-04-25T10:08:30	Phase_T0	9770
2015-04-25T10:08:30	Phase_Thick	4597
2015-04-25T10:08:43	Moderator_Temp	109.600006103516
2015-04-25T10:08:43	Error_T0	-2
2015-04-25T10:08:50	Fermi_Speed	150
2015-04-25T10:08:50	Fermi_delay	584.007937
2015-04-25T10:08:50	Freq_T0	50
2015-04-25T10:08:55	Freq_Thick	50
2015-04-25T10:08:55	T_Head	133.65613438911
2015-04-25T10:08:55	T_Sample	231.679887512008
2015-04-25T10:08:57	Error_Thick	-1
2015-04-25T10:09:00	Phase_T0	9770
2015-04-25T10:09:00	Phase_Thick	4597
2015-04-25T10:09:13	Moderator_Temp	109.637496948242
2015-04-25T10:09:13	Error_T0	0
2015-04-25T10:09:20	Fermi_Speed	150
2015-04-25T10:09:20	Fermi_delay	584.007937
2015-04-25T10:09:20	Freq_T0	50
2015-04-25T10:09:25	Freq_Thick	50
2015-04-25T10:09:25	T_Head	132.988997042451
2015-04-25T10:09:25	T_Sample	227.940796293232
2015-04-25T10:09:27	Error_Thick	-1
2015-04-25T10:09:30	Phase_T0	9770
2015-04-25T10:09:30	Phase_Thick	4597
2015-04-25T10:09:43	Moderator_Temp	109.675003051758
2015-04-25T10:09:43	Error_T0	-1
2015-04-25T10:09:50	Fermi_Speed	150
2015-04-25T10:09:50	Fermi_delay	583.988095
2015-04-25T10:09:50	Freq_T0	49.99
2015-04-25T10:09:55	Freq_Thick	50
2015-04-25T10:09:55	T_Head	132.226554360554
2015-04-25T10:09:55	T_Sample	224.307883125265
2015-04-25T10:09:57	Error_Thick	0
2015-04-25T10:10:00	Phase_T0	9770
2015-04-25T10:10:00	Phase_Thick	4597
2015-04-25T10:10:13	Moderator_Temp	109.675003051758
2015-04-25T10:10:13	Error_T0	-1
2015-04-25T10:10:20	Fermi_Speed	150
2015-04-25T10:10:20	Fermi_delay	583.988095
2015-04-25T10:10:20	Freq_T0	49.99
2015-04-25T10:10:25	Freq_Thick	50
2015-04-25T10:10:25	T_Head	131.559417013895
2015-04-25T10:10:25	T_Sample	220.674969957297
2015-04-25T10:10:27	Error_Thick	-1
2015-04-25T10:10:30	Phase_T0	9770
2015-04-25T10:10:30	Phase_Thick	4597
2015-04-25T10:10:43	Moderator_Temp	109.675003051758
2015-04-25T10:10:43	Error_T0	-1
2015-04-25T10:10:50	Fermi_Speed	150
2015-04-25T10:10:50	Fermi_delay	584.007937
2015-04-25T10:10:50	Freq_T0	50
2015-04-25T10:10:55	Freq_Thick	50
2015-04-25T10:10:55	T_Head	130.892279667235
2015-04-25T10:10:55	T_Sample	217.252320960011
2015-04-25T10:10:57	Error_Thick	0
2015-04-25T10:11:00	Phase_T0	9770
2015-04-25T10:11:00	Phase_Thick	4597
2015-04-25T10:11:13	Moderator_Temp	109.675003051758
2015-04-25T10:11:13	Error_T0	-1
2015-04-25T10:11:20	Fermi_Speed	150
2015-04-25T10:11:20	Fermi_delay	583.968254
2015-04-25T10:11:20	Freq_T0	50
2015-04-25T10:11:25	Freq_Thick	50
2015-04-25T10:11:25	T_Head	130.130700250862
2015-04-25T10:11:25	T_Sample	213.931620903061
2015-04-25T10:11:27	Error_Thick	-1
2015-04-25T10:11:30	Phase_T0	9770
2015-04-25T10:11:30	Phase_Thick	4597
2015-04-25T10:11:43	Moderator_Temp	109.600006103516
2015-04-25T10:11:43	Error_T0	-2
2015-04-25T10:11:50	Fermi_Speed	150
2015-04-25T10:11:50	Fermi_delay	584.007937
2015-04-25T10:11:50	Freq_T0	50
2015-04-25T10:11:55	Freq_Thick	50
2015-04-25T10:11:55	T_Head	129.372112157772
2015-04-25T10:11:55	T_Sample	210.711548120564
2015-04-25T10:11:57	Error_Thick	0
2015-04-25T10:12:00	Phase_T0	9770
2015-04-25T10:12:00	Phase_Thick	4597
2015-04-25T10:12:13	Moderator_Temp	109.5625
2015-04-25T10:12:13	Error_T0	-1
2015-04-25T10:12:20	Fermi_Speed	150
2015-04-25T10:12:20	Fermi_delay	583.988095
2015-04-25T10:12:20	Freq_T0	50
2015-04-25T10:12:25	Freq_Thick	50
2015-04-25T10:12:25	T_Head	128.613524064681
2015-04-25T10:12:25	T_Sample	207.504622771425
2015-04-25T10:12:27	Error_Thick	-1
2015-04-25T10:12:30	Phase_T0	9770
2015-04-25T10:12:30	Phase_Thick	4597
2015-04-25T10:12:43	Moderator_Temp	109.525001525879
2015-04-25T10:12:43	Error_T0	-1
2015-04-25T10:12:50	Fermi_Speed	150
2015-04-25T10:12:50	Fermi_delay	583.988095
2015-04-25T10:12:50	Freq_T0	50
2015-04-25T10:12:55	Freq_Thick	50
2015-04-25T10:12:55	T_Head	127.854935971591
2015-04-25T10:12:55	T_Sample	204.500329637825
2015-04-25T10:12:57	Error_Thick	-1
2015-04-25T10:13:00	Phase_T0	9770
2015-04-25T10:13:00	Phase_Thick	4597
2015-04-25T10:13:13	Moderator_Temp	109.487503051758
2015-04-25T10:13:13	Error_T0	-1
2015-04-25T10:13:20	Fermi_Speed	150
2015-04-25T10:13:20	Fermi_delay	584.007937
2015-04-25T10:13:20	Freq_T0	50
2015-04-25T10:13:25	Freq_Thick	50
2015-04-25T10:13:25	T_Head	127.001524366865
2015-04-25T10:13:25	T_Sample	201.596179608679
2015-04-25T10:13:27	Error_Thick	-1
2015-04-25T10:13:30	Phase_T0	9770
2015-04-25T10:13:30	Phase_Thick	4597
2015-04-25T10:13:43	Moderator_Temp	109.449996948242
2015-04-25T10:13:43	Error_T0	0
2015-04-25T10:13:50	Fermi_Speed	150
2015-04-25T10:13:50	Fermi_delay	584.007937
2015-04-25T10:13:50	Freq_T0	50
2015-04-25T10:13:55	Freq_Thick	50
2015-04-25T10:13:55	T_Head	126.148112762138
2015-04-25T10:13:55	T_Sample	198.700794085814
2015-04-25T10:13:57	Error_Thick	0
2015-04-25T10:14:00	Phase_T0	9770
2015-04-25T10:14:00	Phase_Thick	4597
2015-04-25T10:14:13	Moderator_Temp	109.375
2015-04-25T10:14:13	Error_T0	-1
2015-04-25T10:14:20	Fermi_Speed	150
2015-04-25T10:14:20	Fermi_delay	584.027778
2015-04-25T10:14:20	Freq_T0	49.99
2015-04-25T10:14:25	Freq_Thick	50
2015-04-25T10:14:25	T_Head	125.389524669048
2015-04-25T10:14:25	T_Sample	195.912728666508
2015-04-25T10:14:27	Error_Thick	-1
2015-04-25T10:14:30	Phase_T0	9770
2015-04-25T10:14:30	Phase_Thick	4597
2015-04-25T10:14:43	Moderator_Temp	109.375
2015-04-25T10:14:43	Error_T0	0
2015-04-25T10:14:50	Fermi_Speed	150
2015-04-25T10:14:50	Fermi_delay	584.027778
2015-04-25T10:14:50	Freq_T0	49.99
2015-04-25T10:14:55	Freq_Thick	50
2015-04-25T10:14:55	T_Head	124.536113064322
2015-04-25T10:14:55	T_Sample	193.224237012178
2015-04-25T10:14:57	Error_Thick	0
2015-04-25T10:15:00	Phase_T0	9770
2015-04-25T10:15:00	Phase_Thick	4597
2015-04-25T10:15:13	Moderator_Temp	109.412506103516
2015-04-25T10:15:13	Error_T0	0
2015-04-25T10:15:20	Fermi_Speed	150
2015-04-25T10:15:20	Fermi_delay	584.007937
2015-04-25T10:15:20	Freq_T0	50
2015-04-25T10:15:25	Freq_Thick	50
2015-04-25T10:15:25	T_Head	123.682701459596
2015-04-25T10:15:25	T_Sample	190.535745357847
2015-04-25T10:15:27	Error_Thick	0
2015-04-25T10:15:30	Phase_T0	9770
2015-04-25T10:15:30	Phase_Thick	4597
2015-04-25T10:15:43	Moderator_Temp	109.449996948242
2015-04-25T10:15:43	Error_T0	-1
2015-04-25T10:15:51	Fermi_Speed	150
2015-04-25T10:15:51	Fermi_delay	584.007937
2015-04-25T10:15:51	Freq_T0	50
2015-04-25T10:15:56	Freq_Thick	50
2015-04-25T10:15:56	T_Head	122.734466343233
2015-04-25T10:15:56	T_Sample	187.959270283541
2015-04-25T10:15:58	Error_Thick	0
2015-04-25T10:16:01	Phase_T0	9770
2015-04-25T10:16:01	Phase_Thick	4597
2015-04-25T10:16:14	Moderator_Temp	109.449996948242
2015-04-25T10:16:14	Error_T0	0
2015-04-25T10:16:21	Fermi_Speed	150.033333
2015-04-25T10:16:21	Fermi_delay	3207.599206
2015-04-25T10:16:21	Freq_T0	50
2015-04-25T10:16:26	Freq_Thick	50
2015-04-25T10:16:26	T_Head	121.881054738506
2015-04-25T10:16:26	T_Sample	185.483443177394
2015-04-25T10:16:28	Error_Thick	-1
2015-04-25T10:16:31	Phase_T0	9770
2015-04-25T10:16:31	Phase_Thick	1779
2015-04-25T10:16:44	Moderator_Temp	109.449996948242
2015-04-25T10:16:44	Error_T0	0
2015-04-25T10:16:51	Fermi_Speed	150
2015-04-25T10:16:51	Fermi_delay	3176.448413
2015-04-25T10:16:51	Freq_T0	50
2015-04-25T10:16:56	Freq_Thick	50
2015-04-25T10:16:56	T_Head	120.932819622144
2015-04-25T10:16:56	T_Sample	183.007616071247
2015-04-25T10:16:58	Error_Thick	1
2015-04-25T10:17:01	Phase_T0	9770
2015-04-25T10:17:01	Phase_Thick	1779
2015-04-25T10:17:14	Moderator_Temp	109.449996948242
2015-04-25T10:17:14	Error_T0	-1
2015-04-25T10:17:21	Fermi_Speed	150
2015-04-25T10:17:21	Fermi_delay	3202.539683
2015-04-25T10:17:21	Freq_T0	50
2015-04-25T10:17:26	Freq_Thick	50
2015-04-25T10:17:26	T_Head	120.079577148308
2015-04-25T10:17:26	T_Sample	180.630822049346
2015-04-25T10:17:28	Error_Thick	-1
2015-04-25T10:17:31	Phase_T0	9770
2015-04-25T10:17:31	Phase_Thick	1779
2015-04-25T10:17:44	Moderator_Temp	109.487503051758
2015-04-25T10:17:44	Error_T0	0
2015-04-25T10:17:51	Fermi_Speed	150
2015-04-25T10:17:51	Fermi_delay	3229.84127
2015-04-25T10:17:51	Freq_T0	49.99
2015-04-25T10:17:56	Freq_Thick	50
2015-04-25T10:17:56	T_Head	119.132054500553
2015-04-25T10:17:56	T_Sample	178.36773620908
2015-04-25T10:17:58	Error_Thick	0
2015-04-25T10:18:01	Phase_T0	9770
2015-04-25T10:18:01	Phase_Thick	1779
2015-04-25T10:18:14	Moderator_Temp	109.487503051758
2015-04-25T10:18:14	Error_T0	-1
2015-04-25T10:18:22	Fermi_Speed	150
2015-04-25T10:18:22	Fermi_delay	3238.630952
2015-04-25T10:18:22	Freq_T0	49.99
2015-04-25T10:18:27	Freq_Thick	50
2015-04-25T10:18:27	T_Head	118.184531852797
2015-04-25T10:18:27	T_Sample	176.009407525832
2015-04-25T10:18:29	Error_Thick	0
2015-04-25T10:18:32	Phase_T0	9770
2015-04-25T10:18:32	Phase_Thick	1779
2015-04-25T10:18:45	Moderator_Temp	109.449996948242
2015-04-25T10:18:45	Error_T0	0
2015-04-25T10:18:52	Fermi_Speed	150
2015-04-25T10:18:52	Fermi_delay	3238.988095
2015-04-25T10:18:52	Freq_T0	49.99
2015-04-25T10:18:57	Freq_Thick	50
2015-04-25T10:18:57	T_Head	117.237009205041
2015-04-25T10:18:57	T_Sample	173.749342537719
2015-04-25T10:18:59	Error_Thick	-1
2015-04-25T10:19:02	Phase_T0	9770
2015-04-25T10:19:02	Phase_Thick	1779
2015-04-25T10:19:15	Moderator_Temp	109.449996948242
2015-04-25T10:19:15	Error_T0	0
2015-04-25T10:19:22	Fermi_Speed	150
2015-04-25T10:19:22	Fermi_delay	3239.007937
2015-04-25T10:19:22	Freq_T0	50
2015-04-25T10:19:27	Freq_Thick	50
2015-04-25T10:19:27	T_Head	116.19473429251
2015-04-25T10:19:27	T_Sample	171.587541244741
2015-04-25T10:19:29	Error_Thick	0
2015-04-25T10:19:32	Phase_T0	9770
2015-04-25T10:19:32	Phase_Thick	1779
2015-04-25T10:19:45	Moderator_Temp	109.449996948242
2015-04-25T10:19:45	Error_T0	-1
2015-04-25T10:19:52	Fermi_Speed	150
2015-04-25T10:19:52	Fermi_delay	3239.06746
2015-04-25T10:19:52	Freq_T0	50
2015-04-25T10:19:57	Freq_Thick	50
2015-04-25T10:19:57	T_Head	115.247211644754
2015-04-25T10:19:57	T_Sample	169.528902150806
2015-04-25T10:19:59	Error_Thick	-1
2015-04-25T10:20:02	Phase_T0	9770
2015-04-25T10:20:02	Phase_Thick	1779
2015-04-25T10:20:16	Moderator_Temp	109.487503051758
2015-04-25T10:20:16	Error_T0	-1
2015-04-25T10:20:23	Fermi_Speed	150
2015-04-25T10:20:23	Fermi_delay	3239.047619
2015-04-25T10:20:23	Freq_T0	50
2015-04-25T10:20:28	Freq_Thick	50
2015-04-25T10:20:28	T_Head	114.204936732223
2015-04-25T10:20:28	T_Sample	167.381679276418
2015-04-25T10:20:30	Error_Thick	-1
2015-04-25T10:20:33	Phase_T0	9770
2015-04-25T10:20:33	Phase_Thick	1779
2015-04-25T10:20:47	Moderator_Temp	109.449996948242
2015-04-25T10:20:47	Error_T0	-1
2015-04-25T10:20:54	Fermi_Speed	150
2015-04-25T10:20:54	Fermi_delay	3238.988095
2015-04-25T10:20:54	Freq_T0	50
2015-04-25T10:20:59	Freq_Thick	50
2015-04-25T10:20:59	T_Head	113.162661819692
2015-04-25T10:20:59	T_Sample	165.234456402031
2015-04-25T10:21:01	Error_Thick	-1
2015-04-25T10:21:04	Phase_T0	9770
2015-04-25T10:21:04	Phase_Thick	1779
2015-04-25T10:21:17	Moderator_Temp	109.449996948242
2015-04-25T10:21:17	Error_T0	0
2015-04-25T10:21:24	Fermi_Speed	150
2015-04-25T10:21:24	Fermi_delay	3238.988095
2015-04-25T10:21:24	Freq_T0	50
2015-04-25T10:21:29	Freq_Thick	50
2015-04-25T10:21:29	T_Head	112.215139171936
2015-04-25T10:21:29	T_Sample	163.282435607133
2015-04-25T10:21:31	Error_Thick	-1
2015-04-25T10:21:34	Phase_T0	9770
2015-04-25T10:21:34	Phase_Thick	1779
2015-04-25T10:21:47	Moderator_Temp	109.449996948242
2015-04-25T10:21:47	Error_T0	-1
2015-04-25T10:21:54	Fermi_Speed	150
2015-04-25T10:21:54	Fermi_delay	3239.06746
2015-04-25T10:21:54	Freq_T0	50
2015-04-25T10:21:59	Freq_Thick	50
2015-04-25T10:21:59	T_Head	111.172864259405
2015-04-25T10:21:59	T_Sample	161.330414812235
2015-04-25T10:22:01	Error_Thick	-1
2015-04-25T10:22:04	Phase_T0	9770
2015-04-25T10:22:04	Phase_Thick	1779
2015-04-25T10:22:18	Moderator_Temp	109.412506103516
2015-04-25T10:22:18	Error_T0	0
2015-04-25T10:22:25	Fermi_Speed	150
2015-04-25T10:22:25	Fermi_delay	3239.047619
2015-04-25T10:22:25	Freq_T0	50
2015-04-25T10:22:30	Freq_Thick	49.99
2015-04-25T10:22:30	T_Head	110.034055817575
2015-04-25T10:22:30	T_Sample	159.288429765003
2015-04-25T10:22:32	Error_Thick	0
2015-04-25T10:22:35	Phase_T0	9770
2015-04-25T10:22:35	Phase_Thick	1779
2015-04-25T10:22:48	Moderator_Temp	109.449996948242
2015-04-25T10:22:48	Error_T0	0
2015-04-25T10:22:55	Fermi_Speed	150
2015-04-25T10:22:55	Fermi_delay	3239.06746
2015-04-25T10:22:55	Freq_T0	50
2015-04-25T10:23:00	Freq_Thick	50
2015-04-25T10:23:00	T_Head	108.986996114281
2015-04-25T10:23:00	T_Sample	157.448425097599
2015-04-25T10:23:02	Error_Thick	0
2015-04-25T10:23:05	Phase_T0	9770
2015-04-25T10:23:05	Phase_Thick	1779
2015-04-25T10:23:18	Moderator_Temp	109.449996948242
2015-04-25T10:23:18	Error_T0	0
2015-04-25T10:23:25	Fermi_Speed	150
2015-04-25T10:23:25	Fermi_delay	3239.06746
2015-04-25T10:23:25	Freq_T0	50
2015-04-25T10:23:30	Freq_Thick	50
2015-04-25T10:23:30	T_Head	107.939936410987
2015-04-25T10:23:30	T_Sample	155.608420430194
2015-04-25T10:23:32	Error_Thick	-1
2015-04-25T10:23:36	Phase_T0	9770
2015-04-25T10:23:36	Phase_Thick	1779
2015-04-25T10:23:49	Moderator_Temp	109.449996948242
2015-04-25T10:23:49	Error_T0	0
2015-04-25T10:23:56	Fermi_Speed	150
2015-04-25T10:23:56	Fermi_delay	3239.06746
2015-04-25T10:23:56	Freq_T0	50
2015-04-25T10:24:01	Freq_Thick	50
2015-04-25T10:24:01	T_Head	106.797689461938
2015-04-25T10:24:01	T_Sample	153.671573411873
2015-04-25T10:24:03	Error_Thick	-1
2015-04-25T10:24:06	Phase_T0	9770
2015-04-25T10:24:06	Phase_Thick	1779
2015-04-25T10:24:19	Moderator_Temp	109.449996948242
2015-04-25T10:24:19	Error_T0	-2
2015-04-25T10:24:26	Fermi_Speed	150
2015-04-25T10:24:26	Fermi_delay	3238.988095
2015-04-25T10:24:26	Freq_T0	50
2015-04-25T10:24:31	Freq_Thick	50
2015-04-25T10:24:31	T_Head	105.750629758644
2015-04-25T10:24:31	T_Sample	151.928411095385
2015-04-25T10:24:33	Error_Thick	-1
2015-04-25T10:24:36	Phase_T0	9770
2015-04-25T10:24:36	Phase_Thick	1779
2015-04-25T10:24:49	Moderator_Temp	109.449996948242
2015-04-25T10:24:49	Error_T0	-1
2015-04-25T10:24:56	Fermi_Speed	150
2015-04-25T10:24:56	Fermi_delay	3238.988095
2015-04-25T10:24:56	Freq_T0	50
2015-04-25T10:25:01	Freq_Thick	50
2015-04-25T10:25:01	T_Head	104.59886408502
2015-04-25T10:25:01	T_Sample	150.089903398705
2015-04-25T10:25:03	Error_Thick	0
2015-04-25T10:25:06	Phase_T0	9770
2015-04-25T10:25:06	Phase_Thick	1779
2015-04-25T10:25:19	Moderator_Temp	109.449996948242
2015-04-25T10:25:19	Error_T0	-1
2015-04-25T10:25:26	Fermi_Speed	150
2015-04-25T10:25:26	Fermi_delay	3239.06746
2015-04-25T10:25:26	Freq_T0	50
2015-04-25T10:25:31	Freq_Thick	50
2015-04-25T10:25:31	T_Head	103.475654585123
2015-04-25T10:25:31	T_Sample	148.360678525448
2015-04-25T10:25:33	Error_Thick	-1
2015-04-25T10:25:36	Phase_T0	9770
2015-04-25T10:25:36	Phase_Thick	1779
2015-04-25T10:25:49	Moderator_Temp	109.449996948242
2015-04-25T10:25:49	Error_T0	-1
2015-04-25T10:25:56	Fermi_Speed	150
2015-04-25T10:25:56	Fermi_delay	3239.027778
2015-04-25T10:25:56	Freq_T0	50
2015-04-25T10:26:01	Freq_Thick	50
2015-04-25T10:26:01	T_Head	102.333407636074
2015-04-25T10:26:01	T_Sample	146.631453652192
2015-04-25T10:26:03	Error_Thick	-1
2015-04-25T10:26:06	Phase_T0	9770
2015-04-25T10:26:06	Phase_Thick	1779
2015-04-25T10:26:19	Moderator_Temp	109.449996948242
2015-04-25T10:26:19	Error_T0	0
2015-04-25T10:26:26	Fermi_Speed	150
2015-04-25T10:26:26	Fermi_delay	3239.007937
2015-04-25T10:26:26	Freq_T0	49.99
2015-04-25T10:26:31	Freq_Thick	50
2015-04-25T10:26:31	T_Head	101.18164196245
2015-04-25T10:26:31	T_Sample	144.902228778935
2015-04-25T10:26:33	Error_Thick	-1
2015-04-25T10:26:36	Phase_T0	9770
2015-04-25T10:26:36	Phase_Thick	1779
2015-04-25T10:26:49	Moderator_Temp	109.487503051758
2015-04-25T10:26:49	Error_T0	-1
2015-04-25T10:26:56	Fermi_Speed	150
2015-04-25T10:26:56	Fermi_delay	3239.007937
2015-04-25T10:26:56	Freq_T0	49.99
2015-04-25T10:27:01	Freq_Thick	50
2015-04-25T10:27:01	T_Head	100.017120445114
2015-04-25T10:27:01	T_Sample	143.173003905679
2015-04-25T10:27:03	Error_Thick	0
2015-04-25T10:27:06	Phase_T0	9770
2015-04-25T10:27:06	Phase_Thick	1779
2015-04-25T10:27:19	Moderator_Temp	109.449996948242
2015-04-25T10:27:19	Error_T0	-1
2015-04-25T10:27:26	Fermi_Speed	150
2015-04-25T10:27:26	Fermi_delay	3238.571429
2015-04-25T10:27:26	Freq_T0	50
2015-04-25T10:27:31	Freq_Thick	50
2015-04-25T10:27:31	T_Head	98.8251709883765
2015-04-25T10:27:31	T_Sample	141.539847080937
2015-04-25T10:27:33	Error_Thick	0
2015-04-25T10:27:36	Phase_T0	9770
2015-04-25T10:27:36	Phase_Thick	1779
2015-04-25T10:27:49	Moderator_Temp	109.449996948242
2015-04-25T10:27:49	Error_T0	-1
2015-04-25T10:27:56	Fermi_Speed	150
2015-04-25T10:27:56	Fermi_delay	3238.769841
2015-04-25T10:27:56	Freq_T0	50
2015-04-25T10:28:01	Freq_Thick	50
2015-04-25T10:28:01	T_Head	97.6236090360202
2015-04-25T10:28:01	T_Sample	139.909314624903
2015-04-25T10:28:03	Error_Thick	0
2015-04-25T10:28:06	Phase_T0	9770
2015-04-25T10:28:06	Phase_Thick	1779
2015-04-25T10:28:19	Moderator_Temp	109.487503051758
2015-04-25T10:28:19	Error_T0	-1
2015-04-25T10:28:26	Fermi_Speed	150
2015-04-25T10:28:26	Fermi_delay	3238.968254
2015-04-25T10:28:26	Freq_T0	50
2015-04-25T10:28:31	Freq_Thick	50
2015-04-25T10:28:31	T_Head	96.4028220924261
2015-04-25T10:28:31	T_Sample	138.19199556779
2015-04-25T10:28:33	Error_Thick	-1
2015-04-25T10:28:36	Phase_T0	9770
2015-04-25T10:28:36	Phase_Thick	1779
2015-04-25T10:28:49	Moderator_Temp	109.487503051758
2015-04-25T10:28:49	Error_T0	-1
2015-04-25T10:28:56	Fermi_Speed	150
2015-04-25T10:28:56	Fermi_delay	3238.988095
2015-04-25T10:28:56	Freq_T0	50
2015-04-25T10:29:01	Freq_Thick	50
2015-04-25T10:29:01	T_Head	95.1697219887675
2015-04-25T10:29:01	T_Sample	136.570083124962
2015-04-25T10:29:03	Error_Thick	-1
2015-04-25T10:29:06	Phase_T0	9770
2015-04-25T10:29:06	Phase_Thick	1779
2015-04-25T10:29:19	Moderator_Temp	109.487503051758
2015-04-25T10:29:19	Error_T0	-1
2015-04-25T10:29:26	Fermi_Speed	150
2015-04-25T10:29:26	Fermi_delay	3239.06746
2015-04-25T10:29:26	Freq_T0	49.99
2015-04-25T10:29:31	Freq_Thick	50
2015-04-25T10:29:31	T_Head	93.8929924521884
2015-04-25T10:29:31	T_Sample	134.948170682133
2015-04-25T10:29:33	Error_Thick	-1
2015-04-25T10:29:36	Phase_T0	9770
2015-04-25T10:29:36	Phase_Thick	1779
2015-04-25T10:29:49	Moderator_Temp	109.487503051758
2015-04-25T10:29:49	Error_T0	-1
2015-04-25T10:29:56	Fermi_Speed	150
2015-04-25T10:29:56	Fermi_delay	3239.047619
2015-04-25T10:29:56	Freq_T0	49.99
2015-04-25T10:30:01	Freq_Thick	50
2015-04-25T10:30:01	T_Head	92.6162629156094
2015-04-25T10:30:01	T_Sample	133.326258239305
2015-04-25T10:30:03	Error_Thick	-1
2015-04-25T10:30:06	Phase_T0	9770
2015-04-25T10:30:06	Phase_Thick	1779
2015-04-25T10:30:19	Moderator_Temp	109.487503051758
2015-04-25T10:30:19	Error_T0	-1
2015-04-25T10:30:26	Fermi_Speed	150
2015-04-25T10:30:26	Fermi_delay	3238.988095
2015-04-25T10:30:26	Freq_T0	50
2015-04-25T10:30:31	Freq_Thick	50
2015-04-25T10:30:31	T_Head	91.3200413250367
2015-04-25T10:30:31	T_Sample	131.79975241076
2015-04-25T10:30:33	Error_Thick	0
2015-04-25T10:30:36	Phase_T0	9770
2015-04-25T10:30:36	Phase_Thick	1779
2015-04-25T10:30:50	Moderator_Temp	109.525001525879
2015-04-25T10:30:50	Error_T0	-1
2015-04-25T10:30:57	Fermi_Speed	150
2015-04-25T10:30:57	Fermi_delay	3239.007937
2015-04-25T10:30:57	Freq_T0	50
2015-04-25T10:31:01	Freq_Thick	50
2015-04-25T10:31:01	T_Head	89.9878615434122
2015-04-25T10:31:01	T_Sample	130.178404929476
2015-04-25T10:31:03	Error_Thick	-1
2015-04-25T10:31:06	Phase_T0	9770
2015-04-25T10:31:06	Phase_Thick	1779
2015-04-25T10:31:20	Moderator_Temp	109.487503051758
2015-04-25T10:31:20	Error_T0	-1
2015-04-25T10:31:27	Fermi_Speed	150
2015-04-25T10:31:27	Fermi_delay	3239.027778
2015-04-25T10:31:27	Freq_T0	50
2015-04-25T10:31:31	Freq_Thick	50
2015-04-25T10:31:31	T_Head	88.6389688379914
2015-04-25T10:31:31	T_Sample	128.563995442566
2015-04-25T10:31:33	Error_Thick	0
2015-04-25T10:31:36	Phase_T0	9770
2015-04-25T10:31:36	Phase_Thick	1779
2015-04-25T10:31:50	Moderator_Temp	109.487503051758
2015-04-25T10:31:50	Error_T0	-2
2015-04-25T10:31:57	Fermi_Speed	150
2015-04-25T10:31:57	Fermi_delay	3239.047619
2015-04-25T10:31:57	Freq_T0	50
2015-04-25T10:32:01	Freq_Thick	50
2015-04-25T10:32:01	T_Head	87.2603211464218
2015-04-25T10:32:01	T_Sample	127.044551219591
2015-04-25T10:32:03	Error_Thick	0
2015-04-25T10:32:06	Phase_T0	9770
2015-04-25T10:32:07	Phase_Thick	1779
2015-04-25T10:32:20	Moderator_Temp	109.487503051758
2015-04-25T10:32:20	Error_T0	-1
2015-04-25T10:32:28	Fermi_Speed	150
2015-04-25T10:32:28	Fermi_delay	3239.06746
2015-04-25T10:32:28	Freq_T0	50
2015-04-25T10:32:31	Freq_Thick	50
2015-04-25T10:32:31	T_Head	85.8717551261358
2015-04-25T10:32:31	T_Sample	125.43014173268
2015-04-25T10:32:33	Error_Thick	-1
2015-04-25T10:32:36	Phase_T0	9770
2015-04-25T10:32:37	Phase_Thick	1779
2015-04-25T10:32:50	Moderator_Temp	109.487503051758
2015-04-25T10:32:50	Error_T0	0
2015-04-25T10:32:58	Fermi_Speed	150
2015-04-25T10:32:58	Fermi_delay	3239.06746
2015-04-25T10:32:58	Freq_T0	50
2015-04-25T10:33:01	Freq_Thick	50
2015-04-25T10:33:01	T_Head	84.4521744683845
2015-04-25T10:33:01	T_Sample	123.910697509705
2015-04-25T10:33:04	Error_Thick	0
2015-04-25T10:33:07	Phase_T0	9770
2015-04-25T10:33:08	Phase_Thick	1779
2015-04-25T10:33:20	Moderator_Temp	109.487503051758
2015-04-25T10:33:21	Error_T0	-1
2015-04-25T10:33:28	Fermi_Speed	150
2015-04-25T10:33:28	Fermi_delay	3238.988095
2015-04-25T10:33:28	Freq_T0	50
2015-04-25T10:33:31	Freq_Thick	50
2015-04-25T10:33:31	T_Head	82.9807688630806
2015-04-25T10:33:31	T_Sample	122.296288022795
2015-04-25T10:33:35	Error_Thick	0
2015-04-25T10:33:37	Phase_T0	9770
2015-04-25T10:33:38	Phase_Thick	1779
2015-04-25T10:33:50	Moderator_Temp	109.487503051758
2015-04-25T10:33:51	Error_T0	0
2015-04-25T10:33:59	Fermi_Speed	150
2015-04-25T10:33:59	Fermi_delay	3238.988095
2015-04-25T10:33:59	Freq_T0	50
2015-04-25T10:34:02	Freq_Thick	50
2015-04-25T10:34:02	T_Head	81.4586251334558
2015-04-25T10:34:02	T_Sample	120.681878535884
2015-04-25T10:34:05	Error_Thick	-1
2015-04-25T10:34:07	Phase_T0	9770
2015-04-25T10:34:08	Phase_Thick	1779
2015-04-25T10:34:20	Moderator_Temp	109.525001525879
2015-04-25T10:34:21	Error_T0	-1
2015-04-25T10:34:29	Fermi_Speed	150
2015-04-25T10:34:29	Fermi_delay	3239.007937
2015-04-25T10:34:29	Freq_T0	50
2015-04-25T10:34:32	Freq_Thick	50
2015-04-25T10:34:32	T_Head	79.942695532334
2015-04-25T10:34:32	T_Sample	119.069233363332
2015-04-25T10:34:35	Error_Thick	0
2015-04-25T10:34:37	Phase_T0	9770
2015-04-25T10:34:38	Phase_Thick	1779
2015-04-25T10:34:51	Moderator_Temp	109.525001525879
2015-04-25T10:34:52	Error_T0	-1
2015-04-25T10:34:59	Fermi_Speed	150
2015-04-25T10:34:59	Fermi_delay	3239.06746
2015-04-25T10:35:00	Freq_T0	50
2015-04-25T10:35:03	Freq_Thick	50
2015-04-25T10:35:03	T_Head	78.3084674067098
2015-04-25T10:35:03	T_Sample	117.457126881283
2015-04-25T10:35:06	Error_Thick	-1
2015-04-25T10:35:07	Phase_T0	9770
2015-04-25T10:35:09	Phase_Thick	1779
2015-04-25T10:35:21	Moderator_Temp	109.525001525879
2015-04-25T10:35:22	Error_T0	-1
2015-04-25T10:35:29	Fermi_Speed	150
2015-04-25T10:35:29	Fermi_delay	3239.007937
2015-04-25T10:35:30	Freq_T0	50
2015-04-25T10:35:33	Freq_Thick	50
2015-04-25T10:35:33	T_Head	76.7056667450399
2015-04-25T10:35:33	T_Sample	115.845020399234
2015-04-25T10:35:36	Error_Thick	-1
2015-04-25T10:35:37	Phase_T0	9770
2015-04-25T10:35:39	Phase_Thick	1779
2015-04-25T10:35:51	Moderator_Temp	109.525001525879
2015-04-25T10:35:52	Error_T0	-1
2015-04-25T10:36:00	Fermi_Speed	150
2015-04-25T10:36:00	Fermi_delay	3239.06746
2015-04-25T10:36:01	Freq_T0	50
2015-04-25T10:36:04	Freq_Thick	50
2015-04-25T10:36:04	T_Head	75.0252658447948
2015-04-25T10:36:04	T_Sample	114.232913917186
2015-04-25T10:36:06	Error_Thick	-1
2015-04-25T10:36:08	Phase_T0	9770
2015-04-25T10:36:09	Phase_Thick	1779
2015-04-25T10:36:21	Moderator_Temp	109.525001525879
2015-04-25T10:36:22	Error_T0	-5
2015-04-25T10:36:30	Fermi_Speed	150
2015-04-25T10:36:30	Fermi_delay	3238.968254
2015-04-25T10:36:31	Freq_T0	50
2015-04-25T10:36:34	Freq_Thick	50
2015-04-25T10:36:34	T_Head	73.3131791777978
2015-04-25T10:36:34	T_Sample	112.620807435137
2015-04-25T10:36:36	Error_Thick	0
2015-04-25T10:36:38	Phase_T0	9770
2015-04-25T10:36:39	Phase_Thick	1779
2015-04-25T10:36:52	Moderator_Temp	109.525001525879
2015-04-25T10:36:53	Error_T0	-1
2015-04-25T10:37:01	Fermi_Speed	150
2015-04-25T10:37:01	Fermi_delay	3238.968254
2015-04-25T10:37:02	Freq_T0	50
2015-04-25T10:37:05	Freq_Thick	50
2015-04-25T10:37:05	T_Head	71.5029474152405
2015-04-25T10:37:05	T_Sample	111.008700953088
2015-04-25T10:37:07	Error_Thick	0
2015-04-25T10:37:09	Phase_T0	9770
2015-04-25T10:37:10	Phase_Thick	1779
2015-04-25T10:37:22	Moderator_Temp	109.525001525879
2015-04-25T10:37:23	Error_T0	-1
2015-04-25T10:37:31	Fermi_Speed	150
2015-04-25T10:37:31	Fermi_delay	3239.06746
2015-04-25T10:37:32	Freq_T0	50
2015-04-25T10:37:35	Freq_Thick	50
2015-04-25T10:37:35	T_Head	69.7017869728747
2015-04-25T10:37:35	T_Sample	109.296111588759
2015-04-25T10:37:37	Error_Thick	-1
2015-04-25T10:37:39	Phase_T0	9770
2015-04-25T10:37:40	Phase_Thick	1779
2015-04-25T10:37:52	Moderator_Temp	109.5625
2015-04-25T10:37:53	Error_T0	1
2015-04-25T10:38:01	Fermi_Speed	150
2015-04-25T10:38:01	Fermi_delay	3239.027778
2015-04-25T10:38:02	Freq_T0	50
2015-04-25T10:38:05	Freq_Thick	50
2015-04-25T10:38:05	T_Head	67.8092671915379
2015-04-25T10:38:05	T_Sample	107.675883096856
2015-04-25T10:38:07	Error_Thick	0
2015-04-25T10:38:09	Phase_T0	9770
2015-04-25T10:38:10	Phase_Thick	1779
2015-04-25T10:38:22	Moderator_Temp	109.5625
2015-04-25T10:38:23	Error_T0	-1
2015-04-25T10:38:31	Fermi_Speed	150
2015-04-25T10:38:31	Fermi_delay	3238.988095
2015-04-25T10:38:32	Freq_T0	50
2015-04-25T10:38:35	Freq_Thick	49.99
2015-04-25T10:38:35	T_Head	65.8938077764879
2015-04-25T10:38:35	T_Sample	106.055654604952
2015-04-25T10:38:37	Error_Thick	-1
2015-04-25T10:38:39	Phase_T0	9770
2015-04-25T10:38:40	Phase_Thick	1779
2015-04-25T10:38:52	Moderator_Temp	109.5625
2015-04-25T10:38:53	Error_T0	-1
2015-04-25T10:39:01	Fermi_Speed	150
2015-04-25T10:39:01	Fermi_delay	3238.948413
2015-04-25T10:39:02	Freq_T0	50
2015-04-25T10:39:05	Freq_Thick	50
2015-04-25T10:39:05	T_Head	63.8611098568033
2015-04-25T10:39:05	T_Sample	104.368710822206
2015-04-25T10:39:07	Error_Thick	0
2015-04-25T10:39:09	Phase_T0	9770
2015-04-25T10:39:10	Phase_Thick	1779
2015-04-25T10:39:22	Moderator_Temp	109.5625
2015-04-25T10:39:23	Error_T0	-1
2015-04-25T10:39:31	Fermi_Speed	150
2015-04-25T10:39:31	Fermi_delay	3238.988095
2015-04-25T10:39:32	Freq_T0	50
2015-04-25T10:39:35	Freq_Thick	50
2015-04-25T10:39:35	T_Head	61.7469023137027
2015-04-25T10:39:35	T_Sample	102.681767039459
2015-04-25T10:39:37	Error_Thick	-1
2015-04-25T10:39:39	Phase_T0	9770
2015-04-25T10:39:40	Phase_Thick	1779
2015-04-25T10:39:52	Moderator_Temp	109.5625
2015-04-25T10:39:53	Error_T0	-1
2015-04-25T10:40:01	Fermi_Speed	150
2015-04-25T10:40:01	Fermi_delay	3239.06746
2015-04-25T10:40:02	Freq_T0	50
2015-04-25T10:40:05	Freq_Thick	50
2015-04-25T10:40:05	T_Head	59.5572154438533
2015-04-25T10:40:05	T_Sample	100.947169477539
2015-04-25T10:40:07	Error_Thick	0
2015-04-25T10:40:09	Phase_T0	9770
2015-04-25T10:40:10	Phase_Thick	1779
2015-04-25T10:40:22	Moderator_Temp	109.5625
2015-04-25T10:40:23	Error_T0	-1
2015-04-25T10:40:31	Fermi_Speed	150
2015-04-25T10:40:31	Fermi_delay	3239.007937
2015-04-25T10:40:32	Freq_T0	50
2015-04-25T10:40:35	Freq_Thick	50
2015-04-25T10:40:35	T_Head	57.1884679919493
2015-04-25T10:40:35	T_Sample	99.2012423400519
2015-04-25T10:40:37	Error_Thick	-1
2015-04-25T10:40:39	Phase_T0	9770
2015-04-25T10:40:40	Phase_Thick	1779
2015-04-25T10:40:52	Moderator_Temp	109.5625
2015-04-25T10:40:53	Error_T0	-1
2015-04-25T10:41:01	Fermi_Speed	150
2015-04-25T10:41:01	Fermi_delay	3238.968254
2015-04-25T10:41:02	Freq_T0	50
2015-04-25T10:41:05	Freq_Thick	50
2015-04-25T10:41:06	T_Head	54.7794045923918
2015-04-25T10:41:06	T_Sample	97.3916178192731
2015-04-25T10:41:08	Error_Thick	0
2015-04-25T10:41:09	Phase_T0	9770
2015-04-25T10:41:10	Phase_Thick	1779
2015-04-25T10:41:22	Moderator_Temp	109.600006103516
2015-04-25T10:41:24	Error_T0	-1
2015-04-25T10:41:32	Fermi_Speed	150
2015-04-25T10:41:32	Fermi_delay	3239.047619
2015-04-25T10:41:33	Freq_T0	50
2015-04-25T10:41:36	Freq_Thick	50
2015-04-25T10:41:36	T_Head	52.1174046669596
2015-04-25T10:41:36	T_Sample	95.5723676361496
2015-04-25T10:41:38	Error_Thick	0
2015-04-25T10:41:40	Phase_T0	9770
2015-04-25T10:41:41	Phase_Thick	1779
2015-04-25T10:41:53	Moderator_Temp	109.600006103516
2015-04-25T10:41:54	Error_T0	-1
2015-04-25T10:42:02	Fermi_Speed	150
2015-04-25T10:42:02	Fermi_delay	3239.06746
2015-04-25T10:42:03	Freq_T0	50
2015-04-25T10:42:07	Freq_Thick	50
2015-04-25T10:42:07	T_Head	49.2403970469691
2015-04-25T10:42:07	T_Sample	93.6241815299145
2015-04-25T10:42:09	Error_Thick	-1
2015-04-25T10:42:11	Phase_T0	9770
2015-04-25T10:42:12	Phase_Thick	1779
2015-04-25T10:42:23	Moderator_Temp	109.600006103516
2015-04-25T10:42:24	Error_T0	-1
2015-04-25T10:42:32	Fermi_Speed	150
2015-04-25T10:42:32	Fermi_delay	3238.968254
2015-04-25T10:42:33	Freq_T0	50
2015-04-25T10:42:37	Freq_Thick	50
2015-04-25T10:42:37	T_Head	46.1792357974398
2015-04-25T10:42:37	T_Sample	91.7024779903695
2015-04-25T10:42:39	Error_Thick	0
2015-04-25T10:42:41	Phase_T0	9770
2015-04-25T10:42:42	Phase_Thick	1779
2015-04-25T10:42:53	Moderator_Temp	109.600006103516
2015-04-25T10:42:54	Error_T0	-1
2015-04-25T10:43:02	Fermi_Speed	150
2015-04-25T10:43:02	Fermi_delay	3238.968254
2015-04-25T10:43:03	Freq_T0	50
2015-04-25T10:43:08	Freq_Thick	50
2015-04-25T10:43:08	T_Head	42.6844394544257
2015-04-25T10:43:08	T_Sample	89.6218105851552
2015-04-25T10:43:09	Error_Thick	-1
2015-04-25T10:43:11	Phase_T0	9770
2015-04-25T10:43:13	Phase_Thick	1779
2015-04-25T10:43:24	Moderator_Temp	109.600006103516
2015-04-25T10:43:24	Error_T0	-1
2015-04-25T10:43:32	Fermi_Speed	150
2015-04-25T10:43:32	Fermi_delay	3239.06746
2015-04-25T10:43:33	Freq_T0	50
2015-04-25T10:43:38	Freq_Thick	50
2015-04-25T10:43:38	T_Head	38.7969560829997
2015-04-25T10:43:38	T_Sample	87.538353558561
2015-04-25T10:43:39	Error_Thick	0
2015-04-25T10:43:41	Phase_T0	9770
2015-04-25T10:43:43	Phase_Thick	1779
2015-04-25T10:43:54	Moderator_Temp	109.600006103516
2015-04-25T10:43:54	Error_T0	0
2015-04-25T10:44:02	Fermi_Speed	150
2015-04-25T10:44:02	Fermi_delay	3239.027778
2015-04-25T10:44:03	Freq_T0	50
2015-04-25T10:44:08	Freq_Thick	50
2015-04-25T10:44:08	T_Head	34.3651943989153
2015-04-25T10:44:08	T_Sample	85.3651229841737
2015-04-25T10:44:09	Error_Thick	0
2015-04-25T10:44:11	Phase_T0	9770
2015-04-25T10:44:13	Phase_Thick	1779
2015-04-25T10:44:24	Moderator_Temp	109.600006103516
2015-04-25T10:44:24	Error_T0	-1
2015-04-25T10:44:33	Fermi_Speed	150
2015-04-25T10:44:33	Fermi_delay	3239.027778
2015-04-25T10:44:34	Freq_T0	49.99
2015-04-25T10:44:39	Freq_Thick	50
2015-04-25T10:44:39	T_Head	28.8834124512272
2015-04-25T10:44:39	T_Sample	82.9684410481817
2015-04-25T10:44:40	Error_Thick	-1
2015-04-25T10:44:42	Phase_T0	9770
2015-04-25T10:44:44	Phase_Thick	1779
2015-04-25T10:44:54	Moderator_Temp	109.600006103516
2015-04-25T10:44:54	Error_T0	-2
2015-04-25T10:45:03	Fermi_Speed	150
2015-04-25T10:45:03	Fermi_delay	3238.988095
2015-04-25T10:45:04	Freq_T0	49.99
2015-04-25T10:45:09	Freq_Thick	50
2015-04-25T10:45:09	T_Head	22.8522442900798
2015-04-25T10:45:09	T_Sample	80.5108265205967
2015-04-25T10:45:10	Error_Thick	0
2015-04-25T10:45:12	Phase_T0	9770
2015-04-25T10:45:14	Phase_Thick	1779
2015-04-25T10:45:24	Moderator_Temp	109.600006103516
2015-04-25T10:45:24	Error_T0	-1
2015-04-25T10:45:34	Fermi_Speed	150
2015-04-25T10:45:34	Fermi_delay	3238.968254
2015-04-25T10:45:34	Freq_T0	50
2015-04-25T10:45:40	Freq_Thick	50
2015-04-25T10:45:40	T_Head	17.8491239192074
2015-04-25T10:45:40	T_Sample	77.7168642072567
2015-04-25T10:45:41	Error_Thick	-1
2015-04-25T10:45:43	Phase_T0	9770
2015-04-25T10:45:45	Phase_Thick	1779
2015-04-25T10:45:54	Moderator_Temp	109.600006103516
2015-04-25T10:45:54	Error_T0	-1
2015-04-25T10:46:04	Fermi_Speed	150
2015-04-25T10:46:04	Fermi_delay	3239.047619
2015-04-25T10:46:04	Freq_T0	50
2015-04-25T10:46:10	Freq_Thick	50
2015-04-25T10:46:10	T_Head	15.2325241398529
2015-04-25T10:46:10	T_Sample	74.7682938100576
2015-04-25T10:46:11	Error_Thick	-1
2015-04-25T10:46:13	Phase_T0	9770
2015-04-25T10:46:15	Phase_Thick	1779
2015-04-25T10:46:24	Moderator_Temp	109.5625
2015-04-25T10:46:24	Error_T0	0
2015-04-25T10:46:34	Fermi_Speed	150
2015-04-25T10:46:34	Fermi_delay	3239.047619
2015-04-25T10:46:34	Freq_T0	50
2015-04-25T10:46:40	Freq_Thick	50
2015-04-25T10:46:40	T_Head	13.660606502634
2015-04-25T10:46:40	T_Sample	71.5928234507391
2015-04-25T10:46:41	Error_Thick	-1
2015-04-25T10:46:43	Phase_T0	9770
2015-04-25T10:46:45	Phase_Thick	1779
2015-04-25T10:46:55	Moderator_Temp	109.525001525879
2015-04-25T10:46:55	Error_T0	-1
2015-04-25T10:47:05	Fermi_Speed	150
2015-04-25T10:47:05	Fermi_delay	3239.027778
2015-04-25T10:47:05	Freq_T0	50
2015-04-25T10:47:11	Freq_Thick	50
2015-04-25T10:47:11	T_Head	12.6354509771419
2015-04-25T10:47:11	T_Sample	68.1078271512582
2015-04-25T10:47:12	Error_Thick	-1
2015-04-25T10:47:14	Phase_T0	9770
2015-04-25T10:47:15	Phase_Thick	1779
2015-04-25T10:47:25	Moderator_Temp	109.487503051758
2015-04-25T10:47:25	Error_T0	-1
2015-04-25T10:47:35	Fermi_Speed	150
2015-04-25T10:47:35	Fermi_delay	3239.06746
2015-04-25T10:47:35	Freq_T0	50
2015-04-25T10:47:41	Freq_Thick	50
2015-04-25T10:47:41	T_Head	11.9817144752511
2015-04-25T10:47:41	T_Sample	64.5800996229353
2015-04-25T10:47:42	Error_Thick	0
2015-04-25T10:47:44	Phase_T0	9770
2015-04-25T10:47:45	Phase_Thick	1779
2015-04-25T10:47:55	Moderator_Temp	109.449996948242
2015-04-25T10:47:55	Error_T0	-1
2015-04-25T10:48:05	Fermi_Speed	150
2015-04-25T10:48:05	Fermi_delay	3239.047619
2015-04-25T10:48:05	Freq_T0	50
2015-04-25T10:48:11	Freq_Thick	50
2015-04-25T10:48:11	T_Head	11.418266789508
2015-04-25T10:48:11	T_Sample	60.8382864364413
2015-04-25T10:48:12	Error_Thick	-1
2015-04-25T10:48:14	Phase_T0	9770
2015-04-25T10:48:15	Phase_Thick	1779
2015-04-25T10:48:25	Moderator_Temp	109.449996948242
2015-04-25T10:48:25	Error_T0	-1
2015-04-25T10:48:35	Fermi_Speed	150
2015-04-25T10:48:35	Fermi_delay	3238.968254
2015-04-25T10:48:35	Freq_T0	50
2015-04-25T10:48:41	Freq_Thick	50
2015-04-25T10:48:41	T_Head	10.8836655712807
2015-04-25T10:48:41	T_Sample	56.9073389766748
2015-04-25T10:48:42	Error_Thick	0
2015-04-25T10:48:44	Phase_T0	9770
2015-04-25T10:48:45	Phase_Thick	1779
2015-04-25T10:48:55	Moderator_Temp	109.449996948242
2015-04-25T10:48:55	Error_T0	-1
2015-04-25T10:49:05	Fermi_Speed	150
2015-04-25T10:49:05	Fermi_delay	3238.988095
2015-04-25T10:49:05	Freq_T0	50
2015-04-25T10:49:11	Freq_Thick	50
2015-04-25T10:49:11	T_Head	10.3714175762266
2015-04-25T10:49:11	T_Sample	52.7096898328879
2015-04-25T10:49:12	Error_Thick	-1
2015-04-25T10:49:14	Phase_T0	9770
2015-04-25T10:49:15	Phase_Thick	1779
2015-04-25T10:49:25	Moderator_Temp	109.487503051758
2015-04-25T10:49:25	Error_T0	-2
2015-04-25T10:49:35	Fermi_Speed	150
2015-04-25T10:49:35	Fermi_delay	3239.047619
2015-04-25T10:49:35	Freq_T0	49.99
2015-04-25T10:49:41	Freq_Thick	50
2015-04-25T10:49:41	T_Head	9.84005652885782
2015-04-25T10:49:41	T_Sample	48.3396353883575
2015-04-25T10:49:42	Error_Thick	0
2015-04-25T10:49:44	Phase_T0	9770
2015-04-25T10:49:45	Phase_Thick	1779
2015-04-25T10:49:56	Moderator_Temp	109.487503051758
2015-04-25T10:49:56	Error_T0	-1
2015-04-25T10:50:05	Fermi_Speed	150
2015-04-25T10:50:05	Fermi_delay	3239.047619
2015-04-25T10:50:05	Freq_T0	50
2015-04-25T10:50:12	Freq_Thick	50
2015-04-25T10:50:12	Error_Thick	0
2015-04-25T10:50:12	T_Head	9.2597627477381
2015-04-25T10:50:12	T_Sample	43.2876918905153
2015-04-25T10:50:15	Phase_T0	9770
2015-04-25T10:50:16	Phase_Thick	1779
2015-04-25T10:50:27	Moderator_Temp	109.487503051758
2015-04-25T10:50:27	Error_T0	0
2015-04-25T10:50:36	Fermi_Speed	150
2015-04-25T10:50:36	Fermi_delay	3239.087302
2015-04-25T10:50:36	Freq_T0	50
2015-04-25T10:50:43	Freq_Thick	50
2015-04-25T10:50:43	Error_Thick	-1
2015-04-25T10:50:43	T_Head	8.66615429231486
2015-04-25T10:50:43	T_Sample	37.5899127007842
2015-04-25T10:50:46	Phase_T0	9770
2015-04-25T10:50:47	Phase_Thick	1779
2015-04-25T10:50:57	Moderator_Temp	109.487503051758
2015-04-25T10:50:57	Error_T0	-1
2015-04-25T10:51:06	Fermi_Speed	150
2015-04-25T10:51:06	Freq_T0	50
2015-04-25T10:51:07	Fermi_delay	3239.06746
2015-04-25T10:51:14	Freq_Thick	50
2015-04-25T10:51:14	Error_Thick	-1
2015-04-25T10:51:14	T_Head	7.96654136377544
2015-04-25T10:51:14	T_Sample	30.899679054837
2015-04-25T10:51:17	Phase_T0	9770
2015-04-25T10:51:18	Phase_Thick	1779
2015-04-25T10:51:28	Moderator_Temp	109.525001525879
2015-04-25T10:51:28	Error_T0	-1
2015-04-25T10:51:36	Fermi_Speed	150
2015-04-25T10:51:36	Freq_T0	50
2015-04-25T10:51:37	Fermi_delay	3238.988095
2015-04-25T10:51:44	Freq_Thick	50
2015-04-25T10:51:44	Error_Thick	0
2015-04-25T10:51:44	T_Head	7.22152454349836
2015-04-25T10:51:44	T_Sample	22.9665954093797
2015-04-25T10:51:47	Phase_T0	9770
2015-04-25T10:51:48	Phase_Thick	1779
2015-04-25T10:51:58	Moderator_Temp	109.525001525879
2015-04-25T10:51:58	Error_T0	0
2015-04-25T10:52:06	Fermi_Speed	150
2015-04-25T10:52:06	Freq_T0	50
2015-04-25T10:52:07	Fermi_delay	3238.968254
2015-04-25T10:52:14	Freq_Thick	50
2015-04-25T10:52:14	Error_Thick	-1
2015-04-25T10:52:14	T_Head	6.44042702411229
2015-04-25T10:52:14	T_Sample	15.2027294600764
2015-04-25T10:52:17	Phase_T0	9770
2015-04-25T10:52:18	Phase_Thick	1779
2015-04-25T10:52:28	Moderator_Temp	109.525001525879
2015-04-25T10:52:28	Error_T0	-1
2015-04-25T10:52:36	Fermi_Speed	150
2015-04-25T10:52:36	Freq_T0	50
2015-04-25T10:52:37	Fermi_delay	3238.988095
2015-04-25T10:52:44	Freq_Thick	50
2015-04-25T10:52:44	Error_Thick	0
2015-04-25T10:52:44	T_Head	5.93827428607183
2015-04-25T10:52:44	T_Sample	11.1356391561078
2015-04-25T10:52:47	Phase_T0	9770
2015-04-25T10:52:48	Phase_Thick	1779
2015-04-25T10:52:58	Moderator_Temp	109.525001525879
2015-04-25T10:52:58	Error_T0	-1
2015-04-25T10:53:06	Fermi_Speed	150
2015-04-25T10:53:06	Freq_T0	50
2015-04-25T10:53:07	Fermi_delay	3239.047619
2015-04-25T10:53:14	Freq_Thick	50
2015-04-25T10:53:14	Error_Thick	-1
2015-04-25T10:53:14	T_Head	5.7362615282214
2015-04-25T10:53:14	T_Sample	10.2830825879772
2015-04-25T10:53:17	Phase_T0	9770
2015-04-25T10:53:18	Phase_Thick	1779
2015-04-25T10:53:28	Moderator_Temp	109.5625
2015-04-25T10:53:28	Error_T0	-1
2015-04-25T10:53:36	Fermi_Speed	150
2015-04-25T10:53:36	Freq_T0	50
2015-04-25T10:53:37	Fermi_delay	3239.047619
2015-04-25T10:53:44	Freq_Thick	50
2015-04-25T10:53:44	Error_Thick	0
2015-04-25T10:53:44	T_Head	5.61842075280865
2015-04-25T10:53:44	T_Sample	10.0581951985227
2015-04-25T10:53:47	Phase_T0	9770
2015-04-25T10:53:48	Phase_Thick	1779
