2015-04-27T16:02:18	Phase_T0	9770
2015-04-27T16:02:18	Error_T0	0
2015-04-27T16:02:18	Freq_Thick	50
2015-04-27T16:02:18	Phase_Thick	1779
2015-04-27T16:02:18	Error_Thick	-1
2015-04-27T16:02:18	T_Sample	100.133872432053
2015-04-27T16:02:34	Fermi_delay	3244.980159
2015-04-27T16:02:36	Moderator_Temp	109.637496948242
2015-04-27T16:02:36	Fermi_Speed	200
2015-04-27T16:02:36	Freq_T0	50
2015-04-27T16:02:36	T_Head	93.9514686141691
2015-04-27T16:02:48	Phase_T0	9770
2015-04-27T16:02:48	Error_T0	-1
2015-04-27T16:02:48	Freq_Thick	50
2015-04-27T16:02:48	Phase_Thick	1779
2015-04-27T16:02:48	Error_Thick	-1
2015-04-27T16:02:48	T_Sample	99.8780491518278
2015-04-27T16:03:04	Fermi_delay	3245
2015-04-27T16:03:06	Moderator_Temp	109.637496948242
2015-04-27T16:03:06	Fermi_Speed	200
2015-04-27T16:03:06	Freq_T0	49.99
2015-04-27T16:03:06	T_Head	93.9904527221563
2015-04-27T16:03:18	Phase_T0	9770
2015-04-27T16:03:18	Error_T0	-1
2015-04-27T16:03:18	Freq_Thick	50
2015-04-27T16:03:18	Phase_Thick	1779
2015-04-27T16:03:18	Error_Thick	0
2015-04-27T16:03:18	T_Sample	99.641175744212
2015-04-27T16:03:34	Fermi_delay	3245.039683
2015-04-27T16:03:36	Moderator_Temp	109.637496948242
2015-04-27T16:03:36	Fermi_Speed	200
2015-04-27T16:03:36	Freq_T0	50
2015-04-27T16:03:36	T_Head	98.5944710935241
2015-04-27T16:03:48	Phase_T0	9770
2015-04-27T16:03:48	Error_T0	-1
2015-04-27T16:03:48	Freq_Thick	50
2015-04-27T16:03:48	Phase_Thick	1779
2015-04-27T16:03:48	Error_Thick	-1
2015-04-27T16:03:48	T_Sample	99.5938010626888
2015-04-27T16:04:05	Fermi_delay	3244.980159
2015-04-27T16:04:06	Moderator_Temp	109.637496948242
2015-04-27T16:04:07	Fermi_Speed	200
2015-04-27T16:04:07	Freq_T0	50
2015-04-27T16:04:07	T_Head	103.218649021587
2015-04-27T16:04:18	Phase_T0	9770
2015-04-27T16:04:18	Error_T0	0
2015-04-27T16:04:18	Freq_Thick	50
2015-04-27T16:04:18	Phase_Thick	1779
2015-04-27T16:04:18	Error_Thick	-1
2015-04-27T16:04:18	T_Sample	99.8875240881325
2015-04-27T16:04:36	Fermi_delay	3245
2015-04-27T16:04:37	Moderator_Temp	109.637496948242
2015-04-27T16:04:38	Fermi_Speed	200
2015-04-27T16:04:38	Freq_T0	50
2015-04-27T16:04:38	T_Head	102.999718356352
2015-04-27T16:04:48	Phase_T0	9770
2015-04-27T16:04:48	Error_T0	-1
2015-04-27T16:04:48	Freq_Thick	50
2015-04-27T16:04:48	Phase_Thick	1779
2015-04-27T16:04:48	Error_Thick	0
2015-04-27T16:04:48	T_Sample	100.285167289387
2015-04-27T16:05:06	Fermi_delay	3244.960317
2015-04-27T16:05:07	Moderator_Temp	109.637496948242
2015-04-27T16:05:09	Fermi_Speed	200
2015-04-27T16:05:09	Freq_T0	50
2015-04-27T16:05:09	T_Head	100.553406140474
2015-04-27T16:05:18	Phase_T0	9770
2015-04-27T16:05:18	Error_T0	-1
2015-04-27T16:05:18	Freq_Thick	50
2015-04-27T16:05:18	Phase_Thick	1779
2015-04-27T16:05:18	Error_Thick	-1
2015-04-27T16:05:18	T_Sample	100.397474120857
2015-04-27T16:05:37	Moderator_Temp	109.637496948242
2015-04-27T16:05:37	Fermi_delay	0
2015-04-27T16:05:39	Fermi_Speed	211.6
2015-04-27T16:05:39	Freq_T0	49.99
2015-04-27T16:05:39	T_Head	97.9696588782988
2015-04-27T16:05:48	Phase_T0	9770
2015-04-27T16:05:48	Error_T0	-1
2015-04-27T16:05:48	Freq_Thick	50
2015-04-27T16:05:48	Phase_Thick	1779
2015-04-27T16:05:48	Error_Thick	0
2015-04-27T16:05:48	T_Sample	100.303885094632
2015-04-27T16:06:07	Moderator_Temp	109.675003051758
2015-04-27T16:06:07	Fermi_delay	0
2015-04-27T16:06:09	Fermi_Speed	238.8
2015-04-27T16:06:09	Freq_T0	50
2015-04-27T16:06:09	T_Head	95.5857599648239
2015-04-27T16:06:18	Phase_T0	9770
2015-04-27T16:06:18	Error_T0	0
2015-04-27T16:06:18	Freq_Thick	49.99
2015-04-27T16:06:18	Phase_Thick	1779
2015-04-27T16:06:18	Error_Thick	0
2015-04-27T16:06:18	T_Sample	100.095972686834
2015-04-27T16:06:37	Moderator_Temp	109.675003051758
2015-04-27T16:06:37	Fermi_delay	0
2015-04-27T16:06:39	Fermi_Speed	268.25
2015-04-27T16:06:39	Freq_T0	50
2015-04-27T16:06:39	T_Head	93.5811195882913
2015-04-27T16:06:48	Phase_T0	9770
2015-04-27T16:06:48	Error_T0	-1
2015-04-27T16:06:48	Freq_Thick	50
2015-04-27T16:06:48	Phase_Thick	1779
2015-04-27T16:06:48	Error_Thick	-1
2015-04-27T16:06:48	T_Sample	99.8306744703047
2015-04-27T16:07:08	Moderator_Temp	109.675003051758
2015-04-27T16:07:08	Fermi_delay	0
2015-04-27T16:07:10	Fermi_Speed	299.133333
2015-04-27T16:07:10	Freq_T0	49.99
2015-04-27T16:07:10	T_Head	94.9260713138479
2015-04-27T16:07:18	Phase_T0	9770
2015-04-27T16:07:18	Error_T0	-1
2015-04-27T16:07:18	Freq_Thick	50
2015-04-27T16:07:18	Phase_Thick	1779
2015-04-27T16:07:18	Error_Thick	0
2015-04-27T16:07:18	T_Sample	99.5938010626888
2015-04-27T16:07:38	Moderator_Temp	109.675003051758
2015-04-27T16:07:38	Fermi_delay	0
2015-04-27T16:07:40	Fermi_Speed	330.583333
2015-04-27T16:07:40	Freq_T0	50
2015-04-27T16:07:40	T_Head	100.084407914446
2015-04-27T16:07:48	Phase_T0	9770
2015-04-27T16:07:48	Error_T0	-1
2015-04-27T16:07:48	Freq_Thick	50
2015-04-27T16:07:48	Phase_Thick	1779
2015-04-27T16:07:48	Error_Thick	-1
2015-04-27T16:07:48	T_Sample	99.6032759989935
2015-04-27T16:08:09	Moderator_Temp	109.637496948242
2015-04-27T16:08:09	Fermi_delay	0
2015-04-27T16:08:11	Fermi_Speed	357.283333
2015-04-27T16:08:11	Freq_T0	50
2015-04-27T16:08:11	T_Head	103.599398004603
2015-04-27T16:08:18	Phase_T0	9770
2015-04-27T16:08:18	Error_T0	-1
2015-04-27T16:08:18	Freq_Thick	50
2015-04-27T16:08:18	Phase_Thick	1779
2015-04-27T16:08:18	Error_Thick	0
2015-04-27T16:08:18	T_Sample	99.9822734511788
2015-04-27T16:08:39	Moderator_Temp	109.675003051758
2015-04-27T16:08:39	Fermi_delay	0
2015-04-27T16:08:41	Fermi_Speed	380.466667
2015-04-27T16:08:41	Freq_T0	49.99
2015-04-27T16:08:41	T_Head	102.514263403007
2015-04-27T16:08:48	Phase_T0	9770
2015-04-27T16:08:48	Error_T0	0
2015-04-27T16:08:48	Freq_Thick	50
2015-04-27T16:08:48	Phase_Thick	1779
2015-04-27T16:08:48	Error_Thick	0
2015-04-27T16:08:48	T_Sample	100.350679607745
2015-04-27T16:09:09	Moderator_Temp	109.675003051758
2015-04-27T16:09:09	Fermi_delay	0
2015-04-27T16:09:11	Fermi_Speed	400.016667
2015-04-27T16:09:11	Freq_T0	50
2015-04-27T16:09:11	T_Head	100.026732940733
2015-04-27T16:09:18	Phase_T0	9770
2015-04-27T16:09:18	Error_T0	-1
2015-04-27T16:09:18	Freq_Thick	50
2015-04-27T16:09:18	Phase_Thick	1779
2015-04-27T16:09:18	Error_Thick	-1
2015-04-27T16:09:18	T_Sample	100.416191926102
2015-04-27T16:09:39	Moderator_Temp	109.675003051758
2015-04-27T16:09:39	Fermi_delay	0
2015-04-27T16:09:41	Fermi_Speed	418.583333
2015-04-27T16:09:41	Freq_T0	50
2015-04-27T16:09:42	T_Head	97.3832966455489
2015-04-27T16:09:48	Phase_T0	9770
2015-04-27T16:09:48	Error_T0	-1
2015-04-27T16:09:48	Freq_Thick	50
2015-04-27T16:09:48	Phase_Thick	1779
2015-04-27T16:09:48	Error_Thick	0
2015-04-27T16:09:48	T_Sample	100.275808386765
2015-04-27T16:10:09	Moderator_Temp	109.675003051758
2015-04-27T16:10:09	Fermi_delay	0
2015-04-27T16:10:11	Fermi_Speed	433.6
2015-04-27T16:10:11	Freq_T0	50
2015-04-27T16:10:12	T_Head	95.0527696648061
2015-04-27T16:10:18	Phase_T0	9770
2015-04-27T16:10:18	Error_T0	-1
2015-04-27T16:10:18	Freq_Thick	50
2015-04-27T16:10:18	Phase_Thick	1779
2015-04-27T16:10:18	Error_Thick	-1
2015-04-27T16:10:18	T_Sample	100.058072941616
2015-04-27T16:10:40	Moderator_Temp	109.675003051758
2015-04-27T16:10:40	Fermi_delay	0
2015-04-27T16:10:42	Fermi_Speed	447.283333
2015-04-27T16:10:42	Freq_T0	50
2015-04-27T16:10:43	T_Head	93.3569609673651
2015-04-27T16:10:49	Phase_T0	9770
2015-04-27T16:10:49	Error_T0	-1
2015-04-27T16:10:49	Freq_Thick	50
2015-04-27T16:10:49	Phase_Thick	1779
2015-04-27T16:10:49	Error_Thick	-1
2015-04-27T16:10:49	T_Sample	99.7738248524769
2015-04-27T16:11:10	Moderator_Temp	109.712501525879
2015-04-27T16:11:10	Fermi_delay	1957.34127
2015-04-27T16:11:12	Fermi_Speed	450
2015-04-27T16:11:12	Freq_T0	50
2015-04-27T16:11:13	T_Head	95.9606472939591
2015-04-27T16:11:19	Phase_T0	9770
2015-04-27T16:11:19	Error_T0	-1
2015-04-27T16:11:19	Freq_Thick	50
2015-04-27T16:11:19	Phase_Thick	1779
2015-04-27T16:11:19	Error_Thick	-1
2015-04-27T16:11:19	T_Sample	99.5748511900796
2015-04-27T16:11:41	Moderator_Temp	109.712501525879
2015-04-27T16:11:41	Fermi_delay	1659.107143
2015-04-27T16:11:43	Fermi_Speed	450
2015-04-27T16:11:43	Freq_T0	50
2015-04-27T16:11:44	T_Head	101.457684975137
2015-04-27T16:11:50	Phase_T0	9770
2015-04-27T16:11:50	Error_T0	-2
2015-04-27T16:11:50	Freq_Thick	50
2015-04-27T16:11:50	Phase_Thick	1779
2015-04-27T16:11:50	Error_Thick	-1
2015-04-27T16:11:50	T_Sample	99.6317008079074
2015-04-27T16:12:11	Moderator_Temp	109.712501525879
2015-04-27T16:12:11	Fermi_delay	1346.031746
2015-04-27T16:12:13	Fermi_Speed	450
2015-04-27T16:12:13	Freq_T0	50
2015-04-27T16:12:14	T_Head	103.64699162748
2015-04-27T16:12:20	Phase_T0	9770
2015-04-27T16:12:20	Error_T0	0
2015-04-27T16:12:20	Freq_Thick	50
2015-04-27T16:12:20	Phase_Thick	1779
2015-04-27T16:12:20	Error_Thick	0
2015-04-27T16:12:20	T_Sample	100.048598005311
2015-04-27T16:12:41	Moderator_Temp	109.712501525879
2015-04-27T16:12:41	Fermi_delay	1054.484127
2015-04-27T16:12:43	Fermi_Speed	450
2015-04-27T16:12:43	Freq_T0	50
2015-04-27T16:12:44	T_Head	101.962177377633
2015-04-27T16:12:50	Phase_T0	9770
2015-04-27T16:12:50	Error_T0	0
2015-04-27T16:12:50	Freq_Thick	50
2015-04-27T16:12:50	Phase_Thick	1779
2015-04-27T16:12:50	Error_Thick	-1
2015-04-27T16:12:50	T_Sample	100.378756315612
2015-04-27T16:13:12	Moderator_Temp	109.75
2015-04-27T16:13:12	Fermi_delay	1030.972222
2015-04-27T16:13:14	Fermi_Speed	450
2015-04-27T16:13:14	Freq_T0	49.99
2015-04-27T16:13:15	T_Head	99.2961832737002
2015-04-27T16:13:21	Phase_T0	9770
2015-04-27T16:13:21	Error_T0	-2
2015-04-27T16:13:21	Freq_Thick	50
2015-04-27T16:13:21	Phase_Thick	1779
2015-04-27T16:13:21	Error_Thick	0
2015-04-27T16:13:21	T_Sample	100.388115218235
2015-04-27T16:13:42	Moderator_Temp	109.75
2015-04-27T16:13:42	Fermi_delay	1031.031746
2015-04-27T16:13:44	Fermi_Speed	450
2015-04-27T16:13:44	Freq_T0	49.99
2015-04-27T16:13:45	T_Head	96.8161594040368
2015-04-27T16:13:51	Phase_T0	9770
2015-04-27T16:13:51	Error_T0	-1
2015-04-27T16:13:51	Freq_Thick	50
2015-04-27T16:13:51	Phase_Thick	1779
2015-04-27T16:13:51	Error_Thick	-1
2015-04-27T16:13:51	T_Sample	100.238372776275
2015-04-27T16:14:12	Moderator_Temp	109.75
2015-04-27T16:14:12	Fermi_delay	1031.031746
2015-04-27T16:14:14	Fermi_Speed	450
2015-04-27T16:14:14	Freq_T0	50
2015-04-27T16:14:15	T_Head	94.5459762609731
2015-04-27T16:14:21	Phase_T0	9770
2015-04-27T16:14:21	Error_T0	0
2015-04-27T16:14:21	Freq_Thick	50
2015-04-27T16:14:21	Phase_Thick	1779
2015-04-27T16:14:21	Error_Thick	0
2015-04-27T16:14:21	T_Sample	100.001223323788
2015-04-27T16:14:43	Moderator_Temp	109.75
2015-04-27T16:14:43	Fermi_delay	1031.031746
2015-04-27T16:14:45	Fermi_Speed	450
2015-04-27T16:14:45	Freq_T0	50
2015-04-27T16:14:46	T_Head	93.4739132913266
2015-04-27T16:14:52	Phase_T0	9770
2015-04-27T16:14:52	Error_T0	-1
2015-04-27T16:14:52	Freq_Thick	50
2015-04-27T16:14:52	Phase_Thick	1779
2015-04-27T16:14:52	Error_Thick	0
2015-04-27T16:14:52	T_Sample	99.7169752346491
2015-04-27T16:15:13	Moderator_Temp	109.787506103516
2015-04-27T16:15:13	Fermi_delay	1030.972222
2015-04-27T16:15:15	Fermi_Speed	450
2015-04-27T16:15:15	Freq_T0	49.99
2015-04-27T16:15:16	T_Head	97.1429842550777
2015-04-27T16:15:22	Error_T0	-1
2015-04-27T16:15:22	Phase_Thick	1779
2015-04-27T16:15:22	Error_Thick	-1
2015-04-27T16:15:22	T_Sample	99.5653762537749
2015-04-27T16:15:23	Phase_T0	9770
2015-04-27T16:15:23	Freq_Thick	50
2015-04-27T16:15:44	Moderator_Temp	109.75
2015-04-27T16:15:44	Fermi_delay	1031.011905
2015-04-27T16:15:46	Fermi_Speed	450
2015-04-27T16:15:46	Freq_T0	50
2015-04-27T16:15:47	T_Head	102.419076157253
2015-04-27T16:15:53	Error_T0	-1
2015-04-27T16:15:53	Phase_Thick	1779
2015-04-27T16:15:53	Error_Thick	0
2015-04-27T16:15:53	T_Sample	99.7075002983444
2015-04-27T16:15:54	Phase_T0	9770
2015-04-27T16:15:54	Freq_Thick	50
2015-04-27T16:16:14	Moderator_Temp	109.75
2015-04-27T16:16:14	Fermi_delay	1030.992063
2015-04-27T16:16:16	Fermi_Speed	450
2015-04-27T16:16:16	Freq_T0	50
2015-04-27T16:16:18	T_Head	103.409023513095
2015-04-27T16:16:23	Error_T0	-1
2015-04-27T16:16:24	Phase_T0	9770
2015-04-27T16:16:24	Freq_Thick	50
2015-04-27T16:16:24	Phase_Thick	1779
2015-04-27T16:16:24	Error_Thick	-1
2015-04-27T16:16:24	T_Sample	100.171772177271
2015-04-27T16:16:44	Moderator_Temp	109.787506103516
2015-04-27T16:16:44	Fermi_delay	1030.992063
2015-04-27T16:16:46	Fermi_Speed	450
2015-04-27T16:16:46	Freq_T0	50
2015-04-27T16:16:48	T_Head	101.295866657355
2015-04-27T16:16:53	Error_T0	-1
2015-04-27T16:16:54	Phase_T0	9770
2015-04-27T16:16:54	Freq_Thick	50
2015-04-27T16:16:54	Phase_Thick	1779
2015-04-27T16:16:54	Error_Thick	-1
2015-04-27T16:16:54	T_Sample	100.416191926102
2015-04-27T16:17:14	Moderator_Temp	109.75
2015-04-27T16:17:14	Fermi_delay	1030.992063
2015-04-27T16:17:16	Fermi_Speed	450
2015-04-27T16:17:16	Freq_T0	50
2015-04-27T16:17:18	T_Head	98.7098210409503
2015-04-27T16:17:23	Error_T0	-1
2015-04-27T16:17:24	Phase_T0	9770
2015-04-27T16:17:24	Freq_Thick	49.99
2015-04-27T16:17:24	Phase_Thick	1779
2015-04-27T16:17:24	Error_Thick	0
2015-04-27T16:17:24	T_Sample	100.360038510367
2015-04-27T16:17:44	Moderator_Temp	109.787506103516
2015-04-27T16:17:44	Fermi_delay	1030.972222
2015-04-27T16:17:46	Fermi_Speed	450
2015-04-27T16:17:46	Freq_T0	50
2015-04-27T16:17:48	T_Head	96.2778596493811
2015-04-27T16:17:53	Error_T0	3
2015-04-27T16:17:54	Phase_T0	9770
2015-04-27T16:17:54	Freq_Thick	50
2015-04-27T16:17:54	Phase_Thick	1779
2015-04-27T16:17:54	Error_Thick	0
2015-04-27T16:17:54	T_Sample	100.190722049881
2015-04-27T16:18:14	Moderator_Temp	109.787506103516
2015-04-27T16:18:14	Fermi_delay	1031.011905
2015-04-27T16:18:16	Fermi_Speed	450
2015-04-27T16:18:16	Freq_T0	50
2015-04-27T16:18:18	T_Head	94.0879129921242
2015-04-27T16:18:23	Error_T0	1
2015-04-27T16:18:24	Phase_T0	9770
2015-04-27T16:18:24	Freq_Thick	50
2015-04-27T16:18:24	Phase_Thick	1779
2015-04-27T16:18:24	Error_Thick	-1
2015-04-27T16:18:24	T_Sample	99.9348987696556
2015-04-27T16:18:44	Moderator_Temp	109.787506103516
2015-04-27T16:18:44	Fermi_delay	1030.972222
2015-04-27T16:18:46	Fermi_Speed	450
2015-04-27T16:18:46	Freq_T0	50
2015-04-27T16:18:48	T_Head	94.0001987491531
2015-04-27T16:18:53	Error_T0	-1
2015-04-27T16:18:54	Phase_T0	9770
2015-04-27T16:18:54	Freq_Thick	50
2015-04-27T16:18:54	Phase_Thick	1779
2015-04-27T16:18:54	Error_Thick	-2
2015-04-27T16:18:54	T_Sample	99.6696005531259
2015-04-27T16:19:14	Moderator_Temp	109.787506103516
2015-04-27T16:19:14	Fermi_delay	1030.992063
2015-04-27T16:19:16	Fermi_Speed	450
2015-04-27T16:19:16	Freq_T0	50
2015-04-27T16:19:18	T_Head	98.3926086855282
2015-04-27T16:19:23	Error_T0	-1
2015-04-27T16:19:24	Phase_T0	9770
2015-04-27T16:19:24	Freq_Thick	50
2015-04-27T16:19:24	Phase_Thick	1779
2015-04-27T16:19:24	Error_Thick	-1
2015-04-27T16:19:24	T_Sample	99.5653762537749
2015-04-27T16:19:44	Moderator_Temp	109.787506103516
2015-04-27T16:19:44	Fermi_delay	1030.992063
2015-04-27T16:19:46	Fermi_Speed	450
2015-04-27T16:19:46	Freq_T0	50
2015-04-27T16:19:48	T_Head	102.885493661448
2015-04-27T16:19:53	Error_T0	-1
2015-04-27T16:19:54	Phase_T0	9770
2015-04-27T16:19:54	Freq_Thick	50
2015-04-27T16:19:54	Phase_Thick	1779
2015-04-27T16:19:54	Error_Thick	-1
2015-04-27T16:19:54	T_Sample	99.7738248524769
2015-04-27T16:20:14	Moderator_Temp	109.787506103516
2015-04-27T16:20:14	Fermi_delay	1030.992063
2015-04-27T16:20:16	Fermi_Speed	450
2015-04-27T16:20:16	Freq_T0	50
2015-04-27T16:20:18	T_Head	103.047311979229
2015-04-27T16:20:23	Error_T0	-1
2015-04-27T16:20:24	Phase_T0	9770
2015-04-27T16:20:24	Freq_Thick	50
2015-04-27T16:20:24	Phase_Thick	1779
2015-04-27T16:20:24	Error_Thick	-1
2015-04-27T16:20:24	T_Sample	100.210296068408
2015-04-27T16:20:44	Moderator_Temp	109.824996948242
2015-04-27T16:20:44	Fermi_delay	1031.031746
2015-04-27T16:20:46	Fermi_Speed	450
2015-04-27T16:20:46	Freq_T0	50
2015-04-27T16:20:48	T_Head	100.791374254859
2015-04-27T16:20:53	Error_T0	-2
2015-04-27T16:20:54	Phase_T0	9770
2015-04-27T16:20:54	Freq_Thick	50
2015-04-27T16:20:54	Phase_Thick	1779
2015-04-27T16:20:54	Error_Thick	-1
2015-04-27T16:20:54	T_Sample	100.40683302348
2015-04-27T16:21:14	Moderator_Temp	109.824996948242
2015-04-27T16:21:14	Fermi_delay	1030.972222
2015-04-27T16:21:16	Fermi_Speed	450
2015-04-27T16:21:16	Freq_T0	50
2015-04-27T16:21:18	T_Head	98.2195837643889
2015-04-27T16:21:23	Error_T0	-1
2015-04-27T16:21:24	Phase_T0	9770
2015-04-27T16:21:24	Freq_Thick	50
2015-04-27T16:21:24	Phase_Thick	1779
2015-04-27T16:21:24	Error_Thick	0
2015-04-27T16:21:24	T_Sample	100.341320705122
2015-04-27T16:21:44	Moderator_Temp	109.787506103516
2015-04-27T16:21:44	Fermi_delay	1031.011905
2015-04-27T16:21:46	Fermi_Speed	450
2015-04-27T16:21:46	Freq_T0	50
2015-04-27T16:21:48	T_Head	95.8164598596763
2015-04-27T16:21:53	Error_T0	-2
2015-04-27T16:21:54	Phase_T0	9770
2015-04-27T16:21:54	Freq_Thick	50
2015-04-27T16:21:54	Phase_Thick	1779
2015-04-27T16:21:54	Error_Thick	-1
2015-04-27T16:21:54	T_Sample	100.152822304662
2015-04-27T16:22:14	Moderator_Temp	109.824996948242
2015-04-27T16:22:14	Fermi_delay	1031.011905
2015-04-27T16:22:16	Fermi_Speed	450
2015-04-27T16:22:16	Freq_T0	50
2015-04-27T16:22:18	T_Head	93.7468020472366
2015-04-27T16:22:23	Error_T0	-1
2015-04-27T16:22:24	Phase_T0	9770
2015-04-27T16:22:24	Freq_Thick	50
2015-04-27T16:22:24	Phase_Thick	1779
2015-04-27T16:22:24	Error_Thick	0
2015-04-27T16:22:24	T_Sample	99.8875240881325
2015-04-27T16:22:44	Moderator_Temp	109.824996948242
2015-04-27T16:22:44	Fermi_delay	1030.992063
2015-04-27T16:22:46	Fermi_Speed	450
2015-04-27T16:22:46	Freq_T0	50
2015-04-27T16:22:48	T_Head	94.5849603689603
2015-04-27T16:22:53	Error_T0	-2
2015-04-27T16:22:54	Phase_T0	9770
2015-04-27T16:22:54	Freq_Thick	50
2015-04-27T16:22:54	Phase_Thick	1779
2015-04-27T16:22:54	Error_Thick	-1
2015-04-27T16:22:54	T_Sample	99.6317008079074
2015-04-27T16:23:14	Moderator_Temp	109.824996948242
2015-04-27T16:23:14	Fermi_delay	1030.972222
2015-04-27T16:23:16	Fermi_Speed	450
2015-04-27T16:23:16	Freq_T0	50
2015-04-27T16:23:18	T_Head	99.4595956992207
2015-04-27T16:23:23	Error_T0	0
2015-04-27T16:23:24	Phase_T0	9770
2015-04-27T16:23:24	Freq_Thick	50
2015-04-27T16:23:24	Phase_Thick	1779
2015-04-27T16:23:24	Error_Thick	-1
2015-04-27T16:23:24	T_Sample	99.5843261263842
2015-04-27T16:23:44	Moderator_Temp	109.824996948242
2015-04-27T16:23:44	Fermi_delay	1030.992063
2015-04-27T16:23:46	Fermi_Speed	450
2015-04-27T16:23:46	Freq_T0	50
2015-04-27T16:23:48	T_Head	103.342392441067
2015-04-27T16:23:53	Error_T0	-1
2015-04-27T16:23:54	Phase_T0	9770
2015-04-27T16:23:54	Freq_Thick	50
2015-04-27T16:23:54	Phase_Thick	1779
2015-04-27T16:23:54	Error_Thick	0
2015-04-27T16:23:54	T_Sample	99.8685742155232
2015-04-27T16:24:14	Moderator_Temp	109.824996948242
2015-04-27T16:24:14	Fermi_delay	1030.992063
2015-04-27T16:24:16	Fermi_Speed	450
2015-04-27T16:24:16	Freq_T0	50
2015-04-27T16:24:18	T_Head	102.71415661909
2015-04-27T16:24:23	Error_T0	-1
2015-04-27T16:24:25	Phase_T0	9770
2015-04-27T16:24:25	Freq_Thick	50
2015-04-27T16:24:25	Phase_Thick	1779
2015-04-27T16:24:25	Error_Thick	-1
2015-04-27T16:24:25	T_Sample	100.285167289387
2015-04-27T16:24:44	Moderator_Temp	109.824996948242
2015-04-27T16:24:44	Fermi_delay	1030.992063
2015-04-27T16:24:46	Fermi_Speed	450
2015-04-27T16:24:46	Freq_T0	50
2015-04-27T16:24:48	T_Head	100.286881852362
2015-04-27T16:24:53	Error_T0	-1
2015-04-27T16:24:55	Phase_T0	9770
2015-04-27T16:24:55	Freq_Thick	50
2015-04-27T16:24:55	Phase_Thick	1779
2015-04-27T16:24:55	Error_Thick	0
2015-04-27T16:24:55	T_Sample	100.397474120857
2015-04-27T16:25:14	Moderator_Temp	109.824996948242
2015-04-27T16:25:14	Fermi_delay	1030.992063
2015-04-27T16:25:16	Fermi_Speed	450
2015-04-27T16:25:16	Freq_T0	50
2015-04-27T16:25:18	T_Head	97.7293464878275
2015-04-27T16:25:23	Error_T0	-1
2015-04-27T16:25:25	Phase_T0	9770
2015-04-27T16:25:25	Freq_Thick	50
2015-04-27T16:25:25	Phase_Thick	1779
2015-04-27T16:25:25	Error_Thick	-1
2015-04-27T16:25:25	T_Sample	100.303885094632
2015-04-27T16:25:44	Moderator_Temp	109.824996948242
2015-04-27T16:25:44	Fermi_delay	1030.992063
2015-04-27T16:25:46	Fermi_Speed	450
2015-04-27T16:25:46	Freq_T0	50
2015-04-27T16:25:48	T_Head	95.3742850612092
2015-04-27T16:25:53	Error_T0	-1
2015-04-27T16:25:55	Phase_T0	9770
2015-04-27T16:25:55	Freq_Thick	50
2015-04-27T16:25:55	Phase_Thick	1779
2015-04-27T16:25:55	Error_Thick	0
2015-04-27T16:25:55	T_Sample	100.08649775053
2015-04-27T16:26:14	Moderator_Temp	109.824996948242
2015-04-27T16:26:14	Fermi_delay	1031.011905
2015-04-27T16:26:16	Fermi_Speed	450
2015-04-27T16:26:16	Freq_T0	50
2015-04-27T16:26:18	T_Head	93.5128973993138
2015-04-27T16:26:23	Error_T0	-1
2015-04-27T16:26:25	Phase_T0	9770
2015-04-27T16:26:25	Freq_Thick	50
2015-04-27T16:26:25	Phase_Thick	1779
2015-04-27T16:26:25	Error_Thick	-1
2015-04-27T16:26:25	T_Sample	99.8306744703047
2015-04-27T16:26:44	Moderator_Temp	109.824996948242
2015-04-27T16:26:44	Fermi_delay	1030.992063
2015-04-27T16:26:46	Fermi_Speed	450
2015-04-27T16:26:46	Freq_T0	50
2015-04-27T16:26:48	T_Head	95.3646725655903
2015-04-27T16:26:53	Error_T0	0
2015-04-27T16:26:55	Phase_T0	9770
2015-04-27T16:26:55	Freq_Thick	50
2015-04-27T16:26:55	Phase_Thick	1779
2015-04-27T16:26:55	Error_Thick	-1
2015-04-27T16:26:55	T_Sample	99.5938010626888
2015-04-27T16:27:14	Moderator_Temp	109.862503051758
2015-04-27T16:27:14	Fermi_delay	1031.031746
2015-04-27T16:27:16	Fermi_Speed	450
2015-04-27T16:27:16	Freq_T0	50
2015-04-27T16:27:18	T_Head	100.496293793021
2015-04-27T16:27:23	Error_T0	-1
2015-04-27T16:27:25	Phase_T0	9770
2015-04-27T16:27:25	Freq_Thick	50
2015-04-27T16:27:25	Phase_Thick	1779
2015-04-27T16:27:25	Error_Thick	0
2015-04-27T16:27:25	T_Sample	99.6222258716027
2015-04-27T16:27:44	Moderator_Temp	109.862503051758
2015-04-27T16:27:44	Fermi_delay	1031.011905
2015-04-27T16:27:46	Fermi_Speed	450
2015-04-27T16:27:46	Freq_T0	50
2015-04-27T16:27:48	T_Head	103.513729483424
2015-04-27T16:27:53	Error_T0	-1
2015-04-27T16:27:55	Phase_T0	9770
2015-04-27T16:27:55	Freq_Thick	50
2015-04-27T16:27:55	Phase_Thick	1779
2015-04-27T16:27:55	Error_Thick	-1
2015-04-27T16:27:55	T_Sample	99.9917483874834
2015-04-27T16:28:14	Moderator_Temp	109.862503051758
2015-04-27T16:28:14	Fermi_delay	1031.011905
2015-04-27T16:28:16	Fermi_Speed	450
2015-04-27T16:28:16	Freq_T0	50
2015-04-27T16:28:18	T_Head	102.276295288622
2015-04-27T16:28:23	Error_T0	-1
2015-04-27T16:28:25	Phase_T0	9770
2015-04-27T16:28:25	Freq_Thick	50
2015-04-27T16:28:25	Phase_Thick	1779
2015-04-27T16:28:25	Error_Thick	-1
2015-04-27T16:28:25	T_Sample	100.341320705122
2015-04-27T16:28:44	Moderator_Temp	109.862503051758
2015-04-27T16:28:44	Fermi_delay	1031.011905
2015-04-27T16:28:46	Fermi_Speed	450
2015-04-27T16:28:46	Freq_T0	50
2015-04-27T16:28:48	T_Head	99.7671955590239
2015-04-27T16:28:53	Error_T0	-1
2015-04-27T16:28:56	Phase_T0	9770
2015-04-27T16:28:56	Freq_Thick	50
2015-04-27T16:28:56	Phase_Thick	1779
2015-04-27T16:28:56	Error_Thick	0
2015-04-27T16:28:56	T_Sample	100.388115218235
2015-04-27T16:29:14	Moderator_Temp	109.862503051758
2015-04-27T16:29:14	Fermi_delay	1030.992063
2015-04-27T16:29:16	Fermi_Speed	450
2015-04-27T16:29:16	Freq_T0	49.99
2015-04-27T16:29:18	T_Head	97.248721706885
2015-04-27T16:29:23	Error_T0	-1
2015-04-27T16:29:26	Phase_T0	9770
2015-04-27T16:29:26	Freq_Thick	50
2015-04-27T16:29:26	Phase_Thick	1779
2015-04-27T16:29:26	Error_Thick	0
2015-04-27T16:29:26	T_Sample	100.25709058152
2015-04-27T16:29:44	Moderator_Temp	109.862503051758
2015-04-27T16:29:44	Fermi_delay	1030.992063
2015-04-27T16:29:46	Fermi_Speed	450
2015-04-27T16:29:46	Freq_T0	49.99
2015-04-27T16:29:49	T_Head	94.82861104388
2015-04-27T16:29:54	Error_T0	-1
2015-04-27T16:29:56	Phase_T0	9770
2015-04-27T16:29:56	Freq_Thick	50
2015-04-27T16:29:56	Phase_Thick	1779
2015-04-27T16:29:56	Error_Thick	-1
2015-04-27T16:29:56	T_Sample	100.029648132702
2015-04-27T16:30:14	Moderator_Temp	109.862503051758
2015-04-27T16:30:14	Fermi_delay	1031.011905
2015-04-27T16:30:16	Fermi_Speed	450
2015-04-27T16:30:16	Freq_T0	50
2015-04-27T16:30:19	T_Head	93.454421237333
2015-04-27T16:30:24	Error_T0	-1
2015-04-27T16:30:26	Phase_T0	9770
2015-04-27T16:30:26	Freq_Thick	50
2015-04-27T16:30:26	Phase_Thick	1779
2015-04-27T16:30:26	Error_Thick	-1
2015-04-27T16:30:26	T_Sample	99.7548749798676
2015-04-27T16:30:44	Moderator_Temp	109.862503051758
2015-04-27T16:30:44	Fermi_delay	1031.011905
2015-04-27T16:30:46	Fermi_Speed	450
2015-04-27T16:30:46	Freq_T0	50
2015-04-27T16:30:49	T_Head	96.412434588045
2015-04-27T16:30:54	Error_T0	0
2015-04-27T16:30:56	Phase_T0	9770
2015-04-27T16:30:56	Freq_Thick	50
2015-04-27T16:30:56	Phase_Thick	1779
2015-04-27T16:30:56	Error_Thick	-1
2015-04-27T16:30:56	T_Sample	99.5653762537749
2015-04-27T16:31:14	Moderator_Temp	109.862503051758
2015-04-27T16:31:14	Fermi_delay	1030.992063
2015-04-27T16:31:16	Fermi_Speed	450
2015-04-27T16:31:16	Freq_T0	50
2015-04-27T16:31:19	T_Head	101.571909670042
2015-04-27T16:31:24	Error_T0	-1
2015-04-27T16:31:26	Phase_T0	9770
2015-04-27T16:31:26	Freq_Thick	50
2015-04-27T16:31:26	Phase_Thick	1779
2015-04-27T16:31:26	Error_Thick	-1
2015-04-27T16:31:26	T_Sample	99.6696005531259
2015-04-27T16:31:44	Moderator_Temp	109.862503051758
2015-04-27T16:31:44	Fermi_delay	1030.992063
2015-04-27T16:31:46	Fermi_Speed	450
2015-04-27T16:31:46	Freq_T0	50
2015-04-27T16:31:49	T_Head	103.504210758849
2015-04-27T16:31:54	Error_T0	-1
2015-04-27T16:31:56	Phase_T0	9770
2015-04-27T16:31:56	Freq_Thick	50
2015-04-27T16:31:56	Phase_Thick	1779
2015-04-27T16:31:56	Error_Thick	0
2015-04-27T16:31:56	T_Sample	100.095972686834
2015-04-27T16:32:14	Moderator_Temp	109.862503051758
2015-04-27T16:32:14	Fermi_delay	1030.992063
2015-04-27T16:32:16	Fermi_Speed	450
2015-04-27T16:32:16	Freq_T0	49.99
2015-04-27T16:32:19	T_Head	101.76228416155
2015-04-27T16:32:24	Error_T0	-1
2015-04-27T16:32:26	Phase_T0	9770
2015-04-27T16:32:26	Freq_Thick	50
2015-04-27T16:32:26	Phase_Thick	1779
2015-04-27T16:32:26	Error_Thick	-1
2015-04-27T16:32:26	T_Sample	100.378756315612
2015-04-27T16:32:44	Moderator_Temp	109.862503051758
2015-04-27T16:32:44	Fermi_delay	1030.992063
2015-04-27T16:32:46	Fermi_Speed	450
2015-04-27T16:32:46	Freq_T0	50
2015-04-27T16:32:49	T_Head	99.2000583175117
2015-04-27T16:32:54	Error_T0	-1
2015-04-27T16:32:56	Phase_T0	9770
2015-04-27T16:32:56	Freq_Thick	50
2015-04-27T16:32:56	Phase_Thick	1779
2015-04-27T16:32:56	Error_Thick	-1
2015-04-27T16:32:56	T_Sample	100.378756315612
2015-04-27T16:33:14	Moderator_Temp	109.862503051758
2015-04-27T16:33:14	Fermi_delay	1030.992063
2015-04-27T16:33:16	Fermi_Speed	450
2015-04-27T16:33:16	Freq_T0	50
2015-04-27T16:33:19	T_Head	96.7104219522294
2015-04-27T16:33:24	Error_T0	-1
2015-04-27T16:33:26	Phase_T0	9770
2015-04-27T16:33:26	Freq_Thick	50
2015-04-27T16:33:26	Phase_Thick	1779
2015-04-27T16:33:26	Error_Thick	-1
2015-04-27T16:33:26	T_Sample	100.21965497103
2015-04-27T16:33:44	Moderator_Temp	109.862503051758
2015-04-27T16:33:44	Fermi_delay	1031.031746
2015-04-27T16:33:46	Fermi_Speed	450
2015-04-27T16:33:46	Freq_T0	50
2015-04-27T16:33:49	T_Head	94.4387699640085
2015-04-27T16:33:54	Error_T0	0
2015-04-27T16:33:56	Phase_T0	9770
2015-04-27T16:33:56	Freq_Thick	50
2015-04-27T16:33:56	Phase_Thick	1779
2015-04-27T16:33:56	Error_Thick	-1
2015-04-27T16:33:56	T_Sample	99.9822734511788
2015-04-27T16:34:14	Moderator_Temp	109.862503051758
2015-04-27T16:34:14	Fermi_delay	1031.011905
2015-04-27T16:34:16	Fermi_Speed	450
2015-04-27T16:34:16	Freq_T0	50
2015-04-27T16:34:19	T_Head	93.6103576692816
2015-04-27T16:34:24	Error_T0	-1
2015-04-27T16:34:26	Phase_T0	9770
2015-04-27T16:34:26	Freq_Thick	50
2015-04-27T16:34:26	Phase_Thick	1779
2015-04-27T16:34:26	Error_Thick	-1
2015-04-27T16:34:26	T_Sample	99.7169752346491
2015-04-27T16:34:44	Moderator_Temp	109.862503051758
2015-04-27T16:34:44	Fermi_delay	1030.992063
2015-04-27T16:34:46	Fermi_Speed	450
2015-04-27T16:34:46	Freq_T0	50
2015-04-27T16:34:50	T_Head	97.5467090710694
2015-04-27T16:34:55	Error_T0	-1
2015-04-27T16:34:57	Phase_T0	9770
2015-04-27T16:34:57	Freq_Thick	50
2015-04-27T16:34:57	Phase_Thick	1779
2015-04-27T16:34:57	Error_Thick	-1
2015-04-27T16:34:57	T_Sample	99.5653762537749
2015-04-27T16:35:15	Moderator_Temp	109.862503051758
2015-04-27T16:35:15	Fermi_delay	1031.031746
2015-04-27T16:35:17	Fermi_Speed	450
2015-04-27T16:35:17	Freq_T0	50
2015-04-27T16:35:20	T_Head	102.476188504705
2015-04-27T16:35:25	Error_T0	-1
2015-04-27T16:35:27	Phase_T0	9770
2015-04-27T16:35:27	Freq_Thick	50
2015-04-27T16:35:27	Phase_Thick	1779
2015-04-27T16:35:27	Error_Thick	0
2015-04-27T16:35:27	T_Sample	99.745400043563
2015-04-27T16:35:45	Moderator_Temp	109.862503051758
2015-04-27T16:35:45	Fermi_delay	1030.992063
2015-04-27T16:35:47	Fermi_Speed	450
2015-04-27T16:35:47	Freq_T0	49.99
2015-04-27T16:35:50	T_Head	103.332873716491
2015-04-27T16:35:55	Error_T0	0
2015-04-27T16:35:57	Phase_T0	9770
2015-04-27T16:35:57	Freq_Thick	50
2015-04-27T16:35:57	Phase_Thick	1779
2015-04-27T16:35:57	Error_Thick	0
2015-04-27T16:35:57	T_Sample	100.171772177271
2015-04-27T16:36:15	Moderator_Temp	109.900001525879
2015-04-27T16:36:15	Fermi_delay	1031.011905
2015-04-27T16:36:17	Fermi_Speed	450
2015-04-27T16:36:17	Freq_T0	50
2015-04-27T16:36:20	T_Head	101.238754309903
2015-04-27T16:36:25	Error_T0	-1
2015-04-27T16:36:27	Phase_T0	9770
2015-04-27T16:36:27	Freq_Thick	50
2015-04-27T16:36:27	Phase_Thick	1779
2015-04-27T16:36:27	Error_Thick	0
2015-04-27T16:36:27	T_Sample	100.388115218235
2015-04-27T16:36:45	Moderator_Temp	109.862503051758
2015-04-27T16:36:45	Fermi_delay	1030.992063
2015-04-27T16:36:47	Fermi_Speed	450
2015-04-27T16:36:47	Freq_T0	50
2015-04-27T16:36:50	T_Head	98.661758562856
2015-04-27T16:36:55	Error_T0	0
2015-04-27T16:36:57	Phase_T0	9770
2015-04-27T16:36:57	Freq_Thick	50
2015-04-27T16:36:57	Phase_Thick	1779
2015-04-27T16:36:57	Error_Thick	0
2015-04-27T16:36:57	T_Sample	100.360038510367
2015-04-27T16:37:15	Moderator_Temp	109.900001525879
2015-04-27T16:37:15	Fermi_delay	1030.992063
2015-04-27T16:37:17	Fermi_Speed	450
2015-04-27T16:37:17	Freq_T0	50
2015-04-27T16:37:20	T_Head	96.2105721800492
2015-04-27T16:37:25	Error_T0	-1
2015-04-27T16:37:27	Phase_T0	9770
2015-04-27T16:37:27	Freq_Thick	50
2015-04-27T16:37:27	Phase_Thick	1779
2015-04-27T16:37:27	Error_Thick	-3
2015-04-27T16:37:27	T_Sample	100.181247113576
2015-04-27T16:37:45	Moderator_Temp	109.900001525879
2015-04-27T16:37:45	Fermi_delay	1030.992063
2015-04-27T16:37:47	Fermi_Speed	450
2015-04-27T16:37:47	Freq_T0	50
2015-04-27T16:37:50	T_Head	94.0391828571402
2015-04-27T16:37:55	Error_T0	-1
2015-04-27T16:37:57	Phase_T0	9770
2015-04-27T16:37:57	Freq_Thick	50
2015-04-27T16:37:57	Phase_Thick	1779
2015-04-27T16:37:57	Error_Thick	-1
2015-04-27T16:37:57	T_Sample	99.925423833351
2015-04-27T16:38:15	Moderator_Temp	109.900001525879
2015-04-27T16:38:15	Fermi_delay	1031.011905
2015-04-27T16:38:17	Fermi_Speed	450
2015-04-27T16:38:17	Freq_T0	50
2015-04-27T16:38:20	T_Head	94.0781669651274
2015-04-27T16:38:25	Error_T0	-1
2015-04-27T16:38:27	Phase_T0	9770
2015-04-27T16:38:27	Freq_Thick	50
2015-04-27T16:38:27	Phase_Thick	1779
2015-04-27T16:38:27	Error_Thick	0
2015-04-27T16:38:27	T_Sample	99.6696005531259
2015-04-27T16:38:45	Moderator_Temp	109.862503051758
2015-04-27T16:38:45	Fermi_delay	1031.011905
2015-04-27T16:38:47	Fermi_Speed	450
2015-04-27T16:38:47	Freq_T0	50
2015-04-27T16:38:50	T_Head	98.536796119811
2015-04-27T16:38:55	Error_T0	0
2015-04-27T16:38:57	Phase_T0	9770
2015-04-27T16:38:57	Freq_Thick	50
2015-04-27T16:38:57	Phase_Thick	1779
2015-04-27T16:38:57	Error_Thick	-1
2015-04-27T16:38:57	T_Sample	99.5653762537749
2015-04-27T16:39:15	Moderator_Temp	109.862503051758
2015-04-27T16:39:16	Fermi_delay	1030.992063
2015-04-27T16:39:18	Fermi_Speed	450
2015-04-27T16:39:18	Freq_T0	49.99
2015-04-27T16:39:21	T_Head	103.009237080928
2015-04-27T16:39:26	Error_T0	-2
2015-04-27T16:39:28	Phase_T0	9770
2015-04-27T16:39:28	Freq_Thick	50
2015-04-27T16:39:28	Phase_Thick	1779
2015-04-27T16:39:28	Error_Thick	-1
2015-04-27T16:39:28	T_Sample	99.8117245976954
2015-04-27T16:39:46	Moderator_Temp	109.862503051758
2015-04-27T16:39:46	Fermi_delay	1030.992063
2015-04-27T16:39:48	Fermi_Speed	450
2015-04-27T16:39:48	Freq_T0	50
2015-04-27T16:39:51	T_Head	103.018755805503
2015-04-27T16:39:56	Error_T0	-1
2015-04-27T16:39:58	Phase_T0	9770
2015-04-27T16:39:58	Freq_Thick	50
2015-04-27T16:39:58	Phase_Thick	1779
2015-04-27T16:39:58	Error_Thick	-1
2015-04-27T16:39:58	T_Sample	100.247731678897
2015-04-27T16:40:16	Moderator_Temp	109.824996948242
2015-04-27T16:40:16	Fermi_delay	1030.992063
2015-04-27T16:40:18	Fermi_Speed	450
2015-04-27T16:40:18	Freq_T0	50
2015-04-27T16:40:21	T_Head	100.724743182831
2015-04-27T16:40:26	Error_T0	-1
2015-04-27T16:40:28	Phase_T0	9770
2015-04-27T16:40:28	Freq_Thick	50
2015-04-27T16:40:28	Phase_Thick	1779
2015-04-27T16:40:28	Error_Thick	-1
2015-04-27T16:40:28	T_Sample	100.40683302348
2015-04-27T16:40:46	Moderator_Temp	109.75
2015-04-27T16:40:46	Fermi_delay	1031.011905
2015-04-27T16:40:48	Fermi_Speed	450
2015-04-27T16:40:48	Freq_T0	50
2015-04-27T16:40:51	T_Head	98.1522962950569
2015-04-27T16:40:56	Error_T0	-1
2015-04-27T16:40:58	Phase_T0	9770
2015-04-27T16:40:58	Freq_Thick	49.99
2015-04-27T16:40:58	Phase_Thick	1779
2015-04-27T16:40:58	Error_Thick	0
2015-04-27T16:40:58	T_Sample	100.3319618025
2015-04-27T16:41:16	Moderator_Temp	109.712501525879
2015-04-27T16:41:16	Fermi_delay	1030.992063
2015-04-27T16:41:18	Fermi_Speed	450
2015-04-27T16:41:18	Freq_T0	50
2015-04-27T16:41:21	T_Head	95.7299473991066
2015-04-27T16:41:26	Error_T0	-1
2015-04-27T16:41:28	Phase_T0	9770
2015-04-27T16:41:28	Freq_Thick	49.99
2015-04-27T16:41:28	Phase_Thick	1779
2015-04-27T16:41:28	Error_Thick	0
2015-04-27T16:41:28	T_Sample	100.124397495748
2015-04-27T16:41:46	Moderator_Temp	109.712501525879
2015-04-27T16:41:46	Fermi_delay	1030.992063
2015-04-27T16:41:48	Fermi_Speed	450
2015-04-27T16:41:48	Freq_T0	50
2015-04-27T16:41:51	T_Head	93.7078179392495
2015-04-27T16:41:56	Error_T0	-2
2015-04-27T16:41:58	Phase_T0	9770
2015-04-27T16:41:58	Freq_Thick	50
2015-04-27T16:41:58	Phase_Thick	1779
2015-04-27T16:41:58	Error_Thick	-1
2015-04-27T16:41:58	T_Sample	99.8780491518278
2015-04-27T16:42:16	Moderator_Temp	109.712501525879
2015-04-27T16:42:16	Fermi_delay	1031.011905
2015-04-27T16:42:18	Fermi_Speed	450
2015-04-27T16:42:18	Freq_T0	50
2015-04-27T16:42:21	T_Head	94.6921666659249
2015-04-27T16:42:26	Error_T0	0
2015-04-27T16:42:28	Phase_T0	9770
2015-04-27T16:42:28	Freq_Thick	50
2015-04-27T16:42:28	Phase_Thick	1779
2015-04-27T16:42:28	Error_Thick	1
2015-04-27T16:42:28	T_Sample	99.6317008079074
2015-04-27T16:42:46	Moderator_Temp	109.712501525879
2015-04-27T16:42:46	Fermi_delay	1031.031746
2015-04-27T16:42:48	Fermi_Speed	450
2015-04-27T16:42:48	Freq_T0	50
2015-04-27T16:42:51	T_Head	99.6037831335034
2015-04-27T16:42:56	Error_T0	-1
2015-04-27T16:42:58	Phase_T0	9770
2015-04-27T16:42:58	Freq_Thick	50
2015-04-27T16:42:58	Phase_Thick	1779
2015-04-27T16:42:58	Error_Thick	-1
2015-04-27T16:42:58	T_Sample	99.5938010626888
2015-04-27T16:43:16	Moderator_Temp	109.75
2015-04-27T16:43:16	Fermi_delay	1030.992063
2015-04-27T16:43:18	Fermi_Speed	450
2015-04-27T16:43:18	Freq_T0	50
2015-04-27T16:43:21	T_Head	103.370948614793
2015-04-27T16:43:26	Error_T0	0
2015-04-27T16:43:28	Phase_T0	9770
2015-04-27T16:43:28	Freq_Thick	50
2015-04-27T16:43:28	Phase_Thick	1779
2015-04-27T16:43:28	Error_Thick	0
2015-04-27T16:43:28	T_Sample	99.8969990244371
