2015-04-27T13:37:50	Phase_T0	9770
2015-04-27T13:37:50	Error_T0	-2
2015-04-27T13:37:50	Freq_Thick	50
2015-04-27T13:37:50	Phase_Thick	1779
2015-04-27T13:37:50	Error_Thick	0
2015-04-27T13:37:50	T_Sample	7.71353459964563
2015-04-27T13:38:07	Moderator_Temp	109.900001525879
2015-04-27T13:38:07	Fermi_Speed	200
2015-04-27T13:38:12	Freq_T0	50
2015-04-27T13:38:13	Fermi_delay	3244.980159
2015-04-27T13:38:13	T_Head	5.23182124267477
2015-04-27T13:38:20	Phase_T0	9770
2015-04-27T13:38:20	Error_T0	-1
2015-04-27T13:38:20	Freq_Thick	50
2015-04-27T13:38:20	Phase_Thick	1779
2015-04-27T13:38:20	Error_Thick	0
2015-04-27T13:38:20	T_Sample	7.38963188474435
2015-04-27T13:38:37	Moderator_Temp	109.900001525879
2015-04-27T13:38:37	Fermi_Speed	200
2015-04-27T13:38:42	Freq_T0	49.99
2015-04-27T13:38:43	Fermi_delay	3245
2015-04-27T13:38:43	T_Head	5.15245096895048
2015-04-27T13:38:50	Phase_T0	9770
2015-04-27T13:38:50	Error_T0	0
2015-04-27T13:38:50	Freq_Thick	50
2015-04-27T13:38:50	Phase_Thick	1779
2015-04-27T13:38:50	Error_Thick	0
2015-04-27T13:38:50	T_Sample	7.27086755594722
2015-04-27T13:39:07	Moderator_Temp	109.900001525879
2015-04-27T13:39:07	Fermi_Speed	200
2015-04-27T13:39:12	Freq_T0	50
2015-04-27T13:39:13	Fermi_delay	3245
2015-04-27T13:39:13	T_Head	5.08101772259862
2015-04-27T13:39:20	Phase_T0	9770
2015-04-27T13:39:20	Error_T0	0
2015-04-27T13:39:20	Freq_Thick	50
2015-04-27T13:39:20	Phase_Thick	1779
2015-04-27T13:39:20	Error_Thick	0
2015-04-27T13:39:20	T_Sample	7.16289998431345
2015-04-27T13:39:37	Moderator_Temp	109.900001525879
2015-04-27T13:39:37	Fermi_Speed	200
2015-04-27T13:39:42	Freq_T0	50
2015-04-27T13:39:43	Fermi_delay	3245
2015-04-27T13:39:43	T_Head	5.0175215036192
2015-04-27T13:39:50	Phase_T0	9770
2015-04-27T13:39:50	Error_T0	-1
2015-04-27T13:39:50	Freq_Thick	50
2015-04-27T13:39:50	Phase_Thick	1779
2015-04-27T13:39:50	Error_Thick	-1
2015-04-27T13:39:50	T_Sample	7.07652592700645
2015-04-27T13:40:07	Moderator_Temp	109.900001525879
2015-04-27T13:40:07	Fermi_Speed	200
2015-04-27T13:40:13	Freq_T0	50
2015-04-27T13:40:14	Fermi_delay	3245.019841
2015-04-27T13:40:14	T_Head	4.94904502093425
2015-04-27T13:40:21	Phase_T0	9770
2015-04-27T13:40:21	Error_T0	0
2015-04-27T13:40:21	Freq_Thick	50
2015-04-27T13:40:21	Phase_Thick	1779
2015-04-27T13:40:21	Error_Thick	-1
2015-04-27T13:40:21	T_Sample	6.9941948525591
2015-04-27T13:40:38	Moderator_Temp	109.900001525879
2015-04-27T13:40:38	Fermi_Speed	200
2015-04-27T13:40:43	Freq_T0	49.99
2015-04-27T13:40:44	Fermi_delay	3245.039683
2015-04-27T13:40:44	T_Head	4.88836055184463
2015-04-27T13:40:51	Phase_T0	9770
2015-04-27T13:40:51	Error_T0	-1
2015-04-27T13:40:51	Freq_Thick	50
2015-04-27T13:40:51	Phase_Thick	1779
2015-04-27T13:40:51	Error_Thick	-1
2015-04-27T13:40:51	T_Sample	6.91443766126428
2015-04-27T13:41:08	Moderator_Temp	109.900001525879
2015-04-27T13:41:08	Fermi_Speed	200
2015-04-27T13:41:13	Freq_T0	50
2015-04-27T13:41:14	Fermi_delay	3245.019841
2015-04-27T13:41:14	T_Head	4.83526164139122
2015-04-27T13:41:21	Phase_T0	9770
2015-04-27T13:41:21	Error_T0	-3
2015-04-27T13:41:21	Freq_Thick	50
2015-04-27T13:41:21	Phase_Thick	1779
2015-04-27T13:41:21	Error_Thick	-1
2015-04-27T13:41:21	T_Sample	6.83468046996945
2015-04-27T13:41:39	Moderator_Temp	109.900001525879
2015-04-27T13:41:39	Fermi_Speed	200
2015-04-27T13:41:44	Freq_T0	50
2015-04-27T13:41:45	Fermi_delay	3244.980159
2015-04-27T13:41:45	T_Head	4.7821627309378
2015-04-27T13:41:52	Phase_T0	9770
2015-04-27T13:41:52	Error_T0	-1
2015-04-27T13:41:52	Freq_Thick	50
2015-04-27T13:41:52	Phase_Thick	1779
2015-04-27T13:41:52	Error_Thick	0
2015-04-27T13:41:52	T_Sample	6.75492327867463
2015-04-27T13:42:09	Moderator_Temp	109.900001525879
2015-04-27T13:42:09	Fermi_Speed	200
2015-04-27T13:42:14	Freq_T0	49.99
2015-04-27T13:42:15	Fermi_delay	3245.039683
2015-04-27T13:42:15	T_Head	4.72906382048439
2015-04-27T13:42:22	Phase_T0	9770
2015-04-27T13:42:22	Error_T0	-1
2015-04-27T13:42:22	Freq_Thick	50
2015-04-27T13:42:22	Phase_Thick	1779
2015-04-27T13:42:22	Error_Thick	0
2015-04-27T13:42:22	T_Sample	6.68513573629166
2015-04-27T13:42:39	Moderator_Temp	109.900001525879
2015-04-27T13:42:39	Fermi_Speed	200
2015-04-27T13:42:44	Freq_T0	50
2015-04-27T13:42:45	Fermi_delay	3245
2015-04-27T13:42:45	T_Head	4.66837935139478
2015-04-27T13:42:52	Phase_T0	9770
2015-04-27T13:42:52	Error_T0	-2
2015-04-27T13:42:52	Freq_Thick	50
2015-04-27T13:42:52	Phase_Thick	1779
2015-04-27T13:42:52	Error_Thick	-1
2015-04-27T13:42:52	T_Sample	6.60537854499684
2015-04-27T13:43:09	Moderator_Temp	109.900001525879
2015-04-27T13:43:09	Fermi_Speed	200
2015-04-27T13:43:14	Freq_T0	50
2015-04-27T13:43:15	Fermi_delay	3245
2015-04-27T13:43:15	T_Head	4.62286599957757
2015-04-27T13:43:22	Phase_T0	9770
2015-04-27T13:43:22	Error_T0	0
2015-04-27T13:43:22	Freq_Thick	50
2015-04-27T13:43:22	Phase_Thick	1779
2015-04-27T13:43:22	Error_Thick	0
2015-04-27T13:43:22	T_Sample	6.53559100261387
2015-04-27T13:43:39	Moderator_Temp	109.900001525879
2015-04-27T13:43:39	Fermi_Speed	200
2015-04-27T13:43:44	Freq_T0	50
2015-04-27T13:43:45	Fermi_delay	3245
2015-04-27T13:43:45	T_Head	4.56976708912415
2015-04-27T13:43:52	Phase_T0	9770
2015-04-27T13:43:52	Error_T0	-1
2015-04-27T13:43:52	Freq_Thick	50
2015-04-27T13:43:52	Phase_Thick	1779
2015-04-27T13:43:52	Error_Thick	-1
2015-04-27T13:43:52	T_Sample	6.45583381131905
2015-04-27T13:44:09	Moderator_Temp	109.900001525879
2015-04-27T13:44:09	Fermi_Speed	200
2015-04-27T13:44:14	Freq_T0	50
2015-04-27T13:44:15	Fermi_delay	3245
2015-04-27T13:44:15	T_Head	4.52086390139788
2015-04-27T13:44:22	Phase_T0	9770
2015-04-27T13:44:22	Error_T0	-1
2015-04-27T13:44:22	Freq_Thick	50
2015-04-27T13:44:22	Phase_Thick	1779
2015-04-27T13:44:22	Error_Thick	-1
2015-04-27T13:44:22	T_Sample	6.39601591784793
2015-04-27T13:44:39	Moderator_Temp	109.900001525879
2015-04-27T13:44:39	Fermi_Speed	200
2015-04-27T13:44:44	Freq_T0	50
2015-04-27T13:44:45	Fermi_delay	3245.059524
2015-04-27T13:44:45	T_Head	4.47734268270809
2015-04-27T13:44:52	Phase_T0	9770
2015-04-27T13:44:52	Error_T0	-1
2015-04-27T13:44:52	Freq_Thick	50
2015-04-27T13:44:52	Phase_Thick	1779
2015-04-27T13:44:52	Error_Thick	-1
2015-04-27T13:44:52	T_Sample	6.32622837546496
2015-04-27T13:45:09	Moderator_Temp	109.900001525879
2015-04-27T13:45:09	Fermi_Speed	200
2015-04-27T13:45:14	Freq_T0	50
2015-04-27T13:45:15	Fermi_delay	3245.039683
2015-04-27T13:45:15	T_Head	4.42656792757001
2015-04-27T13:45:22	Phase_T0	9770
2015-04-27T13:45:22	Error_T0	-1
2015-04-27T13:45:22	Freq_Thick	50
2015-04-27T13:45:22	Phase_Thick	1779
2015-04-27T13:45:22	Error_Thick	0
2015-04-27T13:45:22	T_Sample	6.26641048199385
2015-04-27T13:45:39	Moderator_Temp	109.900001525879
2015-04-27T13:45:39	Fermi_Speed	200
2015-04-27T13:45:44	Freq_T0	50
2015-04-27T13:45:45	Fermi_delay	3244.980159
2015-04-27T13:45:45	T_Head	4.38304670888022
2015-04-27T13:45:52	Phase_T0	9770
2015-04-27T13:45:52	Error_T0	-1
2015-04-27T13:45:52	Freq_Thick	50
2015-04-27T13:45:52	Phase_Thick	1779
2015-04-27T13:45:52	Error_Thick	-1
2015-04-27T13:45:52	T_Sample	6.19662293961087
2015-04-27T13:46:09	Moderator_Temp	109.9375
2015-04-27T13:46:09	Fermi_Speed	200
2015-04-27T13:46:14	Freq_T0	50
2015-04-27T13:46:15	Fermi_delay	3245.019841
2015-04-27T13:46:15	T_Head	4.33952549019044
2015-04-27T13:46:22	Phase_T0	9770
2015-04-27T13:46:22	Error_T0	0
2015-04-27T13:46:22	Freq_Thick	50
2015-04-27T13:46:22	Phase_Thick	1779
2015-04-27T13:46:22	Error_Thick	-1
2015-04-27T13:46:22	T_Sample	6.13462065783353
2015-04-27T13:46:39	Moderator_Temp	109.900001525879
2015-04-27T13:46:39	Fermi_Speed	200
2015-04-27T13:46:44	Freq_T0	50
2015-04-27T13:46:45	Fermi_delay	3245.039683
2015-04-27T13:46:45	T_Head	4.30325780794895
2015-04-27T13:46:52	Phase_T0	9770
2015-04-27T13:46:52	Error_T0	-1
2015-04-27T13:46:52	Freq_Thick	50
2015-04-27T13:46:52	Phase_Thick	1779
2015-04-27T13:46:52	Error_Thick	-1
2015-04-27T13:46:52	T_Sample	6.0789901203695
2015-04-27T13:47:09	Moderator_Temp	109.900001525879
2015-04-27T13:47:09	Fermi_Speed	200
2015-04-27T13:47:14	Freq_T0	50
2015-04-27T13:47:15	Fermi_delay	3245.039683
2015-04-27T13:47:15	T_Head	4.25973658925917
2015-04-27T13:47:23	Phase_T0	9770
2015-04-27T13:47:23	Error_T0	-1
2015-04-27T13:47:23	Freq_Thick	50
2015-04-27T13:47:23	Phase_Thick	1779
2015-04-27T13:47:23	Error_Thick	0
2015-04-27T13:47:23	T_Sample	6.02335958290548
2015-04-27T13:47:40	Moderator_Temp	109.862503051758
2015-04-27T13:47:40	Fermi_Speed	200
2015-04-27T13:47:45	Freq_T0	50
2015-04-27T13:47:46	Fermi_delay	3244.960317
2015-04-27T13:47:46	T_Head	4.21621537056938
2015-04-27T13:47:53	Phase_T0	9770
2015-04-27T13:47:53	Error_T0	-1
2015-04-27T13:47:53	Freq_Thick	50
2015-04-27T13:47:53	Phase_Thick	1779
2015-04-27T13:47:53	Error_Thick	-1
2015-04-27T13:47:53	T_Sample	5.95845728919745
2015-04-27T13:48:10	Moderator_Temp	109.862503051758
2015-04-27T13:48:10	Fermi_Speed	200
2015-04-27T13:48:15	Freq_T0	49.99
2015-04-27T13:48:16	Fermi_delay	3245.019841
2015-04-27T13:48:16	T_Head	4.1799476883279
2015-04-27T13:48:23	Phase_T0	9770
2015-04-27T13:48:23	Error_T0	0
2015-04-27T13:48:23	Freq_Thick	50
2015-04-27T13:48:23	Phase_Thick	1779
2015-04-27T13:48:23	Error_Thick	-1
2015-04-27T13:48:23	T_Sample	5.91209850797743
2015-04-27T13:48:41	Moderator_Temp	109.900001525879
2015-04-27T13:48:41	Fermi_Speed	200
2015-04-27T13:48:46	Freq_T0	50
2015-04-27T13:48:47	Fermi_delay	3245.019841
2015-04-27T13:48:47	T_Head	4.15093354253471
2015-04-27T13:48:54	Phase_T0	9770
2015-04-27T13:48:54	Error_T0	-1
2015-04-27T13:48:54	Freq_Thick	50
2015-04-27T13:48:54	Phase_Thick	1779
2015-04-27T13:48:54	Error_Thick	-1
2015-04-27T13:48:54	T_Sample	5.86573972675741
2015-04-27T13:49:11	Moderator_Temp	109.862503051758
2015-04-27T13:49:11	Fermi_Speed	200
2015-04-27T13:49:16	Freq_T0	50
2015-04-27T13:49:17	Fermi_delay	3245.019841
2015-04-27T13:49:17	T_Head	4.1171442108922
2015-04-27T13:49:24	Phase_T0	9770
2015-04-27T13:49:24	Error_T0	0
2015-04-27T13:49:24	Freq_Thick	50
2015-04-27T13:49:24	Phase_Thick	1779
2015-04-27T13:49:24	Error_Thick	0
2015-04-27T13:49:24	T_Sample	5.81010918929338
2015-04-27T13:49:41	Moderator_Temp	109.900001525879
2015-04-27T13:49:41	Fermi_Speed	200
2015-04-27T13:49:46	Freq_T0	50
2015-04-27T13:49:47	Fermi_delay	3245.039683
2015-04-27T13:49:47	T_Head	4.08190086839558
2015-04-27T13:49:54	Phase_T0	9770
2015-04-27T13:49:54	Error_T0	0
2015-04-27T13:49:54	Freq_Thick	50
2015-04-27T13:49:54	Phase_Thick	1779
2015-04-27T13:49:54	Error_Thick	0
2015-04-27T13:49:54	T_Sample	5.76375040807336
2015-04-27T13:50:11	Moderator_Temp	109.862503051758
2015-04-27T13:50:11	Fermi_Speed	200
2015-04-27T13:50:16	Freq_T0	50
2015-04-27T13:50:17	Fermi_delay	3244.980159
2015-04-27T13:50:17	T_Head	4.04665752589897
2015-04-27T13:50:24	Phase_T0	9770
2015-04-27T13:50:24	Error_T0	-1
2015-04-27T13:50:24	Freq_Thick	50
2015-04-27T13:50:24	Phase_Thick	1779
2015-04-27T13:50:24	Error_Thick	2
2015-04-27T13:50:24	T_Sample	5.72666338309735
2015-04-27T13:50:41	Moderator_Temp	109.900001525879
2015-04-27T13:50:41	Fermi_Speed	200
2015-04-27T13:50:46	Freq_T0	49.99
2015-04-27T13:50:47	Fermi_delay	3245.019841
2015-04-27T13:50:47	T_Head	4.025511520401
2015-04-27T13:50:54	Phase_T0	9770
2015-04-27T13:50:54	Error_T0	-1
2015-04-27T13:50:54	Freq_Thick	50
2015-04-27T13:50:54	Phase_Thick	1779
2015-04-27T13:50:54	Error_Thick	0
2015-04-27T13:50:54	T_Sample	5.67103284563332
2015-04-27T13:51:11	Moderator_Temp	109.900001525879
2015-04-27T13:51:11	Fermi_Speed	200
2015-04-27T13:51:16	Freq_T0	50
2015-04-27T13:51:17	Fermi_delay	3245.059524
2015-04-27T13:51:17	T_Head	3.99748702084092
2015-04-27T13:51:24	Phase_T0	9770
2015-04-27T13:51:24	Error_T0	-1
2015-04-27T13:51:24	Freq_Thick	50
2015-04-27T13:51:24	Phase_Thick	1779
2015-04-27T13:51:24	Error_Thick	-1
2015-04-27T13:51:24	T_Sample	5.6339458206573
2015-04-27T13:51:41	Moderator_Temp	109.900001525879
2015-04-27T13:51:41	Fermi_Speed	200
2015-04-27T13:51:46	Freq_T0	50
2015-04-27T13:51:47	Fermi_delay	3245.019841
2015-04-27T13:51:47	T_Head	3.96983065333212
2015-04-27T13:51:54	Phase_T0	9770
2015-04-27T13:51:54	Error_T0	-1
2015-04-27T13:51:54	Freq_Thick	50
2015-04-27T13:51:54	Phase_Thick	1779
2015-04-27T13:51:54	Error_Thick	-1
2015-04-27T13:51:54	T_Sample	5.59685879568129
2015-04-27T13:52:11	Moderator_Temp	109.862503051758
2015-04-27T13:52:11	Fermi_Speed	200
2015-04-27T13:52:16	Freq_T0	50
2015-04-27T13:52:17	Fermi_delay	3245.039683
2015-04-27T13:52:17	T_Head	3.94908837770052
2015-04-27T13:52:24	Phase_T0	9770
2015-04-27T13:52:24	Error_T0	0
2015-04-27T13:52:24	Freq_Thick	50
2015-04-27T13:52:24	Phase_Thick	1779
2015-04-27T13:52:24	Error_Thick	0
2015-04-27T13:52:24	T_Sample	5.55977177070527
2015-04-27T13:52:41	Moderator_Temp	109.900001525879
2015-04-27T13:52:41	Fermi_Speed	200
2015-04-27T13:52:46	Freq_T0	49.99
2015-04-27T13:52:47	Fermi_delay	3245.039683
2015-04-27T13:52:47	T_Head	3.92834610206892
2015-04-27T13:52:54	Phase_T0	9770
2015-04-27T13:52:54	Error_T0	-1
2015-04-27T13:52:54	Freq_Thick	50
2015-04-27T13:52:54	Phase_Thick	1779
2015-04-27T13:52:54	Error_Thick	-1
2015-04-27T13:52:54	T_Sample	5.51341298948525
2015-04-27T13:53:11	Moderator_Temp	109.862503051758
2015-04-27T13:53:11	Fermi_Speed	200
2015-04-27T13:53:16	Freq_T0	50
2015-04-27T13:53:17	Fermi_delay	3245
2015-04-27T13:53:17	T_Head	3.90068973456012
2015-04-27T13:53:24	Phase_T0	9770
2015-04-27T13:53:24	Error_T0	0
2015-04-27T13:53:24	Freq_Thick	50
2015-04-27T13:53:24	Phase_Thick	1779
2015-04-27T13:53:24	Error_Thick	-1
2015-04-27T13:53:24	T_Sample	5.48559772075324
2015-04-27T13:53:41	Moderator_Temp	109.862503051758
2015-04-27T13:53:41	Fermi_Speed	200
2015-04-27T13:53:46	Freq_T0	50
2015-04-27T13:53:47	Fermi_delay	3244.960317
2015-04-27T13:53:47	T_Head	3.87994745892852
2015-04-27T13:53:54	Phase_T0	9770
2015-04-27T13:53:54	Error_T0	-1
2015-04-27T13:53:54	Freq_Thick	50
2015-04-27T13:53:54	Phase_Thick	1779
2015-04-27T13:53:54	Error_Thick	0
2015-04-27T13:53:54	T_Sample	5.45284918748966
2015-04-27T13:54:11	Moderator_Temp	109.862503051758
2015-04-27T13:54:11	Fermi_Speed	200
2015-04-27T13:54:17	Freq_T0	50
2015-04-27T13:54:18	Fermi_delay	3245.059524
2015-04-27T13:54:18	T_Head	3.86611927517413
2015-04-27T13:54:25	Phase_T0	9770
2015-04-27T13:54:25	Error_T0	-1
2015-04-27T13:54:25	Freq_Thick	50
2015-04-27T13:54:25	Phase_Thick	1779
2015-04-27T13:54:25	Error_Thick	0
2015-04-27T13:54:25	T_Sample	5.42650553923419
2015-04-27T13:54:42	Moderator_Temp	109.862503051758
2015-04-27T13:54:42	Fermi_Speed	200
2015-04-27T13:54:47	Freq_T0	50
2015-04-27T13:54:48	Fermi_delay	3245
2015-04-27T13:54:48	T_Head	3.84537699954253
2015-04-27T13:54:55	Phase_T0	9770
2015-04-27T13:54:55	Error_T0	0
2015-04-27T13:54:55	Freq_Thick	50
2015-04-27T13:54:55	Phase_Thick	1779
2015-04-27T13:54:55	Error_Thick	-1
2015-04-27T13:54:55	T_Sample	5.40016189097872
2015-04-27T13:55:12	Moderator_Temp	109.862503051758
2015-04-27T13:55:12	Fermi_Speed	200
2015-04-27T13:55:17	Freq_T0	49.99
2015-04-27T13:55:18	Fermi_delay	3245
2015-04-27T13:55:18	T_Head	3.82463472391093
2015-04-27T13:55:25	Phase_T0	9770
2015-04-27T13:55:25	Error_T0	-1
2015-04-27T13:55:25	Freq_Thick	50
2015-04-27T13:55:25	Phase_Thick	1779
2015-04-27T13:55:25	Error_Thick	-1
2015-04-27T13:55:25	T_Sample	5.37381824272325
2015-04-27T13:55:42	Moderator_Temp	109.862503051758
2015-04-27T13:55:42	Fermi_Speed	200
2015-04-27T13:55:47	Freq_T0	50
2015-04-27T13:55:48	Fermi_delay	3245
2015-04-27T13:55:48	T_Head	3.81080654015653
2015-04-27T13:55:55	Phase_T0	9770
2015-04-27T13:55:55	Error_T0	-1
2015-04-27T13:55:55	Freq_Thick	50
2015-04-27T13:55:55	Phase_Thick	1779
2015-04-27T13:55:55	Error_Thick	0
2015-04-27T13:55:55	T_Sample	5.33869337838262
2015-04-27T13:56:12	Moderator_Temp	109.862503051758
2015-04-27T13:56:12	Fermi_Speed	200
2015-04-27T13:56:17	Freq_T0	50
2015-04-27T13:56:18	Fermi_delay	3245.019841
2015-04-27T13:56:18	T_Head	3.79006426452493
2015-04-27T13:56:25	Phase_T0	9770
2015-04-27T13:56:25	Error_T0	-1
2015-04-27T13:56:25	Freq_Thick	50
2015-04-27T13:56:25	Phase_Thick	1779
2015-04-27T13:56:25	Error_Thick	0
2015-04-27T13:56:25	T_Sample	5.31234973012715
2015-04-27T13:56:42	Moderator_Temp	109.862503051758
2015-04-27T13:56:42	Fermi_Speed	200
2015-04-27T13:56:47	Freq_T0	50
2015-04-27T13:56:48	Fermi_delay	3245.019841
2015-04-27T13:56:48	T_Head	3.77623608077053
2015-04-27T13:56:55	Phase_T0	9770
2015-04-27T13:56:55	Error_T0	-1
2015-04-27T13:56:55	Freq_Thick	50
2015-04-27T13:56:55	Phase_Thick	1779
2015-04-27T13:56:55	Error_Thick	-1
2015-04-27T13:56:55	T_Sample	5.28600608187169
2015-04-27T13:57:12	Moderator_Temp	109.862503051758
2015-04-27T13:57:12	Fermi_Speed	200
2015-04-27T13:57:17	Freq_T0	49.99
2015-04-27T13:57:18	Fermi_delay	3245
2015-04-27T13:57:18	T_Head	3.75549380513893
2015-04-27T13:57:25	Phase_T0	9770
2015-04-27T13:57:25	Error_T0	-1
2015-04-27T13:57:25	Freq_Thick	50
2015-04-27T13:57:25	Phase_Thick	1779
2015-04-27T13:57:25	Error_Thick	0
2015-04-27T13:57:25	T_Sample	5.26844364970137
2015-04-27T13:57:42	Moderator_Temp	109.862503051758
2015-04-27T13:57:42	Fermi_Speed	200
2015-04-27T13:57:47	Freq_T0	49.99
2015-04-27T13:57:48	Fermi_delay	3245
2015-04-27T13:57:48	T_Head	3.74166562138453
2015-04-27T13:57:55	Phase_T0	9770
2015-04-27T13:57:55	Error_T0	-1
2015-04-27T13:57:55	Freq_Thick	50
2015-04-27T13:57:55	Phase_Thick	1779
2015-04-27T13:57:55	Error_Thick	0
2015-04-27T13:57:55	T_Sample	5.25088121753106
2015-04-27T13:58:12	Moderator_Temp	109.824996948242
2015-04-27T13:58:12	Fermi_Speed	200
2015-04-27T13:58:17	Freq_T0	50
2015-04-27T13:58:18	Fermi_delay	3244.980159
2015-04-27T13:58:18	T_Head	3.7291093205428
2015-04-27T13:58:25	Phase_T0	9770
2015-04-27T13:58:25	Error_T0	1
2015-04-27T13:58:25	Freq_Thick	50
2015-04-27T13:58:25	Phase_Thick	1779
2015-04-27T13:58:25	Error_Thick	-1
2015-04-27T13:58:25	T_Sample	5.23331878536075
2015-04-27T13:58:42	Moderator_Temp	117.512496948242
2015-04-27T13:58:42	Fermi_Speed	200
2015-04-27T13:58:47	Freq_T0	50
2015-04-27T13:58:48	Fermi_delay	3244.980159
2015-04-27T13:58:48	T_Head	3.71554096867388
2015-04-27T13:58:55	Phase_T0	9770
2015-04-27T13:58:55	Error_T0	-1
2015-04-27T13:58:55	Freq_Thick	50
2015-04-27T13:58:55	Phase_Thick	1779
2015-04-27T13:58:55	Error_Thick	-1
2015-04-27T13:58:55	T_Sample	5.20697513710528
2015-04-27T13:59:12	Moderator_Temp	112
2015-04-27T13:59:12	Fermi_Speed	200
2015-04-27T13:59:17	Freq_T0	50
2015-04-27T13:59:18	Fermi_delay	3245.059524
2015-04-27T13:59:18	T_Head	3.70875679273942
2015-04-27T13:59:25	Phase_T0	9770
2015-04-27T13:59:25	Error_T0	0
2015-04-27T13:59:25	Freq_Thick	50
2015-04-27T13:59:25	Phase_Thick	1779
2015-04-27T13:59:25	Error_Thick	0
2015-04-27T13:59:25	T_Sample	5.19819392102012
2015-04-27T13:59:42	Moderator_Temp	110.5
2015-04-27T13:59:42	Fermi_Speed	200
2015-04-27T13:59:47	Freq_T0	50
2015-04-27T13:59:48	Fermi_delay	3244.980159
2015-04-27T13:59:48	T_Head	3.69518844087051
2015-04-27T13:59:55	Phase_T0	9770
2015-04-27T13:59:55	Error_T0	-1
2015-04-27T13:59:55	Freq_Thick	50
2015-04-27T13:59:55	Phase_Thick	1779
2015-04-27T13:59:55	Error_Thick	-1
2015-04-27T13:59:55	T_Sample	5.18063148884981
2015-04-27T14:00:12	Moderator_Temp	110.350006103516
2015-04-27T14:00:12	Fermi_Speed	200
2015-04-27T14:00:17	Freq_T0	50
2015-04-27T14:00:18	Fermi_delay	3245
2015-04-27T14:00:19	T_Head	3.68840426493605
2015-04-27T14:00:25	Phase_T0	9770
2015-04-27T14:00:25	Error_T0	3
2015-04-27T14:00:25	Freq_Thick	50
2015-04-27T14:00:25	Phase_Thick	1779
2015-04-27T14:00:25	Error_Thick	-1
2015-04-27T14:00:25	T_Sample	5.1630690566795
2015-04-27T14:00:42	Moderator_Temp	112.900001525879
2015-04-27T14:00:42	Fermi_Speed	200
2015-04-27T14:00:47	Freq_T0	50
2015-04-27T14:00:48	Fermi_delay	3245.039683
2015-04-27T14:00:49	T_Head	3.68162008900159
2015-04-27T14:00:55	Phase_T0	9770
2015-04-27T14:00:55	Error_T0	0
2015-04-27T14:00:55	Freq_Thick	50
2015-04-27T14:00:55	Phase_Thick	1779
2015-04-27T14:00:55	Error_Thick	-1
2015-04-27T14:00:55	T_Sample	5.14550662450918
2015-04-27T14:01:12	Moderator_Temp	113.237503051758
2015-04-27T14:01:12	Fermi_Speed	200
2015-04-27T14:01:17	Freq_T0	50
2015-04-27T14:01:18	Fermi_delay	3245.039683
2015-04-27T14:01:19	T_Head	3.67483591306713
2015-04-27T14:01:25	Phase_T0	9770
2015-04-27T14:01:25	Error_T0	-1
2015-04-27T14:01:25	Freq_Thick	50
2015-04-27T14:01:25	Phase_Thick	1779
2015-04-27T14:01:25	Error_Thick	0
2015-04-27T14:01:25	T_Sample	5.13672540842402
2015-04-27T14:01:42	Moderator_Temp	111.925003051758
2015-04-27T14:01:42	Fermi_Speed	200
2015-04-27T14:01:47	Freq_T0	50
2015-04-27T14:01:48	Fermi_delay	3245.019841
2015-04-27T14:01:49	T_Head	3.66805173713267
2015-04-27T14:01:55	Phase_T0	9770
2015-04-27T14:01:55	Error_T0	0
2015-04-27T14:01:55	Freq_Thick	50
2015-04-27T14:01:55	Phase_Thick	1779
2015-04-27T14:01:55	Error_Thick	-1
2015-04-27T14:01:55	T_Sample	5.12794419233887
2015-04-27T14:02:12	Moderator_Temp	110.987503051758
2015-04-27T14:02:12	Fermi_Speed	200
2015-04-27T14:02:17	Freq_T0	50
2015-04-27T14:02:18	Fermi_delay	3245.019841
2015-04-27T14:02:19	T_Head	3.66126756119821
2015-04-27T14:02:25	Phase_T0	9770
2015-04-27T14:02:25	Error_T0	0
2015-04-27T14:02:25	Freq_Thick	50
2015-04-27T14:02:25	Phase_Thick	1779
2015-04-27T14:02:25	Error_Thick	0
2015-04-27T14:02:25	T_Sample	5.11916297625371
2015-04-27T14:02:42	Moderator_Temp	110.949996948242
2015-04-27T14:02:42	Fermi_Speed	200
2015-04-27T14:02:47	Freq_T0	50
2015-04-27T14:02:48	Fermi_delay	3244.960317
2015-04-27T14:02:49	T_Head	3.65448338526375
2015-04-27T14:02:55	Phase_T0	9770
2015-04-27T14:02:55	Error_T0	-1
2015-04-27T14:02:55	Freq_Thick	50
2015-04-27T14:02:55	Phase_Thick	1779
2015-04-27T14:02:55	Error_Thick	-1
2015-04-27T14:02:55	T_Sample	5.1016005440834
2015-04-27T14:03:12	Moderator_Temp	111.362503051758
2015-04-27T14:03:12	Fermi_Speed	200
2015-04-27T14:03:17	Freq_T0	50
2015-04-27T14:03:18	Fermi_delay	3245.039683
2015-04-27T14:03:19	T_Head	3.64769920932929
2015-04-27T14:03:25	Phase_T0	9770
2015-04-27T14:03:25	Error_T0	-1
2015-04-27T14:03:25	Freq_Thick	50
2015-04-27T14:03:25	Phase_Thick	1779
2015-04-27T14:03:25	Error_Thick	-1
2015-04-27T14:03:25	T_Sample	5.08403811191309
2015-04-27T14:03:42	Moderator_Temp	111.400001525879
2015-04-27T14:03:42	Fermi_Speed	200
2015-04-27T14:03:47	Freq_T0	50
2015-04-27T14:03:48	Fermi_delay	3244.980159
2015-04-27T14:03:49	T_Head	3.64091503339483
2015-04-27T14:03:55	Phase_T0	9770
2015-04-27T14:03:55	Error_T0	-1
2015-04-27T14:03:55	Freq_Thick	50
2015-04-27T14:03:55	Phase_Thick	1779
2015-04-27T14:03:55	Error_Thick	-1
2015-04-27T14:03:55	T_Sample	5.08403811191309
2015-04-27T14:04:12	Moderator_Temp	111.287506103516
2015-04-27T14:04:12	Fermi_Speed	200
2015-04-27T14:04:17	Freq_T0	50
2015-04-27T14:04:18	Fermi_delay	3245
2015-04-27T14:04:19	T_Head	3.63413085746037
2015-04-27T14:04:25	Phase_T0	9770
2015-04-27T14:04:25	Error_T0	-1
2015-04-27T14:04:25	Freq_Thick	50
2015-04-27T14:04:25	Phase_Thick	1779
2015-04-27T14:04:25	Error_Thick	-1
2015-04-27T14:04:25	T_Sample	5.07525689582793
2015-04-27T14:04:42	Moderator_Temp	110.837501525879
2015-04-27T14:04:42	Fermi_Speed	200
2015-04-27T14:04:47	Freq_T0	50
2015-04-27T14:04:48	Fermi_delay	3245.039683
2015-04-27T14:04:49	T_Head	3.62734668152591
2015-04-27T14:04:55	Phase_T0	9770
2015-04-27T14:04:55	Error_T0	-1
2015-04-27T14:04:55	Freq_Thick	50
2015-04-27T14:04:55	Phase_Thick	1779
2015-04-27T14:04:55	Error_Thick	-1
2015-04-27T14:04:55	T_Sample	5.05769446365762
2015-04-27T14:05:12	Moderator_Temp	110.6875
2015-04-27T14:05:12	Fermi_Speed	200
2015-04-27T14:05:17	Freq_T0	50
2015-04-27T14:05:18	Fermi_delay	3244.980159
2015-04-27T14:05:19	T_Head	3.62056250559145
2015-04-27T14:05:25	Phase_T0	9770
2015-04-27T14:05:25	Error_T0	-1
2015-04-27T14:05:25	Freq_Thick	50
2015-04-27T14:05:25	Phase_Thick	1779
2015-04-27T14:05:25	Error_Thick	-1
2015-04-27T14:05:25	T_Sample	5.05769446365762
2015-04-27T14:05:42	Moderator_Temp	110.612503051758
2015-04-27T14:05:42	Fermi_Speed	200
2015-04-27T14:05:47	Freq_T0	50
2015-04-27T14:05:48	Fermi_delay	3245
2015-04-27T14:05:49	T_Head	3.62056250559145
2015-04-27T14:05:55	Phase_T0	9770
2015-04-27T14:05:55	Error_T0	-2
2015-04-27T14:05:55	Freq_Thick	50
2015-04-27T14:05:55	Phase_Thick	1779
2015-04-27T14:05:55	Error_Thick	0
2015-04-27T14:05:55	T_Sample	5.04891324757246
2015-04-27T14:06:12	Moderator_Temp	110.574996948242
2015-04-27T14:06:12	Fermi_Speed	200
2015-04-27T14:06:17	Freq_T0	49.99
2015-04-27T14:06:18	Fermi_delay	3245.039683
2015-04-27T14:06:20	T_Head	3.60699415372253
2015-04-27T14:06:26	Phase_T0	9770
2015-04-27T14:06:26	Error_T0	-1
2015-04-27T14:06:26	Freq_Thick	50
2015-04-27T14:06:26	Phase_Thick	1779
2015-04-27T14:06:26	Error_Thick	0
2015-04-27T14:06:26	T_Sample	5.04013203148731
2015-04-27T14:06:43	Moderator_Temp	110.425003051758
2015-04-27T14:06:43	Fermi_Speed	200
2015-04-27T14:06:47	Freq_T0	50
2015-04-27T14:06:49	Fermi_delay	3244.980159
2015-04-27T14:06:50	T_Head	3.60020997778807
2015-04-27T14:06:56	Phase_T0	9770
2015-04-27T14:06:56	Error_T0	-2
2015-04-27T14:06:56	Freq_Thick	50
2015-04-27T14:06:56	Phase_Thick	1779
2015-04-27T14:06:56	Error_Thick	0
2015-04-27T14:06:56	T_Sample	5.03135081540215
2015-04-27T14:07:13	Moderator_Temp	110.275001525879
2015-04-27T14:07:13	Fermi_Speed	200
2015-04-27T14:07:18	Freq_T0	50
2015-04-27T14:07:20	Fermi_delay	3245.019841
2015-04-27T14:07:21	T_Head	3.60020997778807
2015-04-27T14:07:26	Phase_T0	9770
2015-04-27T14:07:27	Error_T0	-2
2015-04-27T14:07:27	Freq_Thick	50
2015-04-27T14:07:27	Phase_Thick	1779
2015-04-27T14:07:27	Error_Thick	0
2015-04-27T14:07:27	T_Sample	5.03135081540215
2015-04-27T14:07:43	Moderator_Temp	110.162506103516
2015-04-27T14:07:43	Fermi_Speed	200
2015-04-27T14:07:48	Freq_T0	50
2015-04-27T14:07:50	Fermi_delay	3245
2015-04-27T14:07:52	T_Head	3.59342580185361
2015-04-27T14:07:56	Phase_T0	9770
2015-04-27T14:07:57	Error_T0	-1
2015-04-27T14:07:57	Freq_Thick	50
2015-04-27T14:07:57	Phase_Thick	1779
2015-04-27T14:07:57	Error_Thick	-1
2015-04-27T14:07:57	T_Sample	5.02256959931699
2015-04-27T14:08:13	Moderator_Temp	110.050003051758
2015-04-27T14:08:13	Fermi_Speed	200
2015-04-27T14:08:18	Freq_T0	50
2015-04-27T14:08:20	Fermi_delay	3245.039683
2015-04-27T14:08:22	T_Head	3.58664162591916
2015-04-27T14:08:26	Phase_T0	9770
2015-04-27T14:08:27	Error_T0	-1
2015-04-27T14:08:27	Freq_Thick	50
2015-04-27T14:08:27	Phase_Thick	1779
2015-04-27T14:08:27	Error_Thick	0
2015-04-27T14:08:27	T_Sample	5.01378838323184
2015-04-27T14:08:43	Moderator_Temp	109.9375
2015-04-27T14:08:43	Fermi_Speed	200
2015-04-27T14:08:48	Freq_T0	50
2015-04-27T14:08:50	Fermi_delay	3244.980159
2015-04-27T14:08:52	T_Head	3.59342580185361
2015-04-27T14:08:56	Phase_T0	9770
2015-04-27T14:08:57	Error_T0	-2
2015-04-27T14:08:57	Freq_Thick	50
2015-04-27T14:08:57	Phase_Thick	1779
2015-04-27T14:08:57	Error_Thick	1
2015-04-27T14:08:57	T_Sample	5.00500716714668
2015-04-27T14:09:13	Moderator_Temp	112.712501525879
2015-04-27T14:09:13	Fermi_Speed	200
2015-04-27T14:09:18	Freq_T0	50
2015-04-27T14:09:20	Fermi_delay	3245
2015-04-27T14:09:22	T_Head	3.59342580185361
2015-04-27T14:09:26	Phase_T0	9770
2015-04-27T14:09:27	Error_T0	-1
2015-04-27T14:09:27	Freq_Thick	50
2015-04-27T14:09:27	Phase_Thick	1779
2015-04-27T14:09:27	Error_Thick	-1
2015-04-27T14:09:27	T_Sample	5.00500716714668
2015-04-27T14:09:43	Moderator_Temp	115.787506103516
2015-04-27T14:09:43	Fermi_Speed	200
2015-04-27T14:09:48	Freq_T0	50
2015-04-27T14:09:50	Fermi_delay	3245.019841
2015-04-27T14:09:52	T_Head	3.58664162591916
2015-04-27T14:09:56	Phase_T0	9770
2015-04-27T14:09:57	Error_T0	-1
2015-04-27T14:09:57	Freq_Thick	50
2015-04-27T14:09:57	Phase_Thick	1779
2015-04-27T14:09:57	Error_Thick	0
2015-04-27T14:09:57	T_Sample	5.00500716714668
2015-04-27T14:10:13	Moderator_Temp	110.987503051758
2015-04-27T14:10:13	Fermi_Speed	200
2015-04-27T14:10:18	Freq_T0	50
2015-04-27T14:10:20	Fermi_delay	3245
2015-04-27T14:10:22	T_Head	3.58664162591916
2015-04-27T14:10:26	Phase_T0	9770
2015-04-27T14:10:27	Error_T0	-1
2015-04-27T14:10:27	Freq_Thick	50
2015-04-27T14:10:27	Phase_Thick	1779
2015-04-27T14:10:27	Error_Thick	-1
2015-04-27T14:10:27	T_Sample	4.99622595106152
2015-04-27T14:10:43	Moderator_Temp	110.574996948242
2015-04-27T14:10:43	Fermi_Speed	200
2015-04-27T14:10:48	Freq_T0	50
2015-04-27T14:10:50	Fermi_delay	3245
2015-04-27T14:10:52	T_Head	3.58664162591916
2015-04-27T14:10:56	Phase_T0	9770
2015-04-27T14:10:57	Error_T0	0
2015-04-27T14:10:57	Freq_Thick	50
2015-04-27T14:10:57	Phase_Thick	1779
2015-04-27T14:10:57	Error_Thick	-1
2015-04-27T14:10:57	T_Sample	4.98744473497637
2015-04-27T14:11:13	Moderator_Temp	112.637496948242
2015-04-27T14:11:13	Fermi_Speed	200
2015-04-27T14:11:18	Freq_T0	50
2015-04-27T14:11:20	Fermi_delay	3245.039683
2015-04-27T14:11:22	T_Head	3.57307327405024
2015-04-27T14:11:26	Phase_T0	9770
2015-04-27T14:11:27	Error_T0	-1
2015-04-27T14:11:27	Freq_Thick	50
2015-04-27T14:11:27	Phase_Thick	1779
2015-04-27T14:11:27	Error_Thick	0
2015-04-27T14:11:27	T_Sample	4.98744473497637
2015-04-27T14:11:43	Moderator_Temp	113.087501525879
2015-04-27T14:11:43	Fermi_Speed	200
2015-04-27T14:11:48	Freq_T0	50
2015-04-27T14:11:50	Fermi_delay	3244.980159
2015-04-27T14:11:52	T_Head	3.57307327405024
2015-04-27T14:11:56	Phase_T0	9770
2015-04-27T14:11:57	Error_T0	-1
2015-04-27T14:11:57	Freq_Thick	50
2015-04-27T14:11:57	Phase_Thick	1779
2015-04-27T14:11:57	Error_Thick	-1
2015-04-27T14:11:57	T_Sample	4.97866351889121
2015-04-27T14:12:13	Moderator_Temp	111.8125
2015-04-27T14:12:13	Fermi_Speed	200
2015-04-27T14:12:18	Freq_T0	49.99
2015-04-27T14:12:20	Fermi_delay	3244.980159
2015-04-27T14:12:22	T_Head	3.56628909811578
2015-04-27T14:12:26	Phase_T0	9770
2015-04-27T14:12:27	Error_T0	-1
2015-04-27T14:12:27	Freq_Thick	50
2015-04-27T14:12:27	Phase_Thick	1779
2015-04-27T14:12:27	Error_Thick	-1
2015-04-27T14:12:27	T_Sample	4.97866351889121
2015-04-27T14:12:43	Moderator_Temp	111.287506103516
2015-04-27T14:12:43	Fermi_Speed	200
2015-04-27T14:12:48	Freq_T0	50
2015-04-27T14:12:50	Fermi_delay	3245.019841
2015-04-27T14:12:52	T_Head	3.55950492218132
2015-04-27T14:12:56	Phase_T0	9770
2015-04-27T14:12:57	Error_T0	-1
2015-04-27T14:12:57	Freq_Thick	50
2015-04-27T14:12:57	Phase_Thick	1779
2015-04-27T14:12:57	Error_Thick	0
2015-04-27T14:12:57	T_Sample	4.96988230280606
2015-04-27T14:13:13	Moderator_Temp	111.324996948242
2015-04-27T14:13:13	Fermi_Speed	200
2015-04-27T14:13:18	Freq_T0	50
2015-04-27T14:13:20	Fermi_delay	3245.019841
2015-04-27T14:13:22	T_Head	3.55950492218132
2015-04-27T14:13:26	Phase_T0	9770
2015-04-27T14:13:27	Error_T0	0
2015-04-27T14:13:27	Freq_Thick	50
2015-04-27T14:13:27	Phase_Thick	1779
2015-04-27T14:13:27	Error_Thick	-1
2015-04-27T14:13:27	T_Sample	4.96988230280606
2015-04-27T14:13:43	Moderator_Temp	111.475006103516
2015-04-27T14:13:43	Fermi_Speed	200
2015-04-27T14:13:48	Freq_T0	50
2015-04-27T14:13:50	Fermi_delay	3245.019841
2015-04-27T14:13:52	T_Head	3.55950492218132
2015-04-27T14:13:56	Phase_T0	9770
2015-04-27T14:13:57	Error_T0	-1
2015-04-27T14:13:57	Freq_Thick	50
2015-04-27T14:13:57	Phase_Thick	1779
2015-04-27T14:13:57	Error_Thick	0
2015-04-27T14:13:58	T_Sample	4.96988230280606
2015-04-27T14:14:13	Moderator_Temp	111.400001525879
2015-04-27T14:14:13	Fermi_Speed	200
2015-04-27T14:14:19	Freq_T0	50
2015-04-27T14:14:20	Fermi_delay	3245.039683
2015-04-27T14:14:23	T_Head	3.55950492218132
2015-04-27T14:14:27	Phase_T0	9770
2015-04-27T14:14:28	Error_T0	-1
2015-04-27T14:14:28	Freq_Thick	50
2015-04-27T14:14:28	Phase_Thick	1779
2015-04-27T14:14:28	Error_Thick	0
2015-04-27T14:14:28	T_Sample	4.96988230280606
2015-04-27T14:14:44	Moderator_Temp	110.987503051758
2015-04-27T14:14:44	Fermi_Speed	200
2015-04-27T14:14:49	Freq_T0	50
2015-04-27T14:14:51	Fermi_delay	3244.960317
2015-04-27T14:14:53	T_Head	3.55950492218132
2015-04-27T14:14:57	Phase_T0	9770
2015-04-27T14:14:58	Error_T0	-1
2015-04-27T14:14:58	Freq_Thick	50
2015-04-27T14:14:58	Phase_Thick	1779
2015-04-27T14:14:58	Error_Thick	0
2015-04-27T14:14:58	T_Sample	4.96387228861257
2015-04-27T14:15:14	Moderator_Temp	110.912506103516
2015-04-27T14:15:14	Fermi_Speed	200
2015-04-27T14:15:20	Freq_T0	50
2015-04-27T14:15:22	Fermi_delay	3245.039683
2015-04-27T14:15:24	T_Head	3.55950492218132
2015-04-27T14:15:28	Phase_T0	9770
2015-04-27T14:15:29	Error_T0	-2
2015-04-27T14:15:29	Freq_Thick	50
2015-04-27T14:15:29	Phase_Thick	1779
2015-04-27T14:15:29	Error_Thick	-1
2015-04-27T14:15:29	T_Sample	4.96387228861257
2015-04-27T14:15:45	Moderator_Temp	110.875
2015-04-27T14:15:45	Fermi_Speed	200
2015-04-27T14:15:50	Freq_T0	50
2015-04-27T14:15:52	Fermi_delay	3245.039683
2015-04-27T14:15:54	T_Head	3.55272074624686
2015-04-27T14:15:58	Phase_T0	9770
2015-04-27T14:16:00	Error_T0	0
2015-04-27T14:16:00	Freq_Thick	50
2015-04-27T14:16:00	Phase_Thick	1779
2015-04-27T14:16:00	Error_Thick	0
2015-04-27T14:16:00	T_Sample	4.95544849539725
2015-04-27T14:16:16	Moderator_Temp	110.725006103516
2015-04-27T14:16:16	Fermi_Speed	200
2015-04-27T14:16:21	Freq_T0	50
2015-04-27T14:16:23	Fermi_delay	3244.980159
2015-04-27T14:16:25	T_Head	3.55272074624686
2015-04-27T14:16:29	Phase_T0	9770
2015-04-27T14:16:30	Error_T0	-1
2015-04-27T14:16:30	Freq_Thick	50
2015-04-27T14:16:30	Phase_Thick	1779
2015-04-27T14:16:30	Error_Thick	-1
2015-04-27T14:16:30	T_Sample	4.95544849539725
2015-04-27T14:16:46	Moderator_Temp	110.574996948242
2015-04-27T14:16:46	Fermi_Speed	200
2015-04-27T14:16:52	Freq_T0	50
2015-04-27T14:16:54	Fermi_delay	3245.019841
2015-04-27T14:16:55	T_Head	3.55272074624686
2015-04-27T14:17:00	Phase_T0	9770
2015-04-27T14:17:01	Error_T0	-1
2015-04-27T14:17:01	Freq_Thick	50
2015-04-27T14:17:01	Phase_Thick	1779
2015-04-27T14:17:01	Error_Thick	-1
2015-04-27T14:17:01	T_Sample	4.95544849539725
2015-04-27T14:17:17	Moderator_Temp	110.462501525879
2015-04-27T14:17:17	Fermi_Speed	200
2015-04-27T14:17:22	Freq_T0	50
2015-04-27T14:17:24	Fermi_delay	3245.019841
2015-04-27T14:17:25	T_Head	3.55272074624686
2015-04-27T14:17:30	Phase_T0	9770
2015-04-27T14:17:31	Error_T0	0
2015-04-27T14:17:31	Freq_Thick	50
2015-04-27T14:17:31	Phase_Thick	1779
2015-04-27T14:17:31	Error_Thick	-1
2015-04-27T14:17:31	T_Sample	4.94702470218192
2015-04-27T14:17:47	Moderator_Temp	110.350006103516
2015-04-27T14:17:47	Fermi_Speed	200
2015-04-27T14:17:53	Freq_T0	50
2015-04-27T14:17:55	Fermi_delay	3244.980159
2015-04-27T14:17:55	T_Head	3.55272074624686
2015-04-27T14:18:00	Phase_T0	9770
2015-04-27T14:18:01	Error_T0	-1
2015-04-27T14:18:01	Freq_Thick	50
2015-04-27T14:18:01	Phase_Thick	1779
2015-04-27T14:18:01	T_Sample	4.94702470218192
2015-04-27T14:18:02	Error_Thick	-1
2015-04-27T14:18:18	Moderator_Temp	110.199996948242
2015-04-27T14:18:18	Fermi_Speed	200
2015-04-27T14:18:23	Freq_T0	50
2015-04-27T14:18:25	Fermi_delay	3245.039683
2015-04-27T14:18:25	T_Head	3.5459365703124
2015-04-27T14:18:30	Phase_T0	9770
2015-04-27T14:18:31	Error_T0	0
2015-04-27T14:18:31	Freq_Thick	50
2015-04-27T14:18:31	Phase_Thick	1779
2015-04-27T14:18:31	T_Sample	4.94702470218192
2015-04-27T14:18:32	Error_Thick	0
2015-04-27T14:18:48	Moderator_Temp	110.087501525879
2015-04-27T14:18:48	Fermi_Speed	200
2015-04-27T14:18:53	Freq_T0	49.99
2015-04-27T14:18:55	Fermi_delay	3245.039683
2015-04-27T14:18:55	T_Head	3.5459365703124
2015-04-27T14:19:00	Phase_T0	9770
2015-04-27T14:19:01	Error_T0	0
2015-04-27T14:19:01	Freq_Thick	50
2015-04-27T14:19:01	Phase_Thick	1779
2015-04-27T14:19:01	T_Sample	4.94702470218192
2015-04-27T14:19:02	Error_Thick	0
2015-04-27T14:19:18	Moderator_Temp	109.975006103516
2015-04-27T14:19:18	Fermi_Speed	200
2015-04-27T14:19:23	Freq_T0	50
2015-04-27T14:19:25	Fermi_delay	3245.039683
2015-04-27T14:19:25	T_Head	3.5459365703124
2015-04-27T14:19:30	Phase_T0	9770
2015-04-27T14:19:31	Error_T0	0
2015-04-27T14:19:31	Freq_Thick	50
2015-04-27T14:19:31	Phase_Thick	1779
2015-04-27T14:19:31	T_Sample	4.94702470218192
2015-04-27T14:19:32	Error_Thick	-1
2015-04-27T14:19:48	Moderator_Temp	109.862503051758
2015-04-27T14:19:48	Fermi_Speed	200
2015-04-27T14:19:53	Freq_T0	50
2015-04-27T14:19:55	Fermi_delay	3245.039683
2015-04-27T14:19:55	T_Head	3.5459365703124
2015-04-27T14:20:00	Phase_T0	9770
2015-04-27T14:20:01	Error_T0	-1
2015-04-27T14:20:01	Freq_Thick	49.99
2015-04-27T14:20:01	Phase_Thick	1779
2015-04-27T14:20:01	T_Sample	4.94702470218192
2015-04-27T14:20:02	Error_Thick	0
2015-04-27T14:20:18	Moderator_Temp	109.787506103516
2015-04-27T14:20:18	Fermi_Speed	200
2015-04-27T14:20:23	Freq_T0	50
2015-04-27T14:20:25	Fermi_delay	3245
2015-04-27T14:20:25	T_Head	3.5459365703124
2015-04-27T14:20:30	Phase_T0	9770
2015-04-27T14:20:31	Error_T0	-1
2015-04-27T14:20:31	Freq_Thick	50
2015-04-27T14:20:31	Phase_Thick	1779
2015-04-27T14:20:31	T_Sample	4.94702470218192
2015-04-27T14:20:32	Error_Thick	0
2015-04-27T14:20:48	Moderator_Temp	109.675003051758
2015-04-27T14:20:48	Fermi_Speed	200
2015-04-27T14:20:53	Freq_T0	50
2015-04-27T14:20:55	Fermi_delay	3244.980159
2015-04-27T14:20:55	T_Head	3.53915239437794
2015-04-27T14:21:00	Phase_T0	9770
2015-04-27T14:21:01	Error_T0	-1
2015-04-27T14:21:01	Freq_Thick	50
2015-04-27T14:21:01	Phase_Thick	1779
2015-04-27T14:21:01	T_Sample	4.94702470218192
2015-04-27T14:21:02	Error_Thick	-1
2015-04-27T14:21:18	Moderator_Temp	109.600006103516
2015-04-27T14:21:18	Fermi_Speed	200
2015-04-27T14:21:23	Freq_T0	50
2015-04-27T14:21:25	Fermi_delay	3245.019841
2015-04-27T14:21:25	T_Head	3.53915239437794
2015-04-27T14:21:30	Phase_T0	9770
2015-04-27T14:21:31	Error_T0	0
2015-04-27T14:21:31	Freq_Thick	50
2015-04-27T14:21:31	Phase_Thick	1779
2015-04-27T14:21:31	T_Sample	4.94702470218192
2015-04-27T14:21:32	Error_Thick	-1
2015-04-27T14:21:48	Moderator_Temp	109.487503051758
2015-04-27T14:21:48	Fermi_Speed	200
2015-04-27T14:21:53	Freq_T0	50
2015-04-27T14:21:55	Fermi_delay	3245.039683
2015-04-27T14:21:55	T_Head	3.53915239437794
2015-04-27T14:22:00	Phase_T0	9770
2015-04-27T14:22:01	Error_T0	1
2015-04-27T14:22:01	Freq_Thick	50
2015-04-27T14:22:01	Phase_Thick	1779
2015-04-27T14:22:01	T_Sample	4.94702470218192
2015-04-27T14:22:02	Error_Thick	0
2015-04-27T14:22:18	Moderator_Temp	109.412506103516
2015-04-27T14:22:18	Fermi_Speed	200
2015-04-27T14:22:23	Freq_T0	49.99
2015-04-27T14:22:25	Fermi_delay	3245
2015-04-27T14:22:25	T_Head	3.53915239437794
2015-04-27T14:22:30	Phase_T0	9770
2015-04-27T14:22:31	Error_T0	-1
2015-04-27T14:22:31	Freq_Thick	50
2015-04-27T14:22:31	Phase_Thick	1779
2015-04-27T14:22:31	T_Sample	4.94702470218192
2015-04-27T14:22:32	Error_Thick	-1
2015-04-27T14:22:48	Moderator_Temp	109.337501525879
2015-04-27T14:22:48	Fermi_Speed	200
2015-04-27T14:22:53	Freq_T0	50
2015-04-27T14:22:55	Fermi_delay	3245
2015-04-27T14:22:55	T_Head	3.53915239437794
2015-04-27T14:23:01	Phase_T0	9770
2015-04-27T14:23:02	Error_T0	-1
2015-04-27T14:23:02	Freq_Thick	50
2015-04-27T14:23:02	Phase_Thick	1779
2015-04-27T14:23:02	T_Sample	4.9386009089666
2015-04-27T14:23:03	Error_Thick	-1
2015-04-27T14:23:18	Moderator_Temp	109.262496948242
2015-04-27T14:23:18	Fermi_Speed	200
2015-04-27T14:23:23	Freq_T0	50
2015-04-27T14:23:25	Fermi_delay	3244.980159
2015-04-27T14:23:25	T_Head	3.53394867007833
2015-04-27T14:23:31	Phase_T0	9770
2015-04-27T14:23:32	Error_T0	0
2015-04-27T14:23:32	Freq_Thick	50
2015-04-27T14:23:32	Phase_Thick	1779
2015-04-27T14:23:32	T_Sample	4.9386009089666
2015-04-27T14:23:33	Error_Thick	0
2015-04-27T14:23:48	Moderator_Temp	109.1875
2015-04-27T14:23:49	Fermi_Speed	200
2015-04-27T14:23:54	Freq_T0	50
2015-04-27T14:23:56	Fermi_delay	3245.019841
2015-04-27T14:23:56	T_Head	3.53915239437794
2015-04-27T14:24:01	Phase_T0	9770
2015-04-27T14:24:02	Error_T0	-1
2015-04-27T14:24:02	Freq_Thick	50
2015-04-27T14:24:02	Phase_Thick	1779
2015-04-27T14:24:02	T_Sample	4.9386009089666
2015-04-27T14:24:03	Error_Thick	0
2015-04-27T14:24:18	Moderator_Temp	109.112503051758
2015-04-27T14:24:19	Fermi_Speed	200
2015-04-27T14:24:24	Freq_T0	50
2015-04-27T14:24:26	Fermi_delay	3244.980159
2015-04-27T14:24:26	T_Head	3.53915239437794
2015-04-27T14:24:31	Phase_T0	9770
2015-04-27T14:24:32	Error_T0	-1
2015-04-27T14:24:32	Freq_Thick	50
2015-04-27T14:24:32	Phase_Thick	1779
2015-04-27T14:24:32	T_Sample	4.93017711575127
2015-04-27T14:24:33	Error_Thick	-1
2015-04-27T14:24:49	Moderator_Temp	109.037506103516
2015-04-27T14:24:50	Fermi_Speed	200
2015-04-27T14:24:54	Freq_T0	50
2015-04-27T14:24:56	Fermi_delay	3244.980159
2015-04-27T14:24:56	T_Head	3.53915239437794
2015-04-27T14:25:01	Phase_T0	9770
2015-04-27T14:25:02	Error_T0	1
2015-04-27T14:25:02	Freq_Thick	50
2015-04-27T14:25:02	Phase_Thick	1779
2015-04-27T14:25:02	T_Sample	4.93017711575127
2015-04-27T14:25:03	Error_Thick	-1
2015-04-27T14:25:19	Moderator_Temp	109
2015-04-27T14:25:20	Fermi_Speed	200
2015-04-27T14:25:24	Freq_T0	50
2015-04-27T14:25:26	Fermi_delay	3245.039683
2015-04-27T14:25:26	T_Head	3.53394867007833
2015-04-27T14:25:32	Phase_T0	9770
2015-04-27T14:25:33	Error_T0	-1
2015-04-27T14:25:33	Freq_Thick	50
2015-04-27T14:25:33	Phase_Thick	1779
2015-04-27T14:25:33	T_Sample	4.93017711575127
2015-04-27T14:25:34	Error_Thick	-1
2015-04-27T14:25:49	Moderator_Temp	108.925003051758
2015-04-27T14:25:50	Fermi_Speed	200
2015-04-27T14:25:54	Freq_T0	50
2015-04-27T14:25:56	Fermi_delay	3245.019841
2015-04-27T14:25:56	T_Head	3.53394867007833
2015-04-27T14:26:03	Phase_T0	9770
2015-04-27T14:26:03	Error_T0	0
2015-04-27T14:26:03	Freq_Thick	50
2015-04-27T14:26:03	Phase_Thick	1779
2015-04-27T14:26:03	T_Sample	4.93017711575127
2015-04-27T14:26:04	Error_Thick	0
2015-04-27T14:26:20	Moderator_Temp	108.887496948242
2015-04-27T14:26:21	Fermi_Speed	200
2015-04-27T14:26:25	Freq_T0	50
2015-04-27T14:26:27	Fermi_delay	3244.980159
2015-04-27T14:26:27	T_Head	3.53915239437794
2015-04-27T14:26:34	Phase_T0	9770
2015-04-27T14:26:34	Error_T0	0
2015-04-27T14:26:34	Freq_Thick	50
2015-04-27T14:26:34	Phase_Thick	1779
2015-04-27T14:26:34	T_Sample	4.93017711575127
2015-04-27T14:26:35	Error_Thick	0
2015-04-27T14:26:51	Moderator_Temp	108.8125
2015-04-27T14:26:52	Fermi_Speed	200
2015-04-27T14:26:56	Freq_T0	49.99
2015-04-27T14:26:58	Fermi_delay	3245.019841
2015-04-27T14:26:58	T_Head	3.53394867007833
2015-04-27T14:27:05	Phase_T0	9770
2015-04-27T14:27:05	Error_T0	0
2015-04-27T14:27:05	Freq_Thick	50
2015-04-27T14:27:05	Phase_Thick	1779
2015-04-27T14:27:05	Error_Thick	0
2015-04-27T14:27:05	T_Sample	4.92175332253595
2015-04-27T14:27:21	Moderator_Temp	108.775001525879
2015-04-27T14:27:22	Fermi_Speed	200
2015-04-27T14:27:26	Freq_T0	50
2015-04-27T14:27:28	Fermi_delay	3245.019841
2015-04-27T14:27:28	T_Head	3.53394867007833
2015-04-27T14:27:36	Phase_T0	9770
2015-04-27T14:27:36	Error_T0	-1
2015-04-27T14:27:36	Freq_Thick	50
2015-04-27T14:27:36	Phase_Thick	1779
2015-04-27T14:27:36	Error_Thick	0
2015-04-27T14:27:36	T_Sample	4.93017711575127
2015-04-27T14:27:52	Moderator_Temp	108.737503051758
2015-04-27T14:27:53	Fermi_Speed	200
2015-04-27T14:27:57	Freq_T0	49.99
2015-04-27T14:27:59	Fermi_delay	3244.980159
2015-04-27T14:27:59	T_Head	3.53394867007833
2015-04-27T14:28:06	Phase_T0	9770
2015-04-27T14:28:06	Error_T0	-1
2015-04-27T14:28:06	Freq_Thick	50
2015-04-27T14:28:06	Phase_Thick	1779
2015-04-27T14:28:06	Error_Thick	-1
2015-04-27T14:28:06	T_Sample	4.93017711575127
2015-04-27T14:28:22	Moderator_Temp	108.662506103516
2015-04-27T14:28:23	Fermi_Speed	200
2015-04-27T14:28:27	Freq_T0	49.99
2015-04-27T14:28:29	Fermi_delay	3244.980159
2015-04-27T14:28:29	T_Head	3.53394867007833
2015-04-27T14:28:37	Phase_T0	9770
2015-04-27T14:28:37	Error_T0	-2
2015-04-27T14:28:37	Freq_Thick	50
2015-04-27T14:28:37	Phase_Thick	1779
2015-04-27T14:28:37	Error_Thick	-1
2015-04-27T14:28:37	T_Sample	4.92175332253595
2015-04-27T14:28:53	Moderator_Temp	108.625
2015-04-27T14:28:54	Fermi_Speed	200
2015-04-27T14:28:58	Freq_T0	49.99
2015-04-27T14:29:00	Fermi_delay	3245.039683
2015-04-27T14:29:00	T_Head	3.52732010151499
2015-04-27T14:29:07	Phase_T0	9770
2015-04-27T14:29:07	Error_T0	-1
2015-04-27T14:29:07	Freq_Thick	50
2015-04-27T14:29:07	Phase_Thick	1779
2015-04-27T14:29:07	Error_Thick	-1
2015-04-27T14:29:07	T_Sample	4.92175332253595
2015-04-27T14:29:23	Moderator_Temp	108.587501525879
2015-04-27T14:29:24	Fermi_Speed	200
2015-04-27T14:29:28	Freq_T0	50
2015-04-27T14:29:30	Fermi_delay	3245
2015-04-27T14:29:30	T_Head	3.52732010151499
2015-04-27T14:29:37	Phase_T0	9770
2015-04-27T14:29:37	Error_T0	-1
2015-04-27T14:29:37	Freq_Thick	50
2015-04-27T14:29:37	Phase_Thick	1779
2015-04-27T14:29:37	Error_Thick	0
2015-04-27T14:29:37	T_Sample	4.92175332253595
2015-04-27T14:29:53	Moderator_Temp	108.550003051758
2015-04-27T14:29:54	Fermi_Speed	200
2015-04-27T14:29:58	Freq_T0	49.99
2015-04-27T14:30:00	Fermi_delay	3244.980159
2015-04-27T14:30:00	T_Head	3.53394867007833
2015-04-27T14:30:07	Phase_T0	9770
2015-04-27T14:30:07	Error_T0	-1
2015-04-27T14:30:07	Freq_Thick	50
2015-04-27T14:30:07	Phase_Thick	1779
2015-04-27T14:30:07	Error_Thick	-1
2015-04-27T14:30:07	T_Sample	4.92175332253595
2015-04-27T14:30:23	Moderator_Temp	108.512496948242
2015-04-27T14:30:24	Fermi_Speed	200
2015-04-27T14:30:28	Freq_T0	50
2015-04-27T14:30:30	Fermi_delay	3244.980159
2015-04-27T14:30:30	T_Head	3.52732010151499
2015-04-27T14:30:37	Phase_T0	9770
2015-04-27T14:30:37	Error_T0	0
2015-04-27T14:30:37	Freq_Thick	49.99
2015-04-27T14:30:37	Phase_Thick	1779
2015-04-27T14:30:37	Error_Thick	-1
2015-04-27T14:30:37	T_Sample	4.92175332253595
2015-04-27T14:30:53	Moderator_Temp	108.475006103516
2015-04-27T14:30:54	Fermi_Speed	200
2015-04-27T14:30:58	Freq_T0	49.99
2015-04-27T14:31:00	Fermi_delay	3245
2015-04-27T14:31:00	T_Head	3.53394867007833
2015-04-27T14:31:07	Phase_T0	9770
2015-04-27T14:31:07	Error_T0	-1
2015-04-27T14:31:07	Freq_Thick	50
2015-04-27T14:31:07	Phase_Thick	1779
2015-04-27T14:31:07	Error_Thick	0
2015-04-27T14:31:07	T_Sample	4.92175332253595
2015-04-27T14:31:23	Moderator_Temp	108.4375
2015-04-27T14:31:24	Fermi_Speed	200
2015-04-27T14:31:28	Freq_T0	50
2015-04-27T14:31:30	Fermi_delay	3245.039683
2015-04-27T14:31:30	T_Head	3.52732010151499
2015-04-27T14:31:37	Phase_T0	9770
2015-04-27T14:31:37	Error_T0	-1
2015-04-27T14:31:37	Freq_Thick	50
2015-04-27T14:31:37	Phase_Thick	1779
2015-04-27T14:31:37	Error_Thick	-1
2015-04-27T14:31:37	T_Sample	4.92175332253595
2015-04-27T14:31:53	Moderator_Temp	108.4375
2015-04-27T14:31:54	Fermi_Speed	200
2015-04-27T14:31:58	Freq_T0	49.99
2015-04-27T14:32:00	Fermi_delay	3245.039683
2015-04-27T14:32:00	T_Head	3.53394867007833
2015-04-27T14:32:07	Phase_T0	9770
2015-04-27T14:32:07	Error_T0	-1
2015-04-27T14:32:07	Freq_Thick	50
2015-04-27T14:32:07	Phase_Thick	1779
2015-04-27T14:32:07	Error_Thick	0
2015-04-27T14:32:07	T_Sample	4.92175332253595
2015-04-27T14:32:23	Moderator_Temp	108.400001525879
2015-04-27T14:32:24	Fermi_Speed	200
2015-04-27T14:32:28	Freq_T0	50
2015-04-27T14:32:30	Fermi_delay	3245
2015-04-27T14:32:30	T_Head	3.53394867007833
2015-04-27T14:32:37	Phase_T0	9770
2015-04-27T14:32:37	Error_T0	0
2015-04-27T14:32:37	Freq_Thick	49.99
2015-04-27T14:32:37	Phase_Thick	1779
2015-04-27T14:32:37	Error_Thick	0
2015-04-27T14:32:37	T_Sample	4.92175332253595
2015-04-27T14:32:53	Moderator_Temp	108.400001525879
2015-04-27T14:32:54	Fermi_Speed	200
2015-04-27T14:32:58	Freq_T0	50
2015-04-27T14:33:00	Fermi_delay	3244.980159
2015-04-27T14:33:00	T_Head	3.52732010151499
2015-04-27T14:33:07	Phase_T0	9770
2015-04-27T14:33:07	Error_T0	-1
2015-04-27T14:33:07	Freq_Thick	50
2015-04-27T14:33:07	Phase_Thick	1779
2015-04-27T14:33:07	Error_Thick	-1
2015-04-27T14:33:07	T_Sample	4.92175332253595
2015-04-27T14:33:24	Moderator_Temp	108.362503051758
2015-04-27T14:33:25	Fermi_Speed	200
2015-04-27T14:33:28	Freq_T0	50
2015-04-27T14:33:30	Fermi_delay	3244.960317
2015-04-27T14:33:30	T_Head	3.52069153295166
2015-04-27T14:33:37	Phase_T0	9770
2015-04-27T14:33:37	Error_T0	0
2015-04-27T14:33:37	Freq_Thick	50
2015-04-27T14:33:37	Phase_Thick	1779
2015-04-27T14:33:37	Error_Thick	-1
2015-04-27T14:33:37	T_Sample	4.92175332253595
2015-04-27T14:33:54	Moderator_Temp	108.324996948242
2015-04-27T14:33:55	Fermi_Speed	200
2015-04-27T14:33:58	Freq_T0	50
2015-04-27T14:34:00	Fermi_delay	3245
2015-04-27T14:34:00	T_Head	3.52732010151499
2015-04-27T14:34:07	Phase_T0	9770
2015-04-27T14:34:07	Error_T0	-1
2015-04-27T14:34:07	Freq_Thick	50
2015-04-27T14:34:07	Phase_Thick	1779
2015-04-27T14:34:07	Error_Thick	0
2015-04-27T14:34:07	T_Sample	4.92175332253595
2015-04-27T14:34:24	Moderator_Temp	108.324996948242
2015-04-27T14:34:25	Fermi_Speed	200
2015-04-27T14:34:28	Freq_T0	50
2015-04-27T14:34:31	Fermi_delay	3244.960317
2015-04-27T14:34:31	T_Head	3.52732010151499
2015-04-27T14:34:38	Phase_T0	9770
2015-04-27T14:34:38	Error_T0	-1
2015-04-27T14:34:38	Freq_Thick	50
2015-04-27T14:34:38	Phase_Thick	1779
2015-04-27T14:34:38	Error_Thick	0
2015-04-27T14:34:38	T_Sample	4.92175332253595
2015-04-27T14:34:54	Moderator_Temp	108.324996948242
2015-04-27T14:34:55	Fermi_Speed	200
2015-04-27T14:34:58	Freq_T0	49.99
2015-04-27T14:35:01	Fermi_delay	3245.039683
2015-04-27T14:35:01	T_Head	3.52732010151499
2015-04-27T14:35:08	Phase_T0	9770
2015-04-27T14:35:08	Error_T0	-3
2015-04-27T14:35:08	Freq_Thick	50
2015-04-27T14:35:08	Phase_Thick	1779
2015-04-27T14:35:08	Error_Thick	-1
2015-04-27T14:35:08	T_Sample	4.92175332253595
2015-04-27T14:35:24	Moderator_Temp	108.324996948242
2015-04-27T14:35:25	Fermi_Speed	200
2015-04-27T14:35:28	Freq_T0	50
2015-04-27T14:35:31	Fermi_delay	3244.980159
2015-04-27T14:35:31	T_Head	3.52732010151499
2015-04-27T14:35:38	Phase_T0	9770
2015-04-27T14:35:38	Error_T0	0
2015-04-27T14:35:38	Freq_Thick	50
2015-04-27T14:35:38	Phase_Thick	1779
2015-04-27T14:35:38	Error_Thick	0
2015-04-27T14:35:38	T_Sample	4.92175332253595
2015-04-27T14:35:54	Moderator_Temp	108.287506103516
2015-04-27T14:35:55	Fermi_Speed	200
2015-04-27T14:35:58	Freq_T0	50
2015-04-27T14:36:01	Fermi_delay	3244.980159
2015-04-27T14:36:01	T_Head	3.52732010151499
2015-04-27T14:36:08	Phase_T0	9770
2015-04-27T14:36:08	Error_T0	-1
2015-04-27T14:36:08	Freq_Thick	50
2015-04-27T14:36:08	Phase_Thick	1779
2015-04-27T14:36:08	Error_Thick	0
2015-04-27T14:36:08	T_Sample	4.92175332253595
2015-04-27T14:36:24	Moderator_Temp	108.287506103516
2015-04-27T14:36:25	Fermi_Speed	200
2015-04-27T14:36:28	Freq_T0	50
2015-04-27T14:36:31	Fermi_delay	3245.019841
2015-04-27T14:36:31	T_Head	3.53394867007833
2015-04-27T14:36:38	Phase_T0	9770
2015-04-27T14:36:38	Error_T0	0
2015-04-27T14:36:38	Freq_Thick	50
2015-04-27T14:36:38	Phase_Thick	1779
2015-04-27T14:36:38	Error_Thick	-1
2015-04-27T14:36:38	T_Sample	4.92175332253595
2015-04-27T14:36:54	Moderator_Temp	108.287506103516
2015-04-27T14:36:55	Fermi_Speed	200
2015-04-27T14:36:58	Freq_T0	50
2015-04-27T14:37:01	Fermi_delay	3244.960317
2015-04-27T14:37:01	T_Head	3.52732010151499
2015-04-27T14:37:09	Phase_T0	9770
2015-04-27T14:37:09	Error_T0	-1
2015-04-27T14:37:09	Freq_Thick	50
2015-04-27T14:37:09	Phase_Thick	1779
2015-04-27T14:37:09	Error_Thick	-1
2015-04-27T14:37:09	T_Sample	4.92175332253595
2015-04-27T14:37:24	Moderator_Temp	108.287506103516
2015-04-27T14:37:25	Fermi_Speed	200
2015-04-27T14:37:29	Freq_T0	50
2015-04-27T14:37:32	Fermi_delay	3245
2015-04-27T14:37:32	T_Head	3.52732010151499
2015-04-27T14:37:39	Phase_T0	9770
2015-04-27T14:37:39	Error_T0	-1
2015-04-27T14:37:39	Freq_Thick	50
2015-04-27T14:37:39	Phase_Thick	1779
2015-04-27T14:37:39	Error_Thick	-1
2015-04-27T14:37:39	T_Sample	4.91332952932062
2015-04-27T14:37:55	Moderator_Temp	108.287506103516
2015-04-27T14:37:56	Fermi_Speed	200
2015-04-27T14:37:59	Freq_T0	50
2015-04-27T14:38:02	Fermi_delay	3245.019841
2015-04-27T14:38:02	T_Head	3.52069153295166
2015-04-27T14:38:09	Phase_T0	9770
2015-04-27T14:38:09	Error_T0	-1
2015-04-27T14:38:09	Freq_Thick	50
2015-04-27T14:38:09	Phase_Thick	1779
2015-04-27T14:38:09	Error_Thick	0
2015-04-27T14:38:09	T_Sample	4.92175332253595
2015-04-27T14:38:25	Moderator_Temp	108.287506103516
2015-04-27T14:38:26	Fermi_Speed	200
2015-04-27T14:38:29	Freq_T0	49.99
2015-04-27T14:38:32	Fermi_delay	3245.039683
2015-04-27T14:38:32	T_Head	3.52732010151499
2015-04-27T14:38:39	Phase_T0	9770
2015-04-27T14:38:39	Error_T0	-1
2015-04-27T14:38:39	Freq_Thick	50
2015-04-27T14:38:39	Phase_Thick	1779
2015-04-27T14:38:39	Error_Thick	-1
2015-04-27T14:38:39	T_Sample	4.92175332253595
2015-04-27T14:38:55	Moderator_Temp	108.287506103516
2015-04-27T14:38:56	Fermi_Speed	200
2015-04-27T14:38:59	Freq_T0	49.99
2015-04-27T14:39:02	Fermi_delay	3245.019841
2015-04-27T14:39:02	T_Head	3.52732010151499
2015-04-27T14:39:09	Phase_T0	9770
2015-04-27T14:39:09	Error_T0	-1
2015-04-27T14:39:09	Freq_Thick	50
2015-04-27T14:39:09	Phase_Thick	1779
2015-04-27T14:39:09	Error_Thick	-1
2015-04-27T14:39:09	T_Sample	4.91332952932062
2015-04-27T14:39:25	Moderator_Temp	108.287506103516
2015-04-27T14:39:26	Fermi_Speed	200
2015-04-27T14:39:29	Freq_T0	49.99
2015-04-27T14:39:32	Fermi_delay	3244.980159
2015-04-27T14:39:32	T_Head	3.52732010151499
2015-04-27T14:39:39	Phase_T0	9770
2015-04-27T14:39:39	Error_T0	1
2015-04-27T14:39:39	Freq_Thick	50
2015-04-27T14:39:39	Phase_Thick	1779
2015-04-27T14:39:39	Error_Thick	-1
2015-04-27T14:39:39	T_Sample	4.91332952932062
2015-04-27T14:39:55	Moderator_Temp	108.287506103516
2015-04-27T14:39:56	Fermi_Speed	200
2015-04-27T14:39:59	Freq_T0	50
2015-04-27T14:40:02	Fermi_delay	3245.019841
2015-04-27T14:40:02	T_Head	3.52732010151499
2015-04-27T14:40:09	Phase_T0	9770
2015-04-27T14:40:09	Error_T0	-1
2015-04-27T14:40:09	Freq_Thick	50
2015-04-27T14:40:09	Phase_Thick	1779
2015-04-27T14:40:09	Error_Thick	0
2015-04-27T14:40:09	T_Sample	4.91332952932062
2015-04-27T14:40:25	Moderator_Temp	108.324996948242
2015-04-27T14:40:26	Fermi_Speed	200
2015-04-27T14:40:29	Freq_T0	50
2015-04-27T14:40:32	Fermi_delay	3245.039683
2015-04-27T14:40:32	T_Head	3.52732010151499
2015-04-27T14:40:39	Phase_T0	9770
2015-04-27T14:40:39	Error_T0	-1
2015-04-27T14:40:39	Freq_Thick	50
2015-04-27T14:40:39	Phase_Thick	1779
2015-04-27T14:40:39	Error_Thick	-1
2015-04-27T14:40:39	T_Sample	4.91332952932062
2015-04-27T14:40:55	Moderator_Temp	108.25
2015-04-27T14:40:56	Fermi_Speed	200
2015-04-27T14:40:59	Freq_T0	50
2015-04-27T14:41:02	Fermi_delay	3245.019841
2015-04-27T14:41:02	T_Head	3.52732010151499
2015-04-27T14:41:09	Phase_T0	9770
2015-04-27T14:41:09	Error_T0	-1
2015-04-27T14:41:09	Freq_Thick	50
2015-04-27T14:41:09	Phase_Thick	1779
2015-04-27T14:41:09	Error_Thick	0
2015-04-27T14:41:09	T_Sample	4.91332952932062
2015-04-27T14:41:25	Moderator_Temp	108.25
2015-04-27T14:41:26	Fermi_Speed	200
2015-04-27T14:41:29	Freq_T0	50
2015-04-27T14:41:32	Fermi_delay	3245.019841
2015-04-27T14:41:32	T_Head	3.52732010151499
2015-04-27T14:41:39	Phase_T0	9770
2015-04-27T14:41:39	Error_T0	-1
2015-04-27T14:41:39	Freq_Thick	50
2015-04-27T14:41:39	Phase_Thick	1779
2015-04-27T14:41:39	Error_Thick	0
2015-04-27T14:41:39	T_Sample	4.91332952932062
2015-04-27T14:41:55	Moderator_Temp	108.25
2015-04-27T14:41:56	Fermi_Speed	200
2015-04-27T14:41:59	Freq_T0	50
2015-04-27T14:42:02	Fermi_delay	3244.980159
2015-04-27T14:42:02	T_Head	3.52732010151499
2015-04-27T14:42:09	Phase_T0	9770
2015-04-27T14:42:09	Error_T0	-1
2015-04-27T14:42:09	Freq_Thick	50
2015-04-27T14:42:09	Phase_Thick	1779
2015-04-27T14:42:09	Error_Thick	-1
2015-04-27T14:42:09	T_Sample	4.91332952932062
2015-04-27T14:42:25	Moderator_Temp	108.212501525879
2015-04-27T14:42:26	Fermi_Speed	200
2015-04-27T14:42:29	Freq_T0	50
2015-04-27T14:42:32	Fermi_delay	3245.039683
2015-04-27T14:42:32	T_Head	3.52732010151499
2015-04-27T14:42:39	Phase_T0	9770
2015-04-27T14:42:39	Error_T0	-1
2015-04-27T14:42:39	Freq_Thick	50
2015-04-27T14:42:39	Phase_Thick	1779
2015-04-27T14:42:39	Error_Thick	-1
2015-04-27T14:42:39	T_Sample	4.91332952932062
2015-04-27T14:42:55	Moderator_Temp	108.25
2015-04-27T14:42:56	Fermi_Speed	200
2015-04-27T14:42:59	Freq_T0	50
2015-04-27T14:43:03	Fermi_delay	3245.019841
2015-04-27T14:43:03	T_Head	3.52732010151499
2015-04-27T14:43:10	Phase_T0	9770
2015-04-27T14:43:10	Error_T0	-1
2015-04-27T14:43:10	Freq_Thick	50
2015-04-27T14:43:10	Phase_Thick	1779
2015-04-27T14:43:10	Error_Thick	-1
2015-04-27T14:43:10	T_Sample	4.91332952932062
2015-04-27T14:43:26	Moderator_Temp	108.287506103516
2015-04-27T14:43:27	Fermi_Speed	200
2015-04-27T14:43:30	Freq_T0	49.99
2015-04-27T14:43:33	Fermi_delay	3245
2015-04-27T14:43:33	T_Head	3.52732010151499
2015-04-27T14:43:40	Phase_T0	9770
2015-04-27T14:43:40	Error_T0	-1
2015-04-27T14:43:40	Freq_Thick	50
2015-04-27T14:43:40	Phase_Thick	1779
2015-04-27T14:43:40	Error_Thick	0
2015-04-27T14:43:40	T_Sample	4.9049057361053
2015-04-27T14:43:56	Moderator_Temp	108.324996948242
2015-04-27T14:43:57	Fermi_Speed	200
2015-04-27T14:44:00	Freq_T0	50
2015-04-27T14:44:03	Fermi_delay	3244.980159
2015-04-27T14:44:03	T_Head	3.52732010151499
2015-04-27T14:44:10	Phase_T0	9770
2015-04-27T14:44:10	Error_T0	0
2015-04-27T14:44:10	Freq_Thick	50
2015-04-27T14:44:10	Phase_Thick	1779
2015-04-27T14:44:10	Error_Thick	0
2015-04-27T14:44:10	T_Sample	4.9049057361053
2015-04-27T14:44:27	Moderator_Temp	108.362503051758
2015-04-27T14:44:28	Fermi_Speed	200
2015-04-27T14:44:31	Freq_T0	50
2015-04-27T14:44:34	Fermi_delay	3245.039683
2015-04-27T14:44:34	T_Head	3.52069153295166
2015-04-27T14:44:41	Phase_T0	9770
2015-04-27T14:44:41	Error_T0	-1
2015-04-27T14:44:41	Freq_Thick	50
2015-04-27T14:44:41	Phase_Thick	1779
2015-04-27T14:44:41	Error_Thick	-1
2015-04-27T14:44:41	T_Sample	4.9049057361053
2015-04-27T14:44:57	Moderator_Temp	108.362503051758
2015-04-27T14:44:58	Fermi_Speed	200
2015-04-27T14:45:01	Freq_T0	50
2015-04-27T14:45:04	Fermi_delay	3245.019841
2015-04-27T14:45:04	T_Head	3.52069153295166
2015-04-27T14:45:12	Phase_T0	9770
2015-04-27T14:45:12	Error_T0	-1
2015-04-27T14:45:12	Freq_Thick	50
2015-04-27T14:45:12	Phase_Thick	1779
2015-04-27T14:45:12	Error_Thick	0
2015-04-27T14:45:12	T_Sample	4.9049057361053
2015-04-27T14:45:28	Moderator_Temp	108.4375
2015-04-27T14:45:29	Fermi_Speed	200
2015-04-27T14:45:32	Freq_T0	50
2015-04-27T14:45:35	Fermi_delay	3245
2015-04-27T14:45:35	T_Head	3.52069153295166
2015-04-27T14:45:42	Phase_T0	9770
2015-04-27T14:45:42	Error_T0	-1
2015-04-27T14:45:42	Freq_Thick	50
2015-04-27T14:45:42	Phase_Thick	1779
2015-04-27T14:45:42	Error_Thick	-1
2015-04-27T14:45:42	T_Sample	4.9049057361053
2015-04-27T14:45:58	Moderator_Temp	108.475006103516
2015-04-27T14:45:59	Fermi_Speed	200
2015-04-27T14:46:02	Freq_T0	50
2015-04-27T14:46:05	Fermi_delay	3245
2015-04-27T14:46:05	T_Head	3.52069153295166
