2015-04-27T14:46:13	Phase_T0	9770
2015-04-27T14:46:13	Error_T0	-1
2015-04-27T14:46:13	Freq_Thick	50
2015-04-27T14:46:13	Phase_Thick	1779
2015-04-27T14:46:13	Error_Thick	-2
2015-04-27T14:46:13	T_Sample	11.382198864693
2015-04-27T14:46:29	Moderator_Temp	108.512496948242
2015-04-27T14:46:30	Fermi_Speed	200
2015-04-27T14:46:33	Freq_T0	49.99
2015-04-27T14:46:36	Fermi_delay	3245
2015-04-27T14:46:36	T_Head	45.7965245801216
2015-04-27T14:46:43	Phase_T0	9770
2015-04-27T14:46:43	Error_T0	0
2015-04-27T14:46:43	Freq_Thick	50
2015-04-27T14:46:43	Phase_Thick	1779
2015-04-27T14:46:43	Error_Thick	-1
2015-04-27T14:46:43	T_Sample	90.6487166698751
2015-04-27T14:46:59	Moderator_Temp	108.587501525879
2015-04-27T14:47:00	Fermi_Speed	200
2015-04-27T14:47:03	Freq_T0	50
2015-04-27T14:47:06	Fermi_delay	3244.980159
2015-04-27T14:47:06	T_Head	60.1659438393147
2015-04-27T14:47:13	Phase_T0	9770
2015-04-27T14:47:13	Error_T0	-1
2015-04-27T14:47:13	Freq_Thick	50
2015-04-27T14:47:13	Phase_Thick	1779
2015-04-27T14:47:13	Error_Thick	-1
2015-04-27T14:47:13	T_Sample	112.444772599974
2015-04-27T14:47:30	Moderator_Temp	108.625
2015-04-27T14:47:31	Fermi_Speed	200
2015-04-27T14:47:34	Freq_T0	50
2015-04-27T14:47:37	Fermi_delay	3245.019841
2015-04-27T14:47:37	T_Head	70.9795069055854
2015-04-27T14:47:44	Phase_T0	9770
2015-04-27T14:47:44	Error_T0	-1
2015-04-27T14:47:44	Freq_Thick	50
2015-04-27T14:47:44	Phase_Thick	1779
2015-04-27T14:47:44	Error_Thick	-1
2015-04-27T14:47:44	T_Sample	103.064761368269
2015-04-27T14:48:00	Moderator_Temp	108.662506103516
2015-04-27T14:48:01	Fermi_Speed	200
2015-04-27T14:48:04	Freq_T0	50
2015-04-27T14:48:07	Fermi_delay	3244.980159
2015-04-27T14:48:07	T_Head	79.534138500928
2015-04-27T14:48:14	Phase_T0	9770
2015-04-27T14:48:14	Error_T0	0
2015-04-27T14:48:14	Freq_Thick	50
2015-04-27T14:48:14	Phase_Thick	1779
2015-04-27T14:48:14	Error_Thick	0
2015-04-27T14:48:14	T_Sample	95.945950585405
2015-04-27T14:48:31	Moderator_Temp	108.699996948242
2015-04-27T14:48:32	Fermi_Speed	200
2015-04-27T14:48:35	Freq_T0	50
2015-04-27T14:48:38	Fermi_delay	3244.960317
2015-04-27T14:48:38	T_Head	87.2305661602728
2015-04-27T14:48:45	Phase_T0	9770
2015-04-27T14:48:45	Error_T0	-1
2015-04-27T14:48:45	Freq_Thick	50
2015-04-27T14:48:45	Phase_Thick	1779
2015-04-27T14:48:45	Error_Thick	0
2015-04-27T14:48:45	T_Sample	98.6178826233116
2015-04-27T14:49:01	Moderator_Temp	108.737503051758
2015-04-27T14:49:02	Fermi_Speed	200
2015-04-27T14:49:05	Freq_T0	50
2015-04-27T14:49:08	Fermi_delay	3245.039683
2015-04-27T14:49:08	T_Head	93.7175639662463
2015-04-27T14:49:15	Phase_T0	9770
2015-04-27T14:49:15	Error_T0	0
2015-04-27T14:49:15	Freq_Thick	50
2015-04-27T14:49:15	Phase_Thick	1779
2015-04-27T14:49:15	Error_Thick	-1
2015-04-27T14:49:15	T_Sample	102.606175139767
2015-04-27T14:49:31	Moderator_Temp	108.775001525879
2015-04-27T14:49:32	Fermi_Speed	200
2015-04-27T14:49:35	Freq_T0	49.99
2015-04-27T14:49:38	Fermi_delay	3245.019841
2015-04-27T14:49:38	T_Head	99.6710706028353
2015-04-27T14:49:45	Phase_T0	9770
2015-04-27T14:49:45	Error_T0	-1
2015-04-27T14:49:45	Freq_Thick	50
2015-04-27T14:49:45	Phase_Thick	1779
2015-04-27T14:49:45	Error_Thick	-1
2015-04-27T14:49:45	T_Sample	99.7169752346491
2015-04-27T14:50:01	Moderator_Temp	108.850006103516
2015-04-27T14:50:02	Fermi_Speed	200
2015-04-27T14:50:05	Freq_T0	50
2015-04-27T14:50:08	Fermi_delay	3244.980159
2015-04-27T14:50:08	T_Head	104.170521479127
2015-04-27T14:50:15	Phase_T0	9770
2015-04-27T14:50:15	Error_T0	-1
2015-04-27T14:50:15	Freq_Thick	50
2015-04-27T14:50:15	Phase_Thick	1779
2015-04-27T14:50:15	Error_Thick	0
2015-04-27T14:50:15	T_Sample	98.9779302028877
2015-04-27T14:50:31	Moderator_Temp	108.887496948242
2015-04-27T14:50:32	Fermi_Speed	200
2015-04-27T14:50:35	Freq_T0	50
2015-04-27T14:50:38	Fermi_delay	3244.960317
2015-04-27T14:50:38	T_Head	103.532766932575
2015-04-27T14:50:45	Phase_T0	9770
2015-04-27T14:50:45	Error_T0	-2
2015-04-27T14:50:45	Freq_Thick	50
2015-04-27T14:50:45	Phase_Thick	1779
2015-04-27T14:50:45	Error_Thick	-1
2015-04-27T14:50:45	T_Sample	100.7063179074
2015-04-27T14:51:01	Moderator_Temp	108.925003051758
2015-04-27T14:51:02	Fermi_Speed	200
2015-04-27T14:51:05	Freq_T0	50
2015-04-27T14:51:08	Fermi_delay	3244.980159
2015-04-27T14:51:08	T_Head	100.45821889472
2015-04-27T14:51:15	Phase_T0	9770
2015-04-27T14:51:15	Error_T0	0
2015-04-27T14:51:15	Freq_Thick	50
2015-04-27T14:51:15	Phase_Thick	1779
2015-04-27T14:51:15	Error_Thick	-2
2015-04-27T14:51:15	T_Sample	100.734394615267
2015-04-27T14:51:31	Moderator_Temp	108.962501525879
2015-04-27T14:51:32	Fermi_Speed	200
2015-04-27T14:51:35	Freq_T0	49.99
2015-04-27T14:51:38	Fermi_delay	3245.019841
2015-04-27T14:51:38	T_Head	97.2679466981227
2015-04-27T14:51:45	Phase_T0	9770
2015-04-27T14:51:45	Error_T0	0
2015-04-27T14:51:45	Freq_Thick	49.99
2015-04-27T14:51:45	Phase_Thick	1779
2015-04-27T14:51:45	Error_Thick	0
2015-04-27T14:51:45	T_Sample	100.039123069007
2015-04-27T14:52:01	Moderator_Temp	109
2015-04-27T14:52:02	Fermi_Speed	200
2015-04-27T14:52:05	Freq_T0	50
2015-04-27T14:52:08	Fermi_delay	3245.039683
2015-04-27T14:52:08	T_Head	94.370547775031
2015-04-27T14:52:15	Phase_T0	9770
2015-04-27T14:52:15	Error_T0	2
2015-04-27T14:52:15	Freq_Thick	50
2015-04-27T14:52:15	Phase_Thick	1779
2015-04-27T14:52:15	Error_Thick	-1
2015-04-27T14:52:15	T_Sample	99.6885504257352
2015-04-27T14:52:31	Moderator_Temp	109.037506103516
2015-04-27T14:52:32	Fermi_Speed	200
2015-04-27T14:52:35	Freq_T0	50
2015-04-27T14:52:38	Fermi_delay	3245
2015-04-27T14:52:38	T_Head	92.908643725513
2015-04-27T14:52:45	Phase_T0	9770
2015-04-27T14:52:45	Error_T0	-1
2015-04-27T14:52:45	Freq_Thick	50
2015-04-27T14:52:45	Phase_Thick	1779
2015-04-27T14:52:45	Error_Thick	-1
2015-04-27T14:52:45	T_Sample	99.7832997887815
2015-04-27T14:53:01	Moderator_Temp	109.074996948242
2015-04-27T14:53:02	Fermi_Speed	200
2015-04-27T14:53:05	Freq_T0	50
2015-04-27T14:53:08	Fermi_delay	3244.980159
2015-04-27T14:53:08	T_Head	96.6527469785163
2015-04-27T14:53:15	Phase_T0	9770
2015-04-27T14:53:15	Error_T0	-1
2015-04-27T14:53:15	Freq_Thick	50
2015-04-27T14:53:15	Phase_Thick	1779
2015-04-27T14:53:15	Error_Thick	-1
2015-04-27T14:53:15	T_Sample	100.077022814225
2015-04-27T14:53:31	Moderator_Temp	109.150001525879
2015-04-27T14:53:32	Fermi_Speed	200
2015-04-27T14:53:36	Freq_T0	49.99
2015-04-27T14:53:39	Fermi_delay	3245.039683
2015-04-27T14:53:39	T_Head	102.438113606404
2015-04-27T14:53:46	Phase_T0	9770
2015-04-27T14:53:46	Error_T0	0
2015-04-27T14:53:46	Freq_Thick	50
2015-04-27T14:53:46	Phase_Thick	1779
2015-04-27T14:53:46	Error_Thick	-1
2015-04-27T14:53:46	T_Sample	100.341320705122
2015-04-27T14:54:02	Moderator_Temp	109.1875
2015-04-27T14:54:03	Fermi_Speed	200
2015-04-27T14:54:06	Freq_T0	50
2015-04-27T14:54:09	Fermi_delay	3245
2015-04-27T14:54:09	T_Head	104.170521479127
2015-04-27T14:54:16	Phase_T0	9770
2015-04-27T14:54:16	Error_T0	-1
2015-04-27T14:54:16	Freq_Thick	50
2015-04-27T14:54:16	Phase_Thick	1779
2015-04-27T14:54:16	Error_Thick	-1
2015-04-27T14:54:16	T_Sample	100.397474120857
2015-04-27T14:54:32	Moderator_Temp	109.225006103516
2015-04-27T14:54:33	Fermi_Speed	200
2015-04-27T14:54:36	Freq_T0	50
2015-04-27T14:54:39	Fermi_delay	3244.940476
2015-04-27T14:54:39	T_Head	102.133514419991
2015-04-27T14:54:46	Phase_T0	9770
2015-04-27T14:54:46	Error_T0	-1
2015-04-27T14:54:46	Freq_Thick	50
2015-04-27T14:54:46	Phase_Thick	1779
2015-04-27T14:54:46	Error_Thick	0
2015-04-27T14:54:46	T_Sample	100.29452619201
2015-04-27T14:55:02	Moderator_Temp	109.262496948242
2015-04-27T14:55:03	Fermi_Speed	200
2015-04-27T14:55:06	Freq_T0	50
2015-04-27T14:55:09	Fermi_delay	3245.019841
2015-04-27T14:55:09	T_Head	99.3538582474133
2015-04-27T14:55:16	Phase_T0	9770
2015-04-27T14:55:16	Error_T0	-2
2015-04-27T14:55:16	Freq_Thick	50
2015-04-27T14:55:16	Phase_Thick	1779
2015-04-27T14:55:16	Error_Thick	-1
2015-04-27T14:55:16	T_Sample	100.114922559444
2015-04-27T14:55:32	Moderator_Temp	109.300003051758
2015-04-27T14:55:33	Fermi_Speed	200
2015-04-27T14:55:36	Freq_T0	50
2015-04-27T14:55:39	Fermi_delay	3245.059524
2015-04-27T14:55:39	T_Head	96.7200344478483
2015-04-27T14:55:46	Phase_T0	9770
2015-04-27T14:55:46	Error_T0	0
2015-04-27T14:55:46	Freq_Thick	50
2015-04-27T14:55:46	Phase_Thick	1779
2015-04-27T14:55:46	Error_Thick	0
2015-04-27T14:55:46	T_Sample	99.9348987696556
2015-04-27T14:56:02	Moderator_Temp	109.337501525879
2015-04-27T14:56:03	Fermi_Speed	200
2015-04-27T14:56:06	Freq_T0	50
2015-04-27T14:56:09	Fermi_delay	3245
2015-04-27T14:56:09	T_Head	94.3413096940406
2015-04-27T14:56:16	Phase_T0	9770
2015-04-27T14:56:16	Error_T0	-1
2015-04-27T14:56:16	Freq_Thick	50
2015-04-27T14:56:16	Phase_Thick	1779
2015-04-27T14:56:16	Error_Thick	0
2015-04-27T14:56:16	T_Sample	99.8117245976954
2015-04-27T14:56:32	Moderator_Temp	109.412506103516
2015-04-27T14:56:33	Fermi_Speed	200
2015-04-27T14:56:36	Freq_T0	50
2015-04-27T14:56:39	Fermi_delay	3245.019841
2015-04-27T14:56:39	T_Head	93.5226434263105
2015-04-27T14:56:46	Phase_T0	9770
2015-04-27T14:56:46	Error_T0	-1
2015-04-27T14:56:46	Freq_Thick	50
2015-04-27T14:56:46	Phase_Thick	1779
2015-04-27T14:56:46	Error_Thick	0
2015-04-27T14:56:46	T_Sample	99.745400043563
2015-04-27T14:57:02	Moderator_Temp	109.449996948242
2015-04-27T14:57:03	Fermi_Speed	200
2015-04-27T14:57:06	Freq_T0	50
2015-04-27T14:57:09	Fermi_delay	3246.170635
2015-04-27T14:57:09	T_Head	97.4313591236432
2015-04-27T14:57:16	Phase_T0	9770
2015-04-27T14:57:16	Error_T0	3
2015-04-27T14:57:16	Freq_Thick	50
2015-04-27T14:57:16	Phase_Thick	1779
2015-04-27T14:57:16	Error_Thick	-1
2015-04-27T14:57:16	T_Sample	99.8969990244371
2015-04-27T14:57:32	Moderator_Temp	109.487503051758
2015-04-27T14:57:33	Fermi_Speed	200
2015-04-27T14:57:36	Freq_T0	50
2015-04-27T14:57:39	Fermi_delay	3244.563492
2015-04-27T14:57:39	T_Head	102.457151055554
2015-04-27T14:57:46	Phase_T0	9770
2015-04-27T14:57:46	Error_T0	0
2015-04-27T14:57:46	Freq_Thick	50
2015-04-27T14:57:46	Phase_Thick	1779
2015-04-27T14:57:46	Error_Thick	0
2015-04-27T14:57:46	T_Sample	100.181247113576
2015-04-27T14:58:03	Moderator_Temp	109.525001525879
2015-04-27T14:58:04	Fermi_Speed	200
2015-04-27T14:58:07	Freq_T0	50
2015-04-27T14:58:09	Fermi_delay	3244.980159
2015-04-27T14:58:09	T_Head	103.475654585123
2015-04-27T14:58:17	Phase_T0	9770
2015-04-27T14:58:17	Error_T0	-2
2015-04-27T14:58:17	Freq_Thick	50
2015-04-27T14:58:17	Phase_Thick	1779
2015-04-27T14:58:17	Error_Thick	-1
2015-04-27T14:58:17	T_Sample	100.360038510367
2015-04-27T14:58:34	Moderator_Temp	109.5625
2015-04-27T14:58:35	Fermi_Speed	200
2015-04-27T14:58:38	Freq_T0	50
2015-04-27T14:58:40	Fermi_delay	3245.019841
2015-04-27T14:58:40	T_Head	101.276829208204
2015-04-27T14:58:47	Phase_T0	9770
2015-04-27T14:58:47	Error_T0	0
2015-04-27T14:58:47	Freq_Thick	50
2015-04-27T14:58:47	Phase_Thick	1779
2015-04-27T14:58:47	Error_Thick	0
2015-04-27T14:58:47	T_Sample	100.350679607745
2015-04-27T14:59:04	Moderator_Temp	109.637496948242
2015-04-27T14:59:05	Fermi_Speed	200
2015-04-27T14:59:08	Freq_T0	50
2015-04-27T14:59:10	Fermi_delay	3245.039683
2015-04-27T14:59:10	T_Head	98.6425335716183
2015-04-27T14:59:17	Phase_T0	9770
2015-04-27T14:59:17	Error_T0	-1
2015-04-27T14:59:17	Freq_Thick	50
2015-04-27T14:59:17	Phase_Thick	1779
2015-04-27T14:59:17	Error_Thick	-1
2015-04-27T14:59:17	T_Sample	100.229013873652
2015-04-27T14:59:35	Moderator_Temp	109.675003051758
2015-04-27T14:59:36	Fermi_Speed	200
2015-04-27T14:59:39	Freq_T0	50
2015-04-27T14:59:40	T_Head	96.1432847107173
2015-04-27T14:59:41	Fermi_delay	3244.980159
2015-04-27T14:59:47	Phase_T0	9770
2015-04-27T14:59:47	Error_T0	-1
2015-04-27T14:59:47	Phase_Thick	1779
2015-04-27T14:59:47	Error_Thick	-1
2015-04-27T14:59:47	T_Sample	100.029648132702
2015-04-27T14:59:48	Freq_Thick	50
2015-04-27T15:00:05	Moderator_Temp	109.675003051758
2015-04-27T15:00:06	Fermi_Speed	200
2015-04-27T15:00:09	Freq_T0	50
2015-04-27T15:00:10	T_Head	93.9319765601756
2015-04-27T15:00:11	Fermi_delay	3244.980159
2015-04-27T15:00:17	Phase_T0	9770
2015-04-27T15:00:17	Error_T0	0
2015-04-27T15:00:17	Phase_Thick	1779
2015-04-27T15:00:17	Error_Thick	0
2015-04-27T15:00:17	T_Sample	99.8117245976954
2015-04-27T15:00:18	Freq_Thick	50
2015-04-27T15:00:36	Moderator_Temp	109.75
2015-04-27T15:00:37	Fermi_Speed	200
2015-04-27T15:00:40	Freq_T0	50
2015-04-27T15:00:41	T_Head	94.0294368301435
2015-04-27T15:00:42	Fermi_delay	3245.039683
2015-04-27T15:00:48	Phase_T0	9770
2015-04-27T15:00:48	Error_T0	-1
2015-04-27T15:00:48	Phase_Thick	1779
2015-04-27T15:00:48	Error_Thick	0
2015-04-27T15:00:48	T_Sample	99.6032759989935
2015-04-27T15:00:49	Freq_Thick	50
2015-04-27T15:01:06	Moderator_Temp	109.787506103516
2015-04-27T15:01:07	Fermi_Speed	200
2015-04-27T15:01:10	Freq_T0	49.99
2015-04-27T15:01:11	T_Head	98.729046032188
2015-04-27T15:01:12	Fermi_delay	3245.019841
2015-04-27T15:01:18	Phase_T0	9770
2015-04-27T15:01:18	Error_T0	-1
2015-04-27T15:01:18	Phase_Thick	1779
2015-04-27T15:01:18	Error_Thick	0
2015-04-27T15:01:18	T_Sample	99.6506506805167
2015-04-27T15:01:19	Freq_Thick	50
2015-04-27T15:01:36	Moderator_Temp	109.862503051758
2015-04-27T15:01:37	Fermi_Speed	200
2015-04-27T15:01:40	Freq_T0	50
2015-04-27T15:01:41	T_Head	103.218649021587
2015-04-27T15:01:42	Fermi_delay	3245.019841
2015-04-27T15:01:48	Phase_T0	9770
2015-04-27T15:01:48	Error_T0	1
2015-04-27T15:01:48	Phase_Thick	1779
2015-04-27T15:01:48	Error_Thick	-1
2015-04-27T15:01:48	T_Sample	100.010698260093
2015-04-27T15:01:49	Freq_Thick	50
2015-04-27T15:02:06	Moderator_Temp	109.900001525879
2015-04-27T15:02:07	Fermi_Speed	200
2015-04-27T15:02:10	Freq_T0	50
2015-04-27T15:02:11	T_Head	103.113943051257
2015-04-27T15:02:12	Fermi_delay	3244.980159
2015-04-27T15:02:18	Phase_T0	9770
2015-04-27T15:02:18	Error_T0	-1
2015-04-27T15:02:18	Phase_Thick	1779
2015-04-27T15:02:18	Error_Thick	0
2015-04-27T15:02:18	T_Sample	100.378756315612
2015-04-27T15:02:19	Freq_Thick	50
2015-04-27T15:02:37	Moderator_Temp	109.900001525879
2015-04-27T15:02:38	Fermi_Speed	200
2015-04-27T15:02:40	Freq_T0	50
2015-04-27T15:02:41	T_Head	100.762818081133
2015-04-27T15:02:42	Fermi_delay	3245.039683
2015-04-27T15:02:48	Phase_T0	9770
2015-04-27T15:02:48	Error_T0	-1
2015-04-27T15:02:48	Phase_Thick	1779
2015-04-27T15:02:48	Error_Thick	0
2015-04-27T15:02:48	T_Sample	100.425550828725
2015-04-27T15:02:49	Freq_Thick	50
2015-04-27T15:03:07	Moderator_Temp	109.9375
2015-04-27T15:03:08	Fermi_Speed	200
2015-04-27T15:03:10	Freq_T0	50
2015-04-27T15:03:11	T_Head	98.1619087906758
2015-04-27T15:03:12	Fermi_delay	3245.059524
2015-04-27T15:03:18	Phase_T0	9770
2015-04-27T15:03:18	Error_T0	0
2015-04-27T15:03:18	Phase_Thick	1779
2015-04-27T15:03:18	Error_Thick	-1
2015-04-27T15:03:18	T_Sample	100.29452619201
2015-04-27T15:03:19	Freq_Thick	50
2015-04-27T15:03:38	Moderator_Temp	109.975006103516
2015-04-27T15:03:39	Fermi_Speed	200
2015-04-27T15:03:40	Freq_T0	50
2015-04-27T15:03:41	T_Head	95.710722407869
2015-04-27T15:03:42	Fermi_delay	3245.019841
2015-04-27T15:03:48	Phase_T0	9770
2015-04-27T15:03:48	Error_T0	-1
2015-04-27T15:03:48	Phase_Thick	1779
2015-04-27T15:03:48	Error_Thick	-1
2015-04-27T15:03:48	T_Sample	100.08649775053
2015-04-27T15:03:49	Freq_Thick	50
2015-04-27T15:04:08	Moderator_Temp	109.975006103516
2015-04-27T15:04:09	Fermi_Speed	200
2015-04-27T15:04:10	Freq_T0	50
2015-04-27T15:04:11	T_Head	93.6785798582591
2015-04-27T15:04:12	Fermi_delay	3245
2015-04-27T15:04:19	Phase_T0	9770
2015-04-27T15:04:19	Error_T0	-1
2015-04-27T15:04:19	Phase_Thick	1779
2015-04-27T15:04:19	Error_Thick	-1
2015-04-27T15:04:19	T_Sample	99.8117245976954
2015-04-27T15:04:20	Freq_Thick	50
2015-04-27T15:04:39	Moderator_Temp	110.050003051758
2015-04-27T15:04:40	Fermi_Speed	200
2015-04-27T15:04:41	Freq_T0	50
2015-04-27T15:04:42	T_Head	94.8773411788639
2015-04-27T15:04:43	Fermi_delay	3245
2015-04-27T15:04:49	Phase_T0	9770
2015-04-27T15:04:49	Error_T0	0
2015-04-27T15:04:49	Error_Thick	1
2015-04-27T15:04:49	T_Sample	99.5843261263842
2015-04-27T15:04:50	Phase_Thick	1779
2015-04-27T15:04:51	Freq_Thick	50
2015-04-27T15:05:09	Moderator_Temp	110.050003051758
2015-04-27T15:05:10	Fermi_Speed	200
2015-04-27T15:05:11	Freq_T0	50
2015-04-27T15:05:12	T_Head	99.824870532737
2015-04-27T15:05:13	Fermi_delay	3245.039683
2015-04-27T15:05:19	Phase_T0	9770
2015-04-27T15:05:19	Error_T0	-1
2015-04-27T15:05:19	Error_Thick	0
2015-04-27T15:05:19	T_Sample	99.5748511900796
2015-04-27T15:05:20	Phase_Thick	1779
2015-04-27T15:05:21	Freq_Thick	50
2015-04-27T15:05:39	Moderator_Temp	110.050003051758
2015-04-27T15:05:40	Fermi_Speed	200
2015-04-27T15:05:41	Freq_T0	50
2015-04-27T15:05:42	T_Head	103.409023513095
2015-04-27T15:05:43	Fermi_delay	3245.059524
2015-04-27T15:05:49	Phase_T0	9770
2015-04-27T15:05:49	Error_T0	0
2015-04-27T15:05:49	Error_Thick	-1
2015-04-27T15:05:49	T_Sample	99.925423833351
2015-04-27T15:05:50	Phase_Thick	1779
2015-04-27T15:05:51	Freq_Thick	50
2015-04-27T15:06:09	Moderator_Temp	110.087501525879
2015-04-27T15:06:10	Fermi_Speed	200
2015-04-27T15:06:11	Freq_T0	49.99
2015-04-27T15:06:12	T_Head	102.523782127582
2015-04-27T15:06:13	Fermi_delay	3245.019841
2015-04-27T15:06:19	Phase_T0	9770
2015-04-27T15:06:19	Error_T0	-1
2015-04-27T15:06:19	Error_Thick	0
2015-04-27T15:06:19	T_Sample	100.3319618025
2015-04-27T15:06:20	Phase_Thick	1779
2015-04-27T15:06:21	Freq_Thick	49.99
2015-04-27T15:06:39	Moderator_Temp	110.125
2015-04-27T15:06:40	Fermi_Speed	200
2015-04-27T15:06:41	Freq_T0	49.99
2015-04-27T15:06:42	T_Head	100.055570427589
2015-04-27T15:06:43	Fermi_delay	3244.980159
2015-04-27T15:06:49	Phase_T0	9770
2015-04-27T15:06:49	Error_T0	-1
2015-04-27T15:06:49	Error_Thick	-1
2015-04-27T15:06:49	T_Sample	100.416191926102
2015-04-27T15:06:50	Phase_Thick	1779
2015-04-27T15:06:51	Freq_Thick	50
2015-04-27T15:07:09	Moderator_Temp	110.125
2015-04-27T15:07:10	Fermi_Speed	200
2015-04-27T15:07:11	Freq_T0	50
2015-04-27T15:07:12	T_Head	97.4890340973563
2015-04-27T15:07:13	Fermi_delay	3244.980159
2015-04-27T15:07:19	Phase_T0	9770
2015-04-27T15:07:19	Error_T0	-1
2015-04-27T15:07:19	Error_Thick	-1
2015-04-27T15:07:19	T_Sample	100.285167289387
2015-04-27T15:07:20	Phase_Thick	1779
2015-04-27T15:07:21	Freq_Thick	50
2015-04-27T15:07:39	Moderator_Temp	110.162506103516
2015-04-27T15:07:40	Fermi_Speed	200
2015-04-27T15:07:41	Freq_T0	50
2015-04-27T15:07:42	T_Head	95.1307378807804
2015-04-27T15:07:43	Fermi_delay	3245.039683
2015-04-27T15:07:49	Phase_T0	9770
2015-04-27T15:07:49	Error_T0	3
2015-04-27T15:07:49	Error_Thick	-1
2015-04-27T15:07:49	T_Sample	100.06754787792
2015-04-27T15:07:50	Phase_Thick	1779
2015-04-27T15:07:51	Freq_Thick	50
2015-04-27T15:08:09	Moderator_Temp	110.199996948242
2015-04-27T15:08:10	Fermi_Speed	200
2015-04-27T15:08:11	Freq_T0	50
2015-04-27T15:08:12	T_Head	93.4349291833395
2015-04-27T15:08:13	Fermi_delay	3245.019841
2015-04-27T15:08:19	Phase_T0	9770
2015-04-27T15:08:19	Error_T0	0
2015-04-27T15:08:19	Error_Thick	0
2015-04-27T15:08:19	T_Sample	99.8022496613908
2015-04-27T15:08:20	Phase_Thick	1779
2015-04-27T15:08:21	Freq_Thick	50
2015-04-27T15:08:39	Moderator_Temp	110.237503051758
2015-04-27T15:08:40	Fermi_Speed	200
2015-04-27T15:08:41	Freq_T0	50
2015-04-27T15:08:42	T_Head	95.8452973465328
2015-04-27T15:08:43	Fermi_delay	3245
2015-04-27T15:08:49	Phase_T0	9770
2015-04-27T15:08:49	Error_T0	-1
2015-04-27T15:08:49	Error_Thick	-1
2015-04-27T15:08:49	T_Sample	99.5938010626888
2015-04-27T15:08:50	Phase_Thick	1779
2015-04-27T15:08:51	Freq_Thick	50
2015-04-27T15:09:09	Moderator_Temp	110.237503051758
2015-04-27T15:09:10	Fermi_Speed	200
2015-04-27T15:09:11	Freq_T0	50
2015-04-27T15:09:12	T_Head	101.038861093819
2015-04-27T15:09:13	Fermi_delay	3244.980159
2015-04-27T15:09:19	Phase_T0	9770
2015-04-27T15:09:19	Error_T0	-1
2015-04-27T15:09:19	Error_Thick	0
2015-04-27T15:09:19	T_Sample	99.6506506805167
2015-04-27T15:09:20	Phase_Thick	1779
2015-04-27T15:09:21	Freq_Thick	50
2015-04-27T15:09:39	Moderator_Temp	110.275001525879
2015-04-27T15:09:40	Fermi_Speed	200
2015-04-27T15:09:41	Freq_T0	50
2015-04-27T15:09:42	T_Head	103.551804381726
2015-04-27T15:09:43	Fermi_delay	3244.960317
2015-04-27T15:09:49	Phase_T0	9770
2015-04-27T15:09:49	Error_T0	-1
2015-04-27T15:09:49	Error_Thick	0
2015-04-27T15:09:49	T_Sample	100.048598005311
2015-04-27T15:09:50	Phase_Thick	1779
2015-04-27T15:09:51	Freq_Thick	50
2015-04-27T15:10:10	Moderator_Temp	110.275001525879
2015-04-27T15:10:11	Fermi_Speed	200
2015-04-27T15:10:12	Freq_T0	50
2015-04-27T15:10:13	T_Head	101.962177377633
2015-04-27T15:10:14	Fermi_delay	3245.039683
2015-04-27T15:10:20	Phase_T0	9770
2015-04-27T15:10:20	Error_T0	-1
2015-04-27T15:10:20	Error_Thick	-1
2015-04-27T15:10:20	T_Sample	100.360038510367
2015-04-27T15:10:21	Phase_Thick	1779
2015-04-27T15:10:22	Freq_Thick	50
2015-04-27T15:10:40	Moderator_Temp	110.3125
2015-04-27T15:10:41	Fermi_Speed	200
2015-04-27T15:10:42	Freq_T0	50
2015-04-27T15:10:43	T_Head	99.3923082298887
2015-04-27T15:10:44	Fermi_delay	3245.059524
2015-04-27T15:10:50	Phase_T0	9770
2015-04-27T15:10:50	Error_T0	-1
2015-04-27T15:10:50	Error_Thick	-1
2015-04-27T15:10:50	T_Sample	100.388115218235
2015-04-27T15:10:51	Phase_Thick	1779
2015-04-27T15:10:52	Freq_Thick	50
2015-04-27T15:11:10	Moderator_Temp	110.275001525879
2015-04-27T15:11:11	Fermi_Speed	200
2015-04-27T15:11:12	Freq_T0	50
2015-04-27T15:11:13	T_Head	96.8738343777499
2015-04-27T15:11:14	Fermi_delay	3245.019841
2015-04-27T15:11:20	Phase_T0	9770
2015-04-27T15:11:20	Error_T0	0
2015-04-27T15:11:20	Error_Thick	-1
2015-04-27T15:11:20	T_Sample	100.238372776275
2015-04-27T15:11:21	Phase_Thick	1779
2015-04-27T15:11:22	Freq_Thick	50
2015-04-27T15:11:40	Moderator_Temp	110.3125
2015-04-27T15:11:41	Fermi_Speed	200
2015-04-27T15:11:42	Freq_T0	50
2015-04-27T15:11:43	T_Head	94.5947063959571
2015-04-27T15:11:44	Fermi_delay	3245.019841
2015-04-27T15:11:50	Phase_T0	9770
2015-04-27T15:11:50	Error_T0	0
2015-04-27T15:11:50	Error_Thick	-1
2015-04-27T15:11:50	T_Sample	100.001223323788
2015-04-27T15:11:51	Phase_Thick	1779
2015-04-27T15:11:52	Freq_Thick	50
2015-04-27T15:12:10	Moderator_Temp	110.3125
2015-04-27T15:12:11	Fermi_Speed	200
2015-04-27T15:12:12	Freq_T0	50
2015-04-27T15:12:13	T_Head	93.5323894533073
2015-04-27T15:12:14	Fermi_delay	3244.980159
2015-04-27T15:12:20	Phase_T0	9770
2015-04-27T15:12:20	Error_T0	-1
2015-04-27T15:12:20	Error_Thick	-1
2015-04-27T15:12:20	T_Sample	99.745400043563
2015-04-27T15:12:21	Phase_Thick	1779
2015-04-27T15:12:22	Freq_Thick	50
2015-04-27T15:12:40	Moderator_Temp	110.3125
2015-04-27T15:12:41	Fermi_Speed	200
2015-04-27T15:12:42	Freq_T0	50
2015-04-27T15:12:43	T_Head	97.056471794508
2015-04-27T15:12:44	Fermi_delay	3245
2015-04-27T15:12:50	Phase_T0	9770
2015-04-27T15:12:50	Error_T0	0
2015-04-27T15:12:50	Error_Thick	-1
2015-04-27T15:12:50	T_Sample	99.5748511900796
2015-04-27T15:12:51	Phase_Thick	1779
2015-04-27T15:12:52	Freq_Thick	50
2015-04-27T15:13:10	Moderator_Temp	110.3125
2015-04-27T15:13:11	Fermi_Speed	200
2015-04-27T15:13:12	Freq_T0	50
2015-04-27T15:13:13	T_Head	102.085920797114
2015-04-27T15:13:14	Fermi_delay	3245.039683
2015-04-27T15:13:20	Phase_T0	9770
2015-04-27T15:13:20	Error_T0	0
2015-04-27T15:13:20	Error_Thick	-1
2015-04-27T15:13:20	T_Sample	99.7075002983444
2015-04-27T15:13:21	Phase_Thick	1779
2015-04-27T15:13:22	Freq_Thick	50
2015-04-27T15:13:40	Moderator_Temp	110.350006103516
2015-04-27T15:13:41	Fermi_Speed	200
2015-04-27T15:13:42	Freq_T0	50
2015-04-27T15:13:43	T_Head	103.380467339369
2015-04-27T15:13:44	Fermi_delay	3245.019841
2015-04-27T15:13:50	Phase_T0	9770
2015-04-27T15:13:50	Error_T0	-1
2015-04-27T15:13:50	Error_Thick	-1
2015-04-27T15:13:50	T_Sample	100.124397495748
2015-04-27T15:13:51	Phase_Thick	1779
2015-04-27T15:13:52	Freq_Thick	50
2015-04-27T15:14:10	Moderator_Temp	110.350006103516
2015-04-27T15:14:11	Fermi_Speed	200
2015-04-27T15:14:12	Freq_T0	50
2015-04-27T15:14:13	T_Head	101.429128801411
2015-04-27T15:14:14	Fermi_delay	3244.980159
2015-04-27T15:14:20	Phase_T0	9770
2015-04-27T15:14:20	Error_T0	-1
2015-04-27T15:14:20	Error_Thick	0
2015-04-27T15:14:20	T_Sample	100.388115218235
2015-04-27T15:14:21	Phase_Thick	1779
2015-04-27T15:14:22	Freq_Thick	50
2015-04-27T15:14:40	Moderator_Temp	110.350006103516
2015-04-27T15:14:41	Fermi_Speed	200
2015-04-27T15:14:42	Freq_T0	50
2015-04-27T15:14:43	T_Head	98.8251709883765
2015-04-27T15:14:44	Fermi_delay	3244.980159
2015-04-27T15:14:50	Phase_T0	9770
2015-04-27T15:14:50	Error_T0	0
2015-04-27T15:14:50	Error_Thick	-1
2015-04-27T15:14:50	T_Sample	100.360038510367
2015-04-27T15:14:51	Phase_Thick	1779
2015-04-27T15:14:52	Freq_Thick	50
2015-04-27T15:15:10	Moderator_Temp	110.387496948242
2015-04-27T15:15:11	Fermi_Speed	200
2015-04-27T15:15:12	Freq_T0	50
2015-04-27T15:15:13	T_Head	96.3547596143319
2015-04-27T15:15:14	Fermi_delay	3245
2015-04-27T15:15:20	Phase_T0	9770
2015-04-27T15:15:20	Error_T0	-1
2015-04-27T15:15:20	Error_Thick	-1
2015-04-27T15:15:20	T_Sample	100.190722049881
2015-04-27T15:15:21	Phase_Thick	1779
2015-04-27T15:15:22	Freq_Thick	50
2015-04-27T15:15:40	Moderator_Temp	110.387496948242
2015-04-27T15:15:41	Fermi_Speed	200
2015-04-27T15:15:42	Freq_T0	50
2015-04-27T15:15:43	T_Head	94.1268971001113
2015-04-27T15:15:44	Fermi_delay	3244.980159
2015-04-27T15:15:50	Phase_T0	9770
2015-04-27T15:15:50	Error_T0	-2
2015-04-27T15:15:50	Error_Thick	-1
2015-04-27T15:15:50	T_Sample	99.9538486422649
2015-04-27T15:15:51	Phase_Thick	1779
2015-04-27T15:15:52	Freq_Thick	50
2015-04-27T15:16:11	Moderator_Temp	110.387496948242
2015-04-27T15:16:12	Fermi_Speed	200
2015-04-27T15:16:13	Freq_T0	49.99
2015-04-27T15:16:14	T_Head	93.9807066951595
2015-04-27T15:16:15	Fermi_delay	3245.019841
2015-04-27T15:16:21	Phase_T0	9770
2015-04-27T15:16:21	Error_T0	-1
2015-04-27T15:16:21	Error_Thick	0
2015-04-27T15:16:21	T_Sample	99.6885504257352
2015-04-27T15:16:22	Phase_Thick	1779
2015-04-27T15:16:23	Freq_Thick	50
2015-04-27T15:16:42	Moderator_Temp	110.387496948242
2015-04-27T15:16:42	Fermi_Speed	200
2015-04-27T15:16:44	Freq_T0	49.99
2015-04-27T15:16:44	T_Head	98.4022211811471
2015-04-27T15:16:45	Fermi_delay	3245.039683
2015-04-27T15:16:52	Phase_T0	9770
2015-04-27T15:16:52	Error_T0	-2
2015-04-27T15:16:52	Phase_Thick	1779
2015-04-27T15:16:52	Error_Thick	0
2015-04-27T15:16:52	T_Sample	99.5843261263842
2015-04-27T15:16:53	Freq_Thick	50
2015-04-27T15:17:12	Moderator_Temp	110.425003051758
2015-04-27T15:17:12	Fermi_Speed	200
2015-04-27T15:17:14	Freq_T0	50
2015-04-27T15:17:14	T_Head	102.923568559749
2015-04-27T15:17:15	Fermi_delay	3245.039683
2015-04-27T15:17:22	Phase_T0	9770
2015-04-27T15:17:22	Error_T0	0
2015-04-27T15:17:22	Phase_Thick	1779
2015-04-27T15:17:22	Error_Thick	-1
2015-04-27T15:17:22	T_Sample	99.8022496613908
2015-04-27T15:17:23	Freq_Thick	50
2015-04-27T15:17:43	Moderator_Temp	110.425003051758
2015-04-27T15:17:43	Fermi_Speed	200
2015-04-27T15:17:44	T_Head	103.056830703805
2015-04-27T15:17:45	Freq_T0	50
2015-04-27T15:17:46	Fermi_delay	3244.980159
2015-04-27T15:17:53	Phase_T0	9770
2015-04-27T15:17:53	Error_T0	-1
2015-04-27T15:17:53	Phase_Thick	1779
2015-04-27T15:17:53	Error_Thick	0
2015-04-27T15:17:53	T_Sample	100.238372776275
2015-04-27T15:17:54	Freq_Thick	50
2015-04-27T15:18:13	Moderator_Temp	110.425003051758
2015-04-27T15:18:13	Fermi_Speed	200
2015-04-27T15:18:14	T_Head	100.81041170401
2015-04-27T15:18:15	Freq_T0	50
2015-04-27T15:18:16	Fermi_delay	3245
2015-04-27T15:18:23	Phase_T0	9770
2015-04-27T15:18:23	Error_T0	-1
2015-04-27T15:18:23	Phase_Thick	1779
2015-04-27T15:18:23	Error_Thick	-1
2015-04-27T15:18:23	T_Sample	100.397474120857
2015-04-27T15:18:24	Freq_Thick	50
2015-04-27T15:18:44	Moderator_Temp	110.387496948242
2015-04-27T15:18:44	Fermi_Speed	200
2015-04-27T15:18:44	T_Head	98.2003587731512
2015-04-27T15:18:46	Freq_T0	50
2015-04-27T15:18:47	Fermi_delay	3245.019841
2015-04-27T15:18:53	Phase_T0	9770
2015-04-27T15:18:53	Error_T0	0
2015-04-27T15:18:53	Phase_Thick	1779
2015-04-27T15:18:53	Error_Thick	-1
2015-04-27T15:18:53	T_Sample	100.322602899877
2015-04-27T15:18:55	Freq_Thick	50
2015-04-27T15:19:14	Moderator_Temp	110.425003051758
2015-04-27T15:19:14	Fermi_Speed	200
2015-04-27T15:19:14	T_Head	95.7876223728197
2015-04-27T15:19:16	Freq_T0	50
2015-04-27T15:19:17	Fermi_delay	3244.980159
2015-04-27T15:19:23	Phase_T0	9770
2015-04-27T15:19:23	Error_T0	-1
2015-04-27T15:19:23	Phase_Thick	1779
2015-04-27T15:19:23	Error_Thick	0
2015-04-27T15:19:23	T_Sample	100.124397495748
2015-04-27T15:19:26	Freq_Thick	50
2015-04-27T15:19:44	Moderator_Temp	110.425003051758
2015-04-27T15:19:44	Fermi_Speed	200
2015-04-27T15:19:44	T_Head	93.7370560202398
2015-04-27T15:19:46	Freq_T0	49.99
2015-04-27T15:19:47	Fermi_delay	3245.039683
2015-04-27T15:19:54	Phase_T0	9770
2015-04-27T15:19:54	Error_T0	-1
2015-04-27T15:19:54	Phase_Thick	1779
2015-04-27T15:19:54	Error_Thick	0
2015-04-27T15:19:54	T_Sample	99.8590992792186
2015-04-27T15:19:56	Freq_Thick	50
2015-04-27T15:20:14	Moderator_Temp	110.425003051758
2015-04-27T15:20:14	Fermi_Speed	200
2015-04-27T15:20:14	T_Head	94.6239444769475
2015-04-27T15:20:16	Freq_T0	50
2015-04-27T15:20:17	Fermi_delay	3245.019841
2015-04-27T15:20:25	Phase_T0	9770
2015-04-27T15:20:25	Error_T0	-1
2015-04-27T15:20:25	Phase_Thick	1779
2015-04-27T15:20:25	Error_Thick	-1
2015-04-27T15:20:25	T_Sample	99.6317008079074
2015-04-27T15:20:27	Freq_Thick	50
2015-04-27T15:20:44	Moderator_Temp	110.425003051758
2015-04-27T15:20:44	Fermi_Speed	200
2015-04-27T15:20:44	T_Head	99.498045681696
2015-04-27T15:20:46	Freq_T0	50
2015-04-27T15:20:47	Fermi_delay	3245
2015-04-27T15:20:55	Phase_T0	9770
2015-04-27T15:20:55	Error_T0	-1
2015-04-27T15:20:55	Phase_Thick	1779
2015-04-27T15:20:55	Error_Thick	-1
2015-04-27T15:20:55	T_Sample	99.6222258716027
2015-04-27T15:20:57	Freq_Thick	50
2015-04-27T15:21:15	Moderator_Temp	110.425003051758
2015-04-27T15:21:15	Fermi_Speed	200
2015-04-27T15:21:15	T_Head	103.370948614793
2015-04-27T15:21:17	Freq_T0	50
2015-04-27T15:21:18	Fermi_delay	3245.019841
2015-04-27T15:21:25	Phase_T0	9770
2015-04-27T15:21:25	Error_T0	-2
2015-04-27T15:21:25	Phase_Thick	1779
2015-04-27T15:21:25	Error_Thick	-1
2015-04-27T15:21:25	T_Sample	99.9348987696556
2015-04-27T15:21:27	Freq_Thick	50
2015-04-27T15:21:46	Moderator_Temp	110.425003051758
2015-04-27T15:21:46	Fermi_Speed	200
2015-04-27T15:21:46	T_Head	102.571375750459
2015-04-27T15:21:48	Freq_T0	50
2015-04-27T15:21:49	Fermi_delay	3245.039683
2015-04-27T15:21:56	Phase_T0	9770
2015-04-27T15:21:56	Error_T0	-1
2015-04-27T15:21:56	Phase_Thick	1779
2015-04-27T15:21:56	Error_Thick	-1
2015-04-27T15:21:56	T_Sample	100.303885094632
2015-04-27T15:21:58	Freq_Thick	50
2015-04-27T15:22:16	Moderator_Temp	110.425003051758
2015-04-27T15:22:16	Fermi_Speed	200
2015-04-27T15:22:16	T_Head	100.094020410065
2015-04-27T15:22:18	Freq_T0	49.99
2015-04-27T15:22:19	Fermi_delay	3244.960317
2015-04-27T15:22:26	Phase_T0	9770
2015-04-27T15:22:26	Error_T0	-1
2015-04-27T15:22:26	Phase_Thick	1779
2015-04-27T15:22:26	Error_Thick	0
2015-04-27T15:22:26	T_Sample	100.388115218235
2015-04-27T15:22:28	Freq_Thick	50
2015-04-27T15:22:46	Moderator_Temp	110.462501525879
2015-04-27T15:22:46	Fermi_Speed	200
2015-04-27T15:22:46	T_Head	97.5563215666882
2015-04-27T15:22:48	Freq_T0	49.99
2015-04-27T15:22:49	Fermi_delay	3244.980159
2015-04-27T15:22:56	Phase_T0	9770
2015-04-27T15:22:56	Error_T0	-1
2015-04-27T15:22:56	Phase_Thick	1779
2015-04-27T15:22:56	Error_Thick	-1
2015-04-27T15:22:56	T_Sample	100.275808386765
2015-04-27T15:22:58	Freq_Thick	50
2015-04-27T15:23:16	Moderator_Temp	110.462501525879
2015-04-27T15:23:16	Fermi_Speed	200
2015-04-27T15:23:16	T_Head	95.1989600697579
2015-04-27T15:23:18	Freq_T0	50
2015-04-27T15:23:20	Fermi_delay	3244.980159
2015-04-27T15:23:27	Phase_T0	9770
2015-04-27T15:23:27	Error_T0	-1
2015-04-27T15:23:27	Phase_Thick	1779
2015-04-27T15:23:27	Error_Thick	0
2015-04-27T15:23:27	T_Sample	100.039123069007
2015-04-27T15:23:29	Freq_Thick	49.99
2015-04-27T15:23:47	Moderator_Temp	110.462501525879
2015-04-27T15:23:47	Fermi_Speed	200
2015-04-27T15:23:47	T_Head	93.4641672643298
2015-04-27T15:23:49	Freq_T0	50
2015-04-27T15:23:50	Fermi_delay	3245.019841
2015-04-27T15:23:57	Phase_T0	9770
2015-04-27T15:23:57	Error_T0	0
2015-04-27T15:23:57	Phase_Thick	1779
2015-04-27T15:23:57	Error_Thick	-1
2015-04-27T15:23:57	T_Sample	99.7927747250861
2015-04-27T15:23:59	Freq_Thick	50
2015-04-27T15:24:17	Moderator_Temp	110.462501525879
2015-04-27T15:24:17	Fermi_Speed	200
2015-04-27T15:24:17	T_Head	95.8645223377706
2015-04-27T15:24:19	Freq_T0	50
2015-04-27T15:24:20	Fermi_delay	3245
2015-04-27T15:24:27	Phase_T0	9770
2015-04-27T15:24:27	Error_T0	-2
2015-04-27T15:24:27	Phase_Thick	1779
2015-04-27T15:24:27	Error_Thick	0
2015-04-27T15:24:27	T_Sample	99.5938010626888
2015-04-27T15:24:29	Freq_Thick	50
2015-04-27T15:24:47	Moderator_Temp	110.425003051758
2015-04-27T15:24:47	Fermi_Speed	200
2015-04-27T15:24:47	T_Head	100.991267470942
2015-04-27T15:24:50	Freq_T0	50
2015-04-27T15:24:51	Fermi_delay	3244.980159
2015-04-27T15:24:58	Phase_T0	9770
2015-04-27T15:24:58	Error_T0	0
2015-04-27T15:24:58	Phase_Thick	1779
2015-04-27T15:24:58	Error_Thick	0
2015-04-27T15:24:58	T_Sample	99.6790754894306
2015-04-27T15:25:00	Freq_Thick	50
2015-04-27T15:25:18	Moderator_Temp	110.425003051758
2015-04-27T15:25:18	Fermi_Speed	200
2015-04-27T15:25:18	T_Head	103.504210758849
2015-04-27T15:25:20	Freq_T0	50
2015-04-27T15:25:21	Fermi_delay	3245.039683
2015-04-27T15:25:28	Phase_T0	9770
2015-04-27T15:25:28	Error_T0	0
2015-04-27T15:25:28	Phase_Thick	1779
2015-04-27T15:25:28	Error_Thick	0
2015-04-27T15:25:28	T_Sample	100.08649775053
2015-04-27T15:25:30	Freq_Thick	50
2015-04-27T15:25:48	Moderator_Temp	110.425003051758
2015-04-27T15:25:48	Fermi_Speed	200
2015-04-27T15:25:48	T_Head	101.952658653058
2015-04-27T15:25:50	Freq_T0	50
2015-04-27T15:25:51	Fermi_delay	3245.039683
2015-04-27T15:25:59	Phase_T0	9770
2015-04-27T15:25:59	Error_T0	0
2015-04-27T15:25:59	Phase_Thick	1779
2015-04-27T15:25:59	Error_Thick	0
2015-04-27T15:25:59	T_Sample	100.36939741299
2015-04-27T15:26:01	Freq_Thick	50
2015-04-27T15:26:19	Moderator_Temp	110.425003051758
2015-04-27T15:26:19	Fermi_Speed	200
2015-04-27T15:26:19	T_Head	99.305795769319
2015-04-27T15:26:21	Freq_T0	50
2015-04-27T15:26:22	Fermi_delay	3245
2015-04-27T15:26:29	Phase_T0	9770
2015-04-27T15:26:29	Error_T0	-1
2015-04-27T15:26:29	Phase_Thick	1779
2015-04-27T15:26:29	Error_Thick	-1
2015-04-27T15:26:29	T_Sample	100.360038510367
2015-04-27T15:26:31	Freq_Thick	50
2015-04-27T15:26:49	Moderator_Temp	110.387496948242
2015-04-27T15:26:49	Fermi_Speed	200
2015-04-27T15:26:49	T_Head	96.796934412799
2015-04-27T15:26:51	Freq_T0	49.99
2015-04-27T15:26:52	Fermi_delay	3244.980159
2015-04-27T15:27:00	Phase_T0	9770
2015-04-27T15:27:00	Error_T0	-1
2015-04-27T15:27:00	Phase_Thick	1779
2015-04-27T15:27:00	Error_Thick	-1
2015-04-27T15:27:00	T_Sample	100.200937165785
2015-04-27T15:27:02	Freq_Thick	50
2015-04-27T15:27:19	Moderator_Temp	110.350006103516
2015-04-27T15:27:19	Fermi_Speed	200
2015-04-27T15:27:19	T_Head	94.5264842069796
2015-04-27T15:27:22	Freq_T0	50
2015-04-27T15:27:23	Fermi_delay	3245.019841
2015-04-27T15:27:30	Error_Thick	-1
2015-04-27T15:27:31	Phase_T0	9770
2015-04-27T15:27:31	Error_T0	-1
2015-04-27T15:27:31	Phase_Thick	1779
2015-04-27T15:27:31	T_Sample	99.9538486422649
2015-04-27T15:27:32	Freq_Thick	49.99
2015-04-27T15:27:50	Moderator_Temp	110.387496948242
2015-04-27T15:27:50	Fermi_Speed	200
2015-04-27T15:27:50	T_Head	93.6201036962784
2015-04-27T15:27:52	Freq_T0	49.99
2015-04-27T15:27:53	Fermi_delay	3245.059524
2015-04-27T15:28:01	Error_Thick	0
2015-04-27T15:28:02	Phase_T0	9770
2015-04-27T15:28:02	Error_T0	-1
2015-04-27T15:28:02	Freq_Thick	50
2015-04-27T15:28:02	Phase_Thick	1779
2015-04-27T15:28:02	T_Sample	99.6885504257352
2015-04-27T15:28:20	Fermi_Speed	200
2015-04-27T15:28:21	Moderator_Temp	110.387496948242
2015-04-27T15:28:21	T_Head	97.5178715842128
2015-04-27T15:28:22	Freq_T0	50
2015-04-27T15:28:24	Fermi_delay	3244.980159
2015-04-27T15:28:31	Error_Thick	-1
2015-04-27T15:28:33	Phase_T0	9770
2015-04-27T15:28:33	Error_T0	0
2015-04-27T15:28:33	Freq_Thick	50
2015-04-27T15:28:33	Phase_Thick	1779
2015-04-27T15:28:33	T_Sample	99.5748511900796
2015-04-27T15:28:51	Fermi_Speed	200
2015-04-27T15:28:52	Moderator_Temp	110.350006103516
2015-04-27T15:28:52	T_Head	102.533300852158
2015-04-27T15:28:53	Freq_T0	49.99
2015-04-27T15:28:54	Fermi_delay	3245.039683
2015-04-27T15:29:02	Error_Thick	-1
2015-04-27T15:29:03	Phase_T0	9770
2015-04-27T15:29:03	Freq_Thick	50
2015-04-27T15:29:04	Error_T0	-1
2015-04-27T15:29:04	Phase_Thick	1779
2015-04-27T15:29:04	T_Sample	99.821199534
2015-04-27T15:29:21	Fermi_Speed	200
2015-04-27T15:29:22	Moderator_Temp	110.350006103516
2015-04-27T15:29:22	T_Head	103.237686470737
2015-04-27T15:29:23	Freq_T0	50
2015-04-27T15:29:25	Fermi_delay	3244.960317
2015-04-27T15:29:33	Phase_T0	9770
2015-04-27T15:29:33	Freq_Thick	50
2015-04-27T15:29:33	Error_Thick	0
2015-04-27T15:29:34	Error_T0	-1
2015-04-27T15:29:34	Phase_Thick	1779
2015-04-27T15:29:34	T_Sample	100.247731678897
2015-04-27T15:29:51	Fermi_Speed	200
2015-04-27T15:29:53	Moderator_Temp	110.3125
2015-04-27T15:29:53	T_Head	101.029342369244
2015-04-27T15:29:54	Freq_T0	50
2015-04-27T15:29:55	Fermi_delay	3245
2015-04-27T15:30:04	Phase_T0	9770
2015-04-27T15:30:04	Freq_Thick	50
2015-04-27T15:30:04	Phase_Thick	1779
2015-04-27T15:30:04	Error_Thick	-1
2015-04-27T15:30:04	T_Sample	100.397474120857
2015-04-27T15:30:05	Error_T0	-2
2015-04-27T15:30:22	Fermi_Speed	200
2015-04-27T15:30:23	Moderator_Temp	110.275001525879
2015-04-27T15:30:23	T_Head	98.4310586680036
2015-04-27T15:30:24	Freq_T0	50
2015-04-27T15:30:25	Fermi_delay	3245.039683
2015-04-27T15:30:34	Phase_T0	9770
2015-04-27T15:30:34	Freq_Thick	50
2015-04-27T15:30:34	Phase_Thick	1779
2015-04-27T15:30:34	Error_Thick	0
2015-04-27T15:30:34	T_Sample	100.322602899877
2015-04-27T15:30:35	Error_T0	-1
2015-04-27T15:30:53	Moderator_Temp	110.275001525879
2015-04-27T15:30:53	Fermi_Speed	200
2015-04-27T15:30:53	T_Head	96.027934763291
2015-04-27T15:30:54	Freq_T0	50
2015-04-27T15:30:55	Fermi_delay	3245.059524
2015-04-27T15:31:04	Phase_T0	9770
2015-04-27T15:31:04	Freq_Thick	50
2015-04-27T15:31:04	Phase_Thick	1779
2015-04-27T15:31:04	Error_Thick	0
2015-04-27T15:31:04	T_Sample	100.124397495748
2015-04-27T15:31:05	Error_T0	-1
2015-04-27T15:31:23	Moderator_Temp	110.275001525879
2015-04-27T15:31:23	Fermi_Speed	200
2015-04-27T15:31:23	T_Head	93.8735003981949
2015-04-27T15:31:24	Freq_T0	50
2015-04-27T15:31:25	Fermi_delay	3244.940476
2015-04-27T15:31:34	Freq_Thick	50
2015-04-27T15:31:34	Phase_Thick	1779
2015-04-27T15:31:34	Error_Thick	0
2015-04-27T15:31:34	T_Sample	99.8780491518278
2015-04-27T15:31:35	Phase_T0	9770
2015-04-27T15:31:35	Error_T0	-1
2015-04-27T15:31:53	T_Head	94.3023255860535
2015-04-27T15:31:54	Moderator_Temp	110.237503051758
2015-04-27T15:31:54	Fermi_Speed	200
2015-04-27T15:31:55	Freq_T0	50
2015-04-27T15:31:56	Fermi_delay	3245
2015-04-27T15:32:04	Freq_Thick	50
2015-04-27T15:32:04	Phase_Thick	1779
2015-04-27T15:32:04	Error_Thick	-1
2015-04-27T15:32:04	T_Sample	99.6317008079074
2015-04-27T15:32:05	Phase_T0	9770
2015-04-27T15:32:06	Error_T0	-2
2015-04-27T15:32:24	Moderator_Temp	110.237503051758
2015-04-27T15:32:24	Fermi_Speed	200
2015-04-27T15:32:24	T_Head	99.1904458218928
2015-04-27T15:32:25	Freq_T0	49.99
2015-04-27T15:32:26	Fermi_delay	3245
2015-04-27T15:32:34	Freq_Thick	50
2015-04-27T15:32:34	Phase_Thick	1779
2015-04-27T15:32:34	Error_Thick	0
2015-04-27T15:32:34	T_Sample	99.5938010626888
2015-04-27T15:32:35	Phase_T0	9770
2015-04-27T15:32:36	Error_T0	-1
2015-04-27T15:32:55	Moderator_Temp	110.237503051758
2015-04-27T15:32:55	Fermi_Speed	200
2015-04-27T15:32:55	Freq_T0	49.99
2015-04-27T15:32:55	T_Head	103.304317542765
2015-04-27T15:32:56	Fermi_delay	3245.039683
2015-04-27T15:33:05	Freq_Thick	50
2015-04-27T15:33:05	Phase_Thick	1779
2015-04-27T15:33:05	Error_Thick	-1
2015-04-27T15:33:05	T_Sample	99.925423833351
2015-04-27T15:33:06	Phase_T0	9770
2015-04-27T15:33:07	Error_T0	0
2015-04-27T15:33:25	Moderator_Temp	110.237503051758
2015-04-27T15:33:25	Fermi_Speed	200
2015-04-27T15:33:25	Freq_T0	50
2015-04-27T15:33:25	T_Head	102.733194068241
2015-04-27T15:33:26	Fermi_delay	3244.960317
2015-04-27T15:33:35	Freq_Thick	50
2015-04-27T15:33:35	Phase_Thick	1779
2015-04-27T15:33:35	Error_Thick	-1
2015-04-27T15:33:35	T_Sample	100.303885094632
2015-04-27T15:33:36	Phase_T0	9770
2015-04-27T15:33:37	Error_T0	0
2015-04-27T15:33:55	Moderator_Temp	110.237503051758
2015-04-27T15:33:55	Fermi_Speed	200
2015-04-27T15:33:55	Freq_T0	49.99
2015-04-27T15:33:55	T_Head	100.334475475239
2015-04-27T15:33:56	Fermi_delay	3244.960317
2015-04-27T15:34:06	Freq_Thick	50
2015-04-27T15:34:06	Phase_Thick	1779
2015-04-27T15:34:06	Error_Thick	0
2015-04-27T15:34:06	T_Sample	100.388115218235
2015-04-27T15:34:07	Phase_T0	9770
2015-04-27T15:34:08	Error_T0	0
2015-04-27T15:34:26	Moderator_Temp	110.125
2015-04-27T15:34:26	Fermi_Speed	200
2015-04-27T15:34:26	Freq_T0	50
2015-04-27T15:34:26	T_Head	97.6812840097333
2015-04-27T15:34:27	Fermi_delay	3245.039683
2015-04-27T15:34:36	Freq_Thick	50
2015-04-27T15:34:36	Phase_Thick	1779
2015-04-27T15:34:36	Error_Thick	0
2015-04-27T15:34:36	T_Sample	100.275808386765
2015-04-27T15:34:37	Phase_T0	9770
2015-04-27T15:34:38	Error_T0	-1
2015-04-27T15:34:56	Moderator_Temp	110.087501525879
2015-04-27T15:34:56	Fermi_Speed	200
2015-04-27T15:34:56	Freq_T0	50
2015-04-27T15:34:56	T_Head	95.3256584207161
2015-04-27T15:34:57	Fermi_delay	3244.980159
2015-04-27T15:35:06	Freq_Thick	50
2015-04-27T15:35:06	Phase_Thick	1779
2015-04-27T15:35:06	Error_Thick	-1
2015-04-27T15:35:06	T_Sample	100.058072941616
2015-04-27T15:35:07	Phase_T0	9770
2015-04-27T15:35:08	Error_T0	-1
2015-04-27T15:35:27	Moderator_Temp	110.087501525879
2015-04-27T15:35:27	Fermi_Speed	200
2015-04-27T15:35:27	Fermi_delay	3244.980159
2015-04-27T15:35:27	Freq_T0	50
2015-04-27T15:35:27	T_Head	93.4836593183234
2015-04-27T15:35:36	Freq_Thick	50
2015-04-27T15:35:36	Phase_Thick	1779
2015-04-27T15:35:36	Error_Thick	0
2015-04-27T15:35:36	T_Sample	99.8022496613908
2015-04-27T15:35:37	Phase_T0	9770
2015-04-27T15:35:38	Error_T0	0
2015-04-27T15:35:58	Moderator_Temp	110.050003051758
2015-04-27T15:35:58	Fermi_Speed	200
2015-04-27T15:35:58	Fermi_delay	3245
2015-04-27T15:35:58	Freq_T0	50
2015-04-27T15:35:58	T_Head	95.7395598947255
2015-04-27T15:36:07	Phase_T0	9770
2015-04-27T15:36:07	Freq_Thick	50
2015-04-27T15:36:07	Phase_Thick	1779
2015-04-27T15:36:07	Error_Thick	0
2015-04-27T15:36:07	T_Sample	99.5843261263842
2015-04-27T15:36:09	Error_T0	0
2015-04-27T15:36:28	Moderator_Temp	110.050003051758
2015-04-27T15:36:28	Fermi_Speed	200
2015-04-27T15:36:28	Fermi_delay	3245.019841
2015-04-27T15:36:28	Freq_T0	50
2015-04-27T15:36:28	T_Head	100.915117674339
2015-04-27T15:36:37	Phase_T0	9770
2015-04-27T15:36:37	Freq_Thick	50
2015-04-27T15:36:37	Phase_Thick	1779
2015-04-27T15:36:37	Error_Thick	-1
2015-04-27T15:36:37	T_Sample	99.6506506805167
2015-04-27T15:36:40	Error_T0	0
2015-04-27T15:36:59	Moderator_Temp	110.050003051758
2015-04-27T15:36:59	Fermi_Speed	200
2015-04-27T15:36:59	Fermi_delay	3245.039683
2015-04-27T15:36:59	Freq_T0	50
2015-04-27T15:36:59	T_Head	103.513729483424
2015-04-27T15:37:07	Phase_T0	9770
2015-04-27T15:37:07	Freq_Thick	50
2015-04-27T15:37:07	Phase_Thick	1779
2015-04-27T15:37:07	Error_Thick	-1
2015-04-27T15:37:07	T_Sample	100.048598005311
2015-04-27T15:37:10	Error_T0	-1
2015-04-27T15:37:29	Moderator_Temp	110.012496948242
2015-04-27T15:37:29	Fermi_Speed	200
2015-04-27T15:37:29	Fermi_delay	3245
2015-04-27T15:37:29	Freq_T0	50
2015-04-27T15:37:29	T_Head	101.99073355136
2015-04-27T15:37:37	Phase_T0	9770
2015-04-27T15:37:37	Freq_Thick	50
2015-04-27T15:37:37	T_Sample	100.360038510367
2015-04-27T15:37:38	Phase_Thick	1779
2015-04-27T15:37:38	Error_Thick	-1
2015-04-27T15:37:40	Error_T0	-1
2015-04-27T15:37:59	Moderator_Temp	110.012496948242
2015-04-27T15:37:59	Fermi_Speed	200
2015-04-27T15:37:59	Fermi_delay	3244.980159
2015-04-27T15:37:59	Freq_T0	50
2015-04-27T15:37:59	T_Head	99.4211457167452
2015-04-27T15:38:07	Phase_T0	9770
2015-04-27T15:38:07	Freq_Thick	50
2015-04-27T15:38:07	T_Sample	100.388115218235
2015-04-27T15:38:08	Phase_Thick	1779
2015-04-27T15:38:08	Error_Thick	-1
2015-04-27T15:38:10	Error_T0	-1
2015-04-27T15:38:29	Moderator_Temp	110.012496948242
2015-04-27T15:38:29	Fermi_Speed	200
2015-04-27T15:38:29	Fermi_delay	3244.980159
2015-04-27T15:38:29	Freq_T0	50
2015-04-27T15:38:29	T_Head	96.931509351463
2015-04-27T15:38:38	Phase_T0	9770
2015-04-27T15:38:38	Freq_Thick	50
2015-04-27T15:38:38	T_Sample	100.238372776275
2015-04-27T15:38:39	Phase_Thick	1779
2015-04-27T15:38:39	Error_Thick	0
2015-04-27T15:38:41	Error_T0	0
2015-04-27T15:39:00	Moderator_Temp	109.975006103516
2015-04-27T15:39:00	Fermi_Speed	200
2015-04-27T15:39:00	Fermi_delay	3245.019841
2015-04-27T15:39:00	Freq_T0	50
2015-04-27T15:39:00	T_Head	94.5557222879699
2015-04-27T15:39:08	Phase_T0	9770
2015-04-27T15:39:08	Freq_Thick	50
2015-04-27T15:39:08	T_Sample	99.9917483874834
2015-04-27T15:39:09	Phase_Thick	1779
2015-04-27T15:39:09	Error_Thick	0
2015-04-27T15:39:11	Error_T0	-1
2015-04-27T15:39:30	Moderator_Temp	109.975006103516
2015-04-27T15:39:30	Fermi_Speed	200
2015-04-27T15:39:30	Fermi_delay	3244.960317
2015-04-27T15:39:30	Freq_T0	50
2015-04-27T15:39:31	T_Head	93.5323894533073
2015-04-27T15:39:39	Phase_T0	9770
2015-04-27T15:39:39	Freq_Thick	50
2015-04-27T15:39:39	T_Sample	99.7169752346491
2015-04-27T15:39:40	Phase_Thick	1779
2015-04-27T15:39:40	Error_Thick	-1
2015-04-27T15:39:42	Error_T0	-1
2015-04-27T15:40:00	Moderator_Temp	109.975006103516
2015-04-27T15:40:01	Fermi_Speed	200
2015-04-27T15:40:01	Fermi_delay	3244.960317
2015-04-27T15:40:01	Freq_T0	50
2015-04-27T15:40:01	T_Head	97.1333717594588
2015-04-27T15:40:09	Phase_T0	9770
2015-04-27T15:40:09	Freq_Thick	50
2015-04-27T15:40:09	T_Sample	99.5653762537749
2015-04-27T15:40:10	Phase_Thick	1779
2015-04-27T15:40:10	Error_Thick	-1
2015-04-27T15:40:12	Error_T0	-1
2015-04-27T15:40:31	Moderator_Temp	109.9375
2015-04-27T15:40:31	Fermi_Speed	200
2015-04-27T15:40:31	Fermi_delay	3245
2015-04-27T15:40:31	Freq_T0	50
2015-04-27T15:40:31	T_Head	102.162070593717
2015-04-27T15:40:39	Phase_T0	9770
2015-04-27T15:40:39	Freq_Thick	50
2015-04-27T15:40:39	T_Sample	99.7169752346491
2015-04-27T15:40:40	Phase_Thick	1779
2015-04-27T15:40:40	Error_Thick	0
2015-04-27T15:40:42	Error_T0	0
2015-04-27T15:41:01	Moderator_Temp	109.9375
2015-04-27T15:41:01	Fermi_Speed	200
2015-04-27T15:41:01	Fermi_delay	3245.019841
2015-04-27T15:41:01	Freq_T0	50
2015-04-27T15:41:01	T_Head	103.409023513095
2015-04-27T15:41:09	Phase_T0	9770
2015-04-27T15:41:09	Freq_Thick	50
2015-04-27T15:41:09	T_Sample	100.162297240967
2015-04-27T15:41:10	Phase_Thick	1779
2015-04-27T15:41:10	Error_Thick	-1
2015-04-27T15:41:12	Error_T0	-1
2015-04-27T15:41:31	Moderator_Temp	109.9375
2015-04-27T15:41:31	Fermi_Speed	200
2015-04-27T15:41:31	Fermi_delay	3244.980159
2015-04-27T15:41:31	Freq_T0	50
2015-04-27T15:41:31	T_Head	101.419610076835
2015-04-27T15:41:39	Phase_T0	9770
2015-04-27T15:41:39	Freq_Thick	50
2015-04-27T15:41:39	T_Sample	100.397474120857
2015-04-27T15:41:40	Phase_Thick	1779
2015-04-27T15:41:40	Error_Thick	0
2015-04-27T15:41:42	Error_T0	-1
2015-04-27T15:42:01	Moderator_Temp	109.900001525879
2015-04-27T15:42:01	Fermi_Speed	200
2015-04-27T15:42:01	Fermi_delay	3245
2015-04-27T15:42:01	Freq_T0	50
2015-04-27T15:42:01	T_Head	98.8443959796142
2015-04-27T15:42:09	Phase_T0	9770
2015-04-27T15:42:09	Freq_Thick	50
2015-04-27T15:42:09	T_Sample	100.360038510367
2015-04-27T15:42:10	Phase_Thick	1779
2015-04-27T15:42:10	Error_Thick	0
2015-04-27T15:42:12	Error_T0	0
2015-04-27T15:42:31	Moderator_Temp	109.862503051758
2015-04-27T15:42:31	Fermi_Speed	200
2015-04-27T15:42:31	Fermi_delay	3245.019841
2015-04-27T15:42:31	Freq_T0	50
2015-04-27T15:42:31	T_Head	96.3835971011885
2015-04-27T15:42:39	Phase_T0	9770
2015-04-27T15:42:39	Freq_Thick	50
2015-04-27T15:42:39	T_Sample	100.181247113576
2015-04-27T15:42:40	Phase_Thick	1779
2015-04-27T15:42:40	Error_Thick	-1
2015-04-27T15:42:42	Error_T0	0
2015-04-27T15:43:01	Moderator_Temp	109.862503051758
2015-04-27T15:43:01	Fermi_Speed	200
2015-04-27T15:43:01	Fermi_delay	3245.059524
2015-04-27T15:43:01	Freq_T0	50
2015-04-27T15:43:01	T_Head	94.1756272350953
2015-04-27T15:43:09	Phase_T0	9770
2015-04-27T15:43:09	Freq_Thick	50
2015-04-27T15:43:09	T_Sample	99.9348987696556
2015-04-27T15:43:10	Phase_Thick	1779
2015-04-27T15:43:10	Error_Thick	0
2015-04-27T15:43:12	Error_T0	-1
2015-04-27T15:43:31	Moderator_Temp	109.862503051758
2015-04-27T15:43:31	Fermi_Speed	200
2015-04-27T15:43:31	Fermi_delay	3245
2015-04-27T15:43:31	Freq_T0	50
2015-04-27T15:43:31	T_Head	93.8832464251917
2015-04-27T15:43:39	Phase_T0	9770
2015-04-27T15:43:39	Freq_Thick	50
2015-04-27T15:43:39	T_Sample	99.6790754894306
2015-04-27T15:43:40	Phase_Thick	1779
2015-04-27T15:43:40	Error_Thick	-1
2015-04-27T15:43:42	Error_T0	-1
2015-04-27T15:44:02	Moderator_Temp	109.862503051758
2015-04-27T15:44:02	Fermi_Speed	200
2015-04-27T15:44:02	Fermi_delay	3245.039683
2015-04-27T15:44:02	Freq_T0	50
2015-04-27T15:44:02	T_Head	98.3253212161963
2015-04-27T15:44:10	Phase_T0	9770
2015-04-27T15:44:10	Freq_Thick	50
2015-04-27T15:44:10	T_Sample	99.5653762537749
2015-04-27T15:44:11	Phase_Thick	1779
2015-04-27T15:44:11	Error_Thick	-1
2015-04-27T15:44:13	Error_T0	-1
2015-04-27T15:44:32	Moderator_Temp	109.824996948242
2015-04-27T15:44:32	Fermi_Speed	200
2015-04-27T15:44:32	Fermi_delay	3244.960317
2015-04-27T15:44:32	Freq_T0	50
2015-04-27T15:44:32	T_Head	102.895012386023
2015-04-27T15:44:40	Phase_T0	9770
2015-04-27T15:44:40	Freq_Thick	50
2015-04-27T15:44:40	T_Sample	99.8022496613908
2015-04-27T15:44:41	Phase_Thick	1779
2015-04-27T15:44:41	Error_Thick	-1
2015-04-27T15:44:43	Error_T0	-1
2015-04-27T15:45:02	Moderator_Temp	109.824996948242
2015-04-27T15:45:02	Fermi_Speed	200
2015-04-27T15:45:02	Fermi_delay	3245.039683
2015-04-27T15:45:02	Freq_T0	49.99
2015-04-27T15:45:02	T_Head	103.094905602106
2015-04-27T15:45:10	Phase_T0	9770
2015-04-27T15:45:10	Freq_Thick	50
2015-04-27T15:45:10	T_Sample	100.238372776275
2015-04-27T15:45:11	Phase_Thick	1779
2015-04-27T15:45:11	Error_Thick	-1
2015-04-27T15:45:13	Error_T0	-1
2015-04-27T15:45:32	Moderator_Temp	109.824996948242
2015-04-27T15:45:32	Fermi_Speed	200
2015-04-27T15:45:32	Fermi_delay	3245.059524
2015-04-27T15:45:32	Freq_T0	50
2015-04-27T15:45:32	T_Head	100.848486602311
2015-04-27T15:45:41	Phase_T0	9770
2015-04-27T15:45:41	Freq_Thick	50
2015-04-27T15:45:41	T_Sample	100.397474120857
2015-04-27T15:45:42	Phase_Thick	1779
2015-04-27T15:45:42	Error_Thick	0
2015-04-27T15:45:44	Error_T0	-1
2015-04-27T15:46:03	Moderator_Temp	109.787506103516
2015-04-27T15:46:03	Fermi_Speed	200
2015-04-27T15:46:03	Fermi_delay	3245.039683
2015-04-27T15:46:03	Freq_T0	50
2015-04-27T15:46:03	T_Head	98.1811337819135
2015-04-27T15:46:11	Phase_T0	9770
2015-04-27T15:46:11	Freq_Thick	50
2015-04-27T15:46:11	T_Sample	100.322602899877
2015-04-27T15:46:12	Phase_Thick	1779
2015-04-27T15:46:12	Error_Thick	0
2015-04-27T15:46:14	Error_T0	-1
2015-04-27T15:46:33	Moderator_Temp	109.787506103516
2015-04-27T15:46:33	Fermi_Speed	200
2015-04-27T15:46:33	Fermi_delay	3245
2015-04-27T15:46:33	Freq_T0	49.99
2015-04-27T15:46:33	T_Head	95.7876223728197
2015-04-27T15:46:41	Phase_T0	9770
2015-04-27T15:46:41	Freq_Thick	50
2015-04-27T15:46:41	T_Sample	100.124397495748
2015-04-27T15:46:42	Phase_Thick	1779
2015-04-27T15:46:42	Error_Thick	0
2015-04-27T15:46:44	Error_T0	0
2015-04-27T15:47:03	Moderator_Temp	109.787506103516
2015-04-27T15:47:03	Fermi_Speed	200
2015-04-27T15:47:03	Fermi_delay	3244.980159
2015-04-27T15:47:03	Freq_T0	50
2015-04-27T15:47:03	T_Head	93.7273099932431
2015-04-27T15:47:11	Phase_T0	9770
2015-04-27T15:47:11	Freq_Thick	50
2015-04-27T15:47:11	T_Sample	99.8685742155232
2015-04-27T15:47:12	Phase_Thick	1779
2015-04-27T15:47:12	Error_Thick	0
2015-04-27T15:47:14	Error_T0	-1
2015-04-27T15:47:33	Moderator_Temp	109.75
2015-04-27T15:47:33	Fermi_Speed	200
2015-04-27T15:47:33	Fermi_delay	3244.980159
2015-04-27T15:47:33	Freq_T0	50
2015-04-27T15:47:33	T_Head	94.6531825579378
2015-04-27T15:47:41	Phase_T0	9770
2015-04-27T15:47:41	Freq_Thick	49.99
2015-04-27T15:47:41	T_Sample	99.6317008079074
2015-04-27T15:47:42	Phase_Thick	1779
2015-04-27T15:47:42	Error_Thick	-1
2015-04-27T15:47:44	Error_T0	0
2015-04-27T15:48:03	Moderator_Temp	109.75
2015-04-27T15:48:03	Fermi_Speed	200
2015-04-27T15:48:03	Fermi_delay	3244.980159
2015-04-27T15:48:03	Freq_T0	50
2015-04-27T15:48:03	T_Head	99.5364956641714
2015-04-27T15:48:11	Phase_T0	9770
2015-04-27T15:48:11	Freq_Thick	50
2015-04-27T15:48:11	T_Sample	99.5938010626888
2015-04-27T15:48:12	Phase_Thick	1779
2015-04-27T15:48:12	Error_Thick	0
2015-04-27T15:48:14	Error_T0	0
2015-04-27T15:48:33	Moderator_Temp	109.712501525879
2015-04-27T15:48:33	Fermi_Speed	200
2015-04-27T15:48:33	Fermi_delay	3244.980159
2015-04-27T15:48:33	Freq_T0	50
2015-04-27T15:48:33	T_Head	103.351911165642
2015-04-27T15:48:41	Phase_T0	9770
2015-04-27T15:48:41	Freq_Thick	50
2015-04-27T15:48:41	T_Sample	99.9159488970464
2015-04-27T15:48:42	Phase_Thick	1779
2015-04-27T15:48:42	Error_Thick	0
2015-04-27T15:48:45	Error_T0	-1
2015-04-27T15:49:03	Moderator_Temp	109.712501525879
2015-04-27T15:49:03	Fermi_Speed	200
2015-04-27T15:49:03	Fermi_delay	3245.039683
2015-04-27T15:49:03	Freq_T0	50
2015-04-27T15:49:03	T_Head	102.676081720789
2015-04-27T15:49:11	Phase_T0	9770
2015-04-27T15:49:11	Freq_Thick	50
2015-04-27T15:49:11	T_Sample	100.303885094632
2015-04-27T15:49:12	Phase_Thick	1779
2015-04-27T15:49:12	Error_Thick	-1
2015-04-27T15:49:15	Error_T0	-1
2015-04-27T15:49:33	Moderator_Temp	109.712501525879
2015-04-27T15:49:33	Fermi_Speed	200
2015-04-27T15:49:33	Fermi_delay	3245.019841
2015-04-27T15:49:33	Freq_T0	50
2015-04-27T15:49:33	T_Head	100.267045331204
2015-04-27T15:49:41	Phase_T0	9770
2015-04-27T15:49:41	Freq_Thick	50
2015-04-27T15:49:42	Phase_Thick	1779
2015-04-27T15:49:42	T_Sample	100.40683302348
2015-04-27T15:49:43	Error_Thick	0
2015-04-27T15:49:46	Error_T0	-1
2015-04-27T15:50:03	Moderator_Temp	109.712501525879
2015-04-27T15:50:03	Fermi_Speed	200
2015-04-27T15:50:03	Fermi_delay	3245.039683
2015-04-27T15:50:03	Freq_T0	50
2015-04-27T15:50:03	T_Head	97.6908965053521
2015-04-27T15:50:11	Phase_T0	9770
2015-04-27T15:50:11	Freq_Thick	50
2015-04-27T15:50:12	Phase_Thick	1779
2015-04-27T15:50:12	T_Sample	100.285167289387
2015-04-27T15:50:13	Error_Thick	-1
2015-04-27T15:50:16	Error_T0	-3
2015-04-27T15:50:33	Fermi_delay	3245.019841
2015-04-27T15:50:34	Moderator_Temp	109.675003051758
2015-04-27T15:50:34	Fermi_Speed	200
2015-04-27T15:50:34	Freq_T0	50
2015-04-27T15:50:34	T_Head	95.2379441777451
2015-04-27T15:50:41	Phase_T0	9770
2015-04-27T15:50:42	Freq_Thick	50
2015-04-27T15:50:42	Phase_Thick	1779
2015-04-27T15:50:42	T_Sample	100.077022814225
2015-04-27T15:50:43	Error_Thick	0
2015-04-27T15:50:46	Error_T0	0
2015-04-27T15:51:03	Fermi_delay	3244.980159
2015-04-27T15:51:04	Moderator_Temp	109.675003051758
2015-04-27T15:51:04	Fermi_Speed	200
2015-04-27T15:51:04	Freq_T0	50
2015-04-27T15:51:04	T_Head	93.4154371293459
2015-04-27T15:51:11	Phase_T0	9770
2015-04-27T15:51:12	Freq_Thick	50
2015-04-27T15:51:12	Phase_Thick	1779
2015-04-27T15:51:12	T_Sample	99.8117245976954
2015-04-27T15:51:13	Error_Thick	-1
2015-04-27T15:51:16	Error_T0	0
2015-04-27T15:51:33	Fermi_delay	3245.019841
2015-04-27T15:51:34	Moderator_Temp	109.675003051758
2015-04-27T15:51:34	Fermi_Speed	200
2015-04-27T15:51:34	Freq_T0	50
2015-04-27T15:51:34	T_Head	95.3838975568281
2015-04-27T15:51:41	Phase_T0	9770
2015-04-27T15:51:42	Freq_Thick	50
2015-04-27T15:51:42	Phase_Thick	1779
2015-04-27T15:51:42	T_Sample	99.5938010626888
2015-04-27T15:51:43	Error_Thick	-1
2015-04-27T15:51:46	Error_T0	-1
2015-04-27T15:52:03	Fermi_delay	3244.980159
2015-04-27T15:52:04	Moderator_Temp	109.675003051758
2015-04-27T15:52:04	Fermi_Speed	200
2015-04-27T15:52:04	Freq_T0	50
2015-04-27T15:52:04	T_Head	100.667630835378
2015-04-27T15:52:11	Phase_T0	9770
2015-04-27T15:52:12	Freq_Thick	50
2015-04-27T15:52:12	Phase_Thick	1779
2015-04-27T15:52:12	T_Sample	99.6222258716027
2015-04-27T15:52:13	Error_Thick	-1
2015-04-27T15:52:16	Error_T0	-1
2015-04-27T15:52:33	Fermi_delay	3245
2015-04-27T15:52:34	Moderator_Temp	109.675003051758
2015-04-27T15:52:34	Fermi_Speed	200
2015-04-27T15:52:34	Freq_T0	50
2015-04-27T15:52:34	T_Head	103.64699162748
2015-04-27T15:52:41	Phase_T0	9770
2015-04-27T15:52:42	Freq_Thick	50
2015-04-27T15:52:42	Phase_Thick	1779
2015-04-27T15:52:42	T_Sample	100.010698260093
2015-04-27T15:52:43	Error_Thick	-1
2015-04-27T15:52:46	Error_T0	-1
2015-04-27T15:53:03	Fermi_delay	3245.019841
2015-04-27T15:53:04	Moderator_Temp	109.637496948242
2015-04-27T15:53:04	Fermi_Speed	200
2015-04-27T15:53:04	Freq_T0	49.99
2015-04-27T15:53:04	T_Head	102.323888911499
2015-04-27T15:53:11	Phase_T0	9770
2015-04-27T15:53:12	Freq_Thick	50
2015-04-27T15:53:12	Phase_Thick	1779
2015-04-27T15:53:12	T_Sample	100.360038510367
2015-04-27T15:53:13	Error_Thick	0
2015-04-27T15:53:16	Error_T0	-1
2015-04-27T15:53:33	Fermi_delay	3245.059524
2015-04-27T15:53:34	Moderator_Temp	109.637496948242
2015-04-27T15:53:34	Fermi_Speed	200
2015-04-27T15:53:34	Freq_T0	50
2015-04-27T15:53:34	T_Head	99.7960330458804
2015-04-27T15:53:41	Phase_T0	9770
2015-04-27T15:53:42	Freq_Thick	50
2015-04-27T15:53:42	Phase_Thick	1779
2015-04-27T15:53:42	T_Sample	100.397474120857
2015-04-27T15:53:43	Error_Thick	0
2015-04-27T15:53:46	Error_T0	0
2015-04-27T15:54:03	Fermi_delay	3244.980159
2015-04-27T15:54:04	Moderator_Temp	109.637496948242
2015-04-27T15:54:04	Fermi_Speed	200
2015-04-27T15:54:04	Freq_T0	50
2015-04-27T15:54:04	T_Head	97.2679466981227
2015-04-27T15:54:11	Phase_T0	9770
2015-04-27T15:54:12	Freq_Thick	50
2015-04-27T15:54:12	Phase_Thick	1779
2015-04-27T15:54:12	T_Sample	100.266449484142
2015-04-27T15:54:13	Error_Thick	-1
2015-04-27T15:54:16	Error_T0	0
2015-04-27T15:54:33	Fermi_delay	3245.019841
2015-04-27T15:54:34	Moderator_Temp	109.637496948242
2015-04-27T15:54:34	Fermi_Speed	200
2015-04-27T15:54:34	Freq_T0	49.99
2015-04-27T15:54:34	T_Head	94.9260713138479
2015-04-27T15:54:41	Phase_T0	9770
2015-04-27T15:54:42	Freq_Thick	50
2015-04-27T15:54:42	Phase_Thick	1779
2015-04-27T15:54:42	T_Sample	100.029648132702
2015-04-27T15:54:43	Error_Thick	0
2015-04-27T15:54:46	Error_T0	-1
2015-04-27T15:55:03	Fermi_delay	3245.019841
2015-04-27T15:55:04	Moderator_Temp	109.600006103516
2015-04-27T15:55:04	Fermi_Speed	200
2015-04-27T15:55:04	Freq_T0	49.99
2015-04-27T15:55:04	T_Head	93.454421237333
2015-04-27T15:55:11	Phase_T0	9770
2015-04-27T15:55:12	Freq_Thick	50
2015-04-27T15:55:12	Phase_Thick	1779
2015-04-27T15:55:12	T_Sample	99.7643499161723
2015-04-27T15:55:13	Error_Thick	0
2015-04-27T15:55:16	Error_T0	-1
2015-04-27T15:55:33	Fermi_delay	3244.960317
2015-04-27T15:55:34	Moderator_Temp	109.600006103516
2015-04-27T15:55:34	Fermi_Speed	200
2015-04-27T15:55:34	Freq_T0	50
2015-04-27T15:55:34	T_Head	96.2586346581434
2015-04-27T15:55:41	Phase_T0	9770
2015-04-27T15:55:42	Freq_Thick	50
2015-04-27T15:55:42	Phase_Thick	1779
2015-04-27T15:55:42	T_Sample	99.5653762537749
2015-04-27T15:55:43	Error_Thick	-1
2015-04-27T15:55:46	Error_T0	-1
2015-04-27T15:56:03	Fermi_delay	3245.019841
2015-04-27T15:56:04	Moderator_Temp	109.600006103516
2015-04-27T15:56:04	Fermi_Speed	200
2015-04-27T15:56:04	Freq_T0	50
2015-04-27T15:56:04	T_Head	101.429128801411
2015-04-27T15:56:11	Phase_T0	9770
2015-04-27T15:56:13	Freq_Thick	50
2015-04-27T15:56:13	Phase_Thick	1779
2015-04-27T15:56:13	Error_Thick	0
2015-04-27T15:56:13	T_Sample	99.6601256168213
2015-04-27T15:56:16	Error_T0	0
2015-04-27T15:56:33	Fermi_delay	3245.019841
2015-04-27T15:56:34	Moderator_Temp	109.600006103516
2015-04-27T15:56:34	Fermi_Speed	200
2015-04-27T15:56:34	Freq_T0	50
2015-04-27T15:56:34	T_Head	103.485173309698
2015-04-27T15:56:41	Phase_T0	9770
2015-04-27T15:56:43	Freq_Thick	50
2015-04-27T15:56:43	Phase_Thick	1779
2015-04-27T15:56:43	Error_Thick	0
2015-04-27T15:56:43	T_Sample	100.105447623139
2015-04-27T15:56:47	Error_T0	-1
2015-04-27T15:57:03	Fermi_delay	3245.039683
2015-04-27T15:57:04	Moderator_Temp	109.600006103516
2015-04-27T15:57:04	Fermi_Speed	200
2015-04-27T15:57:04	Freq_T0	50
2015-04-27T15:57:05	T_Head	101.724209263248
2015-04-27T15:57:11	Phase_T0	9770
2015-04-27T15:57:13	Freq_Thick	50
2015-04-27T15:57:13	Phase_Thick	1779
2015-04-27T15:57:13	Error_Thick	-1
2015-04-27T15:57:13	T_Sample	100.388115218235
2015-04-27T15:57:17	Error_T0	0
2015-04-27T15:57:33	Fermi_delay	3245.019841
2015-04-27T15:57:34	Moderator_Temp	109.600006103516
2015-04-27T15:57:34	Fermi_Speed	200
2015-04-27T15:57:34	Freq_T0	50
2015-04-27T15:57:35	T_Head	99.1616083350363
2015-04-27T15:57:41	Phase_T0	9770
2015-04-27T15:57:43	Freq_Thick	50
2015-04-27T15:57:43	Phase_Thick	1779
2015-04-27T15:57:43	Error_Thick	0
2015-04-27T15:57:43	T_Sample	100.378756315612
2015-04-27T15:57:47	Error_T0	0
2015-04-27T15:58:03	Fermi_delay	3245.059524
2015-04-27T15:58:05	Moderator_Temp	109.600006103516
2015-04-27T15:58:05	Fermi_Speed	200
2015-04-27T15:58:05	Freq_T0	50
2015-04-27T15:58:05	T_Head	96.6911969609917
2015-04-27T15:58:11	Phase_T0	9770
2015-04-27T15:58:13	Freq_Thick	50
2015-04-27T15:58:13	Phase_Thick	1779
2015-04-27T15:58:13	Error_Thick	0
2015-04-27T15:58:13	T_Sample	100.210296068408
2015-04-27T15:58:17	Error_T0	-1
2015-04-27T15:58:33	Fermi_delay	3244.980159
2015-04-27T15:58:35	Moderator_Temp	109.637496948242
2015-04-27T15:58:35	Fermi_Speed	200
2015-04-27T15:58:35	Freq_T0	50
2015-04-27T15:58:35	T_Head	94.4192779100149
2015-04-27T15:58:42	Phase_T0	9770
2015-04-27T15:58:43	T_Sample	99.9727985148742
2015-04-27T15:58:44	Freq_Thick	50
2015-04-27T15:58:44	Phase_Thick	1779
2015-04-27T15:58:44	Error_Thick	0
2015-04-27T15:58:47	Error_T0	-1
2015-04-27T15:59:03	Fermi_delay	3244.980159
2015-04-27T15:59:05	Moderator_Temp	109.637496948242
2015-04-27T15:59:05	Fermi_Speed	200
2015-04-27T15:59:05	Freq_T0	50
2015-04-27T15:59:05	T_Head	93.6298497232752
2015-04-27T15:59:12	Phase_T0	9770
2015-04-27T15:59:13	T_Sample	99.7169752346491
2015-04-27T15:59:14	Freq_Thick	50
2015-04-27T15:59:14	Phase_Thick	1779
2015-04-27T15:59:14	Error_Thick	-1
2015-04-27T15:59:17	Error_T0	-2
2015-04-27T15:59:34	Fermi_delay	3244.980159
2015-04-27T15:59:36	Moderator_Temp	109.600006103516
2015-04-27T15:59:36	Fermi_Speed	200
2015-04-27T15:59:36	Freq_T0	50
2015-04-27T15:59:36	T_Head	97.6428340272579
2015-04-27T15:59:43	Phase_T0	9770
2015-04-27T15:59:44	T_Sample	99.5653762537749
2015-04-27T15:59:45	Freq_Thick	50
2015-04-27T15:59:45	Phase_Thick	1779
2015-04-27T15:59:45	Error_Thick	-1
2015-04-27T15:59:48	Error_T0	-1
2015-04-27T16:00:04	Fermi_delay	3245.059524
2015-04-27T16:00:06	Moderator_Temp	109.600006103516
2015-04-27T16:00:06	Fermi_Speed	200
2015-04-27T16:00:06	Freq_T0	50
2015-04-27T16:00:06	T_Head	102.476188504705
2015-04-27T16:00:13	Phase_T0	9770
2015-04-27T16:00:14	T_Sample	99.745400043563
2015-04-27T16:00:15	Freq_Thick	50
2015-04-27T16:00:15	Phase_Thick	1779
2015-04-27T16:00:15	Error_Thick	-1
2015-04-27T16:00:18	Error_T0	0
2015-04-27T16:00:34	Fermi_delay	3244.980159
2015-04-27T16:00:36	Moderator_Temp	109.637496948242
2015-04-27T16:00:36	Fermi_Speed	200
2015-04-27T16:00:36	Freq_T0	50
2015-04-27T16:00:36	T_Head	103.266242644464
2015-04-27T16:00:43	Phase_T0	9770
2015-04-27T16:00:44	T_Sample	100.190722049881
2015-04-27T16:00:45	Freq_Thick	50
2015-04-27T16:00:45	Phase_Thick	1779
2015-04-27T16:00:45	Error_Thick	0
2015-04-27T16:00:48	Error_T0	-1
2015-04-27T16:01:04	Fermi_delay	3245.039683
2015-04-27T16:01:06	Moderator_Temp	109.637496948242
2015-04-27T16:01:06	Fermi_Speed	200
2015-04-27T16:01:06	Freq_T0	50
2015-04-27T16:01:06	T_Head	101.162604513299
2015-04-27T16:01:13	Phase_T0	9770
2015-04-27T16:01:14	T_Sample	100.40683302348
2015-04-27T16:01:15	Freq_Thick	50
2015-04-27T16:01:15	Phase_Thick	1779
2015-04-27T16:01:15	Error_Thick	-1
2015-04-27T16:01:18	Error_T0	0
2015-04-27T16:01:34	Fermi_delay	3245.019841
2015-04-27T16:01:36	Moderator_Temp	109.637496948242
2015-04-27T16:01:36	Fermi_Speed	200
2015-04-27T16:01:36	Freq_T0	50
2015-04-27T16:01:36	T_Head	98.5752461022864
2015-04-27T16:01:43	Phase_T0	9770
2015-04-27T16:01:44	T_Sample	100.360038510367
2015-04-27T16:01:45	Freq_Thick	50
2015-04-27T16:01:45	Phase_Thick	1779
2015-04-27T16:01:45	Error_Thick	-1
2015-04-27T16:01:48	Error_T0	-1
2015-04-27T16:02:04	Fermi_delay	3245
2015-04-27T16:02:06	Moderator_Temp	109.637496948242
2015-04-27T16:02:06	Fermi_Speed	200
2015-04-27T16:02:06	Freq_T0	50
2015-04-27T16:02:06	T_Head	96.1528972063361
