2015-04-27T12:26:48	Moderator_Temp	109.862503051758
2015-04-27T12:26:48	Fermi_Speed	200
2015-04-27T12:26:51	Freq_T0	50
2015-04-27T12:26:53	Fermi_delay	264.007937
2015-04-27T12:26:53	T_Head	49.9947699375713
2015-04-27T12:26:59	Error_T0	-1
2015-04-27T12:26:59	T_Sample	64.8903235259519
2015-04-27T12:27:00	Phase_T0	9770
2015-04-27T12:27:00	Freq_Thick	50
2015-04-27T12:27:00	Phase_Thick	3197
2015-04-27T12:27:00	Error_Thick	-1
2015-04-27T12:27:18	Moderator_Temp	109.900001525879
2015-04-27T12:27:18	Fermi_Speed	200
2015-04-27T12:27:21	Freq_T0	50
2015-04-27T12:27:23	Fermi_delay	264.047619
2015-04-27T12:27:23	T_Head	60.37816679447
2015-04-27T12:27:29	Error_T0	-2
2015-04-27T12:27:29	T_Sample	101.501824630312
2015-04-27T12:27:30	Phase_T0	9770
2015-04-27T12:27:30	Freq_Thick	50
2015-04-27T12:27:30	Phase_Thick	3197
2015-04-27T12:27:30	Error_Thick	0
2015-04-27T12:27:48	Moderator_Temp	109.862503051758
2015-04-27T12:27:48	Fermi_Speed	200
2015-04-27T12:27:51	Freq_T0	50
2015-04-27T12:27:53	Fermi_delay	264.007937
2015-04-27T12:27:53	T_Head	70.881361810025
2015-04-27T12:27:59	Error_T0	0
2015-04-27T12:27:59	T_Sample	110.679661406178
2015-04-27T12:28:00	Phase_T0	9770
2015-04-27T12:28:00	Freq_Thick	50
2015-04-27T12:28:00	Phase_Thick	3197
2015-04-27T12:28:00	Error_Thick	-1
2015-04-27T12:28:18	Moderator_Temp	109.862503051758
2015-04-27T12:28:18	Fermi_Speed	200
2015-04-27T12:28:21	Freq_T0	49.99
2015-04-27T12:28:23	Fermi_delay	263.988095
2015-04-27T12:28:23	T_Head	79.6807999993814
2015-04-27T12:28:29	Error_T0	0
2015-04-27T12:28:29	T_Sample	106.29358277303
2015-04-27T12:28:30	Phase_T0	9770
2015-04-27T12:28:30	Freq_Thick	50
2015-04-27T12:28:30	Phase_Thick	3197
2015-04-27T12:28:30	Error_Thick	-1
2015-04-27T12:28:48	Moderator_Temp	109.900001525879
2015-04-27T12:28:48	Fermi_Speed	200
2015-04-27T12:28:51	Freq_T0	49.99
2015-04-27T12:28:53	Fermi_delay	264.007937
2015-04-27T12:28:53	T_Head	87.2206478315565
2015-04-27T12:28:59	Error_T0	-1
2015-04-27T12:28:59	T_Sample	0
2015-04-27T12:29:00	Phase_T0	9770
2015-04-27T12:29:00	Freq_Thick	50
2015-04-27T12:29:00	Phase_Thick	3197
2015-04-27T12:29:00	Error_Thick	0
2015-04-27T12:29:18	Moderator_Temp	109.900001525879
2015-04-27T12:29:18	Fermi_Speed	200
2015-04-27T12:29:21	Freq_T0	50
2015-04-27T12:29:23	Fermi_delay	264.027778
2015-04-27T12:29:23	T_Head	93.9514686141691
2015-04-27T12:29:29	Error_T0	5
2015-04-27T12:29:29	T_Sample	0
2015-04-27T12:29:30	Phase_T0	9770
2015-04-27T12:29:30	Freq_Thick	50
2015-04-27T12:29:30	Phase_Thick	3197
2015-04-27T12:29:30	Error_Thick	0
2015-04-27T12:29:48	Moderator_Temp	109.862503051758
2015-04-27T12:29:48	Fermi_Speed	200
2015-04-27T12:29:51	Freq_T0	50
2015-04-27T12:29:53	Fermi_delay	265.257937
2015-04-27T12:29:53	T_Head	100.391587822692
2015-04-27T12:29:59	Error_T0	1
2015-04-27T12:29:59	T_Sample	0
2015-04-27T12:30:00	Phase_T0	9770
2015-04-27T12:30:00	Freq_Thick	50
2015-04-27T12:30:00	Phase_Thick	3197
2015-04-27T12:30:00	Error_Thick	-1
2015-04-27T12:30:18	Moderator_Temp	109.900001525879
2015-04-27T12:30:18	Fermi_Speed	200
2015-04-27T12:30:21	Freq_T0	50
2015-04-27T12:30:23	Fermi_delay	263.511905
2015-04-27T12:30:23	T_Head	105.941004250152
2015-04-27T12:30:29	Error_T0	-1
2015-04-27T12:30:29	T_Sample	0
2015-04-27T12:30:30	Phase_T0	9770
2015-04-27T12:30:30	Freq_Thick	50
2015-04-27T12:30:30	Phase_Thick	3197
2015-04-27T12:30:30	Error_Thick	0
2015-04-27T12:30:48	Moderator_Temp	109.900001525879
2015-04-27T12:30:48	Fermi_Speed	200
2015-04-27T12:30:51	Freq_T0	50
2015-04-27T12:30:53	Fermi_delay	263.869048
2015-04-27T12:30:53	T_Head	106.702502216184
2015-04-27T12:30:59	Error_T0	-1
2015-04-27T12:30:59	T_Sample	0
2015-04-27T12:31:00	Phase_T0	9770
2015-04-27T12:31:00	Freq_Thick	49.99
2015-04-27T12:31:00	Phase_Thick	3197
2015-04-27T12:31:00	Error_Thick	0
2015-04-27T12:31:18	Moderator_Temp	109.900001525879
2015-04-27T12:31:18	Fermi_Speed	200
2015-04-27T12:31:21	Freq_T0	50
2015-04-27T12:31:23	Fermi_delay	263.988095
2015-04-27T12:31:23	T_Head	104.170521479127
2015-04-27T12:31:29	Error_T0	-1
2015-04-27T12:31:29	T_Sample	0
2015-04-27T12:31:30	Phase_T0	9770
2015-04-27T12:31:30	Freq_Thick	50
2015-04-27T12:31:30	Phase_Thick	3197
2015-04-27T12:31:30	Error_Thick	-1
2015-04-27T12:31:49	Moderator_Temp	109.900001525879
2015-04-27T12:31:49	Fermi_Speed	200
2015-04-27T12:31:52	Freq_T0	50
2015-04-27T12:31:54	Fermi_delay	263.968254
2015-04-27T12:31:54	T_Head	100.896080225188
2015-04-27T12:32:00	Error_T0	-1
2015-04-27T12:32:00	T_Sample	0
2015-04-27T12:32:01	Phase_T0	9770
2015-04-27T12:32:01	Freq_Thick	50
2015-04-27T12:32:01	Phase_Thick	3197
2015-04-27T12:32:01	Error_Thick	0
2015-04-27T12:32:19	Moderator_Temp	109.900001525879
2015-04-27T12:32:19	Fermi_Speed	200
2015-04-27T12:32:22	Freq_T0	50
2015-04-27T12:32:24	Fermi_delay	264.047619
2015-04-27T12:32:24	T_Head	97.892758913348
2015-04-27T12:32:30	Error_T0	-1
2015-04-27T12:32:30	T_Sample	0
2015-04-27T12:32:31	Phase_T0	9770
2015-04-27T12:32:31	Freq_Thick	50
2015-04-27T12:32:31	Phase_Thick	3197
2015-04-27T12:32:31	Error_Thick	-1
2015-04-27T12:32:49	Moderator_Temp	109.900001525879
2015-04-27T12:32:49	Fermi_Speed	200
2015-04-27T12:32:52	Freq_T0	50
2015-04-27T12:32:54	Fermi_delay	264.027778
2015-04-27T12:32:54	T_Head	95.2184521237515
2015-04-27T12:33:00	Error_T0	-2
2015-04-27T12:33:00	T_Sample	0
2015-04-27T12:33:01	Phase_T0	9770
2015-04-27T12:33:01	Freq_Thick	50
2015-04-27T12:33:01	Phase_Thick	3197
2015-04-27T12:33:01	Error_Thick	0
2015-04-27T12:33:20	Moderator_Temp	109.900001525879
2015-04-27T12:33:20	Fermi_Speed	200
2015-04-27T12:33:23	Freq_T0	50
2015-04-27T12:33:25	Fermi_delay	264.007937
2015-04-27T12:33:25	T_Head	95.8645223377706
2015-04-27T12:33:31	Error_T0	-1
2015-04-27T12:33:31	T_Sample	0
2015-04-27T12:33:32	Phase_T0	9770
2015-04-27T12:33:32	Freq_Thick	50
2015-04-27T12:33:32	Phase_Thick	3197
2015-04-27T12:33:32	Error_Thick	0
2015-04-27T12:33:50	Moderator_Temp	109.900001525879
2015-04-27T12:33:50	Fermi_Speed	200
2015-04-27T12:33:53	Freq_T0	50
2015-04-27T12:33:55	Fermi_delay	263.988095
2015-04-27T12:33:55	T_Head	101.495759873439
2015-04-27T12:34:01	Error_T0	-2
2015-04-27T12:34:01	T_Sample	0
2015-04-27T12:34:02	Phase_T0	9770
2015-04-27T12:34:02	Freq_Thick	50
2015-04-27T12:34:02	Phase_Thick	3197
2015-04-27T12:34:02	Error_Thick	-1
2015-04-27T12:34:20	Moderator_Temp	109.900001525879
2015-04-27T12:34:20	Fermi_Speed	200
2015-04-27T12:34:23	Freq_T0	49.99
2015-04-27T12:34:25	Fermi_delay	264.027778
2015-04-27T12:34:25	T_Head	106.512127724676
2015-04-27T12:34:31	Error_T0	0
2015-04-27T12:34:31	T_Sample	0
2015-04-27T12:34:32	Phase_T0	9770
2015-04-27T12:34:32	Freq_Thick	50
2015-04-27T12:34:32	Phase_Thick	3197
2015-04-27T12:34:32	Error_Thick	0
2015-04-27T12:34:50	Moderator_Temp	109.900001525879
2015-04-27T12:34:50	Fermi_Speed	200
2015-04-27T12:34:53	Freq_T0	50
2015-04-27T12:34:55	Fermi_delay	264.007937
2015-04-27T12:34:55	T_Head	106.512127724676
2015-04-27T12:35:01	Error_T0	0
2015-04-27T12:35:01	T_Sample	0
2015-04-27T12:35:02	Phase_T0	9770
2015-04-27T12:35:02	Freq_Thick	50
2015-04-27T12:35:02	Phase_Thick	3197
2015-04-27T12:35:02	Error_Thick	0
2015-04-27T12:35:20	Moderator_Temp	109.900001525879
2015-04-27T12:35:20	Fermi_Speed	200
2015-04-27T12:35:24	Freq_T0	50
2015-04-27T12:35:25	T_Head	104.084852957948
2015-04-27T12:35:26	Fermi_delay	264.007937
2015-04-27T12:35:31	Error_T0	0
2015-04-27T12:35:31	T_Sample	0
2015-04-27T12:35:32	Phase_T0	9770
2015-04-27T12:35:32	Freq_Thick	50
2015-04-27T12:35:32	Phase_Thick	3197
2015-04-27T12:35:32	Error_Thick	-1
2015-04-27T12:35:50	Moderator_Temp	109.900001525879
2015-04-27T12:35:50	Fermi_Speed	200
2015-04-27T12:35:54	Freq_T0	50
2015-04-27T12:35:55	T_Head	101.343460280232
2015-04-27T12:35:56	Fermi_delay	264.007937
2015-04-27T12:36:01	Error_T0	-1
2015-04-27T12:36:01	T_Sample	0
2015-04-27T12:36:02	Phase_T0	9770
2015-04-27T12:36:02	Freq_Thick	50
2015-04-27T12:36:02	Phase_Thick	3197
2015-04-27T12:36:02	Error_Thick	0
2015-04-27T12:36:20	Moderator_Temp	109.900001525879
2015-04-27T12:36:20	Fermi_Speed	200
2015-04-27T12:36:24	Freq_T0	49.99
2015-04-27T12:36:25	T_Head	98.6713710584749
2015-04-27T12:36:26	Fermi_delay	264.007937
2015-04-27T12:36:31	Error_T0	1
2015-04-27T12:36:31	T_Sample	0
2015-04-27T12:36:32	Phase_T0	9770
2015-04-27T12:36:32	Freq_Thick	50
2015-04-27T12:36:32	Phase_Thick	3197
2015-04-27T12:36:32	Error_Thick	0
2015-04-27T12:36:50	Moderator_Temp	109.900001525879
2015-04-27T12:36:50	Fermi_Speed	200
2015-04-27T12:36:54	Freq_T0	49.99
2015-04-27T12:36:55	T_Head	96.2009596844303
2015-04-27T12:36:56	Fermi_delay	264.06746
2015-04-27T12:37:01	Error_T0	-1
2015-04-27T12:37:01	T_Sample	0
2015-04-27T12:37:02	Phase_T0	9770
2015-04-27T12:37:02	Freq_Thick	50
2015-04-27T12:37:02	Phase_Thick	3197
2015-04-27T12:37:02	Error_Thick	-1
2015-04-27T12:37:20	Moderator_Temp	109.862503051758
2015-04-27T12:37:20	Fermi_Speed	200
2015-04-27T12:37:24	Freq_T0	50
2015-04-27T12:37:25	T_Head	95.2769282857322
2015-04-27T12:37:26	Fermi_delay	264.06746
2015-04-27T12:37:31	Error_T0	0
2015-04-27T12:37:31	T_Sample	0
2015-04-27T12:37:32	Phase_T0	9770
2015-04-27T12:37:32	Freq_Thick	50
2015-04-27T12:37:32	Phase_Thick	3197
2015-04-27T12:37:32	Error_Thick	0
2015-04-27T12:37:50	Moderator_Temp	109.862503051758
2015-04-27T12:37:50	Fermi_Speed	200
2015-04-27T12:37:54	Freq_T0	50
2015-04-27T12:37:55	T_Head	99.3826957342698
2015-04-27T12:37:56	Fermi_delay	264.047619
2015-04-27T12:38:01	Error_T0	1
2015-04-27T12:38:01	T_Sample	0
2015-04-27T12:38:02	Phase_T0	9770
2015-04-27T12:38:02	Freq_Thick	50
2015-04-27T12:38:02	Phase_Thick	3197
2015-04-27T12:38:02	Error_Thick	-1
2015-04-27T12:38:20	Moderator_Temp	109.900001525879
2015-04-27T12:38:20	Fermi_Speed	200
2015-04-27T12:38:24	Freq_T0	50
2015-04-27T12:38:25	T_Head	105.017687966338
2015-04-27T12:38:26	Fermi_delay	264.007937
2015-04-27T12:38:31	Error_T0	-1
2015-04-27T12:38:31	T_Sample	0
2015-04-27T12:38:32	Phase_T0	9770
2015-04-27T12:38:32	Freq_Thick	50
2015-04-27T12:38:32	Phase_Thick	3197
2015-04-27T12:38:32	Error_Thick	-2
2015-04-27T12:38:50	Moderator_Temp	109.9375
2015-04-27T12:38:50	Fermi_Speed	200
2015-04-27T12:38:54	Freq_T0	50
2015-04-27T12:38:55	T_Head	106.416940478922
2015-04-27T12:38:56	Fermi_delay	264.007937
2015-04-27T12:39:01	Error_T0	-1
2015-04-27T12:39:01	T_Sample	0
2015-04-27T12:39:02	Phase_T0	9770
2015-04-27T12:39:02	Freq_Thick	50
2015-04-27T12:39:02	Phase_Thick	3197
2015-04-27T12:39:02	Error_Thick	-1
2015-04-27T12:39:20	Moderator_Temp	109.900001525879
2015-04-27T12:39:20	Fermi_Speed	200
2015-04-27T12:39:24	Freq_T0	50
2015-04-27T12:39:25	T_Head	104.484639390115
2015-04-27T12:39:26	Fermi_delay	263.988095
2015-04-27T12:39:31	Error_T0	0
2015-04-27T12:39:31	T_Sample	0
2015-04-27T12:39:32	Phase_T0	9770
2015-04-27T12:39:32	Freq_Thick	50
2015-04-27T12:39:32	Phase_Thick	3197
2015-04-27T12:39:32	Error_Thick	-1
2015-04-27T12:39:50	Moderator_Temp	109.900001525879
2015-04-27T12:39:50	Fermi_Speed	200
2015-04-27T12:39:54	Freq_T0	50
2015-04-27T12:39:55	T_Head	101.88602758103
2015-04-27T12:39:56	Fermi_delay	264.047619
2015-04-27T12:40:01	Error_T0	-1
2015-04-27T12:40:01	T_Sample	0
2015-04-27T12:40:02	Phase_T0	9770
2015-04-27T12:40:02	Freq_Thick	50
2015-04-27T12:40:02	Phase_Thick	3197
2015-04-27T12:40:02	Error_Thick	-1
2015-04-27T12:40:20	Moderator_Temp	109.900001525879
2015-04-27T12:40:20	Fermi_Speed	200
2015-04-27T12:40:24	Freq_T0	50
2015-04-27T12:40:25	T_Head	99.2865707780813
2015-04-27T12:40:26	Fermi_delay	263.988095
2015-04-27T12:40:31	Error_T0	-1
2015-04-27T12:40:31	T_Sample	0
2015-04-27T12:40:32	Phase_T0	9770
2015-04-27T12:40:32	Freq_Thick	50
2015-04-27T12:40:32	Phase_Thick	3197
2015-04-27T12:40:32	Error_Thick	-1
2015-04-27T12:40:50	Moderator_Temp	109.900001525879
2015-04-27T12:40:50	Fermi_Speed	200
2015-04-27T12:40:54	Freq_T0	50
2015-04-27T12:40:55	T_Head	96.8353843952744
2015-04-27T12:40:56	Fermi_delay	264.047619
2015-04-27T12:41:01	Error_T0	-1
2015-04-27T12:41:01	T_Sample	0
2015-04-27T12:41:02	Phase_T0	9770
2015-04-27T12:41:02	Freq_Thick	50
2015-04-27T12:41:02	Phase_Thick	3197
2015-04-27T12:41:02	Error_Thick	-1
2015-04-27T12:41:20	Moderator_Temp	109.900001525879
2015-04-27T12:41:20	Fermi_Speed	200
2015-04-27T12:41:24	Freq_T0	50
2015-04-27T12:41:25	T_Head	95.2671822587355
2015-04-27T12:41:26	Fermi_delay	264.027778
2015-04-27T12:41:31	Error_T0	-1
2015-04-27T12:41:31	T_Sample	0
2015-04-27T12:41:32	Phase_T0	9770
2015-04-27T12:41:32	Freq_Thick	50
2015-04-27T12:41:32	Phase_Thick	3197
2015-04-27T12:41:32	Error_Thick	-1
2015-04-27T12:41:50	Moderator_Temp	109.900001525879
2015-04-27T12:41:50	Fermi_Speed	200
2015-04-27T12:41:54	Freq_T0	50
2015-04-27T12:41:55	T_Head	98.2484212512455
2015-04-27T12:41:56	Fermi_delay	263.968254
2015-04-27T12:42:01	Error_T0	0
2015-04-27T12:42:01	T_Sample	0
2015-04-27T12:42:02	Phase_T0	9770
2015-04-27T12:42:02	Freq_Thick	50
2015-04-27T12:42:02	Phase_Thick	3197
2015-04-27T12:42:02	Error_Thick	0
2015-04-27T12:42:20	Moderator_Temp	109.900001525879
2015-04-27T12:42:20	Fermi_Speed	200
2015-04-27T12:42:24	Freq_T0	50
2015-04-27T12:42:25	T_Head	103.827847394412
2015-04-27T12:42:26	Fermi_delay	263.988095
2015-04-27T12:42:31	Error_T0	-1
2015-04-27T12:42:31	T_Sample	0
2015-04-27T12:42:32	Phase_T0	9770
2015-04-27T12:42:32	Freq_Thick	50
2015-04-27T12:42:32	Phase_Thick	3197
2015-04-27T12:42:32	Error_Thick	-1
2015-04-27T12:42:50	Moderator_Temp	109.862503051758
2015-04-27T12:42:50	Fermi_Speed	200
2015-04-27T12:42:54	Freq_T0	50
2015-04-27T12:42:55	T_Head	106.226565987414
2015-04-27T12:42:56	Fermi_delay	264.027778
2015-04-27T12:43:01	Error_T0	-1
2015-04-27T12:43:02	T_Sample	0
2015-04-27T12:43:03	Phase_T0	9770
2015-04-27T12:43:03	Freq_Thick	50
2015-04-27T12:43:03	Phase_Thick	3197
2015-04-27T12:43:03	Error_Thick	0
2015-04-27T12:43:21	Moderator_Temp	109.862503051758
2015-04-27T12:43:21	Fermi_Speed	200
2015-04-27T12:43:25	Freq_T0	50
2015-04-27T12:43:26	T_Head	104.846350923981
2015-04-27T12:43:27	Fermi_delay	263.968254
2015-04-27T12:43:32	Error_T0	-1
2015-04-27T12:43:32	T_Sample	0
2015-04-27T12:43:33	Phase_T0	9770
2015-04-27T12:43:33	Freq_Thick	50
2015-04-27T12:43:33	Phase_Thick	3197
2015-04-27T12:43:33	Error_Thick	-1
2015-04-27T12:43:51	Moderator_Temp	109.862503051758
2015-04-27T12:43:51	Fermi_Speed	200
2015-04-27T12:43:55	Freq_T0	50
2015-04-27T12:43:56	T_Head	110.12924306333
2015-04-27T12:43:57	Fermi_delay	264.027778
2015-04-27T12:44:02	Error_T0	0
2015-04-27T12:44:02	T_Sample	0
2015-04-27T12:44:03	Phase_T0	9770
2015-04-27T12:44:03	Freq_Thick	50
2015-04-27T12:44:03	Phase_Thick	3197
2015-04-27T12:44:03	Error_Thick	-1
2015-04-27T12:44:21	Moderator_Temp	109.862503051758
2015-04-27T12:44:21	Fermi_Speed	200
2015-04-27T12:44:25	Freq_T0	50
2015-04-27T12:44:26	T_Head	122.639642831597
2015-04-27T12:44:27	Fermi_delay	264.047619
2015-04-27T12:44:32	Error_T0	0
2015-04-27T12:44:32	T_Sample	275.479963247291
2015-04-27T12:44:33	Phase_T0	9770
2015-04-27T12:44:33	Freq_Thick	50
2015-04-27T12:44:33	Phase_Thick	3197
2015-04-27T12:44:33	Error_Thick	0
2015-04-27T12:44:51	Moderator_Temp	109.862503051758
2015-04-27T12:44:51	Fermi_Speed	200
2015-04-27T12:44:55	Freq_T0	50
2015-04-27T12:44:56	T_Head	127.854935971591
2015-04-27T12:44:57	Fermi_delay	263.988095
2015-04-27T12:45:02	Error_T0	-1
2015-04-27T12:45:02	T_Sample	269.256825130464
2015-04-27T12:45:03	Phase_T0	9770
2015-04-27T12:45:03	Freq_Thick	50
2015-04-27T12:45:03	Phase_Thick	3197
2015-04-27T12:45:03	Error_Thick	0
2015-04-27T12:45:21	Moderator_Temp	109.862503051758
2015-04-27T12:45:21	Fermi_Speed	200
2015-04-27T12:45:25	Freq_T0	50
2015-04-27T12:45:26	T_Head	130.511058326287
2015-04-27T12:45:27	Fermi_delay	263.988095
2015-04-27T12:45:32	Error_T0	-1
2015-04-27T12:45:32	T_Sample	264.218571181674
2015-04-27T12:45:33	Phase_T0	9770
2015-04-27T12:45:33	Freq_Thick	50
2015-04-27T12:45:33	Phase_Thick	3197
2015-04-27T12:45:33	Error_Thick	0
2015-04-27T12:45:51	Moderator_Temp	109.862503051758
2015-04-27T12:45:51	Fermi_Speed	200
2015-04-27T12:45:55	Freq_T0	50
2015-04-27T12:45:56	T_Head	131.559417013895
2015-04-27T12:45:57	Fermi_delay	264.027778
2015-04-27T12:46:02	Error_T0	0
2015-04-27T12:46:02	T_Sample	258.490136735516
2015-04-27T12:46:03	Phase_T0	9770
2015-04-27T12:46:03	Freq_Thick	50
2015-04-27T12:46:03	Phase_Thick	3197
2015-04-27T12:46:03	Error_Thick	-1
2015-04-27T12:46:21	Moderator_Temp	109.862503051758
2015-04-27T12:46:21	Fermi_Speed	200
2015-04-27T12:46:25	Freq_T0	50
2015-04-27T12:46:26	T_Head	132.226554360554
2015-04-27T12:46:27	Fermi_delay	264.047619
2015-04-27T12:46:32	Error_T0	0
2015-04-27T12:46:32	T_Sample	253.653336450073
2015-04-27T12:46:33	Phase_T0	9770
2015-04-27T12:46:33	Freq_Thick	50
2015-04-27T12:46:33	Phase_Thick	3197
2015-04-27T12:46:33	Error_Thick	0
2015-04-27T12:46:51	Moderator_Temp	109.862503051758
2015-04-27T12:46:51	Fermi_Speed	200
2015-04-27T12:46:55	Freq_T0	50
2015-04-27T12:46:56	T_Head	132.512470366266
2015-04-27T12:46:57	Fermi_delay	264.027778
2015-04-27T12:47:02	Error_T0	0
2015-04-27T12:47:02	T_Sample	249.113734036315
2015-04-27T12:47:03	Phase_T0	9770
2015-04-27T12:47:03	Freq_Thick	50
2015-04-27T12:47:03	Phase_Thick	3197
2015-04-27T12:47:03	Error_Thick	-1
2015-04-27T12:47:21	Moderator_Temp	109.862503051758
2015-04-27T12:47:21	Fermi_Speed	200
2015-04-27T12:47:25	Freq_T0	50
2015-04-27T12:47:26	T_Head	132.512470366266
2015-04-27T12:47:27	Fermi_delay	1728.035714
2015-04-27T12:47:32	Error_T0	0
2015-04-27T12:47:32	T_Sample	244.774932842447
2015-04-27T12:47:33	Phase_T0	9770
2015-04-27T12:47:33	Freq_Thick	50
2015-04-27T12:47:33	Phase_Thick	1779
2015-04-27T12:47:33	Error_Thick	0
2015-04-27T12:47:51	Moderator_Temp	109.862503051758
2015-04-27T12:47:51	Fermi_Speed	200
2015-04-27T12:47:55	Freq_T0	50
2015-04-27T12:47:56	T_Head	132.321859695791
2015-04-27T12:47:57	Fermi_delay	2299.285714
2015-04-27T12:48:02	Error_T0	-1
2015-04-27T12:48:02	T_Sample	240.731959002706
2015-04-27T12:48:03	Phase_T0	9770
2015-04-27T12:48:03	Freq_Thick	50
2015-04-27T12:48:03	Phase_Thick	1779
2015-04-27T12:48:03	Error_Thick	-1
2015-04-27T12:48:21	Moderator_Temp	109.862503051758
2015-04-27T12:48:21	Fermi_Speed	200
2015-04-27T12:48:25	Freq_T0	50
2015-04-27T12:48:26	T_Head	132.03594369008
2015-04-27T12:48:27	Fermi_delay	3196.329365
2015-04-27T12:48:32	Error_T0	0
2015-04-27T12:48:32	T_Sample	236.891705336683
2015-04-27T12:48:33	Phase_T0	9770
2015-04-27T12:48:33	Freq_Thick	50
2015-04-27T12:48:33	Phase_Thick	1779
2015-04-27T12:48:33	Error_Thick	-1
2015-04-27T12:48:51	Moderator_Temp	109.862503051758
2015-04-27T12:48:51	Fermi_Speed	200
2015-04-27T12:48:55	Freq_T0	50
2015-04-27T12:48:56	T_Head	131.654722349132
2015-04-27T12:48:57	Fermi_delay	3235.615079
2015-04-27T12:49:02	Error_T0	0
2015-04-27T12:49:02	T_Sample	233.249281488514
2015-04-27T12:49:03	Phase_T0	9770
2015-04-27T12:49:03	Freq_Thick	50
2015-04-27T12:49:03	Phase_Thick	1779
2015-04-27T12:49:03	Error_Thick	-1
2015-04-27T12:49:21	Moderator_Temp	109.862503051758
2015-04-27T12:49:21	Fermi_Speed	200
2015-04-27T12:49:25	Freq_T0	50
2015-04-27T12:49:26	T_Head	131.178195672947
2015-04-27T12:49:27	Fermi_delay	3244.781746
2015-04-27T12:49:32	Error_T0	-1
2015-04-27T12:49:32	T_Sample	229.706408056492
2015-04-27T12:49:33	Phase_T0	9770
2015-04-27T12:49:33	Freq_Thick	50
2015-04-27T12:49:33	Phase_Thick	1779
2015-04-27T12:49:33	Error_Thick	-1
2015-04-27T12:49:51	Moderator_Temp	109.824996948242
2015-04-27T12:49:51	Fermi_Speed	200
2015-04-27T12:49:55	Freq_T0	50
2015-04-27T12:49:56	T_Head	130.796974331998
2015-04-27T12:49:57	Fermi_delay	3245.019841
2015-04-27T12:50:02	Error_T0	-1
2015-04-27T12:50:02	T_Sample	226.367219159704
2015-04-27T12:50:03	Phase_T0	9770
2015-04-27T12:50:03	Freq_Thick	50
2015-04-27T12:50:03	Phase_Thick	1779
2015-04-27T12:50:03	Error_Thick	-1
2015-04-27T12:50:21	Moderator_Temp	109.862503051758
2015-04-27T12:50:21	Fermi_Speed	200
2015-04-27T12:50:25	Freq_T0	50
2015-04-27T12:50:26	T_Head	130.225523762498
2015-04-27T12:50:27	Fermi_delay	3244.980159
2015-04-27T12:50:32	Error_T0	-1
2015-04-27T12:50:32	T_Sample	223.126241701056
2015-04-27T12:50:33	Phase_T0	9770
2015-04-27T12:50:33	Freq_Thick	50
2015-04-27T12:50:33	Phase_Thick	1779
2015-04-27T12:50:33	Error_Thick	-1
2015-04-27T12:50:51	Moderator_Temp	109.824996948242
2015-04-27T12:50:51	Fermi_Speed	200
2015-04-27T12:50:55	Freq_T0	49.99
2015-04-27T12:50:56	T_Head	129.751406204317
2015-04-27T12:50:57	Fermi_delay	3244.960317
2015-04-27T12:51:02	Error_T0	-1
2015-04-27T12:51:02	T_Sample	219.88618950051
2015-04-27T12:51:03	Phase_T0	9770
2015-04-27T12:51:03	Freq_Thick	50
2015-04-27T12:51:03	Phase_Thick	1779
2015-04-27T12:51:03	Error_Thick	0
2015-04-27T12:51:21	Moderator_Temp	109.824996948242
2015-04-27T12:51:21	Fermi_Speed	200
2015-04-27T12:51:25	Freq_T0	50
2015-04-27T12:51:26	T_Head	129.182465134499
2015-04-27T12:51:27	Fermi_delay	3245.039683
2015-04-27T12:51:32	Error_T0	-2
2015-04-27T12:51:32	T_Sample	216.851514149115
2015-04-27T12:51:33	Phase_T0	9770
2015-04-27T12:51:33	Freq_Thick	50
2015-04-27T12:51:33	Phase_Thick	1779
2015-04-27T12:51:33	Error_Thick	0
2015-04-27T12:51:51	Moderator_Temp	109.824996948242
2015-04-27T12:51:51	Fermi_Speed	200
2015-04-27T12:51:55	Freq_T0	50
2015-04-27T12:51:56	T_Head	128.613524064681
2015-04-27T12:51:57	Fermi_delay	3244.980159
2015-04-27T12:52:02	Error_T0	0
2015-04-27T12:52:02	T_Sample	213.91473155099
2015-04-27T12:52:03	Phase_T0	9770
2015-04-27T12:52:03	Freq_Thick	50
2015-04-27T12:52:03	Phase_Thick	1779
2015-04-27T12:52:03	Error_Thick	-1
2015-04-27T12:52:22	Moderator_Temp	109.824996948242
2015-04-27T12:52:22	Fermi_Speed	200
2015-04-27T12:52:25	Freq_T0	49.99
2015-04-27T12:52:26	T_Head	128.044582994864
2015-04-27T12:52:28	Fermi_delay	3245.019841
2015-04-27T12:52:33	Error_T0	0
2015-04-27T12:52:33	T_Sample	210.880056199594
2015-04-27T12:52:34	Phase_T0	9770
2015-04-27T12:52:34	Freq_Thick	50
2015-04-27T12:52:34	Phase_Thick	1779
2015-04-27T12:52:34	Error_Thick	-1
2015-04-27T12:52:52	Moderator_Temp	109.824996948242
2015-04-27T12:52:52	Fermi_Speed	200
2015-04-27T12:52:55	Freq_T0	50
2015-04-27T12:52:56	T_Head	127.38081841341
2015-04-27T12:52:58	Fermi_delay	3245.039683
2015-04-27T12:53:03	Error_T0	-1
2015-04-27T12:53:03	T_Sample	208.049305609186
2015-04-27T12:53:04	Phase_T0	9770
2015-04-27T12:53:04	Freq_Thick	50
2015-04-27T12:53:04	Phase_Thick	1779
2015-04-27T12:53:04	Error_Thick	0
2015-04-27T12:53:22	Moderator_Temp	109.824996948242
2015-04-27T12:53:22	Fermi_Speed	200
2015-04-27T12:53:25	Freq_T0	50
2015-04-27T12:53:26	T_Head	126.717053831956
2015-04-27T12:53:28	Fermi_delay	3244.980159
2015-04-27T12:53:33	Error_T0	-1
2015-04-27T12:53:33	T_Sample	205.318719202734
2015-04-27T12:53:34	Phase_T0	9770
2015-04-27T12:53:34	Freq_Thick	50
2015-04-27T12:53:34	Phase_Thick	1779
2015-04-27T12:53:34	Error_Thick	-1
2015-04-27T12:53:53	Moderator_Temp	109.824996948242
2015-04-27T12:53:53	Fermi_Speed	200
2015-04-27T12:53:56	Freq_T0	50
2015-04-27T12:53:57	T_Head	126.053289250502
2015-04-27T12:53:59	Fermi_delay	3245.019841
2015-04-27T12:54:04	Error_T0	-1
2015-04-27T12:54:04	T_Sample	202.588132796282
2015-04-27T12:54:05	Phase_T0	9770
2015-04-27T12:54:05	Freq_Thick	50
2015-04-27T12:54:05	Phase_Thick	1779
2015-04-27T12:54:05	Error_Thick	0
2015-04-27T12:54:23	Moderator_Temp	109.824996948242
2015-04-27T12:54:23	Fermi_Speed	200
2015-04-27T12:54:26	Freq_T0	50
2015-04-27T12:54:27	T_Head	125.389524669048
2015-04-27T12:54:29	Fermi_delay	3245.019841
2015-04-27T12:54:34	Error_T0	-1
2015-04-27T12:54:34	T_Sample	199.956317228936
2015-04-27T12:54:35	Phase_T0	9770
2015-04-27T12:54:35	Freq_Thick	50
2015-04-27T12:54:35	Phase_Thick	1779
2015-04-27T12:54:35	Error_Thick	-1
2015-04-27T12:54:54	Moderator_Temp	109.824996948242
2015-04-27T12:54:54	Fermi_Speed	200
2015-04-27T12:54:57	Freq_T0	50
2015-04-27T12:54:58	T_Head	124.725760087594
2015-04-27T12:55:00	Fermi_delay	3244.960317
2015-04-27T12:55:05	Error_T0	-1
2015-04-27T12:55:05	T_Sample	197.240300464806
2015-04-27T12:55:06	Phase_T0	9770
2015-04-27T12:55:06	Freq_Thick	49.99
2015-04-27T12:55:06	Phase_Thick	1779
2015-04-27T12:55:06	Error_Thick	0
2015-04-27T12:55:24	Moderator_Temp	109.787506103516
2015-04-27T12:55:24	Fermi_Speed	200
2015-04-27T12:55:27	Freq_T0	50
2015-04-27T12:55:28	T_Head	123.967171994504
2015-04-27T12:55:30	Fermi_delay	3244.980159
2015-04-27T12:55:35	Error_T0	-1
2015-04-27T12:55:35	T_Sample	194.815285496833
2015-04-27T12:55:36	Phase_T0	9770
2015-04-27T12:55:36	Freq_Thick	50
2015-04-27T12:55:36	Phase_Thick	1779
2015-04-27T12:55:36	Error_Thick	-1
2015-04-27T12:55:54	Moderator_Temp	109.787506103516
2015-04-27T12:55:54	Fermi_Speed	200
2015-04-27T12:55:57	Freq_T0	50
2015-04-27T12:55:58	T_Head	123.30340741305
2015-04-27T12:56:00	Fermi_delay	3244.980159
2015-04-27T12:56:05	Error_T0	-1
2015-04-27T12:56:05	T_Sample	192.293269930141
2015-04-27T12:56:06	Phase_T0	9770
2015-04-27T12:56:06	Freq_Thick	50
2015-04-27T12:56:06	Phase_Thick	1779
2015-04-27T12:56:06	Error_Thick	0
2015-04-27T12:56:25	Moderator_Temp	109.824996948242
2015-04-27T12:56:25	Fermi_Speed	200
2015-04-27T12:56:28	Freq_T0	50
2015-04-27T12:56:29	T_Head	122.449995808324
2015-04-27T12:56:31	Fermi_delay	3245
2015-04-27T12:56:36	Error_T0	0
2015-04-27T12:56:36	T_Sample	189.86981054026
2015-04-27T12:56:37	Phase_T0	9770
2015-04-27T12:56:37	Freq_Thick	50
2015-04-27T12:56:37	Phase_Thick	1779
2015-04-27T12:56:37	Error_Thick	0
2015-04-27T12:56:55	Moderator_Temp	109.824996948242
2015-04-27T12:56:55	Fermi_Speed	200
2015-04-27T12:56:58	Freq_T0	50
2015-04-27T12:56:59	T_Head	121.691407715234
2015-04-27T12:57:01	Fermi_delay	3244.980159
2015-04-27T12:57:06	Error_T0	0
2015-04-27T12:57:06	T_Sample	187.553098639212
2015-04-27T12:57:07	Phase_T0	9770
2015-04-27T12:57:07	Freq_Thick	50
2015-04-27T12:57:07	Phase_Thick	1779
2015-04-27T12:57:07	Error_Thick	0
2015-04-27T12:57:25	Moderator_Temp	109.787506103516
2015-04-27T12:57:25	Fermi_Speed	200
2015-04-27T12:57:28	Freq_T0	50
2015-04-27T12:57:29	T_Head	120.932819622144
2015-04-27T12:57:31	Fermi_delay	3245.039683
2015-04-27T12:57:36	Error_T0	-2
2015-04-27T12:57:36	T_Sample	185.236386738164
2015-04-27T12:57:37	Phase_T0	9770
2015-04-27T12:57:37	Freq_Thick	50
2015-04-27T12:57:37	Phase_Thick	1779
2015-04-27T12:57:37	Error_Thick	-1
2015-04-27T12:57:55	Moderator_Temp	109.787506103516
2015-04-27T12:57:55	Fermi_Speed	200
2015-04-27T12:57:58	Freq_T0	50
2015-04-27T12:57:59	T_Head	120.174329413084
2015-04-27T12:58:01	Fermi_delay	3244.980159
2015-04-27T12:58:06	Error_T0	-1
2015-04-27T12:58:06	T_Sample	182.919674837116
2015-04-27T12:58:07	Phase_T0	9770
2015-04-27T12:58:07	Freq_Thick	50
2015-04-27T12:58:07	Phase_Thick	1779
2015-04-27T12:58:07	Error_Thick	0
2015-04-27T12:58:25	Moderator_Temp	109.824996948242
2015-04-27T12:58:25	Fermi_Speed	200
2015-04-27T12:58:28	Freq_T0	49.99
2015-04-27T12:58:29	T_Head	119.321559030104
2015-04-27T12:58:31	Fermi_delay	3245.019841
2015-04-27T12:58:36	Error_T0	-1
2015-04-27T12:58:36	T_Sample	180.699492598611
2015-04-27T12:58:37	Phase_T0	9770
2015-04-27T12:58:37	Freq_Thick	50
2015-04-27T12:58:37	Phase_Thick	1779
2015-04-27T12:58:37	Error_Thick	-1
2015-04-27T12:58:55	Moderator_Temp	109.787506103516
2015-04-27T12:58:55	Fermi_Speed	200
2015-04-27T12:58:58	Freq_T0	50
2015-04-27T12:58:59	T_Head	118.468788647124
2015-04-27T12:59:01	Fermi_delay	3245.019841
2015-04-27T12:59:06	Error_T0	0
2015-04-27T12:59:06	T_Sample	178.586959978793
2015-04-27T12:59:07	Phase_T0	9770
2015-04-27T12:59:07	Freq_Thick	50
2015-04-27T12:59:07	Phase_Thick	1779
2015-04-27T12:59:07	Error_Thick	-1
2015-04-27T12:59:25	Moderator_Temp	109.787506103516
2015-04-27T12:59:25	Fermi_Speed	200
2015-04-27T12:59:28	Freq_T0	49.99
2015-04-27T12:59:29	T_Head	117.710770528919
2015-04-27T12:59:31	Fermi_delay	3244.980159
2015-04-27T12:59:36	Error_T0	-1
2015-04-27T12:59:36	T_Sample	176.477927715405
2015-04-27T12:59:37	Phase_T0	9770
2015-04-27T12:59:37	Freq_Thick	50
2015-04-27T12:59:37	Phase_Thick	1779
2015-04-27T12:59:37	Error_Thick	-1
2015-04-27T12:59:55	Moderator_Temp	109.787506103516
2015-04-27T12:59:55	Fermi_Speed	200
2015-04-27T12:59:58	Freq_T0	50
2015-04-27T12:59:59	T_Head	116.763247881163
2015-04-27T13:00:01	Fermi_delay	3244.980159
2015-04-27T13:00:07	Error_T0	0
2015-04-27T13:00:07	T_Sample	174.273030349135
2015-04-27T13:00:08	Phase_T0	9770
2015-04-27T13:00:08	Freq_Thick	50
2015-04-27T13:00:08	Phase_Thick	1779
2015-04-27T13:00:08	Error_Thick	0
2015-04-27T13:00:26	Moderator_Temp	109.824996948242
2015-04-27T13:00:26	Fermi_Speed	200
2015-04-27T13:00:29	Freq_T0	50
2015-04-27T13:00:30	T_Head	115.910477498183
2015-04-27T13:00:32	Fermi_delay	3245.019841
2015-04-27T13:00:37	Error_T0	0
2015-04-27T13:00:37	T_Sample	172.259863188628
2015-04-27T13:00:38	Phase_T0	9770
2015-04-27T13:00:38	Freq_Thick	50
2015-04-27T13:00:38	Phase_Thick	1779
2015-04-27T13:00:38	Error_Thick	-1
2015-04-27T13:00:56	Moderator_Temp	109.824996948242
2015-04-27T13:00:56	Fermi_Speed	200
2015-04-27T13:00:59	Freq_T0	49.99
2015-04-27T13:01:00	T_Head	115.057707115203
2015-04-27T13:01:02	Fermi_delay	3245.019841
2015-04-27T13:01:07	Error_T0	-1
2015-04-27T13:01:07	T_Sample	170.246696028121
2015-04-27T13:01:08	Phase_T0	9770
2015-04-27T13:01:08	Freq_Thick	49.99
2015-04-27T13:01:08	Phase_Thick	1779
2015-04-27T13:01:08	Error_Thick	-1
2015-04-27T13:01:26	Moderator_Temp	109.787506103516
2015-04-27T13:01:26	Fermi_Speed	200
2015-04-27T13:01:29	Freq_T0	50
2015-04-27T13:01:30	T_Head	114.110184467448
2015-04-27T13:01:32	Fermi_delay	3245.059524
2015-04-27T13:01:37	Error_T0	0
2015-04-27T13:01:37	T_Sample	168.24571664671
2015-04-27T13:01:38	Phase_T0	9770
2015-04-27T13:01:38	Freq_Thick	50
2015-04-27T13:01:38	Phase_Thick	1779
2015-04-27T13:01:38	Error_Thick	0
2015-04-27T13:01:56	Moderator_Temp	109.787506103516
2015-04-27T13:01:56	Fermi_Speed	200
2015-04-27T13:01:59	Freq_T0	50
2015-04-27T13:02:00	T_Head	113.162661819692
2015-04-27T13:02:02	Fermi_delay	3244.980159
2015-04-27T13:02:07	Error_T0	-1
2015-04-27T13:02:07	T_Sample	166.245020151734
2015-04-27T13:02:08	Phase_T0	9770
2015-04-27T13:02:08	Freq_Thick	50
2015-04-27T13:02:08	Phase_Thick	1779
2015-04-27T13:02:08	Error_Thick	-1
2015-04-27T13:02:26	Moderator_Temp	109.787506103516
2015-04-27T13:02:26	Fermi_Speed	200
2015-04-27T13:02:29	Freq_T0	50
2015-04-27T13:02:30	T_Head	112.309891436712
2015-04-27T13:02:32	Fermi_delay	3244.980159
2015-04-27T13:02:37	Error_T0	0
2015-04-27T13:02:37	T_Sample	164.339594918424
2015-04-27T13:02:38	Phase_T0	9770
2015-04-27T13:02:38	Freq_Thick	50
2015-04-27T13:02:38	Phase_Thick	1779
2015-04-27T13:02:38	Error_Thick	0
2015-04-27T13:02:56	Moderator_Temp	109.787506103516
2015-04-27T13:02:56	Fermi_Speed	200
2015-04-27T13:02:59	Freq_T0	50
2015-04-27T13:03:00	T_Head	111.362368788956
2015-04-27T13:03:02	Fermi_delay	3245.039683
2015-04-27T13:03:07	Error_T0	0
2015-04-27T13:03:07	T_Sample	162.434169685114
2015-04-27T13:03:08	Phase_T0	9770
2015-04-27T13:03:08	Freq_Thick	50
2015-04-27T13:03:08	Phase_Thick	1779
2015-04-27T13:03:08	Error_Thick	0
2015-04-27T13:03:26	Moderator_Temp	109.787506103516
2015-04-27T13:03:26	Fermi_Speed	200
2015-04-27T13:03:29	Freq_T0	50
2015-04-27T13:03:30	T_Head	110.319617554838
2015-04-27T13:03:32	Fermi_delay	3245.019841
2015-04-27T13:03:37	Error_T0	-1
2015-04-27T13:03:37	T_Sample	160.528744451803
2015-04-27T13:03:38	Phase_T0	9770
2015-04-27T13:03:38	Freq_Thick	50
2015-04-27T13:03:38	Phase_Thick	1779
2015-04-27T13:03:38	Error_Thick	-1
2015-04-27T13:03:56	Moderator_Temp	109.787506103516
2015-04-27T13:03:56	Fermi_Speed	200
2015-04-27T13:04:00	Freq_T0	50
2015-04-27T13:04:00	T_Head	109.367745097297
2015-04-27T13:04:02	Fermi_delay	3245.019841
2015-04-27T13:04:07	Error_T0	0
2015-04-27T13:04:07	T_Sample	158.729216671777
2015-04-27T13:04:08	Phase_T0	9770
2015-04-27T13:04:08	Freq_Thick	50
2015-04-27T13:04:08	Phase_Thick	1779
2015-04-27T13:04:08	Error_Thick	0
2015-04-27T13:04:26	Moderator_Temp	109.787506103516
2015-04-27T13:04:26	Fermi_Speed	200
2015-04-27T13:04:30	Freq_T0	50
2015-04-27T13:04:30	T_Head	108.415872639757
2015-04-27T13:04:32	Fermi_delay	3245.039683
2015-04-27T13:04:37	Error_T0	-1
2015-04-27T13:04:37	T_Sample	156.931957579973
2015-04-27T13:04:38	Phase_T0	9770
2015-04-27T13:04:38	Freq_Thick	50
2015-04-27T13:04:38	Phase_Thick	1779
2015-04-27T13:04:38	Error_Thick	0
2015-04-27T13:04:56	Moderator_Temp	109.75
2015-04-27T13:04:56	Fermi_Speed	200
2015-04-27T13:05:00	Freq_T0	49.99
2015-04-27T13:05:00	T_Head	107.368812936463
2015-04-27T13:05:02	Fermi_delay	3244.980159
2015-04-27T13:05:07	Error_T0	0
2015-04-27T13:05:07	T_Sample	155.134698488168
2015-04-27T13:05:08	Phase_T0	9770
2015-04-27T13:05:08	Freq_Thick	50
2015-04-27T13:05:08	Phase_Thick	1779
2015-04-27T13:05:08	Error_Thick	-1
2015-04-27T13:05:26	Moderator_Temp	109.75
2015-04-27T13:05:26	Fermi_Speed	200
2015-04-27T13:05:30	Freq_T0	50
2015-04-27T13:05:30	T_Head	106.416940478922
2015-04-27T13:05:32	Fermi_delay	3245.019841
2015-04-27T13:05:37	Error_T0	0
2015-04-27T13:05:37	T_Sample	153.337439396364
2015-04-27T13:05:38	Phase_T0	9770
2015-04-27T13:05:38	Freq_Thick	50
2015-04-27T13:05:38	Phase_Thick	1779
2015-04-27T13:05:38	Error_Thick	-1
2015-04-27T13:05:56	Moderator_Temp	109.75
2015-04-27T13:05:56	Fermi_Speed	200
2015-04-27T13:06:00	Freq_T0	50
2015-04-27T13:06:00	T_Head	105.341324601902
2015-04-27T13:06:02	Fermi_delay	3245.039683
2015-04-27T13:06:07	Error_T0	0
2015-04-27T13:06:07	T_Sample	151.54018030456
2015-04-27T13:06:08	Phase_T0	9770
2015-04-27T13:06:08	Freq_Thick	50
2015-04-27T13:06:08	Phase_Thick	1779
2015-04-27T13:06:08	Error_Thick	0
2015-04-27T13:06:26	Moderator_Temp	109.75
2015-04-27T13:06:26	Fermi_Speed	200
2015-04-27T13:06:30	Freq_T0	50
2015-04-27T13:06:30	T_Head	104.284746174032
2015-04-27T13:06:32	Fermi_delay	3245.039683
2015-04-27T13:06:37	Error_T0	0
2015-04-27T13:06:37	T_Sample	149.840385965059
2015-04-27T13:06:38	Phase_T0	9770
2015-04-27T13:06:38	Freq_Thick	50
2015-04-27T13:06:38	Phase_Thick	1779
2015-04-27T13:06:38	Error_Thick	0
2015-04-27T13:06:56	Moderator_Temp	109.75
2015-04-27T13:06:56	Fermi_Speed	200
2015-04-27T13:07:00	Freq_T0	50
2015-04-27T13:07:00	T_Head	103.228167746162
2015-04-27T13:07:02	Fermi_delay	3244.960317
2015-04-27T13:07:07	Error_T0	-1
2015-04-27T13:07:07	T_Sample	148.150536454727
2015-04-27T13:07:08	Phase_T0	9770
2015-04-27T13:07:08	Freq_Thick	50
2015-04-27T13:07:08	Phase_Thick	1779
2015-04-27T13:07:08	Error_Thick	-1
2015-04-27T13:07:26	Moderator_Temp	109.75
2015-04-27T13:07:26	Fermi_Speed	200
2015-04-27T13:07:30	Freq_T0	50
2015-04-27T13:07:30	T_Head	102.152551869141
2015-04-27T13:07:32	Fermi_delay	3244.960317
2015-04-27T13:07:37	Error_T0	-1
2015-04-27T13:07:37	T_Sample	146.460686944395
2015-04-27T13:07:38	Phase_T0	9770
2015-04-27T13:07:38	Freq_Thick	50
2015-04-27T13:07:38	Phase_Thick	1779
2015-04-27T13:07:38	Error_Thick	0
2015-04-27T13:07:56	Moderator_Temp	109.75
2015-04-27T13:07:56	Fermi_Speed	200
2015-04-27T13:08:00	Freq_T0	50
2015-04-27T13:08:00	T_Head	101.067417267545
2015-04-27T13:08:02	Fermi_delay	3245
2015-04-27T13:08:07	Error_T0	-1
2015-04-27T13:08:07	T_Sample	144.770837434063
2015-04-27T13:08:08	Phase_T0	9770
2015-04-27T13:08:08	Freq_Thick	50
2015-04-27T13:08:08	Phase_Thick	1779
2015-04-27T13:08:08	Error_Thick	0
2015-04-27T13:08:26	Moderator_Temp	109.75
2015-04-27T13:08:26	Fermi_Speed	200
2015-04-27T13:08:30	Freq_T0	50
2015-04-27T13:08:30	T_Head	99.9594454714009
2015-04-27T13:08:32	Fermi_delay	3245.039683
2015-04-27T13:08:37	Error_T0	-1
2015-04-27T13:08:37	T_Sample	143.080987923731
2015-04-27T13:08:38	Phase_T0	9770
2015-04-27T13:08:38	Freq_Thick	50
2015-04-27T13:08:38	Phase_Thick	1779
2015-04-27T13:08:38	Error_Thick	-1
2015-04-27T13:08:56	Moderator_Temp	109.75
2015-04-27T13:08:56	Fermi_Speed	200
2015-04-27T13:09:00	Freq_T0	50
2015-04-27T13:09:00	T_Head	98.8251709883765
2015-04-27T13:09:02	Fermi_delay	3245.039683
2015-04-27T13:09:07	Error_T0	0
2015-04-27T13:09:07	T_Sample	141.391138413399
2015-04-27T13:09:08	Phase_T0	9770
2015-04-27T13:09:08	Freq_Thick	50
2015-04-27T13:09:08	Phase_Thick	1779
2015-04-27T13:09:08	Error_Thick	0
2015-04-27T13:09:26	Moderator_Temp	109.75
2015-04-27T13:09:26	Fermi_Speed	200
2015-04-27T13:09:30	Freq_T0	50
2015-04-27T13:09:30	T_Head	97.6908965053521
2015-04-27T13:09:32	Fermi_delay	3245
2015-04-27T13:09:37	Error_T0	0
2015-04-27T13:09:37	T_Sample	139.798002735893
2015-04-27T13:09:38	Phase_T0	9770
2015-04-27T13:09:38	Freq_Thick	50
2015-04-27T13:09:38	Phase_Thick	1779
2015-04-27T13:09:38	Error_Thick	-1
2015-04-27T13:09:56	Moderator_Temp	109.75
2015-04-27T13:09:56	Fermi_Speed	200
2015-04-27T13:10:00	Freq_T0	50
2015-04-27T13:10:00	T_Head	96.5373970310901
2015-04-27T13:10:02	Fermi_delay	3244.960317
2015-04-27T13:10:07	Error_T0	-1
2015-04-27T13:10:07	T_Sample	138.119245866348
2015-04-27T13:10:08	Phase_T0	9770
2015-04-27T13:10:08	Freq_Thick	50
2015-04-27T13:10:08	Phase_Thick	1779
2015-04-27T13:10:08	Error_Thick	-1
2015-04-27T13:10:26	Moderator_Temp	109.75
2015-04-27T13:10:26	Fermi_Speed	200
2015-04-27T13:10:30	Freq_T0	50
2015-04-27T13:10:30	T_Head	95.3550600699715
2015-04-27T13:10:32	Fermi_delay	3244.980159
2015-04-27T13:10:37	Error_T0	0
2015-04-27T13:10:37	T_Sample	136.533753267334
2015-04-27T13:10:38	Phase_T0	9770
2015-04-27T13:10:38	Freq_Thick	50
2015-04-27T13:10:38	Phase_Thick	1779
2015-04-27T13:10:38	Error_Thick	-1
2015-04-27T13:10:56	Moderator_Temp	109.712501525879
2015-04-27T13:10:56	Fermi_Speed	200
2015-04-27T13:11:00	Freq_T0	50
2015-04-27T13:11:00	T_Head	94.1561351811017
2015-04-27T13:11:02	Fermi_delay	3245.019841
2015-04-27T13:11:07	Error_T0	-1
2015-04-27T13:11:07	T_Sample	134.948260668319
2015-04-27T13:11:08	Phase_T0	9770
2015-04-27T13:11:08	Freq_Thick	50
2015-04-27T13:11:08	Phase_Thick	1779
2015-04-27T13:11:08	Error_Thick	0
2015-04-27T13:11:26	Moderator_Temp	109.712501525879
2015-04-27T13:11:26	Fermi_Speed	200
2015-04-27T13:11:30	Freq_T0	50
2015-04-27T13:11:30	T_Head	92.9281357795065
2015-04-27T13:11:32	Fermi_delay	3245.039683
2015-04-27T13:11:37	Error_T0	-1
2015-04-27T13:11:37	T_Sample	133.362768069304
2015-04-27T13:11:38	Phase_T0	9770
2015-04-27T13:11:38	Freq_Thick	50
2015-04-27T13:11:38	Phase_Thick	1779
2015-04-27T13:11:38	Error_Thick	-1
2015-04-27T13:11:56	Moderator_Temp	109.712501525879
2015-04-27T13:11:56	Fermi_Speed	200
2015-04-27T13:12:00	Freq_T0	50
2015-04-27T13:12:00	T_Head	91.6903903509146
2015-04-27T13:12:02	Fermi_delay	3244.960317
2015-04-27T13:12:07	Error_T0	-1
2015-04-27T13:12:07	T_Sample	131.77727547029
2015-04-27T13:12:08	Phase_T0	9770
2015-04-27T13:12:08	Freq_Thick	50
2015-04-27T13:12:08	Phase_Thick	1779
2015-04-27T13:12:08	Error_Thick	0
2015-04-27T13:12:26	Moderator_Temp	109.712501525879
2015-04-27T13:12:26	Fermi_Speed	200
2015-04-27T13:12:30	Freq_T0	50
2015-04-27T13:12:30	T_Head	90.4428988953259
2015-04-27T13:12:32	Fermi_delay	3245.039683
2015-04-27T13:12:37	Error_T0	0
2015-04-27T13:12:37	T_Sample	130.191782871275
2015-04-27T13:12:38	Phase_T0	9770
2015-04-27T13:12:38	Freq_Thick	50
2015-04-27T13:12:38	Phase_Thick	1779
2015-04-27T13:12:38	Error_Thick	-1
2015-04-27T13:12:57	Moderator_Temp	109.712501525879
2015-04-27T13:12:57	Fermi_Speed	200
2015-04-27T13:13:01	Freq_T0	50
2015-04-27T13:13:01	T_Head	89.0952119589426
2015-04-27T13:13:03	Fermi_delay	3244.960317
2015-04-27T13:13:08	Error_T0	-1
2015-04-27T13:13:08	T_Sample	128.519182195732
2015-04-27T13:13:09	Phase_T0	9770
2015-04-27T13:13:09	Freq_Thick	50
2015-04-27T13:13:09	Phase_Thick	1779
2015-04-27T13:13:09	Error_Thick	-2
2015-04-27T13:13:27	Moderator_Temp	109.712501525879
2015-04-27T13:13:27	Fermi_Speed	200
2015-04-27T13:13:31	Freq_T0	50
2015-04-27T13:13:31	T_Head	87.7859925683872
2015-04-27T13:13:33	Fermi_delay	3244.980159
2015-04-27T13:13:39	Error_T0	-1
2015-04-27T13:13:39	T_Sample	126.84644520614
2015-04-27T13:13:40	Phase_T0	9770
2015-04-27T13:13:40	Freq_Thick	50
2015-04-27T13:13:40	Phase_Thick	1779
2015-04-27T13:13:40	Error_Thick	0
2015-04-27T13:13:58	Moderator_Temp	109.712501525879
2015-04-27T13:13:58	Fermi_Speed	200
2015-04-27T13:14:02	Freq_T0	50
2015-04-27T13:14:02	T_Head	86.4271815342502
2015-04-27T13:14:04	Fermi_delay	3245.039683
2015-04-27T13:14:09	Error_T0	-1
2015-04-27T13:14:09	T_Sample	125.359567882057
2015-04-27T13:14:10	Phase_T0	9770
2015-04-27T13:14:10	Freq_Thick	50
2015-04-27T13:14:10	Phase_Thick	1779
2015-04-27T13:14:10	Error_Thick	0
2015-04-27T13:14:28	Moderator_Temp	109.712501525879
2015-04-27T13:14:28	Fermi_Speed	200
2015-04-27T13:14:32	Freq_T0	50
2015-04-27T13:14:32	T_Head	85.0610319602344
2015-04-27T13:14:34	Fermi_delay	3245
2015-04-27T13:14:39	Error_T0	-1
2015-04-27T13:14:39	T_Sample	123.77976072522
2015-04-27T13:14:40	Phase_T0	9770
2015-04-27T13:14:40	Freq_Thick	50
2015-04-27T13:14:40	Phase_Thick	1779
2015-04-27T13:14:40	Error_Thick	-1
2015-04-27T13:14:58	Moderator_Temp	109.712501525879
2015-04-27T13:14:58	Fermi_Speed	200
2015-04-27T13:15:02	Freq_T0	50
2015-04-27T13:15:02	T_Head	83.6708073538437
2015-04-27T13:15:04	Fermi_delay	3245.039683
2015-04-27T13:15:09	Error_T0	-1
2015-04-27T13:15:09	T_Sample	122.199953568382
2015-04-27T13:15:10	Phase_T0	9770
2015-04-27T13:15:10	Freq_Thick	50
2015-04-27T13:15:10	Phase_Thick	1779
2015-04-27T13:15:10	Error_Thick	0
2015-04-27T13:15:28	Moderator_Temp	109.75
2015-04-27T13:15:28	Fermi_Speed	200
2015-04-27T13:15:32	Freq_T0	50
2015-04-27T13:15:32	T_Head	82.2602874977248
2015-04-27T13:15:34	Fermi_delay	3245.039683
2015-04-27T13:15:39	Error_T0	0
2015-04-27T13:15:39	T_Sample	120.620146411544
2015-04-27T13:15:40	Phase_T0	9770
2015-04-27T13:15:40	Freq_Thick	50
2015-04-27T13:15:40	Phase_Thick	1779
2015-04-27T13:15:40	Error_Thick	-1
2015-04-27T13:15:59	Moderator_Temp	109.712501525879
2015-04-27T13:15:59	Fermi_Speed	200
2015-04-27T13:16:02	Freq_T0	49.99
2015-04-27T13:16:02	T_Head	80.8091771421493
2015-04-27T13:16:04	Fermi_delay	3244.980159
2015-04-27T13:16:09	Error_T0	-3
2015-04-27T13:16:09	T_Sample	119.040714429425
2015-04-27T13:16:10	Phase_T0	9770
2015-04-27T13:16:10	Freq_Thick	50
2015-04-27T13:16:10	Phase_Thick	1779
2015-04-27T13:16:10	Error_Thick	-1
2015-04-27T13:16:29	Moderator_Temp	109.712501525879
2015-04-27T13:16:29	Fermi_Speed	200
2015-04-27T13:16:32	Freq_T0	50
2015-04-27T13:16:32	T_Head	79.3246220745659
2015-04-27T13:16:34	Fermi_delay	3244.980159
2015-04-27T13:16:39	Error_T0	-1
2015-04-27T13:16:39	T_Sample	117.461404413923
2015-04-27T13:16:40	Phase_T0	9770
2015-04-27T13:16:40	Freq_Thick	50
2015-04-27T13:16:40	Phase_Thick	1779
2015-04-27T13:16:40	Error_Thick	0
2015-04-27T13:16:59	Moderator_Temp	109.712501525879
2015-04-27T13:16:59	Fermi_Speed	200
2015-04-27T13:17:02	Freq_T0	50
2015-04-27T13:17:02	T_Head	77.7951521621227
2015-04-27T13:17:04	Fermi_delay	3245.039683
2015-04-27T13:17:09	Error_T0	-1
2015-04-27T13:17:09	T_Sample	115.882094398421
2015-04-27T13:17:10	Phase_T0	9770
2015-04-27T13:17:10	Freq_Thick	50
2015-04-27T13:17:10	Phase_Thick	1779
2015-04-27T13:17:10	Error_Thick	-1
2015-04-27T13:17:29	Moderator_Temp	109.712501525879
2015-04-27T13:17:29	Fermi_Speed	200
2015-04-27T13:17:32	Freq_T0	50
2015-04-27T13:17:32	T_Head	76.2552064283614
2015-04-27T13:17:34	Fermi_delay	3244.980159
2015-04-27T13:17:39	Error_T0	-1
2015-04-27T13:17:39	T_Sample	114.302784382918
2015-04-27T13:17:40	Phase_T0	9770
2015-04-27T13:17:40	Freq_Thick	50
2015-04-27T13:17:40	Phase_Thick	1779
2015-04-27T13:17:40	Error_Thick	-1
2015-04-27T13:17:59	Moderator_Temp	109.712501525879
2015-04-27T13:17:59	Fermi_Speed	200
2015-04-27T13:18:02	Freq_T0	50
2015-04-27T13:18:02	T_Head	74.6654004944069
2015-04-27T13:18:04	Fermi_delay	3245.039683
2015-04-27T13:18:09	Error_T0	0
2015-04-27T13:18:09	T_Sample	112.630573778269
2015-04-27T13:18:10	Phase_T0	9770
2015-04-27T13:18:10	Freq_Thick	50
2015-04-27T13:18:10	Phase_Thick	1779
2015-04-27T13:18:10	Error_Thick	-1
2015-04-27T13:18:29	Moderator_Temp	109.712501525879
2015-04-27T13:18:29	Fermi_Speed	200
2015-04-27T13:18:32	Freq_T0	50
2015-04-27T13:18:33	T_Head	72.9533138274099
2015-04-27T13:18:34	Fermi_delay	3245.039683
2015-04-27T13:18:39	T_Sample	111.051263762766
2015-04-27T13:18:40	Phase_T0	9770
2015-04-27T13:18:40	Error_T0	-1
2015-04-27T13:18:40	Freq_Thick	49.99
2015-04-27T13:18:40	Phase_Thick	1779
2015-04-27T13:18:40	Error_Thick	0
2015-04-27T13:18:59	Moderator_Temp	109.712501525879
2015-04-27T13:18:59	Fermi_Speed	200
2015-04-27T13:19:02	Freq_T0	50
2015-04-27T13:19:03	T_Head	71.2739421922664
2015-04-27T13:19:04	Fermi_delay	3245
2015-04-27T13:19:09	T_Sample	109.428815151567
2015-04-27T13:19:10	Phase_T0	9770
2015-04-27T13:19:10	Error_T0	0
2015-04-27T13:19:10	Freq_Thick	50
2015-04-27T13:19:10	Phase_Thick	1779
2015-04-27T13:19:10	Error_Thick	-1
2015-04-27T13:19:29	Moderator_Temp	109.75
2015-04-27T13:19:29	Fermi_Speed	200
2015-04-27T13:19:32	Freq_T0	50
2015-04-27T13:19:33	T_Head	69.5182699031693
2015-04-27T13:19:34	Fermi_delay	3244.980159
2015-04-27T13:19:39	T_Sample	107.79100719263
2015-04-27T13:19:40	Phase_T0	9770
2015-04-27T13:19:40	Error_T0	-2
2015-04-27T13:19:40	Freq_Thick	50
2015-04-27T13:19:40	Phase_Thick	1779
2015-04-27T13:19:40	Error_Thick	0
2015-04-27T13:19:59	Moderator_Temp	109.75
2015-04-27T13:19:59	Fermi_Speed	200
2015-04-27T13:20:02	Freq_T0	49.99
2015-04-27T13:20:03	T_Head	67.7060388398286
2015-04-27T13:20:04	Fermi_delay	3244.980159
2015-04-27T13:20:09	T_Sample	106.134481428448
2015-04-27T13:20:10	Phase_T0	9770
2015-04-27T13:20:10	Error_T0	0
2015-04-27T13:20:10	Freq_Thick	50
2015-04-27T13:20:10	Phase_Thick	1779
2015-04-27T13:20:10	Error_Thick	-1
2015-04-27T13:20:29	Moderator_Temp	109.75
2015-04-27T13:20:29	Fermi_Speed	200
2015-04-27T13:20:32	Freq_T0	50
2015-04-27T13:20:33	T_Head	65.8593983259181
2015-04-27T13:20:34	Fermi_delay	3244.980159
2015-04-27T13:20:39	T_Sample	104.449878956399
2015-04-27T13:20:40	Phase_T0	9770
2015-04-27T13:20:40	Error_T0	-1
2015-04-27T13:20:40	Freq_Thick	50
2015-04-27T13:20:40	Phase_Thick	1779
2015-04-27T13:20:40	Error_Thick	-1
2015-04-27T13:20:59	Moderator_Temp	109.75
2015-04-27T13:20:59	Fermi_Speed	200
2015-04-27T13:21:02	Freq_T0	50
2015-04-27T13:21:03	T_Head	63.9099932682044
2015-04-27T13:21:04	Fermi_delay	3245.039683
2015-04-27T13:21:09	T_Sample	102.755917581727
2015-04-27T13:21:10	Phase_T0	9770
2015-04-27T13:21:10	Error_T0	-1
2015-04-27T13:21:10	Freq_Thick	50
2015-04-27T13:21:10	Phase_Thick	1779
2015-04-27T13:21:10	Error_Thick	0
2015-04-27T13:21:29	Moderator_Temp	109.75
2015-04-27T13:21:29	Fermi_Speed	200
2015-04-27T13:21:32	Freq_T0	50
2015-04-27T13:21:34	Fermi_delay	3244.980159
2015-04-27T13:21:34	T_Head	61.8202274308045
2015-04-27T13:21:39	T_Sample	101.052597304432
2015-04-27T13:21:40	Phase_T0	9770
2015-04-27T13:21:40	Error_T0	-1
2015-04-27T13:21:40	Freq_Thick	50
2015-04-27T13:21:40	Phase_Thick	1779
2015-04-27T13:21:40	Error_Thick	0
2015-04-27T13:21:59	Moderator_Temp	109.75
2015-04-27T13:21:59	Fermi_Speed	200
2015-04-27T13:22:02	Freq_T0	49.99
2015-04-27T13:22:04	Fermi_delay	3245
2015-04-27T13:22:04	T_Head	59.7027809297245
2015-04-27T13:22:09	T_Sample	99.2906031009406
2015-04-27T13:22:10	Phase_T0	9770
2015-04-27T13:22:10	Error_T0	-1
2015-04-27T13:22:10	Freq_Thick	50
2015-04-27T13:22:10	Phase_Thick	1779
2015-04-27T13:22:10	Error_Thick	-1
2015-04-27T13:22:29	Moderator_Temp	109.787506103516
2015-04-27T13:22:29	Fermi_Speed	200
2015-04-27T13:22:33	Freq_T0	50
2015-04-27T13:22:35	Fermi_delay	3245
2015-04-27T13:22:35	T_Head	57.400199607762
2015-04-27T13:22:39	T_Sample	97.4998401393649
2015-04-27T13:22:40	Phase_T0	9770
2015-04-27T13:22:40	Error_T0	-1
2015-04-27T13:22:40	Freq_Thick	50
2015-04-27T13:22:40	Phase_Thick	1779
2015-04-27T13:22:40	Error_Thick	-1
2015-04-27T13:22:59	Moderator_Temp	109.787506103516
2015-04-27T13:22:59	Fermi_Speed	200
2015-04-27T13:23:03	Freq_T0	50
2015-04-27T13:23:05	Fermi_delay	3244.980159
2015-04-27T13:23:05	T_Head	55.0703335459909
2015-04-27T13:23:09	T_Sample	95.6806523688753
2015-04-27T13:23:10	Phase_T0	9770
2015-04-27T13:23:10	Error_T0	0
2015-04-27T13:23:10	Freq_Thick	50
2015-04-27T13:23:10	Phase_Thick	1779
2015-04-27T13:23:10	Error_Thick	0
2015-04-27T13:23:29	Moderator_Temp	109.787506103516
2015-04-27T13:23:29	Fermi_Speed	200
2015-04-27T13:23:33	Freq_T0	50
2015-04-27T13:23:35	Fermi_delay	3244.980159
2015-04-27T13:23:35	T_Head	52.5392516496783
2015-04-27T13:23:39	T_Sample	93.8053416774016
2015-04-27T13:23:40	Phase_T0	9770
2015-04-27T13:23:40	Error_T0	1
2015-04-27T13:23:40	Freq_Thick	50
2015-04-27T13:23:40	Phase_Thick	1779
2015-04-27T13:23:40	Error_Thick	-1
2015-04-27T13:23:59	Moderator_Temp	109.787506103516
2015-04-27T13:23:59	Fermi_Speed	200
2015-04-27T13:24:03	Freq_T0	50
2015-04-27T13:24:06	Fermi_delay	3245.039683
2015-04-27T13:24:06	T_Head	49.8218928168083
2015-04-27T13:24:09	T_Sample	91.8960153050679
2015-04-27T13:24:10	Phase_T0	9770
2015-04-27T13:24:10	Error_T0	-1
2015-04-27T13:24:10	Freq_Thick	50
2015-04-27T13:24:10	Phase_Thick	1779
2015-04-27T13:24:10	Error_Thick	0
2015-04-27T13:24:29	Moderator_Temp	109.787506103516
2015-04-27T13:24:29	Fermi_Speed	200
2015-04-27T13:24:33	Freq_T0	50
2015-04-27T13:24:36	Fermi_delay	3245.019841
2015-04-27T13:24:36	T_Head	46.8947393776433
2015-04-27T13:24:39	T_Sample	89.9223738245139
2015-04-27T13:24:40	Phase_T0	9770
2015-04-27T13:24:40	Error_T0	0
2015-04-27T13:24:40	Freq_Thick	50
2015-04-27T13:24:40	Phase_Thick	1779
2015-04-27T13:24:40	Error_Thick	0
2015-04-27T13:24:59	Moderator_Temp	109.787506103516
2015-04-27T13:24:59	Fermi_Speed	200
2015-04-27T13:25:03	Freq_T0	50
2015-04-27T13:25:06	Fermi_delay	3245
2015-04-27T13:25:06	T_Head	43.7263877413003
2015-04-27T13:25:09	T_Sample	87.8776826581573
2015-04-27T13:25:10	Phase_T0	9770
2015-04-27T13:25:10	Error_T0	-1
2015-04-27T13:25:10	Freq_Thick	50
2015-04-27T13:25:10	Phase_Thick	1779
2015-04-27T13:25:10	Error_Thick	-1
2015-04-27T13:25:29	Moderator_Temp	109.787506103516
2015-04-27T13:25:29	Fermi_Speed	200
2015-04-27T13:25:33	Freq_T0	49.99
2015-04-27T13:25:36	T_Head	40.2032963180155
2015-04-27T13:25:37	Fermi_delay	3245
2015-04-27T13:25:39	T_Sample	85.7645090125448
2015-04-27T13:25:40	Phase_T0	9770
2015-04-27T13:25:40	Error_T0	0
2015-04-27T13:25:40	Freq_Thick	50
2015-04-27T13:25:40	Phase_Thick	1779
2015-04-27T13:25:40	Error_Thick	-1
2015-04-27T13:25:59	Moderator_Temp	109.824996948242
2015-04-27T13:25:59	Fermi_Speed	200
2015-04-27T13:26:03	Freq_T0	50
2015-04-27T13:26:06	T_Head	36.2257319977877
2015-04-27T13:26:07	Fermi_delay	3245.019841
2015-04-27T13:26:09	T_Sample	83.5403838560586
2015-04-27T13:26:10	Phase_T0	9770
2015-04-27T13:26:10	Error_T0	-1
2015-04-27T13:26:10	Freq_Thick	50
2015-04-27T13:26:10	Phase_Thick	1779
2015-04-27T13:26:10	Error_Thick	0
2015-04-27T13:26:29	Moderator_Temp	109.824996948242
2015-04-27T13:26:29	Fermi_Speed	200
2015-04-27T13:26:33	Freq_T0	50
2015-04-27T13:26:36	T_Head	31.5373378820874
2015-04-27T13:26:37	Fermi_delay	3245
2015-04-27T13:26:39	T_Sample	81.2038249258231
2015-04-27T13:26:40	Phase_T0	9770
2015-04-27T13:26:40	Error_T0	-1
2015-04-27T13:26:40	Freq_Thick	50
2015-04-27T13:26:40	Phase_Thick	1779
2015-04-27T13:26:40	Error_Thick	0
2015-04-27T13:26:59	Moderator_Temp	109.824996948242
2015-04-27T13:26:59	Fermi_Speed	200
2015-04-27T13:27:03	Freq_T0	49.99
2015-04-27T13:27:06	T_Head	26.1768431276882
2015-04-27T13:27:07	Fermi_delay	3245.019841
2015-04-27T13:27:09	T_Sample	78.7366594070057
2015-04-27T13:27:10	Phase_T0	9770
2015-04-27T13:27:10	Error_T0	-1
2015-04-27T13:27:10	Freq_Thick	50
2015-04-27T13:27:10	Phase_Thick	1779
2015-04-27T13:27:10	Error_Thick	-1
2015-04-27T13:27:29	Moderator_Temp	109.824996948242
2015-04-27T13:27:29	Fermi_Speed	200
2015-04-27T13:27:33	Freq_T0	50
2015-04-27T13:27:36	T_Head	20.8208593925629
2015-04-27T13:27:37	Fermi_delay	3244.960317
2015-04-27T13:27:39	T_Sample	76.1138633020138
2015-04-27T13:27:40	Phase_T0	9770
2015-04-27T13:27:40	Error_T0	0
2015-04-27T13:27:40	Freq_Thick	50
2015-04-27T13:27:40	Phase_Thick	1779
2015-04-27T13:27:40	Error_Thick	0
2015-04-27T13:28:00	Moderator_Temp	109.824996948242
2015-04-27T13:28:00	Fermi_Speed	200
2015-04-27T13:28:04	Freq_T0	50
2015-04-27T13:28:07	Fermi_delay	3245.059524
2015-04-27T13:28:07	T_Head	17.1251579677068
2015-04-27T13:28:10	T_Sample	73.2427139839132
2015-04-27T13:28:11	Phase_T0	9770
2015-04-27T13:28:11	Error_T0	-2
2015-04-27T13:28:11	Freq_Thick	50
2015-04-27T13:28:11	Phase_Thick	1779
2015-04-27T13:28:11	Error_Thick	0
2015-04-27T13:28:30	Moderator_Temp	109.862503051758
2015-04-27T13:28:30	Fermi_Speed	200
2015-04-27T13:28:34	Freq_T0	50
2015-04-27T13:28:37	Fermi_delay	3245.039683
2015-04-27T13:28:37	T_Head	15.129328598885
2015-04-27T13:28:40	T_Sample	70.4019779844955
2015-04-27T13:28:41	Phase_T0	9770
2015-04-27T13:28:41	Error_T0	0
2015-04-27T13:28:41	Freq_Thick	50
2015-04-27T13:28:41	Phase_Thick	1779
2015-04-27T13:28:41	Error_Thick	0
2015-04-27T13:29:00	Moderator_Temp	109.862503051758
2015-04-27T13:29:00	Fermi_Speed	200
2015-04-27T13:29:04	Freq_T0	50
2015-04-27T13:29:07	Fermi_delay	3244.960317
2015-04-27T13:29:07	T_Head	13.8896076708084
2015-04-27T13:29:10	T_Sample	67.4800266093513
2015-04-27T13:29:11	Phase_T0	9770
2015-04-27T13:29:11	Error_T0	-1
2015-04-27T13:29:11	Freq_Thick	50
2015-04-27T13:29:11	Phase_Thick	1779
2015-04-27T13:29:11	Error_Thick	-1
2015-04-27T13:29:30	Moderator_Temp	109.862503051758
2015-04-27T13:29:30	Fermi_Speed	200
2015-04-27T13:29:35	Freq_T0	50
2015-04-27T13:29:37	Fermi_delay	3245
2015-04-27T13:29:37	T_Head	13.0652034653805
2015-04-27T13:29:41	Phase_T0	9770
2015-04-27T13:29:41	Error_T0	-1
2015-04-27T13:29:41	Freq_Thick	50
2015-04-27T13:29:41	Error_Thick	0
2015-04-27T13:29:41	T_Sample	64.4769148320545
2015-04-27T13:29:42	Phase_Thick	1779
2015-04-27T13:30:01	Moderator_Temp	109.862503051758
2015-04-27T13:30:01	Fermi_Speed	200
2015-04-27T13:30:06	Freq_T0	50
2015-04-27T13:30:07	Fermi_delay	3244.980159
2015-04-27T13:30:07	T_Head	12.4770307243857
2015-04-27T13:30:11	Error_T0	-1
2015-04-27T13:30:11	Freq_Thick	50
2015-04-27T13:30:11	Error_Thick	0
2015-04-27T13:30:11	T_Sample	61.5587358163086
2015-04-27T13:30:12	Phase_T0	9770
2015-04-27T13:30:13	Phase_Thick	1779
2015-04-27T13:30:31	Moderator_Temp	109.862503051758
2015-04-27T13:30:31	Fermi_Speed	200
2015-04-27T13:30:36	Freq_T0	50
2015-04-27T13:30:37	Fermi_delay	3244.980159
2015-04-27T13:30:37	T_Head	11.9951298963402
2015-04-27T13:30:41	Error_T0	-1
2015-04-27T13:30:41	Freq_Thick	50
2015-04-27T13:30:41	Error_Thick	-1
2015-04-27T13:30:42	Phase_T0	9770
2015-04-27T13:30:42	T_Sample	58.4432411979111
2015-04-27T13:30:43	Phase_Thick	1779
2015-04-27T13:31:02	Moderator_Temp	109.862503051758
2015-04-27T13:31:02	Fermi_Speed	200
2015-04-27T13:31:07	Freq_T0	50
2015-04-27T13:31:08	Fermi_delay	3245.039683
2015-04-27T13:31:08	T_Head	11.5390055793101
2015-04-27T13:31:12	Error_T0	0
2015-04-27T13:31:12	Freq_Thick	50
2015-04-27T13:31:12	Error_Thick	-1
2015-04-27T13:31:13	Phase_T0	9770
2015-04-27T13:31:13	T_Sample	55.4195804715993
2015-04-27T13:31:14	Phase_Thick	1779
2015-04-27T13:31:32	Moderator_Temp	109.862503051758
2015-04-27T13:31:32	Fermi_Speed	200
2015-04-27T13:31:37	Freq_T0	50
2015-04-27T13:31:38	Fermi_delay	3245.019841
2015-04-27T13:31:38	T_Head	11.0962966833691
2015-04-27T13:31:42	Error_T0	-1
2015-04-27T13:31:42	Freq_Thick	50
2015-04-27T13:31:42	Error_Thick	0
2015-04-27T13:31:43	Phase_T0	9770
2015-04-27T13:31:43	T_Sample	52.2952462210112
2015-04-27T13:31:44	Phase_Thick	1779
2015-04-27T13:32:03	Moderator_Temp	109.862503051758
2015-04-27T13:32:03	Fermi_Speed	200
2015-04-27T13:32:08	Freq_T0	50
2015-04-27T13:32:09	Fermi_delay	3245.019841
2015-04-27T13:32:09	T_Head	10.6587762075984
2015-04-27T13:32:13	Error_T0	-1
2015-04-27T13:32:13	Freq_Thick	50
2015-04-27T13:32:13	Error_Thick	-1
2015-04-27T13:32:14	Phase_T0	9770
2015-04-27T13:32:14	T_Sample	49.1133374360132
2015-04-27T13:32:15	Phase_Thick	1779
2015-04-27T13:32:33	Moderator_Temp	109.900001525879
2015-04-27T13:32:33	Fermi_Speed	200
2015-04-27T13:32:38	Freq_T0	49.99
2015-04-27T13:32:39	Fermi_delay	3244.960317
2015-04-27T13:32:39	T_Head	10.2214913337718
2015-04-27T13:32:43	Error_T0	-1
2015-04-27T13:32:43	Freq_Thick	50
2015-04-27T13:32:43	Error_Thick	0
2015-04-27T13:32:44	Phase_T0	9770
2015-04-27T13:32:44	T_Sample	45.888906973134
2015-04-27T13:32:45	Phase_Thick	1779
2015-04-27T13:33:04	Moderator_Temp	109.862503051758
2015-04-27T13:33:04	Fermi_Speed	200
2015-04-27T13:33:09	Freq_T0	50
2015-04-27T13:33:10	Fermi_delay	3245
2015-04-27T13:33:10	T_Head	9.77042127512345
2015-04-27T13:33:14	Error_T0	-1
2015-04-27T13:33:14	Freq_Thick	50
2015-04-27T13:33:14	Error_Thick	0
2015-04-27T13:33:15	Phase_T0	9770
2015-04-27T13:33:15	T_Sample	42.4060642924643
2015-04-27T13:33:16	Phase_Thick	1779
2015-04-27T13:33:34	Moderator_Temp	109.862503051758
2015-04-27T13:33:34	Fermi_Speed	200
2015-04-27T13:33:40	Freq_T0	50
2015-04-27T13:33:41	Fermi_delay	3245.019841
2015-04-27T13:33:41	T_Head	9.28297449898289
2015-04-27T13:33:45	Error_T0	-1
2015-04-27T13:33:45	Freq_Thick	50
2015-04-27T13:33:45	Error_Thick	0
2015-04-27T13:33:46	Phase_T0	9770
2015-04-27T13:33:46	T_Sample	38.6956558762736
2015-04-27T13:33:47	Phase_Thick	1779
2015-04-27T13:34:05	Moderator_Temp	109.862503051758
2015-04-27T13:34:05	Fermi_Speed	200
2015-04-27T13:34:10	Freq_T0	50
2015-04-27T13:34:11	Fermi_delay	3244.980159
2015-04-27T13:34:11	T_Head	8.79472808772536
2015-04-27T13:34:15	Error_T0	0
2015-04-27T13:34:15	Freq_Thick	50
2015-04-27T13:34:15	Error_Thick	-1
2015-04-27T13:34:16	Phase_T0	9770
2015-04-27T13:34:16	T_Sample	34.8033584999945
2015-04-27T13:34:17	Phase_Thick	1779
2015-04-27T13:34:36	Moderator_Temp	109.900001525879
2015-04-27T13:34:36	Fermi_Speed	200
2015-04-27T13:34:41	Freq_T0	50
2015-04-27T13:34:42	Fermi_delay	3244.980159
2015-04-27T13:34:42	T_Head	8.24828945723073
2015-04-27T13:34:46	Error_T0	-1
2015-04-27T13:34:46	Freq_Thick	50
2015-04-27T13:34:46	Error_Thick	0
2015-04-27T13:34:47	Phase_T0	9770
2015-04-27T13:34:47	T_Sample	30.4380704765965
2015-04-27T13:34:48	Phase_Thick	1779
2015-04-27T13:35:06	Moderator_Temp	109.900001525879
2015-04-27T13:35:06	Fermi_Speed	200
2015-04-27T13:35:11	Freq_T0	50
2015-04-27T13:35:12	Fermi_delay	3245.019841
2015-04-27T13:35:12	T_Head	7.67245577682396
2015-04-27T13:35:16	Error_T0	-1
2015-04-27T13:35:16	Freq_Thick	50
2015-04-27T13:35:16	Error_Thick	-1
2015-04-27T13:35:17	Phase_T0	9770
2015-04-27T13:35:17	T_Sample	25.6356484504745
2015-04-27T13:35:18	Phase_Thick	1779
2015-04-27T13:35:36	Moderator_Temp	109.900001525879
2015-04-27T13:35:36	Fermi_Speed	200
2015-04-27T13:35:41	Freq_T0	49.99
2015-04-27T13:35:42	Fermi_delay	3245.019841
2015-04-27T13:35:42	T_Head	7.02546748553071
2015-04-27T13:35:46	Error_T0	-1
2015-04-27T13:35:46	Freq_Thick	50
2015-04-27T13:35:46	Error_Thick	0
2015-04-27T13:35:47	Phase_T0	9770
2015-04-27T13:35:48	T_Sample	20.2146033612502
2015-04-27T13:35:49	Phase_Thick	1779
2015-04-27T13:36:07	Moderator_Temp	109.900001525879
2015-04-27T13:36:07	Fermi_Speed	200
2015-04-27T13:36:12	Freq_T0	50
2015-04-27T13:36:13	Fermi_delay	3245
2015-04-27T13:36:13	T_Head	6.38635108884164
2015-04-27T13:36:17	Error_T0	-1
2015-04-27T13:36:17	Freq_Thick	50
2015-04-27T13:36:17	Error_Thick	-1
2015-04-27T13:36:18	Phase_T0	9770
2015-04-27T13:36:18	T_Sample	14.7484299466415
2015-04-27T13:36:19	Phase_Thick	1779
2015-04-27T13:36:37	Moderator_Temp	109.900001525879
2015-04-27T13:36:37	Fermi_Speed	200
2015-04-27T13:36:42	Freq_T0	50
2015-04-27T13:36:43	Fermi_delay	3245
2015-04-27T13:36:43	T_Head	5.88777109660923
2015-04-27T13:36:47	Error_T0	-1
2015-04-27T13:36:47	Freq_Thick	50
2015-04-27T13:36:47	Error_Thick	-1
2015-04-27T13:36:48	Phase_T0	9770
2015-04-27T13:36:48	T_Sample	11.2492232497727
2015-04-27T13:36:49	Phase_Thick	1779
2015-04-27T13:37:07	Moderator_Temp	109.900001525879
2015-04-27T13:37:07	Fermi_Speed	200
2015-04-27T13:37:12	Freq_T0	50
2015-04-27T13:37:13	Fermi_delay	3244.960317
2015-04-27T13:37:13	T_Head	5.56791756334604
2015-04-27T13:37:17	Error_T0	-1
2015-04-27T13:37:17	Freq_Thick	50
2015-04-27T13:37:17	Error_Thick	-1
2015-04-27T13:37:18	Phase_T0	9770
2015-04-27T13:37:18	T_Sample	8.96536532762242
2015-04-27T13:37:19	Phase_Thick	1779
2015-04-27T13:37:37	Moderator_Temp	109.900001525879
2015-04-27T13:37:37	Fermi_Speed	200
2015-04-27T13:37:42	Freq_T0	50
2015-04-27T13:37:43	Fermi_delay	3244.980159
2015-04-27T13:37:43	T_Head	5.34293962588876
