2015-04-29T09:35:17	Error_Thick	0
2015-04-29T09:35:20	Moderator_Temp	109.675003051758
2015-04-29T09:35:20	Fermi_Speed	200
2015-04-29T09:35:20	Fermi_delay	2742.043651
2015-04-29T09:35:20	T_Head	47.9263957025879
2015-04-29T09:35:23	Freq_T0	50
2015-04-29T09:35:23	Freq_Thick	50
2015-04-29T09:35:23	T_Sample	50.0589675898722
2015-04-29T09:35:24	Phase_T0	9770
2015-04-29T09:35:24	Phase_Thick	1426
2015-04-29T09:35:29	Error_T0	0
2015-04-29T09:35:47	Error_Thick	-1
2015-04-29T09:35:50	Moderator_Temp	109.712501525879
2015-04-29T09:35:50	Fermi_Speed	200
2015-04-29T09:35:50	Fermi_delay	2742.02381
2015-04-29T09:35:50	T_Head	47.4937656308369
2015-04-29T09:35:53	Freq_T0	50
2015-04-29T09:35:53	Freq_Thick	50
2015-04-29T09:35:53	T_Sample	49.9959255796149
2015-04-29T09:35:54	Phase_T0	9770
2015-04-29T09:35:54	Phase_Thick	1426
2015-04-29T09:35:58	Moderator_Temp	109.712501525879
2015-04-29T09:35:58	Fermi_Speed	200
2015-04-29T09:35:58	Fermi_delay	2742.003968
2015-04-29T09:35:58	Freq_T0	50
2015-04-29T09:35:58	Phase_T0	9770
2015-04-29T09:35:58	Freq_Thick	50
2015-04-29T09:35:58	Phase_Thick	1426
2015-04-29T09:35:58	T_Head	46.0294792341414
2015-04-29T09:35:58	T_Sample	49.9171230667934
2015-04-29T09:36:00	Error_T0	-1
2015-04-29T09:36:18	Error_Thick	-1
2015-04-29T09:36:28	Moderator_Temp	109.675003051758
2015-04-29T09:36:28	Fermi_Speed	200
2015-04-29T09:36:28	Fermi_delay	2741.984127
2015-04-29T09:36:28	Freq_T0	50
2015-04-29T09:36:28	Phase_T0	9770
2015-04-29T09:36:28	Freq_Thick	50
2015-04-29T09:36:28	Phase_Thick	1426
2015-04-29T09:36:28	T_Head	39.4662163280361
2015-04-29T09:36:28	T_Sample	49.2867029642207
2015-04-29T09:36:30	Error_T0	0
2015-04-29T09:36:49	Error_Thick	-1
2015-04-29T09:36:59	Moderator_Temp	109.675003051758
2015-04-29T09:36:59	Fermi_Speed	200
2015-04-29T09:36:59	Fermi_delay	2742.003968
2015-04-29T09:36:59	Freq_T0	50
2015-04-29T09:36:59	Phase_T0	9770
2015-04-29T09:36:59	Freq_Thick	50
2015-04-29T09:36:59	Phase_Thick	1426
2015-04-29T09:36:59	T_Head	31.6787378102637
2015-04-29T09:36:59	T_Sample	48.1389074923476
2015-04-29T09:37:01	Error_T0	-1
2015-04-29T09:37:19	Error_Thick	-1
2015-04-29T09:37:29	Moderator_Temp	109.675003051758
2015-04-29T09:37:29	Fermi_Speed	200
2015-04-29T09:37:29	Fermi_delay	2742.003968
2015-04-29T09:37:29	Freq_T0	50
2015-04-29T09:37:29	Phase_T0	9770
2015-04-29T09:37:29	Freq_Thick	50
2015-04-29T09:37:29	Phase_Thick	1426
2015-04-29T09:37:29	T_Head	21.1228543190797
2015-04-29T09:37:29	T_Sample	46.2079368975001
2015-04-29T09:37:31	Error_T0	-1
2015-04-29T09:37:49	Error_Thick	-1
2015-04-29T09:37:59	Moderator_Temp	109.675003051758
2015-04-29T09:37:59	Fermi_Speed	200
2015-04-29T09:37:59	Fermi_delay	2742.003968
2015-04-29T09:37:59	Freq_T0	49.99
2015-04-29T09:37:59	Phase_T0	9770
2015-04-29T09:37:59	Freq_Thick	50
2015-04-29T09:37:59	Phase_Thick	1426
2015-04-29T09:37:59	T_Head	12.9583362535658
2015-04-29T09:37:59	T_Sample	43.1334608576857
2015-04-29T09:38:01	Error_T0	-1
2015-04-29T09:38:20	Error_Thick	-1
2015-04-29T09:38:30	Moderator_Temp	109.637496948242
2015-04-29T09:38:30	Fermi_Speed	200
2015-04-29T09:38:30	Fermi_delay	2742.003968
2015-04-29T09:38:30	Freq_T0	50
2015-04-29T09:38:30	Phase_T0	9770
2015-04-29T09:38:30	Freq_Thick	50
2015-04-29T09:38:30	Phase_Thick	1426
2015-04-29T09:38:30	T_Head	9.99660197008949
2015-04-29T09:38:30	T_Sample	38.9764028750058
2015-04-29T09:38:32	Error_T0	-1
2015-04-29T09:38:50	Error_Thick	-1
2015-04-29T09:39:01	Moderator_Temp	109.637496948242
2015-04-29T09:39:01	Fermi_Speed	200
2015-04-29T09:39:01	Fermi_delay	2742.003968
2015-04-29T09:39:01	Freq_T0	50
2015-04-29T09:39:01	Phase_T0	9770
2015-04-29T09:39:01	Freq_Thick	50
2015-04-29T09:39:01	Phase_Thick	1426
2015-04-29T09:39:01	T_Head	8.59115291165873
2015-04-29T09:39:01	T_Sample	34.1033867587408
2015-04-29T09:39:03	Error_T0	-1
2015-04-29T09:39:20	Error_Thick	0
2015-04-29T09:39:31	Moderator_Temp	109.600006103516
2015-04-29T09:39:31	Fermi_Speed	200
2015-04-29T09:39:31	Fermi_delay	2742.02381
2015-04-29T09:39:31	Freq_T0	50
2015-04-29T09:39:31	Phase_T0	9770
2015-04-29T09:39:31	Freq_Thick	50
2015-04-29T09:39:31	Phase_Thick	1426
2015-04-29T09:39:31	T_Head	7.66265292392558
2015-04-29T09:39:31	T_Sample	28.7675988221439
2015-04-29T09:39:33	Error_T0	-1
2015-04-29T09:39:50	Error_Thick	-1
2015-04-29T09:40:01	Moderator_Temp	109.5625
2015-04-29T09:40:01	Fermi_Speed	200
2015-04-29T09:40:01	Fermi_delay	2742.003968
2015-04-29T09:40:01	Freq_T0	50
2015-04-29T09:40:01	Phase_T0	9770
2015-04-29T09:40:01	Freq_Thick	50
2015-04-29T09:40:01	Phase_Thick	1426
2015-04-29T09:40:01	T_Head	6.71981935634401
2015-04-29T09:40:01	T_Sample	22.338295397552
2015-04-29T09:40:03	Error_T0	-3
2015-04-29T09:40:20	Error_Thick	0
2015-04-29T09:40:31	Moderator_Temp	109.600006103516
2015-04-29T09:40:31	Fermi_Speed	200
2015-04-29T09:40:31	Fermi_delay	2742.043651
2015-04-29T09:40:31	Freq_T0	50
2015-04-29T09:40:31	Phase_T0	9770
2015-04-29T09:40:31	Freq_Thick	50
2015-04-29T09:40:31	Phase_Thick	1426
2015-04-29T09:40:31	T_Head	5.66050674402749
2015-04-29T09:40:31	T_Sample	14.4075896516814
2015-04-29T09:40:33	Error_T0	-1
2015-04-29T09:40:50	Error_Thick	-1
2015-04-29T09:41:01	Moderator_Temp	109.5625
2015-04-29T09:41:01	Fermi_Speed	200
2015-04-29T09:41:01	Fermi_delay	2742.003968
2015-04-29T09:41:01	Freq_T0	50
2015-04-29T09:41:01	Phase_T0	9770
2015-04-29T09:41:01	Freq_Thick	50
2015-04-29T09:41:01	Phase_Thick	1426
2015-04-29T09:41:01	T_Head	4.7594060550292
2015-04-29T09:41:01	T_Sample	7.73512811397237
2015-04-29T09:41:03	Error_T0	0
2015-04-29T09:41:20	Error_Thick	-1
2015-04-29T09:41:31	Moderator_Temp	109.5625
2015-04-29T09:41:31	Fermi_Speed	200
2015-04-29T09:41:31	Fermi_delay	2742.02381
2015-04-29T09:41:31	Freq_T0	50
2015-04-29T09:41:31	Phase_T0	9770
2015-04-29T09:41:31	Phase_Thick	1426
2015-04-29T09:41:32	Freq_Thick	50
2015-04-29T09:41:32	T_Head	4.40480731822512
2015-04-29T09:41:32	T_Sample	6.17668364178717
2015-04-29T09:41:33	Error_T0	-1
2015-04-29T09:41:51	Error_Thick	0
2015-04-29T09:42:02	Moderator_Temp	109.5625
2015-04-29T09:42:02	Fermi_Speed	200
2015-04-29T09:42:02	Fermi_delay	2742.003968
2015-04-29T09:42:02	Freq_T0	50
2015-04-29T09:42:02	Phase_T0	9770
2015-04-29T09:42:02	Phase_Thick	1426
2015-04-29T09:42:03	Freq_Thick	50
2015-04-29T09:42:03	T_Head	4.27424366215576
2015-04-29T09:42:03	T_Sample	5.94918553295344
2015-04-29T09:42:04	Error_T0	-1
2015-04-29T09:42:21	Error_Thick	-1
2015-04-29T09:42:32	Moderator_Temp	109.5625
2015-04-29T09:42:32	Fermi_Speed	200
2015-04-29T09:42:32	Fermi_delay	2742.02381
2015-04-29T09:42:32	Freq_T0	50
2015-04-29T09:42:32	Phase_T0	9770
2015-04-29T09:42:32	Phase_Thick	1426
2015-04-29T09:42:33	Freq_Thick	50
2015-04-29T09:42:33	T_Head	4.18720122477619
2015-04-29T09:42:33	T_Sample	5.8471962142694
2015-04-29T09:42:34	Error_T0	0
2015-04-29T09:42:51	Error_Thick	0
2015-04-29T09:43:02	Moderator_Temp	109.5625
2015-04-29T09:43:02	Fermi_delay	2742.003968
2015-04-29T09:43:02	Freq_T0	50
2015-04-29T09:43:03	Fermi_Speed	200
2015-04-29T09:43:03	Phase_T0	9770
2015-04-29T09:43:03	Freq_Thick	50
2015-04-29T09:43:03	Phase_Thick	1426
2015-04-29T09:43:03	T_Head	4.1171442108922
2015-04-29T09:43:03	T_Sample	5.77302216431737
2015-04-29T09:43:05	Error_T0	-1
2015-04-29T09:43:21	Error_Thick	-1
2015-04-29T09:43:32	Moderator_Temp	109.525001525879
2015-04-29T09:43:32	Fermi_delay	2742.02381
2015-04-29T09:43:32	Freq_T0	50
2015-04-29T09:43:33	Fermi_Speed	200
2015-04-29T09:43:33	Phase_T0	9770
2015-04-29T09:43:33	Freq_Thick	50
2015-04-29T09:43:33	Phase_Thick	1426
2015-04-29T09:43:33	T_Head	4.05370619439829
2015-04-29T09:43:33	T_Sample	5.69884811436533
2015-04-29T09:43:35	Error_T0	-1
2015-04-29T09:43:51	Error_Thick	0
2015-04-29T09:44:03	Moderator_Temp	109.525001525879
2015-04-29T09:44:03	Fermi_delay	2742.003968
2015-04-29T09:44:03	Freq_T0	50
2015-04-29T09:44:04	Fermi_Speed	200
2015-04-29T09:44:04	Phase_T0	9770
2015-04-29T09:44:04	Freq_Thick	50
2015-04-29T09:44:04	Phase_Thick	1426
2015-04-29T09:44:04	T_Head	3.99748702084092
2015-04-29T09:44:04	T_Sample	5.6339458206573
2015-04-29T09:44:06	Error_T0	-1
2015-04-29T09:44:22	Error_Thick	0
2015-04-29T09:44:33	Moderator_Temp	109.487503051758
2015-04-29T09:44:33	Fermi_delay	2742.043651
2015-04-29T09:44:33	Freq_T0	50
2015-04-29T09:44:34	Fermi_Speed	200
2015-04-29T09:44:34	Phase_T0	9770
2015-04-29T09:44:34	Freq_Thick	50
2015-04-29T09:44:34	Phase_Thick	1426
2015-04-29T09:44:34	T_Head	3.95600246957772
2015-04-29T09:44:34	T_Sample	5.56904352694928
2015-04-29T09:44:36	Error_T0	-1
2015-04-29T09:44:52	Error_Thick	0
2015-04-29T09:45:03	Moderator_Temp	109.487503051758
2015-04-29T09:45:03	Fermi_delay	2742.003968
2015-04-29T09:45:03	Freq_T0	50
2015-04-29T09:45:04	Fermi_Speed	200
2015-04-29T09:45:04	Phase_T0	9770
2015-04-29T09:45:04	Freq_Thick	50
2015-04-29T09:45:04	Phase_Thick	1426
2015-04-29T09:45:04	T_Head	3.92143201019172
2015-04-29T09:45:04	T_Sample	5.51341298948525
2015-04-29T09:45:06	Error_T0	-1
2015-04-29T09:45:23	Error_Thick	0
2015-04-29T09:45:34	Moderator_Temp	109.487503051758
2015-04-29T09:45:34	Fermi_delay	2742.02381
2015-04-29T09:45:34	Freq_T0	49.99
2015-04-29T09:45:35	Fermi_Speed	200
2015-04-29T09:45:35	Phase_T0	9770
2015-04-29T09:45:35	Freq_Thick	50
2015-04-29T09:45:35	Phase_Thick	1426
2015-04-29T09:45:35	T_Head	3.88686155080572
2015-04-29T09:45:35	T_Sample	5.47632596450923
2015-04-29T09:45:37	Error_T0	0
2015-04-29T09:45:53	Error_Thick	-1
2015-04-29T09:46:04	Moderator_Temp	109.487503051758
2015-04-29T09:46:04	Fermi_delay	2742.003968
2015-04-29T09:46:04	Freq_T0	50
2015-04-29T09:46:05	Fermi_Speed	200
2015-04-29T09:46:05	Phase_T0	9770
2015-04-29T09:46:05	Freq_Thick	50
2015-04-29T09:46:05	Phase_Thick	1426
2015-04-29T09:46:05	T_Head	3.85920518329693
2015-04-29T09:46:05	T_Sample	5.4440679714045
2015-04-29T09:46:07	Error_T0	-1
2015-04-29T09:46:23	Error_Thick	0
2015-04-29T09:46:34	Moderator_Temp	109.449996948242
2015-04-29T09:46:34	Fermi_delay	2741.984127
2015-04-29T09:46:34	Freq_T0	50
2015-04-29T09:46:35	Fermi_Speed	200
2015-04-29T09:46:35	Phase_T0	9770
2015-04-29T09:46:35	Freq_Thick	50
2015-04-29T09:46:35	Phase_Thick	1426
2015-04-29T09:46:35	T_Head	3.83154881578813
2015-04-29T09:46:35	T_Sample	5.40016189097872
2015-04-29T09:46:37	Error_T0	0
2015-04-29T09:46:53	Error_Thick	-1
2015-04-29T09:47:04	Moderator_Temp	109.449996948242
2015-04-29T09:47:04	Fermi_delay	2742.02381
2015-04-29T09:47:04	Freq_T0	49.99
2015-04-29T09:47:05	Fermi_Speed	200
2015-04-29T09:47:05	Phase_T0	9770
2015-04-29T09:47:05	Freq_Thick	50
2015-04-29T09:47:05	Phase_Thick	1426
2015-04-29T09:47:05	T_Head	3.81080654015653
2015-04-29T09:47:05	T_Sample	5.38259945880841
2015-04-29T09:47:07	Error_T0	-2
2015-04-29T09:47:23	Error_Thick	-1
2015-04-29T09:47:34	Moderator_Temp	109.449996948242
2015-04-29T09:47:34	Fermi_delay	2742.043651
2015-04-29T09:47:34	Freq_T0	49.99
2015-04-29T09:47:35	Fermi_Speed	200
2015-04-29T09:47:35	Phase_T0	9770
2015-04-29T09:47:35	Freq_Thick	50
2015-04-29T09:47:35	Phase_Thick	1426
2015-04-29T09:47:35	T_Head	3.79006426452493
2015-04-29T09:47:35	T_Sample	5.35625581055294
2015-04-29T09:47:37	Error_T0	-1
2015-04-29T09:47:53	Error_Thick	0
2015-04-29T09:48:04	Moderator_Temp	109.449996948242
2015-04-29T09:48:04	Fermi_delay	2742.003968
2015-04-29T09:48:04	Freq_T0	50
2015-04-29T09:48:05	Fermi_Speed	200
2015-04-29T09:48:05	Phase_T0	9770
2015-04-29T09:48:05	Freq_Thick	50
2015-04-29T09:48:05	Phase_Thick	1426
2015-04-29T09:48:05	T_Head	3.77623608077053
2015-04-29T09:48:05	T_Sample	5.33869337838262
2015-04-29T09:48:07	Error_T0	0
2015-04-29T09:48:23	Error_Thick	-1
2015-04-29T09:48:34	Moderator_Temp	109.449996948242
2015-04-29T09:48:34	Fermi_delay	2742.02381
2015-04-29T09:48:34	Freq_T0	50
2015-04-29T09:48:35	Fermi_Speed	200
2015-04-29T09:48:35	Phase_T0	9770
2015-04-29T09:48:35	Freq_Thick	50
2015-04-29T09:48:35	Phase_Thick	1426
2015-04-29T09:48:35	T_Head	3.76932198889333
2015-04-29T09:48:35	T_Sample	5.31234973012715
2015-04-29T09:48:37	Error_T0	-1
2015-04-29T09:48:53	Error_Thick	0
2015-04-29T09:49:04	Moderator_Temp	109.449996948242
2015-04-29T09:49:04	Fermi_delay	2742.02381
2015-04-29T09:49:04	Freq_T0	50
2015-04-29T09:49:05	Fermi_Speed	200
2015-04-29T09:49:05	Phase_T0	9770
2015-04-29T09:49:05	Freq_Thick	50
2015-04-29T09:49:05	Phase_Thick	1426
2015-04-29T09:49:05	T_Head	3.74857971326173
2015-04-29T09:49:05	T_Sample	5.28600608187169
2015-04-29T09:49:07	Error_T0	-1
2015-04-29T09:49:23	Error_Thick	-1
2015-04-29T09:49:34	Moderator_Temp	109.412506103516
2015-04-29T09:49:34	Fermi_delay	2742.003968
2015-04-29T09:49:34	Freq_T0	50
2015-04-29T09:49:35	Fermi_Speed	200
2015-04-29T09:49:35	Phase_T0	9770
2015-04-29T09:49:35	Freq_Thick	50
2015-04-29T09:49:35	Phase_Thick	1426
2015-04-29T09:49:35	T_Head	3.73589349647726
2015-04-29T09:49:35	T_Sample	5.27722486578653
2015-04-29T09:49:37	Error_T0	0
2015-04-29T09:49:53	Error_Thick	-1
2015-04-29T09:50:04	Moderator_Temp	109.449996948242
2015-04-29T09:50:04	Fermi_delay	2741.984127
2015-04-29T09:50:04	Freq_T0	50
2015-04-29T09:50:05	Fermi_Speed	200
2015-04-29T09:50:05	Phase_T0	9770
2015-04-29T09:50:05	Freq_Thick	50
2015-04-29T09:50:05	Phase_Thick	1426
2015-04-29T09:50:05	T_Head	3.72232514460835
2015-04-29T09:50:05	T_Sample	5.25966243361622
2015-04-29T09:50:07	Error_T0	-1
2015-04-29T09:50:23	Error_Thick	0
2015-04-29T09:50:34	Moderator_Temp	109.412506103516
2015-04-29T09:50:34	Fermi_delay	2741.984127
2015-04-29T09:50:34	Freq_T0	50
2015-04-29T09:50:35	Fermi_Speed	200
2015-04-29T09:50:35	Phase_T0	9770
2015-04-29T09:50:35	Freq_Thick	50
2015-04-29T09:50:35	Phase_Thick	1426
2015-04-29T09:50:35	T_Head	3.71554096867388
2015-04-29T09:50:35	T_Sample	5.2421000014459
2015-04-29T09:50:37	Error_T0	0
2015-04-29T09:50:53	Error_Thick	0
2015-04-29T09:51:04	Moderator_Temp	109.412506103516
2015-04-29T09:51:04	Fermi_delay	2742.003968
2015-04-29T09:51:04	Freq_T0	49.99
2015-04-29T09:51:05	Fermi_Speed	200
2015-04-29T09:51:05	Phase_T0	9770
2015-04-29T09:51:05	Freq_Thick	50
2015-04-29T09:51:05	Phase_Thick	1426
2015-04-29T09:51:05	T_Head	3.70197261680497
2015-04-29T09:51:05	T_Sample	5.23331878536075
2015-04-29T09:51:07	Error_T0	0
2015-04-29T09:51:24	Error_Thick	0
2015-04-29T09:51:35	Moderator_Temp	109.412506103516
2015-04-29T09:51:35	Fermi_delay	2741.984127
2015-04-29T09:51:35	Freq_T0	50
2015-04-29T09:51:36	Fermi_Speed	200
2015-04-29T09:51:36	Phase_T0	9770
2015-04-29T09:51:36	Freq_Thick	50
2015-04-29T09:51:36	Phase_Thick	1426
2015-04-29T09:51:36	T_Head	3.69518844087051
2015-04-29T09:51:36	T_Sample	5.20697513710528
2015-04-29T09:51:38	Error_T0	-1
2015-04-29T09:51:54	Error_Thick	0
2015-04-29T09:52:05	Moderator_Temp	109.412506103516
2015-04-29T09:52:05	Fermi_delay	2742.003968
2015-04-29T09:52:05	Freq_T0	50
2015-04-29T09:52:06	Fermi_Speed	200
2015-04-29T09:52:06	Phase_T0	9770
2015-04-29T09:52:06	Freq_Thick	50
2015-04-29T09:52:06	Phase_Thick	1426
2015-04-29T09:52:06	T_Head	3.68162008900159
2015-04-29T09:52:06	T_Sample	5.19819392102012
2015-04-29T09:52:08	Error_T0	-1
2015-04-29T09:52:24	Error_Thick	0
2015-04-29T09:52:35	Moderator_Temp	109.412506103516
2015-04-29T09:52:35	Fermi_delay	2742.02381
2015-04-29T09:52:35	Freq_T0	50
2015-04-29T09:52:36	Fermi_Speed	200
2015-04-29T09:52:36	Phase_T0	9770
2015-04-29T09:52:36	Freq_Thick	50
2015-04-29T09:52:36	Phase_Thick	1426
2015-04-29T09:52:36	T_Head	3.67483591306713
2015-04-29T09:52:36	T_Sample	5.18063148884981
2015-04-29T09:52:38	Error_T0	0
2015-04-29T09:52:54	Error_Thick	-1
2015-04-29T09:53:05	Moderator_Temp	109.375
2015-04-29T09:53:05	Fermi_delay	2742.02381
2015-04-29T09:53:05	Freq_T0	50
2015-04-29T09:53:06	Fermi_Speed	200
2015-04-29T09:53:06	Phase_T0	9770
2015-04-29T09:53:06	Freq_Thick	50
2015-04-29T09:53:06	Phase_Thick	1426
2015-04-29T09:53:06	T_Head	3.66805173713267
2015-04-29T09:53:06	T_Sample	5.17185027276465
2015-04-29T09:53:08	Error_T0	-1
2015-04-29T09:53:24	Error_Thick	0
2015-04-29T09:53:35	Moderator_Temp	109.375
2015-04-29T09:53:35	Fermi_delay	2742.003968
2015-04-29T09:53:35	Freq_T0	49.99
2015-04-29T09:53:36	Fermi_Speed	200
2015-04-29T09:53:36	Phase_T0	9770
2015-04-29T09:53:36	Freq_Thick	50
2015-04-29T09:53:36	Phase_Thick	1426
2015-04-29T09:53:36	T_Head	3.65448338526375
2015-04-29T09:53:36	T_Sample	5.1630690566795
2015-04-29T09:53:38	Error_T0	0
2015-04-29T09:53:54	Error_Thick	-1
2015-04-29T09:54:05	Moderator_Temp	109.412506103516
2015-04-29T09:54:05	Freq_T0	50
2015-04-29T09:54:06	Fermi_Speed	200
2015-04-29T09:54:06	Fermi_delay	2742.003968
2015-04-29T09:54:06	Phase_T0	9770
2015-04-29T09:54:06	Freq_Thick	50
2015-04-29T09:54:06	Phase_Thick	1426
2015-04-29T09:54:06	T_Head	3.64769920932929
2015-04-29T09:54:07	T_Sample	5.14550662450918
2015-04-29T09:54:08	Error_T0	-1
2015-04-29T09:54:25	Error_Thick	0
2015-04-29T09:54:35	Moderator_Temp	109.375
2015-04-29T09:54:35	Freq_T0	50
2015-04-29T09:54:36	Fermi_Speed	200
2015-04-29T09:54:36	Fermi_delay	2742.003968
2015-04-29T09:54:36	Phase_T0	9770
2015-04-29T09:54:36	Freq_Thick	50
2015-04-29T09:54:36	Phase_Thick	1426
2015-04-29T09:54:36	T_Head	3.64091503339483
2015-04-29T09:54:37	T_Sample	5.14550662450918
2015-04-29T09:54:38	Error_T0	0
2015-04-29T09:54:56	Error_Thick	-1
2015-04-29T09:55:05	Moderator_Temp	109.412506103516
2015-04-29T09:55:05	Freq_T0	50
2015-04-29T09:55:06	Fermi_Speed	200
2015-04-29T09:55:06	Fermi_delay	2742.02381
2015-04-29T09:55:06	Phase_T0	9770
2015-04-29T09:55:06	Freq_Thick	50
2015-04-29T09:55:06	Phase_Thick	1426
2015-04-29T09:55:06	T_Head	3.64091503339483
2015-04-29T09:55:07	T_Sample	5.11916297625371
2015-04-29T09:55:08	Error_T0	0
2015-04-29T09:55:26	Error_Thick	-1
2015-04-29T09:55:36	Moderator_Temp	109.412506103516
2015-04-29T09:55:36	Freq_T0	50
2015-04-29T09:55:37	Fermi_Speed	200
2015-04-29T09:55:37	Fermi_delay	2742.02381
2015-04-29T09:55:37	Phase_T0	9770
2015-04-29T09:55:37	Freq_Thick	50
2015-04-29T09:55:37	Phase_Thick	1426
2015-04-29T09:55:37	T_Head	3.62734668152591
2015-04-29T09:55:38	T_Sample	5.11916297625371
2015-04-29T09:55:39	Error_T0	-1
2015-04-29T09:55:57	Error_Thick	0
2015-04-29T09:56:06	Moderator_Temp	109.412506103516
2015-04-29T09:56:06	Freq_T0	49.99
2015-04-29T09:56:07	Fermi_Speed	200
2015-04-29T09:56:07	Fermi_delay	2742.02381
2015-04-29T09:56:07	Phase_T0	9770
2015-04-29T09:56:07	Freq_Thick	50
2015-04-29T09:56:07	Phase_Thick	1426
2015-04-29T09:56:07	T_Head	3.62734668152591
2015-04-29T09:56:08	T_Sample	5.1016005440834
2015-04-29T09:56:09	Error_T0	1
2015-04-29T09:56:28	Error_Thick	-1
2015-04-29T09:56:37	Moderator_Temp	109.449996948242
2015-04-29T09:56:37	Freq_T0	50
2015-04-29T09:56:38	Fermi_Speed	200
2015-04-29T09:56:38	Fermi_delay	2742.02381
2015-04-29T09:56:38	Phase_T0	9770
2015-04-29T09:56:38	Freq_Thick	50
2015-04-29T09:56:38	Phase_Thick	1426
2015-04-29T09:56:38	T_Head	3.62056250559145
2015-04-29T09:56:39	T_Sample	5.09281932799824
2015-04-29T09:56:40	Error_T0	-1
2015-04-29T09:56:59	Error_Thick	-1
2015-04-29T09:57:07	Moderator_Temp	109.449996948242
2015-04-29T09:57:07	Freq_T0	50
2015-04-29T09:57:09	Fermi_Speed	200
2015-04-29T09:57:09	Fermi_delay	2742.043651
2015-04-29T09:57:09	Phase_T0	9770
2015-04-29T09:57:09	Freq_Thick	50
2015-04-29T09:57:09	Phase_Thick	1426
2015-04-29T09:57:09	T_Head	3.61377832965699
2015-04-29T09:57:09	T_Sample	5.08403811191309
2015-04-29T09:57:10	Error_T0	-10
2015-04-29T09:57:29	Error_Thick	-1
2015-04-29T09:57:37	Moderator_Temp	109.412506103516
2015-04-29T09:57:37	Freq_T0	49.99
2015-04-29T09:57:39	Fermi_Speed	200
2015-04-29T09:57:39	Fermi_delay	2742.003968
2015-04-29T09:57:39	Phase_T0	9770
2015-04-29T09:57:39	Freq_Thick	50
2015-04-29T09:57:39	Phase_Thick	1426
2015-04-29T09:57:39	T_Head	3.61377832965699
2015-04-29T09:57:39	T_Sample	5.08403811191309
2015-04-29T09:57:40	Error_T0	0
2015-04-29T09:57:59	Error_Thick	-1
2015-04-29T09:58:07	Moderator_Temp	109.412506103516
2015-04-29T09:58:07	Freq_T0	50
2015-04-29T09:58:09	Fermi_Speed	200
2015-04-29T09:58:09	Fermi_delay	2742.003968
2015-04-29T09:58:09	Phase_T0	9770
2015-04-29T09:58:09	Freq_Thick	50
2015-04-29T09:58:09	Phase_Thick	1426
2015-04-29T09:58:09	T_Head	3.60020997778807
2015-04-29T09:58:09	T_Sample	5.06647567974277
2015-04-29T09:58:10	Error_T0	-1
2015-04-29T09:58:29	Error_Thick	-1
2015-04-29T09:58:37	Moderator_Temp	109.449996948242
2015-04-29T09:58:37	Freq_T0	50
2015-04-29T09:58:39	Fermi_Speed	200
2015-04-29T09:58:39	Fermi_delay	2742.02381
2015-04-29T09:58:39	Phase_T0	9770
2015-04-29T09:58:39	Freq_Thick	50
2015-04-29T09:58:39	Phase_Thick	1426
2015-04-29T09:58:39	T_Head	3.60020997778807
2015-04-29T09:58:39	T_Sample	5.05769446365762
2015-04-29T09:58:40	Error_T0	0
2015-04-29T09:58:59	Error_Thick	0
2015-04-29T09:59:07	Moderator_Temp	109.412506103516
2015-04-29T09:59:07	Freq_T0	50
2015-04-29T09:59:10	Fermi_Speed	200
2015-04-29T09:59:10	Fermi_delay	2742.02381
2015-04-29T09:59:10	Phase_T0	9770
2015-04-29T09:59:10	Error_T0	0
2015-04-29T09:59:10	Freq_Thick	50
2015-04-29T09:59:10	Phase_Thick	1426
2015-04-29T09:59:10	T_Head	3.59342580185361
2015-04-29T09:59:10	T_Sample	5.05769446365762
2015-04-29T09:59:29	Error_Thick	-1
2015-04-29T09:59:37	Moderator_Temp	109.412506103516
2015-04-29T09:59:37	Freq_T0	50
2015-04-29T09:59:40	Fermi_Speed	200
2015-04-29T09:59:40	Fermi_delay	2742.02381
2015-04-29T09:59:40	Phase_T0	9770
2015-04-29T09:59:40	Error_T0	-1
2015-04-29T09:59:40	Freq_Thick	50
2015-04-29T09:59:40	Phase_Thick	1426
2015-04-29T09:59:40	T_Head	3.58664162591916
2015-04-29T09:59:40	T_Sample	5.04013203148731
2015-04-29T09:59:59	Error_Thick	0
2015-04-29T10:00:07	Moderator_Temp	109.449996948242
2015-04-29T10:00:07	Freq_T0	50
2015-04-29T10:00:10	Fermi_Speed	200
2015-04-29T10:00:10	Fermi_delay	2742.02381
2015-04-29T10:00:10	Phase_T0	9770
2015-04-29T10:00:10	Error_T0	-1
2015-04-29T10:00:10	Freq_Thick	50
2015-04-29T10:00:10	Phase_Thick	1426
2015-04-29T10:00:10	T_Head	3.58664162591916
2015-04-29T10:00:10	T_Sample	5.03135081540215
2015-04-29T10:00:29	Error_Thick	-1
2015-04-29T10:00:37	Moderator_Temp	109.412506103516
2015-04-29T10:00:37	Freq_T0	50
2015-04-29T10:00:40	Fermi_Speed	200
2015-04-29T10:00:40	Fermi_delay	2742.003968
2015-04-29T10:00:40	Phase_T0	9770
2015-04-29T10:00:40	Error_T0	0
2015-04-29T10:00:40	Freq_Thick	50
2015-04-29T10:00:40	Phase_Thick	1426
2015-04-29T10:00:40	T_Head	3.57985744998469
2015-04-29T10:00:40	T_Sample	5.03135081540215
2015-04-29T10:00:59	Error_Thick	-1
2015-04-29T10:01:07	Moderator_Temp	109.449996948242
2015-04-29T10:01:07	Freq_T0	49.99
2015-04-29T10:01:11	Fermi_Speed	200
2015-04-29T10:01:11	Fermi_delay	2742.003968
2015-04-29T10:01:11	Phase_T0	9770
2015-04-29T10:01:11	Error_T0	0
2015-04-29T10:01:11	Freq_Thick	50
2015-04-29T10:01:11	Phase_Thick	1426
2015-04-29T10:01:11	T_Head	3.57307327405024
2015-04-29T10:01:11	T_Sample	5.03135081540215
2015-04-29T10:01:30	Error_Thick	0
2015-04-29T10:01:38	Moderator_Temp	109.449996948242
2015-04-29T10:01:38	Freq_T0	50
2015-04-29T10:01:41	Fermi_Speed	200
2015-04-29T10:01:41	Fermi_delay	2742.02381
2015-04-29T10:01:41	Phase_T0	9770
2015-04-29T10:01:41	Error_T0	-1
2015-04-29T10:01:41	Freq_Thick	50
2015-04-29T10:01:41	Phase_Thick	1426
2015-04-29T10:01:41	T_Head	3.57307327405024
2015-04-29T10:01:41	T_Sample	5.02256959931699
2015-04-29T10:02:01	Error_Thick	-1
2015-04-29T10:02:09	Moderator_Temp	109.449996948242
2015-04-29T10:02:09	Freq_T0	50
2015-04-29T10:02:12	Fermi_Speed	200
2015-04-29T10:02:12	Fermi_delay	2741.964286
2015-04-29T10:02:12	Phase_T0	9770
2015-04-29T10:02:12	Error_T0	-1
2015-04-29T10:02:12	Freq_Thick	50
2015-04-29T10:02:12	Phase_Thick	1426
2015-04-29T10:02:12	T_Head	3.56628909811578
2015-04-29T10:02:12	T_Sample	5.00500716714668
2015-04-29T10:02:31	Error_Thick	0
2015-04-29T10:02:39	Moderator_Temp	109.449996948242
2015-04-29T10:02:39	Freq_T0	50
2015-04-29T10:02:42	Fermi_Speed	200
2015-04-29T10:02:42	Fermi_delay	2742.003968
2015-04-29T10:02:42	Phase_T0	9770
2015-04-29T10:02:42	Error_T0	-1
2015-04-29T10:02:42	Freq_Thick	50
2015-04-29T10:02:42	Phase_Thick	1426
2015-04-29T10:02:42	T_Head	3.56628909811578
2015-04-29T10:02:42	T_Sample	5.00500716714668
2015-04-29T10:03:01	Error_Thick	-1
2015-04-29T10:03:09	Moderator_Temp	109.449996948242
2015-04-29T10:03:09	Freq_T0	49.99
2015-04-29T10:03:12	Fermi_Speed	200
2015-04-29T10:03:12	Error_T0	-1
2015-04-29T10:03:12	Freq_Thick	50
2015-04-29T10:03:12	Phase_Thick	1426
2015-04-29T10:03:12	T_Sample	5.00500716714668
2015-04-29T10:03:13	Fermi_delay	2742.003968
2015-04-29T10:03:13	Phase_T0	9770
2015-04-29T10:03:13	T_Head	3.55950492218132
2015-04-29T10:03:31	Error_Thick	0
2015-04-29T10:03:39	Moderator_Temp	109.487503051758
2015-04-29T10:03:39	Freq_T0	50
2015-04-29T10:03:42	Fermi_Speed	200
2015-04-29T10:03:42	Error_T0	-5
2015-04-29T10:03:42	Freq_Thick	50
2015-04-29T10:03:42	Phase_Thick	1426
2015-04-29T10:03:42	T_Sample	4.99622595106152
2015-04-29T10:03:43	Fermi_delay	2742.02381
2015-04-29T10:03:43	Phase_T0	9770
2015-04-29T10:03:43	T_Head	3.55950492218132
2015-04-29T10:04:01	Error_Thick	-1
2015-04-29T10:04:10	Moderator_Temp	109.449996948242
2015-04-29T10:04:10	Freq_T0	50
2015-04-29T10:04:13	Fermi_Speed	200
2015-04-29T10:04:13	Error_T0	-1
2015-04-29T10:04:13	Freq_Thick	50
2015-04-29T10:04:13	Phase_Thick	1426
2015-04-29T10:04:13	T_Sample	4.99622595106152
2015-04-29T10:04:14	Fermi_delay	2742.003968
2015-04-29T10:04:14	Phase_T0	9770
2015-04-29T10:04:14	T_Head	3.55272074624686
2015-04-29T10:04:32	Error_Thick	-1
2015-04-29T10:04:40	Moderator_Temp	109.449996948242
2015-04-29T10:04:40	Freq_T0	50
2015-04-29T10:04:43	Fermi_Speed	200
2015-04-29T10:04:43	Error_T0	-1
2015-04-29T10:04:43	Freq_Thick	50
2015-04-29T10:04:43	Phase_Thick	1426
2015-04-29T10:04:43	T_Sample	4.98744473497637
2015-04-29T10:04:44	Fermi_delay	2742.02381
2015-04-29T10:04:44	Phase_T0	9770
2015-04-29T10:04:44	T_Head	3.55272074624686
2015-04-29T10:05:02	Error_Thick	0
2015-04-29T10:05:10	Moderator_Temp	109.449996948242
2015-04-29T10:05:10	Freq_T0	50
2015-04-29T10:05:13	Fermi_Speed	200
2015-04-29T10:05:13	Error_T0	0
2015-04-29T10:05:13	Freq_Thick	50
2015-04-29T10:05:13	Phase_Thick	1426
2015-04-29T10:05:13	T_Sample	4.97866351889121
2015-04-29T10:05:14	Fermi_delay	2742.043651
2015-04-29T10:05:14	Phase_T0	9770
2015-04-29T10:05:14	T_Head	3.5459365703124
2015-04-29T10:05:32	Error_Thick	0
2015-04-29T10:05:40	Moderator_Temp	109.449996948242
2015-04-29T10:05:40	Freq_T0	50
2015-04-29T10:05:43	Fermi_Speed	200
2015-04-29T10:05:43	Error_T0	-1
2015-04-29T10:05:43	Freq_Thick	49.99
2015-04-29T10:05:43	Phase_Thick	1426
2015-04-29T10:05:43	T_Sample	4.97866351889121
2015-04-29T10:05:45	Fermi_delay	2742.003968
2015-04-29T10:05:45	Phase_T0	9770
2015-04-29T10:05:45	T_Head	3.55272074624686
2015-04-29T10:06:03	Error_Thick	0
2015-04-29T10:06:11	Moderator_Temp	109.487503051758
2015-04-29T10:06:11	Freq_T0	49.99
2015-04-29T10:06:14	Fermi_Speed	200
2015-04-29T10:06:14	Error_T0	-3
2015-04-29T10:06:14	Freq_Thick	50
2015-04-29T10:06:14	Phase_Thick	1426
2015-04-29T10:06:14	T_Sample	4.96988230280606
2015-04-29T10:06:15	Fermi_delay	2742.02381
2015-04-29T10:06:15	Phase_T0	9770
2015-04-29T10:06:15	T_Head	3.53915239437794
2015-04-29T10:06:33	Error_Thick	-1
2015-04-29T10:06:41	Moderator_Temp	109.487503051758
2015-04-29T10:06:41	Freq_T0	50
2015-04-29T10:06:44	Fermi_Speed	200
2015-04-29T10:06:44	Error_T0	-2
2015-04-29T10:06:44	Freq_Thick	50
2015-04-29T10:06:44	Phase_Thick	1426
2015-04-29T10:06:44	T_Sample	4.96988230280606
2015-04-29T10:06:45	Fermi_delay	2742.003968
2015-04-29T10:06:45	Phase_T0	9770
2015-04-29T10:06:45	T_Head	3.53915239437794
2015-04-29T10:07:03	Error_Thick	0
2015-04-29T10:07:11	Moderator_Temp	109.487503051758
2015-04-29T10:07:11	Freq_T0	50
2015-04-29T10:07:14	Fermi_Speed	200
2015-04-29T10:07:14	Error_T0	-1
2015-04-29T10:07:14	Freq_Thick	50
2015-04-29T10:07:14	Phase_Thick	1426
2015-04-29T10:07:14	T_Sample	4.96988230280606
2015-04-29T10:07:15	Fermi_delay	2741.984127
2015-04-29T10:07:15	Phase_T0	9770
2015-04-29T10:07:15	T_Head	3.53915239437794
2015-04-29T10:07:33	Error_Thick	-1
2015-04-29T10:07:42	Moderator_Temp	109.487503051758
2015-04-29T10:07:42	Freq_T0	50
2015-04-29T10:07:45	Fermi_Speed	200
2015-04-29T10:07:45	Error_T0	-1
2015-04-29T10:07:45	Freq_Thick	50
2015-04-29T10:07:45	Phase_Thick	1426
2015-04-29T10:07:45	T_Sample	4.96387228861257
2015-04-29T10:07:46	Fermi_delay	2742.02381
2015-04-29T10:07:46	Phase_T0	9770
2015-04-29T10:07:46	T_Head	3.53394867007833
2015-04-29T10:08:04	Error_Thick	-1
2015-04-29T10:08:12	Moderator_Temp	109.487503051758
2015-04-29T10:08:12	Freq_T0	50
2015-04-29T10:08:15	Fermi_Speed	200
2015-04-29T10:08:15	Error_T0	-1
2015-04-29T10:08:15	Freq_Thick	50
2015-04-29T10:08:15	Phase_Thick	1426
2015-04-29T10:08:15	T_Sample	4.96387228861257
2015-04-29T10:08:16	Fermi_delay	2742.003968
2015-04-29T10:08:16	Phase_T0	9770
2015-04-29T10:08:16	T_Head	3.52732010151499
2015-04-29T10:08:34	Error_Thick	-1
2015-04-29T10:08:42	Moderator_Temp	109.487503051758
2015-04-29T10:08:42	Freq_T0	50
2015-04-29T10:08:45	Fermi_Speed	200
2015-04-29T10:08:45	Error_T0	-1
2015-04-29T10:08:45	Freq_Thick	50
2015-04-29T10:08:45	Phase_Thick	1426
2015-04-29T10:08:45	T_Sample	4.96387228861257
2015-04-29T10:08:46	Fermi_delay	2742.02381
2015-04-29T10:08:46	Phase_T0	9770
2015-04-29T10:08:46	T_Head	3.53394867007833
2015-04-29T10:09:04	Error_Thick	0
2015-04-29T10:09:12	Moderator_Temp	109.487503051758
2015-04-29T10:09:12	Freq_T0	50
2015-04-29T10:09:15	Fermi_Speed	200
2015-04-29T10:09:15	Error_T0	0
2015-04-29T10:09:15	Freq_Thick	50
2015-04-29T10:09:15	Phase_Thick	1426
2015-04-29T10:09:15	T_Sample	4.95544849539725
2015-04-29T10:09:16	Fermi_delay	2742.003968
2015-04-29T10:09:16	Phase_T0	9770
2015-04-29T10:09:16	T_Head	3.52732010151499
2015-04-29T10:09:34	Error_Thick	-1
2015-04-29T10:09:42	Moderator_Temp	109.487503051758
2015-04-29T10:09:42	Freq_T0	49.99
2015-04-29T10:09:45	Fermi_Speed	200
2015-04-29T10:09:45	Error_T0	-1
2015-04-29T10:09:45	Freq_Thick	50
2015-04-29T10:09:45	Phase_Thick	1426
2015-04-29T10:09:45	T_Sample	4.95544849539725
2015-04-29T10:09:46	Fermi_delay	2742.003968
2015-04-29T10:09:46	Phase_T0	9770
2015-04-29T10:09:46	T_Head	3.52069153295166
2015-04-29T10:10:04	Error_Thick	-1
2015-04-29T10:10:12	Moderator_Temp	109.487503051758
2015-04-29T10:10:12	Freq_T0	50
2015-04-29T10:10:15	Fermi_Speed	200
2015-04-29T10:10:15	Error_T0	-1
2015-04-29T10:10:15	Freq_Thick	50
2015-04-29T10:10:15	Phase_Thick	1426
2015-04-29T10:10:15	T_Sample	4.94702470218192
2015-04-29T10:10:16	Fermi_delay	2742.02381
2015-04-29T10:10:16	Phase_T0	9770
2015-04-29T10:10:16	T_Head	3.52732010151499
2015-04-29T10:10:34	Error_Thick	0
2015-04-29T10:10:42	Moderator_Temp	109.525001525879
2015-04-29T10:10:42	Freq_T0	50
2015-04-29T10:10:45	Fermi_Speed	200
2015-04-29T10:10:45	Error_T0	-2
2015-04-29T10:10:45	Freq_Thick	50
2015-04-29T10:10:45	Phase_Thick	1426
2015-04-29T10:10:45	T_Sample	4.94702470218192
2015-04-29T10:10:46	Fermi_delay	2742.02381
2015-04-29T10:10:46	Phase_T0	9770
2015-04-29T10:10:46	T_Head	3.52069153295166
2015-04-29T10:11:04	Error_Thick	-1
2015-04-29T10:11:12	Moderator_Temp	109.525001525879
2015-04-29T10:11:12	Freq_T0	50
2015-04-29T10:11:15	Fermi_Speed	200
2015-04-29T10:11:15	Error_T0	-5
2015-04-29T10:11:15	Freq_Thick	50
2015-04-29T10:11:15	Phase_Thick	1426
2015-04-29T10:11:15	T_Sample	4.94702470218192
2015-04-29T10:11:16	Fermi_delay	2742.003968
2015-04-29T10:11:16	Phase_T0	9770
2015-04-29T10:11:16	T_Head	3.51406296438832
2015-04-29T10:11:34	Error_Thick	0
2015-04-29T10:11:42	Moderator_Temp	109.525001525879
2015-04-29T10:11:42	Freq_T0	50
2015-04-29T10:11:45	Fermi_Speed	200
2015-04-29T10:11:45	Error_T0	-2
2015-04-29T10:11:45	Freq_Thick	50
2015-04-29T10:11:45	Phase_Thick	1426
2015-04-29T10:11:45	T_Sample	4.94702470218192
2015-04-29T10:11:46	Fermi_delay	2742.02381
2015-04-29T10:11:46	Phase_T0	9770
2015-04-29T10:11:46	T_Head	3.52069153295166
2015-04-29T10:12:04	Error_Thick	-1
2015-04-29T10:12:12	Moderator_Temp	109.525001525879
2015-04-29T10:12:12	Freq_T0	50
2015-04-29T10:12:15	Fermi_Speed	200
2015-04-29T10:12:15	Error_T0	-1
2015-04-29T10:12:15	Freq_Thick	50
2015-04-29T10:12:15	Phase_Thick	1426
2015-04-29T10:12:15	T_Sample	4.94702470218192
2015-04-29T10:12:16	Fermi_delay	2742.02381
2015-04-29T10:12:16	Phase_T0	9770
2015-04-29T10:12:16	T_Head	3.51406296438832
2015-04-29T10:12:34	Error_Thick	-1
2015-04-29T10:12:42	Moderator_Temp	109.525001525879
2015-04-29T10:12:42	Freq_T0	50
2015-04-29T10:12:45	Fermi_Speed	200
2015-04-29T10:12:45	Error_T0	-1
2015-04-29T10:12:45	Freq_Thick	50
2015-04-29T10:12:45	Phase_Thick	1426
2015-04-29T10:12:45	T_Sample	4.94702470218192
2015-04-29T10:12:46	Fermi_delay	2742.003968
2015-04-29T10:12:46	Phase_T0	9770
2015-04-29T10:12:46	T_Head	3.51406296438832
2015-04-29T10:13:04	Error_Thick	-1
2015-04-29T10:13:12	Moderator_Temp	109.525001525879
2015-04-29T10:13:12	Freq_T0	50
2015-04-29T10:13:15	Fermi_Speed	200
2015-04-29T10:13:15	Error_T0	0
2015-04-29T10:13:15	Freq_Thick	50
2015-04-29T10:13:15	Phase_Thick	1426
2015-04-29T10:13:15	T_Sample	4.94702470218192
2015-04-29T10:13:16	Fermi_delay	2742.003968
2015-04-29T10:13:16	Phase_T0	9770
2015-04-29T10:13:16	T_Head	3.51406296438832
2015-04-29T10:13:34	Error_Thick	-1
2015-04-29T10:13:42	Moderator_Temp	109.525001525879
2015-04-29T10:13:42	Freq_T0	50
2015-04-29T10:13:45	Fermi_Speed	200
2015-04-29T10:13:45	Error_T0	0
2015-04-29T10:13:45	Freq_Thick	50
2015-04-29T10:13:45	Phase_Thick	1426
2015-04-29T10:13:45	T_Sample	4.9386009089666
2015-04-29T10:13:46	Fermi_delay	2741.984127
2015-04-29T10:13:46	Phase_T0	9770
2015-04-29T10:13:46	T_Head	3.51406296438832
2015-04-29T10:14:04	Error_Thick	0
2015-04-29T10:14:12	Moderator_Temp	109.525001525879
2015-04-29T10:14:12	Freq_T0	50
2015-04-29T10:14:15	Fermi_Speed	200
2015-04-29T10:14:15	Error_T0	0
2015-04-29T10:14:15	Freq_Thick	50
2015-04-29T10:14:15	Phase_Thick	1426
2015-04-29T10:14:15	T_Sample	4.9386009089666
2015-04-29T10:14:16	Fermi_delay	2741.984127
2015-04-29T10:14:16	Phase_T0	9770
2015-04-29T10:14:16	T_Head	3.51406296438832
2015-04-29T10:14:34	Error_Thick	-1
2015-04-29T10:14:42	Moderator_Temp	109.525001525879
2015-04-29T10:14:42	Freq_T0	50
2015-04-29T10:14:45	Fermi_Speed	200
2015-04-29T10:14:45	Error_T0	0
2015-04-29T10:14:45	Freq_Thick	50
2015-04-29T10:14:45	Phase_Thick	1426
2015-04-29T10:14:45	T_Sample	4.93017711575127
2015-04-29T10:14:46	Fermi_delay	2742.003968
2015-04-29T10:14:46	Phase_T0	9770
2015-04-29T10:14:46	T_Head	3.51406296438832
2015-04-29T10:15:04	Error_Thick	-1
2015-04-29T10:15:12	Moderator_Temp	109.525001525879
2015-04-29T10:15:12	Freq_T0	50
2015-04-29T10:15:15	Fermi_Speed	200
2015-04-29T10:15:15	Error_T0	-1
2015-04-29T10:15:15	Freq_Thick	50
2015-04-29T10:15:15	Phase_Thick	1426
2015-04-29T10:15:15	T_Sample	4.93017711575127
2015-04-29T10:15:16	Fermi_delay	2742.003968
2015-04-29T10:15:16	Phase_T0	9770
2015-04-29T10:15:16	T_Head	3.51406296438832
2015-04-29T10:15:34	Error_Thick	0
2015-04-29T10:15:42	Moderator_Temp	109.525001525879
2015-04-29T10:15:42	Freq_T0	50
2015-04-29T10:15:45	Fermi_Speed	200
2015-04-29T10:15:45	Error_T0	-1
2015-04-29T10:15:45	Freq_Thick	50
2015-04-29T10:15:45	Phase_Thick	1426
2015-04-29T10:15:45	T_Sample	4.93017711575127
2015-04-29T10:15:46	Fermi_delay	2742.02381
2015-04-29T10:15:46	Phase_T0	9770
2015-04-29T10:15:46	T_Head	3.51406296438832
2015-04-29T10:16:04	Error_Thick	0
2015-04-29T10:16:12	Moderator_Temp	109.525001525879
2015-04-29T10:16:12	Freq_T0	50
2015-04-29T10:16:15	Fermi_Speed	200
2015-04-29T10:16:15	Error_T0	-1
2015-04-29T10:16:15	Freq_Thick	50
2015-04-29T10:16:15	Phase_Thick	1426
2015-04-29T10:16:15	T_Sample	4.93017711575127
2015-04-29T10:16:16	Fermi_delay	2742.02381
2015-04-29T10:16:16	Phase_T0	9770
2015-04-29T10:16:16	T_Head	3.51406296438832
2015-04-29T10:16:34	Error_Thick	-1
2015-04-29T10:16:42	Moderator_Temp	109.525001525879
2015-04-29T10:16:42	Freq_T0	50
2015-04-29T10:16:45	Fermi_Speed	200
2015-04-29T10:16:45	Error_T0	-1
2015-04-29T10:16:45	Freq_Thick	50
2015-04-29T10:16:45	Phase_Thick	1426
2015-04-29T10:16:45	T_Sample	4.92175332253595
2015-04-29T10:16:46	Fermi_delay	2741.984127
2015-04-29T10:16:46	Phase_T0	9770
2015-04-29T10:16:46	T_Head	3.50743439582499
2015-04-29T10:17:04	Error_Thick	0
2015-04-29T10:17:12	Moderator_Temp	109.525001525879
2015-04-29T10:17:12	Freq_T0	50
2015-04-29T10:17:15	Fermi_Speed	200
2015-04-29T10:17:15	Error_T0	-1
2015-04-29T10:17:15	Freq_Thick	50
2015-04-29T10:17:15	Phase_Thick	1426
2015-04-29T10:17:15	T_Sample	4.92175332253595
2015-04-29T10:17:16	Fermi_delay	2742.02381
2015-04-29T10:17:16	Phase_T0	9770
2015-04-29T10:17:16	T_Head	3.50743439582499
2015-04-29T10:17:34	Error_Thick	0
2015-04-29T10:17:42	Moderator_Temp	109.525001525879
2015-04-29T10:17:42	Freq_T0	50
2015-04-29T10:17:45	Fermi_Speed	200
2015-04-29T10:17:45	Error_T0	-1
2015-04-29T10:17:45	Freq_Thick	50
2015-04-29T10:17:45	Phase_Thick	1426
2015-04-29T10:17:45	T_Sample	4.92175332253595
2015-04-29T10:17:46	Fermi_delay	2742.02381
2015-04-29T10:17:46	Phase_T0	9770
2015-04-29T10:17:46	T_Head	3.50743439582499
2015-04-29T10:18:04	Error_Thick	0
2015-04-29T10:18:12	Moderator_Temp	109.525001525879
2015-04-29T10:18:12	Freq_T0	50
2015-04-29T10:18:15	Fermi_Speed	200
2015-04-29T10:18:15	Error_T0	-1
2015-04-29T10:18:15	Freq_Thick	50
2015-04-29T10:18:15	Phase_Thick	1426
2015-04-29T10:18:15	T_Sample	4.92175332253595
2015-04-29T10:18:16	Fermi_delay	2742.043651
2015-04-29T10:18:16	Phase_T0	9770
2015-04-29T10:18:16	T_Head	3.50080582726165
2015-04-29T10:18:35	Error_Thick	-1
2015-04-29T10:18:43	Moderator_Temp	109.5625
2015-04-29T10:18:43	Freq_T0	50
2015-04-29T10:18:46	Fermi_Speed	200
2015-04-29T10:18:46	Error_T0	-1
2015-04-29T10:18:46	Freq_Thick	50
2015-04-29T10:18:46	Phase_Thick	1426
2015-04-29T10:18:46	T_Sample	4.92175332253595
2015-04-29T10:18:47	Fermi_delay	2742.02381
2015-04-29T10:18:47	Phase_T0	9770
2015-04-29T10:18:47	T_Head	3.50080582726165
2015-04-29T10:19:05	Error_Thick	-1
2015-04-29T10:19:13	Moderator_Temp	109.525001525879
2015-04-29T10:19:13	Freq_T0	50
2015-04-29T10:19:16	Fermi_Speed	200
2015-04-29T10:19:16	Error_T0	-1
2015-04-29T10:19:16	Freq_Thick	50
2015-04-29T10:19:16	Phase_Thick	1426
2015-04-29T10:19:16	T_Sample	4.92175332253595
2015-04-29T10:19:17	Fermi_delay	2742.02381
2015-04-29T10:19:17	Phase_T0	9770
2015-04-29T10:19:17	T_Head	3.50080582726165
2015-04-29T10:19:35	Error_Thick	0
2015-04-29T10:19:43	Moderator_Temp	109.5625
2015-04-29T10:19:43	Freq_T0	49.99
2015-04-29T10:19:47	Fermi_Speed	200
2015-04-29T10:19:47	Error_T0	-1
2015-04-29T10:19:47	Freq_Thick	50
2015-04-29T10:19:47	Phase_Thick	1426
2015-04-29T10:19:47	T_Sample	4.92175332253595
2015-04-29T10:19:48	Fermi_delay	2742.043651
2015-04-29T10:19:48	Phase_T0	9770
2015-04-29T10:19:48	T_Head	3.50080582726165
2015-04-29T10:20:06	Error_Thick	0
