2015-04-29T07:46:39	Error_Thick	-1
2015-04-29T07:46:39	T_Head	3.48754869013498
2015-04-29T07:46:42	T_Sample	4.9386009089666
2015-04-29T07:46:43	Fermi_Speed	100
2015-04-29T07:46:43	Phase_T0	9770
2015-04-29T07:46:43	Freq_Thick	50.01
2015-04-29T07:46:43	Phase_Thick	1426
2015-04-29T07:46:45	Moderator_Temp	126.699996948242
2015-04-29T07:46:45	Fermi_delay	0
2015-04-29T07:46:49	Freq_T0	50
2015-04-29T07:46:49	Error_T0	-1
2015-04-29T07:47:09	Error_Thick	0
2015-04-29T07:47:09	T_Head	3.48754869013498
2015-04-29T07:47:12	T_Sample	4.9386009089666
2015-04-29T07:47:13	Fermi_Speed	117.416667
2015-04-29T07:47:13	Phase_T0	9770
2015-04-29T07:47:13	Freq_Thick	50
2015-04-29T07:47:13	Phase_Thick	1426
2015-04-29T07:47:15	Moderator_Temp	122.275001525879
2015-04-29T07:47:15	Fermi_delay	0
2015-04-29T07:47:19	Freq_T0	50
2015-04-29T07:47:19	Error_T0	-1
2015-04-29T07:47:39	Error_Thick	-1
2015-04-29T07:47:39	T_Head	3.48754869013498
2015-04-29T07:47:42	T_Sample	4.9386009089666
2015-04-29T07:47:43	Fermi_Speed	140.833333
2015-04-29T07:47:43	Phase_T0	9770
2015-04-29T07:47:43	Freq_Thick	50
2015-04-29T07:47:43	Phase_Thick	1426
2015-04-29T07:47:45	Moderator_Temp	123.925003051758
2015-04-29T07:47:45	Fermi_delay	0
2015-04-29T07:47:49	Freq_T0	50
2015-04-29T07:47:49	Error_T0	0
2015-04-29T07:48:09	Error_Thick	-1
2015-04-29T07:48:09	T_Head	3.48754869013498
2015-04-29T07:48:12	T_Sample	4.93017711575127
2015-04-29T07:48:13	Fermi_Speed	166.866667
2015-04-29T07:48:13	Phase_T0	9770
2015-04-29T07:48:13	Freq_Thick	50
2015-04-29T07:48:13	Phase_Thick	1426
2015-04-29T07:48:15	Moderator_Temp	114.699996948242
2015-04-29T07:48:15	Fermi_delay	0
2015-04-29T07:48:19	Freq_T0	50
2015-04-29T07:48:19	Error_T0	0
2015-04-29T07:48:39	Error_Thick	-1
2015-04-29T07:48:39	T_Head	3.48754869013498
2015-04-29T07:48:42	T_Sample	4.9386009089666
2015-04-29T07:48:43	Fermi_Speed	192.266667
2015-04-29T07:48:43	Phase_T0	9770
2015-04-29T07:48:43	Freq_Thick	50
2015-04-29T07:48:43	Phase_Thick	1426
2015-04-29T07:48:45	Moderator_Temp	114.550003051758
2015-04-29T07:48:45	Fermi_delay	0
2015-04-29T07:48:49	Freq_T0	50
2015-04-29T07:48:49	Error_T0	-2
2015-04-29T07:49:09	Error_Thick	0
2015-04-29T07:49:09	T_Head	37.1420293797839
2015-04-29T07:49:12	T_Sample	49.0345349231916
2015-04-29T07:49:13	Fermi_Speed	200
2015-04-29T07:49:13	Phase_T0	9770
2015-04-29T07:49:13	Freq_Thick	50
2015-04-29T07:49:13	Phase_Thick	1426
2015-04-29T07:49:15	Moderator_Temp	116.537506103516
2015-04-29T07:49:15	Fermi_delay	4046.051587
2015-04-29T07:49:19	Freq_T0	50
2015-04-29T07:49:19	Error_T0	-1
2015-04-29T07:49:39	Error_Thick	-1
2015-04-29T07:49:39	T_Head	52.1755904576794
2015-04-29T07:49:42	T_Sample	52.7323227527375
2015-04-29T07:49:43	Fermi_Speed	200
2015-04-29T07:49:43	Phase_Thick	1426
2015-04-29T07:49:44	Phase_T0	9770
2015-04-29T07:49:44	Freq_Thick	50
2015-04-29T07:49:45	Moderator_Temp	119.237503051758
2015-04-29T07:49:45	Fermi_delay	3104.980159
2015-04-29T07:49:49	Freq_T0	50
2015-04-29T07:49:50	Error_T0	-1
2015-04-29T07:50:10	Error_Thick	0
2015-04-29T07:50:10	T_Head	53.4556778535157
2015-04-29T07:50:13	Fermi_Speed	200
2015-04-29T07:50:13	T_Sample	51.6687698588702
2015-04-29T07:50:14	Phase_T0	9770
2015-04-29T07:50:14	Phase_Thick	1426
2015-04-29T07:50:15	Moderator_Temp	122.087501525879
2015-04-29T07:50:15	Fermi_delay	2758.829365
2015-04-29T07:50:15	Freq_Thick	50
2015-04-29T07:50:19	Freq_T0	50
2015-04-29T07:50:20	Error_T0	-3
2015-04-29T07:50:40	Error_Thick	-1
2015-04-29T07:50:40	T_Head	48.0428730295978
2015-04-29T07:50:43	Fermi_Speed	200
2015-04-29T07:50:43	T_Sample	50.8383244485903
2015-04-29T07:50:44	Phase_T0	9770
2015-04-29T07:50:44	Phase_Thick	1426
2015-04-29T07:50:45	Moderator_Temp	127.112503051758
2015-04-29T07:50:45	Fermi_delay	2742.18254
2015-04-29T07:50:45	Freq_Thick	50
2015-04-29T07:50:49	Freq_T0	50
2015-04-29T07:50:50	Error_T0	-1
2015-04-29T07:51:11	Error_Thick	-1
2015-04-29T07:51:11	T_Head	44.0497510027442
2015-04-29T07:51:14	Fermi_Speed	200
2015-04-29T07:51:14	T_Sample	50.0589675898722
2015-04-29T07:51:15	Phase_T0	9770
2015-04-29T07:51:15	Phase_Thick	1426
2015-04-29T07:51:16	Moderator_Temp	117.587501525879
2015-04-29T07:51:16	Fermi_delay	2742.02381
2015-04-29T07:51:16	Freq_Thick	50
2015-04-29T07:51:20	Freq_T0	50
2015-04-29T07:51:21	Error_T0	-1
2015-04-29T07:51:42	Error_Thick	-1
2015-04-29T07:51:42	T_Head	46.2624338881611
2015-04-29T07:51:45	Fermi_Speed	200
2015-04-29T07:51:45	T_Sample	49.2709424616564
2015-04-29T07:51:46	Moderator_Temp	117.287506103516
2015-04-29T07:51:46	Fermi_delay	2742.02381
2015-04-29T07:51:46	Phase_T0	9770
2015-04-29T07:51:46	Freq_Thick	50
2015-04-29T07:51:46	Phase_Thick	1426
2015-04-29T07:51:50	Freq_T0	50
2015-04-29T07:51:51	Error_T0	-1
2015-04-29T07:52:12	Error_Thick	0
2015-04-29T07:52:12	T_Head	49.1775326394189
2015-04-29T07:52:15	Fermi_Speed	200
2015-04-29T07:52:15	T_Sample	49.0502954257559
2015-04-29T07:52:16	Moderator_Temp	117.4375
2015-04-29T07:52:16	Fermi_delay	2742.02381
2015-04-29T07:52:16	Phase_T0	9770
2015-04-29T07:52:16	Freq_Thick	50
2015-04-29T07:52:16	Phase_Thick	1426
2015-04-29T07:52:20	Freq_T0	50
2015-04-29T07:52:21	Error_T0	-1
2015-04-29T07:52:42	Error_Thick	0
2015-04-29T07:52:42	T_Head	49.0989521299812
2015-04-29T07:52:45	Fermi_Speed	200
2015-04-29T07:52:45	T_Sample	49.6649550257643
2015-04-29T07:52:46	Moderator_Temp	118.675003051758
2015-04-29T07:52:46	Fermi_delay	2742.003968
2015-04-29T07:52:46	Phase_T0	9770
2015-04-29T07:52:46	Freq_Thick	50
2015-04-29T07:52:46	Phase_Thick	1426
2015-04-29T07:52:50	Freq_T0	50
2015-04-29T07:52:51	Error_T0	0
2015-04-29T07:53:13	Error_Thick	0
2015-04-29T07:53:13	T_Head	47.6768014304239
2015-04-29T07:53:16	Fermi_Speed	200
2015-04-29T07:53:16	T_Sample	50.328401828243
2015-04-29T07:53:17	Moderator_Temp	118.262496948242
2015-04-29T07:53:17	Fermi_delay	2742.02381
2015-04-29T07:53:17	Phase_T0	9770
2015-04-29T07:53:17	Freq_Thick	50
2015-04-29T07:53:17	Phase_Thick	1426
2015-04-29T07:53:21	Freq_T0	50
2015-04-29T07:53:22	Error_T0	0
2015-04-29T07:53:43	Error_Thick	-1
2015-04-29T07:53:43	T_Head	47.2608109768172
2015-04-29T07:53:46	Fermi_Speed	200
2015-04-29T07:53:46	T_Sample	50.4303863523125
2015-04-29T07:53:47	Moderator_Temp	117.0625
2015-04-29T07:53:47	Fermi_delay	2742.003968
2015-04-29T07:53:47	Phase_T0	9770
2015-04-29T07:53:47	Freq_Thick	50
2015-04-29T07:53:47	Phase_Thick	1426
2015-04-29T07:53:51	Freq_T0	50
2015-04-29T07:53:52	Error_T0	0
2015-04-29T07:54:13	Error_Thick	-1
2015-04-29T07:54:13	T_Head	47.8265579937223
2015-04-29T07:54:16	Fermi_Speed	200
2015-04-29T07:54:16	T_Sample	50.2846941750704
2015-04-29T07:54:17	Moderator_Temp	116.837501525879
2015-04-29T07:54:17	Fermi_delay	2742.003968
2015-04-29T07:54:17	Phase_T0	9770
2015-04-29T07:54:17	Freq_Thick	50
2015-04-29T07:54:17	Phase_Thick	1426
2015-04-29T07:54:21	Freq_T0	50
2015-04-29T07:54:22	Error_T0	0
2015-04-29T07:54:43	Error_Thick	0
2015-04-29T07:54:43	T_Head	48.2259088291847
2015-04-29T07:54:46	Fermi_Speed	200
2015-04-29T07:54:46	T_Sample	50.1062490975652
2015-04-29T07:54:47	Moderator_Temp	116.725006103516
2015-04-29T07:54:47	Fermi_delay	2742.003968
2015-04-29T07:54:47	Phase_T0	9770
2015-04-29T07:54:47	Freq_Thick	50
2015-04-29T07:54:47	Phase_Thick	1426
2015-04-29T07:54:51	Freq_T0	49.99
2015-04-29T07:54:52	Error_T0	-1
2015-04-29T07:55:13	Error_Thick	0
2015-04-29T07:55:13	T_Head	48.1260711203191
2015-04-29T07:55:16	Fermi_Speed	200
2015-04-29T07:55:16	T_Sample	49.9959255796149
2015-04-29T07:55:17	Moderator_Temp	116.612503051758
2015-04-29T07:55:17	Fermi_delay	2742.003968
2015-04-29T07:55:17	Phase_T0	9770
2015-04-29T07:55:17	Freq_Thick	50
2015-04-29T07:55:17	Phase_Thick	1426
2015-04-29T07:55:21	Freq_T0	50
2015-04-29T07:55:22	Error_T0	0
2015-04-29T07:55:43	Error_Thick	1
2015-04-29T07:55:43	T_Head	47.8598372300108
2015-04-29T07:55:46	Fermi_Speed	200
2015-04-29T07:55:46	T_Sample	49.9959255796149
2015-04-29T07:55:47	Moderator_Temp	115.787506103516
2015-04-29T07:55:47	Fermi_delay	2742.02381
2015-04-29T07:55:47	Phase_T0	9770
2015-04-29T07:55:47	Freq_Thick	50
2015-04-29T07:55:47	Phase_Thick	1426
2015-04-29T07:55:51	Freq_T0	50
2015-04-29T07:55:52	Error_T0	-1
2015-04-29T07:56:13	Error_Thick	0
2015-04-29T07:56:13	T_Head	47.8431976118666
2015-04-29T07:56:16	Fermi_Speed	200
2015-04-29T07:56:16	T_Sample	49.9959255796149
2015-04-29T07:56:17	Moderator_Temp	115.637496948242
2015-04-29T07:56:17	Fermi_delay	2742.003968
2015-04-29T07:56:17	Phase_T0	9770
2015-04-29T07:56:17	Freq_Thick	50
2015-04-29T07:56:17	Phase_Thick	1426
2015-04-29T07:56:21	Freq_T0	50
2015-04-29T07:56:22	Error_T0	-1
2015-04-29T07:56:43	Error_Thick	0
2015-04-29T07:56:43	T_Head	47.9430353207322
2015-04-29T07:56:46	Fermi_Speed	200
2015-04-29T07:56:46	T_Sample	50.0274465847436
2015-04-29T07:56:47	Moderator_Temp	115.449996948242
2015-04-29T07:56:47	Fermi_delay	2742.043651
2015-04-29T07:56:47	Phase_T0	9770
2015-04-29T07:56:47	Freq_Thick	50
2015-04-29T07:56:47	Phase_Thick	1426
2015-04-29T07:56:51	Freq_T0	50
2015-04-29T07:56:52	Error_T0	-1
2015-04-29T07:57:13	Error_Thick	-1
2015-04-29T07:57:13	T_Head	47.9763145570207
2015-04-29T07:57:16	Fermi_Speed	200
2015-04-29T07:57:16	T_Sample	50.0589675898722
2015-04-29T07:57:17	Moderator_Temp	115.225006103516
2015-04-29T07:57:17	Fermi_delay	2742.02381
2015-04-29T07:57:17	Phase_T0	9770
2015-04-29T07:57:17	Freq_Thick	50
2015-04-29T07:57:17	Phase_Thick	1426
2015-04-29T07:57:21	Freq_T0	50
2015-04-29T07:57:22	Error_T0	-1
2015-04-29T07:57:43	Error_Thick	-1
2015-04-29T07:57:43	T_Head	47.9596749388764
2015-04-29T07:57:46	Fermi_Speed	200
2015-04-29T07:57:46	T_Sample	50.0904885950009
2015-04-29T07:57:47	Moderator_Temp	114.737503051758
2015-04-29T07:57:47	Fermi_delay	2742.02381
2015-04-29T07:57:47	Phase_T0	9770
2015-04-29T07:57:47	Freq_Thick	50
2015-04-29T07:57:47	Phase_Thick	1426
2015-04-29T07:57:51	Freq_T0	50
2015-04-29T07:57:52	Error_T0	-1
2015-04-29T07:58:13	Error_Thick	-1
2015-04-29T07:58:13	T_Head	47.9097560844437
2015-04-29T07:58:16	Fermi_Speed	200
2015-04-29T07:58:16	T_Sample	50.0904885950009
2015-04-29T07:58:17	Moderator_Temp	114.512496948242
2015-04-29T07:58:17	Fermi_delay	2742.003968
2015-04-29T07:58:17	Phase_T0	9770
2015-04-29T07:58:17	Freq_Thick	50
2015-04-29T07:58:17	Phase_Thick	1426
2015-04-29T07:58:21	Freq_T0	50
2015-04-29T07:58:22	Error_T0	0
2015-04-29T07:58:43	Error_Thick	-1
2015-04-29T07:58:43	T_Head	47.9263957025879
2015-04-29T07:58:46	Fermi_Speed	200
2015-04-29T07:58:46	T_Sample	50.0904885950009
2015-04-29T07:58:47	Moderator_Temp	114.0625
2015-04-29T07:58:47	Fermi_delay	2742.003968
2015-04-29T07:58:47	Phase_T0	9770
2015-04-29T07:58:47	Freq_Thick	49.99
2015-04-29T07:58:47	Phase_Thick	1426
2015-04-29T07:58:51	Freq_T0	50
2015-04-29T07:58:52	Error_T0	-1
2015-04-29T07:59:13	Error_Thick	0
2015-04-29T07:59:13	T_Head	47.9596749388764
2015-04-29T07:59:16	Fermi_Speed	200
2015-04-29T07:59:16	T_Sample	50.0904885950009
2015-04-29T07:59:17	Moderator_Temp	113.949996948242
2015-04-29T07:59:17	Fermi_delay	2742.003968
2015-04-29T07:59:17	Phase_T0	9770
2015-04-29T07:59:17	Freq_Thick	50
2015-04-29T07:59:17	Phase_Thick	1426
2015-04-29T07:59:21	Freq_T0	49.99
2015-04-29T07:59:22	Error_T0	-1
2015-04-29T07:59:43	Error_Thick	0
2015-04-29T07:59:43	T_Head	47.9596749388764
2015-04-29T07:59:46	Fermi_Speed	200
2015-04-29T07:59:46	T_Sample	50.0904885950009
2015-04-29T07:59:47	Moderator_Temp	113.6875
2015-04-29T07:59:47	Fermi_delay	2742.003968
2015-04-29T07:59:47	Phase_T0	9770
2015-04-29T07:59:47	Freq_Thick	50
2015-04-29T07:59:47	Phase_Thick	1426
2015-04-29T07:59:51	Freq_T0	49.99
2015-04-29T07:59:52	Error_T0	0
2015-04-29T08:00:13	Error_Thick	0
2015-04-29T08:00:13	T_Head	47.9263957025879
2015-04-29T08:00:16	Fermi_Speed	200
2015-04-29T08:00:16	T_Sample	50.0747280924365
2015-04-29T08:00:17	Moderator_Temp	113.237503051758
2015-04-29T08:00:17	Fermi_delay	2741.984127
2015-04-29T08:00:17	Phase_T0	9770
2015-04-29T08:00:17	Freq_Thick	50
2015-04-29T08:00:17	Phase_Thick	1426
2015-04-29T08:00:21	Freq_T0	50
2015-04-29T08:00:22	Error_T0	-1
2015-04-29T08:00:43	Error_Thick	-1
2015-04-29T08:00:43	T_Head	47.9596749388764
2015-04-29T08:00:46	Fermi_Speed	200
2015-04-29T08:00:46	T_Sample	50.0432070873079
2015-04-29T08:00:47	Moderator_Temp	113.800003051758
2015-04-29T08:00:47	Fermi_delay	2742.02381
2015-04-29T08:00:47	Phase_T0	9770
2015-04-29T08:00:47	Phase_Thick	1426
2015-04-29T08:00:48	Freq_Thick	50
2015-04-29T08:00:51	Freq_T0	50
2015-04-29T08:00:52	Error_T0	-1
2015-04-29T08:01:14	Error_Thick	-1
2015-04-29T08:01:14	T_Head	47.9430353207322
2015-04-29T08:01:17	Fermi_Speed	200
2015-04-29T08:01:17	T_Sample	50.0589675898722
2015-04-29T08:01:18	Moderator_Temp	114.137496948242
2015-04-29T08:01:18	Fermi_delay	2742.003968
2015-04-29T08:01:18	Phase_T0	9770
2015-04-29T08:01:18	Phase_Thick	1426
2015-04-29T08:01:19	Freq_Thick	50
2015-04-29T08:01:22	Freq_T0	50
2015-04-29T08:01:23	Error_T0	-1
2015-04-29T08:01:44	Error_Thick	-1
2015-04-29T08:01:44	T_Head	47.9430353207322
2015-04-29T08:01:47	Fermi_Speed	200
2015-04-29T08:01:47	T_Sample	50.0747280924365
2015-04-29T08:01:48	Moderator_Temp	114.137496948242
2015-04-29T08:01:48	Fermi_delay	2742.003968
2015-04-29T08:01:48	Phase_T0	9770
2015-04-29T08:01:48	Phase_Thick	1426
2015-04-29T08:01:49	Freq_Thick	50
2015-04-29T08:01:52	Freq_T0	50
2015-04-29T08:01:53	Error_T0	-1
2015-04-29T08:02:14	Error_Thick	0
2015-04-29T08:02:14	T_Head	47.9430353207322
2015-04-29T08:02:17	Fermi_Speed	200
2015-04-29T08:02:17	T_Sample	50.0589675898722
2015-04-29T08:02:18	Moderator_Temp	113.6875
2015-04-29T08:02:18	Fermi_delay	2742.003968
2015-04-29T08:02:18	Phase_T0	9770
2015-04-29T08:02:18	Phase_Thick	1426
2015-04-29T08:02:19	Freq_Thick	50
2015-04-29T08:02:22	Freq_T0	50
2015-04-29T08:02:23	Error_T0	0
2015-04-29T08:02:44	Error_Thick	0
2015-04-29T08:02:44	T_Head	47.9596749388764
2015-04-29T08:02:47	Fermi_Speed	200
2015-04-29T08:02:48	T_Sample	50.0432070873079
2015-04-29T08:02:48	Moderator_Temp	112.824996948242
2015-04-29T08:02:48	Fermi_delay	2742.02381
2015-04-29T08:02:48	Phase_T0	9770
2015-04-29T08:02:49	Phase_Thick	1426
2015-04-29T08:02:49	Freq_Thick	50
2015-04-29T08:02:52	Freq_T0	49.99
2015-04-29T08:02:53	Error_T0	-1
2015-04-29T08:03:15	Error_Thick	-1
2015-04-29T08:03:15	T_Head	47.9263957025879
2015-04-29T08:03:17	Fermi_Speed	200
2015-04-29T08:03:18	T_Sample	50.0432070873079
2015-04-29T08:03:18	Moderator_Temp	112.712501525879
2015-04-29T08:03:18	Fermi_delay	2742.003968
2015-04-29T08:03:19	Phase_T0	9770
2015-04-29T08:03:19	Phase_Thick	1426
2015-04-29T08:03:20	Freq_Thick	50
2015-04-29T08:03:22	Freq_T0	49.99
2015-04-29T08:03:24	Error_T0	-1
2015-04-29T08:03:45	Error_Thick	-1
2015-04-29T08:03:45	T_Head	47.9263957025879
2015-04-29T08:03:48	Fermi_Speed	200
2015-04-29T08:03:48	T_Sample	50.0589675898722
2015-04-29T08:03:48	Moderator_Temp	112.712501525879
2015-04-29T08:03:49	Fermi_delay	2742.003968
2015-04-29T08:03:49	Phase_T0	9770
2015-04-29T08:03:49	Phase_Thick	1426
2015-04-29T08:03:50	Freq_Thick	50
2015-04-29T08:03:53	Freq_T0	50
2015-04-29T08:03:54	Error_T0	0
2015-04-29T08:04:15	Error_Thick	-1
2015-04-29T08:04:15	T_Head	47.9263957025879
2015-04-29T08:04:18	Fermi_Speed	200
2015-04-29T08:04:18	T_Sample	50.0747280924365
2015-04-29T08:04:19	Moderator_Temp	112.675003051758
2015-04-29T08:04:19	Fermi_delay	2742.02381
2015-04-29T08:04:19	Phase_T0	9770
2015-04-29T08:04:19	Phase_Thick	1426
2015-04-29T08:04:20	Freq_Thick	50
2015-04-29T08:04:23	Freq_T0	50
2015-04-29T08:04:24	Error_T0	-1
2015-04-29T08:04:46	Error_Thick	0
2015-04-29T08:04:46	T_Head	47.9596749388764
2015-04-29T08:04:48	Fermi_Speed	200
2015-04-29T08:04:49	T_Sample	50.0747280924365
2015-04-29T08:04:49	Moderator_Temp	112.150001525879
2015-04-29T08:04:49	Fermi_delay	2742.003968
2015-04-29T08:04:49	Phase_T0	9770
2015-04-29T08:04:49	Phase_Thick	1426
2015-04-29T08:04:50	Freq_Thick	50
2015-04-29T08:04:53	Freq_T0	49.99
2015-04-29T08:04:54	Error_T0	-1
2015-04-29T08:05:16	Error_Thick	0
2015-04-29T08:05:16	T_Head	47.9097560844437
2015-04-29T08:05:18	Fermi_Speed	200
2015-04-29T08:05:19	T_Sample	50.0589675898722
2015-04-29T08:05:19	Moderator_Temp	113.425003051758
2015-04-29T08:05:19	Fermi_delay	2741.984127
2015-04-29T08:05:20	Phase_T0	9770
2015-04-29T08:05:20	Phase_Thick	1426
2015-04-29T08:05:21	Freq_Thick	50
2015-04-29T08:05:23	Freq_T0	50
2015-04-29T08:05:24	Error_T0	-1
2015-04-29T08:05:46	Error_Thick	-1
2015-04-29T08:05:46	T_Head	47.9430353207322
2015-04-29T08:05:48	Fermi_Speed	200
2015-04-29T08:05:49	T_Sample	50.0432070873079
2015-04-29T08:05:49	Moderator_Temp	113.012496948242
2015-04-29T08:05:50	Fermi_delay	2742.003968
2015-04-29T08:05:50	Phase_T0	9770
2015-04-29T08:05:50	Phase_Thick	1426
2015-04-29T08:05:51	Freq_Thick	50
2015-04-29T08:05:54	Freq_T0	49.99
2015-04-29T08:05:55	Error_T0	0
2015-04-29T08:06:16	Error_Thick	0
2015-04-29T08:06:16	T_Head	47.9596749388764
2015-04-29T08:06:19	Fermi_Speed	200
2015-04-29T08:06:19	T_Sample	50.0589675898722
2015-04-29T08:06:20	Moderator_Temp	113.6875
2015-04-29T08:06:20	Fermi_delay	2742.043651
2015-04-29T08:06:20	Phase_T0	9770
2015-04-29T08:06:20	Phase_Thick	1426
2015-04-29T08:06:21	Freq_Thick	50
2015-04-29T08:06:24	Freq_T0	50
2015-04-29T08:06:25	Error_T0	-1
2015-04-29T08:06:46	Error_Thick	0
2015-04-29T08:06:46	T_Head	47.9596749388764
2015-04-29T08:06:49	Fermi_Speed	200
2015-04-29T08:06:49	T_Sample	50.0747280924365
2015-04-29T08:06:50	Moderator_Temp	112.262496948242
2015-04-29T08:06:50	Fermi_delay	2742.02381
2015-04-29T08:06:50	Phase_T0	9770
2015-04-29T08:06:50	Phase_Thick	1426
2015-04-29T08:06:51	Freq_Thick	50
2015-04-29T08:06:54	Freq_T0	50
2015-04-29T08:06:55	Error_T0	0
2015-04-29T08:07:16	Error_Thick	-1
2015-04-29T08:07:16	T_Head	47.9263957025879
2015-04-29T08:07:19	Fermi_Speed	200
2015-04-29T08:07:19	T_Sample	50.0747280924365
2015-04-29T08:07:20	Moderator_Temp	111.8125
2015-04-29T08:07:20	Fermi_delay	2742.02381
2015-04-29T08:07:20	Phase_T0	9770
2015-04-29T08:07:20	Phase_Thick	1426
2015-04-29T08:07:21	Freq_Thick	50
2015-04-29T08:07:24	Freq_T0	49.99
2015-04-29T08:07:25	Error_T0	-1
2015-04-29T08:07:46	Error_Thick	0
2015-04-29T08:07:46	T_Head	47.9430353207322
2015-04-29T08:07:49	Fermi_Speed	200
2015-04-29T08:07:49	T_Sample	50.0589675898722
2015-04-29T08:07:50	Moderator_Temp	111.8125
2015-04-29T08:07:50	Fermi_delay	2742.003968
2015-04-29T08:07:50	Phase_T0	9770
2015-04-29T08:07:50	Phase_Thick	1426
2015-04-29T08:07:51	Freq_Thick	50
2015-04-29T08:07:54	Freq_T0	50
2015-04-29T08:07:55	Error_T0	-1
2015-04-29T08:08:16	Error_Thick	0
2015-04-29T08:08:16	T_Head	47.9430353207322
2015-04-29T08:08:19	Fermi_Speed	200
2015-04-29T08:08:19	T_Sample	50.0432070873079
2015-04-29T08:08:20	Moderator_Temp	111.887496948242
2015-04-29T08:08:20	Fermi_delay	2742.003968
2015-04-29T08:08:20	Phase_T0	9770
2015-04-29T08:08:20	Phase_Thick	1426
2015-04-29T08:08:21	Freq_Thick	50
2015-04-29T08:08:24	Freq_T0	50
2015-04-29T08:08:25	Error_T0	-1
2015-04-29T08:08:46	Error_Thick	-1
2015-04-29T08:08:46	T_Head	47.9263957025879
2015-04-29T08:08:49	Fermi_Speed	200
2015-04-29T08:08:49	T_Sample	50.0432070873079
2015-04-29T08:08:50	Moderator_Temp	111.775001525879
2015-04-29T08:08:50	Fermi_delay	2742.003968
2015-04-29T08:08:50	Phase_T0	9770
2015-04-29T08:08:50	Phase_Thick	1426
2015-04-29T08:08:51	Freq_Thick	50
2015-04-29T08:08:54	Freq_T0	49.99
2015-04-29T08:08:55	Error_T0	0
2015-04-29T08:09:16	Error_Thick	0
2015-04-29T08:09:16	T_Head	47.9596749388764
2015-04-29T08:09:19	Fermi_Speed	200
2015-04-29T08:09:19	T_Sample	50.0432070873079
2015-04-29T08:09:20	Moderator_Temp	111.550003051758
2015-04-29T08:09:20	Fermi_delay	2742.003968
2015-04-29T08:09:20	Phase_T0	9770
2015-04-29T08:09:20	Phase_Thick	1426
2015-04-29T08:09:21	Freq_Thick	50
2015-04-29T08:09:24	Freq_T0	50
2015-04-29T08:09:25	Error_T0	-1
2015-04-29T08:09:46	Error_Thick	0
2015-04-29T08:09:46	T_Head	47.9430353207322
2015-04-29T08:09:49	Fermi_Speed	200
2015-04-29T08:09:49	T_Sample	50.0589675898722
2015-04-29T08:09:50	Moderator_Temp	111.324996948242
2015-04-29T08:09:50	Fermi_delay	2742.02381
2015-04-29T08:09:50	Phase_T0	9770
2015-04-29T08:09:50	Phase_Thick	1426
2015-04-29T08:09:51	Freq_Thick	50
2015-04-29T08:09:54	Freq_T0	50
2015-04-29T08:09:55	Error_T0	0
2015-04-29T08:10:16	Error_Thick	-1
2015-04-29T08:10:16	T_Head	47.9430353207322
2015-04-29T08:10:19	Fermi_Speed	200
2015-04-29T08:10:19	T_Sample	50.0589675898722
2015-04-29T08:10:20	Moderator_Temp	111.212501525879
2015-04-29T08:10:20	Fermi_delay	2742.02381
2015-04-29T08:10:20	Phase_T0	9770
2015-04-29T08:10:20	Phase_Thick	1426
2015-04-29T08:10:21	Freq_Thick	50
2015-04-29T08:10:24	Freq_T0	50
2015-04-29T08:10:25	Error_T0	-3
2015-04-29T08:10:46	Error_Thick	0
2015-04-29T08:10:46	T_Head	47.9430353207322
2015-04-29T08:10:49	Fermi_Speed	200
2015-04-29T08:10:49	T_Sample	50.0747280924365
2015-04-29T08:10:50	Moderator_Temp	111.100006103516
2015-04-29T08:10:50	Fermi_delay	2742.003968
2015-04-29T08:10:50	Phase_T0	9770
2015-04-29T08:10:50	Phase_Thick	1426
2015-04-29T08:10:51	Freq_Thick	50
2015-04-29T08:10:55	Freq_T0	50
2015-04-29T08:10:56	Error_T0	-1
2015-04-29T08:11:17	Error_Thick	0
2015-04-29T08:11:17	T_Head	47.9430353207322
2015-04-29T08:11:19	Fermi_Speed	200
2015-04-29T08:11:20	Moderator_Temp	110.949996948242
2015-04-29T08:11:20	T_Sample	50.0589675898722
2015-04-29T08:11:21	Fermi_delay	2742.003968
2015-04-29T08:11:21	Phase_T0	9770
2015-04-29T08:11:21	Phase_Thick	1426
2015-04-29T08:11:22	Freq_Thick	50
2015-04-29T08:11:25	Freq_T0	50
2015-04-29T08:11:27	Error_T0	-1
2015-04-29T08:11:47	Error_Thick	0
2015-04-29T08:11:47	T_Head	47.9430353207322
2015-04-29T08:11:49	Fermi_Speed	200
2015-04-29T08:11:50	Moderator_Temp	110.800003051758
2015-04-29T08:11:50	T_Sample	50.0589675898722
2015-04-29T08:11:51	Fermi_delay	2742.02381
2015-04-29T08:11:51	Phase_T0	9770
2015-04-29T08:11:51	Phase_Thick	1426
2015-04-29T08:11:52	Freq_Thick	50
2015-04-29T08:11:55	Freq_T0	49.99
2015-04-29T08:11:57	Error_T0	-1
2015-04-29T08:12:17	Error_Thick	-1
2015-04-29T08:12:17	T_Head	47.9097560844437
2015-04-29T08:12:19	Fermi_Speed	200
2015-04-29T08:12:20	Moderator_Temp	110.725006103516
2015-04-29T08:12:20	T_Sample	50.0589675898722
2015-04-29T08:12:21	Fermi_delay	2742.02381
2015-04-29T08:12:21	Phase_T0	9770
2015-04-29T08:12:21	Phase_Thick	1426
2015-04-29T08:12:22	Freq_Thick	50
2015-04-29T08:12:25	Freq_T0	50
2015-04-29T08:12:27	Error_T0	0
2015-04-29T08:12:48	Error_Thick	-1
2015-04-29T08:12:48	T_Head	47.9263957025879
2015-04-29T08:12:50	Fermi_Speed	200
2015-04-29T08:12:51	Moderator_Temp	110.612503051758
2015-04-29T08:12:51	T_Sample	50.0589675898722
2015-04-29T08:12:52	Fermi_delay	2742.003968
2015-04-29T08:12:52	Phase_T0	9770
2015-04-29T08:12:52	Phase_Thick	1426
2015-04-29T08:12:53	Freq_Thick	50
2015-04-29T08:12:56	Freq_T0	50
2015-04-29T08:12:58	Error_T0	0
2015-04-29T08:13:18	Error_Thick	0
2015-04-29T08:13:18	T_Head	47.9596749388764
2015-04-29T08:13:21	Fermi_Speed	200
2015-04-29T08:13:22	Moderator_Temp	110.5
2015-04-29T08:13:22	Phase_Thick	1426
2015-04-29T08:13:22	T_Sample	50.0432070873079
2015-04-29T08:13:23	Fermi_delay	2742.003968
2015-04-29T08:13:23	Phase_T0	9770
2015-04-29T08:13:24	Freq_Thick	50
2015-04-29T08:13:27	Freq_T0	50
2015-04-29T08:13:29	Error_T0	-1
2015-04-29T08:13:48	Error_Thick	0
2015-04-29T08:13:48	T_Head	47.9430353207322
2015-04-29T08:13:51	Fermi_Speed	200
2015-04-29T08:13:52	Moderator_Temp	110.350006103516
2015-04-29T08:13:52	Phase_Thick	1426
2015-04-29T08:13:52	T_Sample	50.0589675898722
2015-04-29T08:13:53	Fermi_delay	2742.02381
2015-04-29T08:13:53	Phase_T0	9770
2015-04-29T08:13:54	Freq_Thick	50
2015-04-29T08:13:57	Freq_T0	50
2015-04-29T08:13:59	Error_T0	0
2015-04-29T08:14:19	Error_Thick	0
2015-04-29T08:14:19	T_Head	47.9263957025879
2015-04-29T08:14:22	Fermi_Speed	200
2015-04-29T08:14:23	Moderator_Temp	111.850006103516
2015-04-29T08:14:23	Phase_Thick	1426
2015-04-29T08:14:23	T_Sample	50.0589675898722
2015-04-29T08:14:24	Fermi_delay	2742.02381
2015-04-29T08:14:24	Phase_T0	9770
2015-04-29T08:14:25	Freq_Thick	50
2015-04-29T08:14:27	Freq_T0	50
2015-04-29T08:14:29	Error_T0	0
2015-04-29T08:14:49	Error_Thick	-1
2015-04-29T08:14:49	T_Head	47.9596749388764
2015-04-29T08:14:53	Fermi_Speed	200
2015-04-29T08:14:54	Moderator_Temp	112.487503051758
2015-04-29T08:14:54	Fermi_delay	2742.02381
2015-04-29T08:14:54	Phase_T0	9770
2015-04-29T08:14:54	Phase_Thick	1426
2015-04-29T08:14:54	T_Sample	50.0589675898722
2015-04-29T08:14:56	Freq_Thick	50
2015-04-29T08:14:57	Freq_T0	50
2015-04-29T08:14:59	Error_T0	-1
2015-04-29T08:15:20	Error_Thick	-1
2015-04-29T08:15:20	T_Head	47.9430353207322
2015-04-29T08:15:24	Fermi_Speed	200
2015-04-29T08:15:25	Moderator_Temp	111.400001525879
2015-04-29T08:15:25	Fermi_delay	2742.02381
2015-04-29T08:15:25	Phase_T0	9770
2015-04-29T08:15:25	Phase_Thick	1426
2015-04-29T08:15:25	T_Sample	50.0432070873079
2015-04-29T08:15:27	Freq_Thick	50
2015-04-29T08:15:28	Freq_T0	50
2015-04-29T08:15:30	Error_T0	0
2015-04-29T08:15:50	Error_Thick	-1
2015-04-29T08:15:50	T_Head	47.9430353207322
2015-04-29T08:15:54	Fermi_Speed	200
2015-04-29T08:15:55	Moderator_Temp	111.550003051758
2015-04-29T08:15:55	Fermi_delay	2742.003968
2015-04-29T08:15:55	Phase_T0	9770
2015-04-29T08:15:55	Phase_Thick	1426
2015-04-29T08:15:55	T_Sample	50.0589675898722
2015-04-29T08:15:57	Freq_Thick	50
2015-04-29T08:15:58	Freq_T0	50
2015-04-29T08:16:00	Error_T0	2
2015-04-29T08:16:21	Error_Thick	0
2015-04-29T08:16:21	T_Head	47.9430353207322
2015-04-29T08:16:25	Fermi_Speed	200
2015-04-29T08:16:26	Moderator_Temp	111.137496948242
2015-04-29T08:16:26	Fermi_delay	2742.003968
2015-04-29T08:16:26	Phase_T0	9770
2015-04-29T08:16:26	Phase_Thick	1426
2015-04-29T08:16:26	T_Sample	50.0747280924365
2015-04-29T08:16:28	Freq_Thick	49.99
2015-04-29T08:16:29	Freq_T0	49.99
2015-04-29T08:16:31	Error_T0	-1
2015-04-29T08:16:51	Error_Thick	0
2015-04-29T08:16:51	T_Head	47.9263957025879
2015-04-29T08:16:55	Fermi_Speed	200
2015-04-29T08:16:56	Moderator_Temp	111.0625
2015-04-29T08:16:56	Fermi_delay	2742.02381
2015-04-29T08:16:56	Phase_T0	9770
2015-04-29T08:16:56	Phase_Thick	1426
2015-04-29T08:16:56	T_Sample	50.0747280924365
2015-04-29T08:16:59	Freq_T0	50
2015-04-29T08:16:59	Freq_Thick	50
2015-04-29T08:17:01	Error_T0	0
2015-04-29T08:17:21	Error_Thick	-1
2015-04-29T08:17:21	T_Head	47.9430353207322
2015-04-29T08:17:26	Fermi_Speed	200
2015-04-29T08:17:27	Moderator_Temp	111.025001525879
2015-04-29T08:17:27	Fermi_delay	2742.02381
2015-04-29T08:17:27	Phase_T0	9770
2015-04-29T08:17:27	Phase_Thick	1426
2015-04-29T08:17:27	T_Sample	50.0589675898722
2015-04-29T08:17:30	Freq_T0	50
2015-04-29T08:17:30	Freq_Thick	50
2015-04-29T08:17:32	Error_T0	0
2015-04-29T08:17:52	Error_Thick	-1
2015-04-29T08:17:52	T_Head	47.9596749388764
2015-04-29T08:17:56	Fermi_Speed	200
2015-04-29T08:17:57	Moderator_Temp	110.949996948242
2015-04-29T08:17:57	Fermi_delay	2742.003968
2015-04-29T08:17:57	Phase_T0	9770
2015-04-29T08:17:57	Phase_Thick	1426
2015-04-29T08:17:57	T_Sample	50.0747280924365
2015-04-29T08:18:00	Freq_T0	50
2015-04-29T08:18:00	Freq_Thick	50
2015-04-29T08:18:02	Error_T0	-1
2015-04-29T08:18:22	Error_Thick	0
2015-04-29T08:18:22	T_Head	47.9596749388764
2015-04-29T08:18:26	Fermi_Speed	200
2015-04-29T08:18:27	Moderator_Temp	110.800003051758
2015-04-29T08:18:27	Fermi_delay	2742.02381
2015-04-29T08:18:27	Phase_T0	9770
2015-04-29T08:18:27	Phase_Thick	1426
2015-04-29T08:18:27	T_Sample	50.0589675898722
2015-04-29T08:18:30	Freq_T0	49.99
2015-04-29T08:18:30	Freq_Thick	50
2015-04-29T08:18:32	Error_T0	-2
2015-04-29T08:18:52	Error_Thick	0
2015-04-29T08:18:52	T_Head	47.9097560844437
2015-04-29T08:18:56	Fermi_Speed	200
2015-04-29T08:18:57	Moderator_Temp	110.650001525879
2015-04-29T08:18:57	Fermi_delay	2742.003968
2015-04-29T08:18:57	Phase_T0	9770
2015-04-29T08:18:57	Phase_Thick	1426
2015-04-29T08:18:57	T_Sample	50.0589675898722
2015-04-29T08:19:00	Freq_T0	50
2015-04-29T08:19:00	Freq_Thick	50
2015-04-29T08:19:02	Error_T0	-1
2015-04-29T08:19:22	Error_Thick	-1
2015-04-29T08:19:22	T_Head	47.9430353207322
2015-04-29T08:19:26	Fermi_Speed	200
2015-04-29T08:19:27	Moderator_Temp	110.537506103516
2015-04-29T08:19:27	Fermi_delay	2742.003968
2015-04-29T08:19:27	Phase_T0	9770
2015-04-29T08:19:27	Phase_Thick	1426
2015-04-29T08:19:27	T_Sample	50.0589675898722
2015-04-29T08:19:30	Freq_T0	50
2015-04-29T08:19:30	Freq_Thick	50
2015-04-29T08:19:32	Error_T0	-1
2015-04-29T08:19:53	Error_Thick	-1
2015-04-29T08:19:53	T_Head	47.9097560844437
2015-04-29T08:19:57	Fermi_Speed	200
2015-04-29T08:19:58	Moderator_Temp	110.425003051758
2015-04-29T08:19:58	Fermi_delay	2742.003968
2015-04-29T08:19:58	Phase_T0	9770
2015-04-29T08:19:58	Phase_Thick	1426
2015-04-29T08:19:58	T_Sample	50.0589675898722
2015-04-29T08:20:01	Freq_T0	50
2015-04-29T08:20:01	Freq_Thick	50
2015-04-29T08:20:03	Error_T0	0
2015-04-29T08:20:23	Error_Thick	0
2015-04-29T08:20:23	T_Head	47.9596749388764
2015-04-29T08:20:27	Fermi_Speed	200
2015-04-29T08:20:28	Moderator_Temp	110.350006103516
2015-04-29T08:20:28	Fermi_delay	2742.02381
2015-04-29T08:20:28	Phase_T0	9770
2015-04-29T08:20:28	Phase_Thick	1426
2015-04-29T08:20:28	T_Sample	50.0589675898722
2015-04-29T08:20:31	Freq_T0	50
2015-04-29T08:20:31	Freq_Thick	49.99
2015-04-29T08:20:33	Error_T0	-1
2015-04-29T08:20:53	Error_Thick	0
2015-04-29T08:20:53	T_Head	47.9596749388764
2015-04-29T08:20:57	Fermi_Speed	200
2015-04-29T08:20:58	Moderator_Temp	110.199996948242
2015-04-29T08:20:58	Fermi_delay	2742.003968
2015-04-29T08:20:58	Phase_T0	9770
2015-04-29T08:20:58	Phase_Thick	1426
2015-04-29T08:20:58	T_Sample	50.0589675898722
2015-04-29T08:21:01	Freq_T0	50
2015-04-29T08:21:01	Freq_Thick	50
2015-04-29T08:21:04	Error_T0	-1
2015-04-29T08:21:23	Error_Thick	-1
2015-04-29T08:21:23	T_Head	47.9263957025879
2015-04-29T08:21:27	Fermi_Speed	200
2015-04-29T08:21:28	Moderator_Temp	110.125
2015-04-29T08:21:28	Fermi_delay	2742.02381
2015-04-29T08:21:28	Phase_T0	9770
2015-04-29T08:21:28	Phase_Thick	1426
2015-04-29T08:21:28	T_Sample	50.0432070873079
2015-04-29T08:21:31	Freq_T0	50
2015-04-29T08:21:31	Freq_Thick	50
2015-04-29T08:21:34	Error_T0	-1
2015-04-29T08:21:53	Error_Thick	0
2015-04-29T08:21:53	T_Head	47.9430353207322
2015-04-29T08:21:57	Fermi_Speed	200
2015-04-29T08:21:58	Moderator_Temp	110.050003051758
2015-04-29T08:21:58	Fermi_delay	2742.02381
2015-04-29T08:21:58	Phase_T0	9770
2015-04-29T08:21:58	Phase_Thick	1426
2015-04-29T08:21:58	T_Sample	50.0432070873079
2015-04-29T08:22:01	Freq_T0	50
2015-04-29T08:22:01	Freq_Thick	50
2015-04-29T08:22:04	Error_T0	0
2015-04-29T08:22:23	Error_Thick	0
2015-04-29T08:22:23	T_Head	47.9596749388764
2015-04-29T08:22:27	Fermi_Speed	200
2015-04-29T08:22:28	Moderator_Temp	109.9375
2015-04-29T08:22:28	Fermi_delay	2742.02381
2015-04-29T08:22:28	Phase_T0	9770
2015-04-29T08:22:28	Phase_Thick	1426
2015-04-29T08:22:28	T_Sample	50.0589675898722
2015-04-29T08:22:31	Freq_T0	50
2015-04-29T08:22:31	Freq_Thick	50
2015-04-29T08:22:34	Error_T0	-1
2015-04-29T08:22:53	Error_Thick	-1
2015-04-29T08:22:53	T_Head	47.9430353207322
2015-04-29T08:22:57	Fermi_Speed	200
2015-04-29T08:22:58	Moderator_Temp	109.862503051758
2015-04-29T08:22:58	Fermi_delay	2742.003968
2015-04-29T08:22:58	Phase_T0	9770
2015-04-29T08:22:58	Phase_Thick	1426
2015-04-29T08:22:58	T_Sample	50.0747280924365
2015-04-29T08:23:01	Freq_T0	50
2015-04-29T08:23:01	Freq_Thick	50
2015-04-29T08:23:04	Error_T0	-1
2015-04-29T08:23:23	Error_Thick	0
2015-04-29T08:23:23	T_Head	47.9430353207322
2015-04-29T08:23:27	Fermi_Speed	200
2015-04-29T08:23:28	Moderator_Temp	109.787506103516
2015-04-29T08:23:28	Fermi_delay	2742.003968
2015-04-29T08:23:28	Phase_T0	9770
2015-04-29T08:23:28	Phase_Thick	1426
2015-04-29T08:23:28	T_Sample	50.0589675898722
2015-04-29T08:23:31	Freq_T0	50
2015-04-29T08:23:31	Freq_Thick	50
2015-04-29T08:23:34	Error_T0	-2
2015-04-29T08:23:54	Error_Thick	-1
2015-04-29T08:23:54	T_Head	47.9596749388764
2015-04-29T08:23:57	Fermi_Speed	200
2015-04-29T08:23:58	Moderator_Temp	109.712501525879
2015-04-29T08:23:59	Fermi_delay	2742.02381
2015-04-29T08:23:59	Phase_T0	9770
2015-04-29T08:23:59	Phase_Thick	1426
2015-04-29T08:23:59	T_Sample	50.0589675898722
2015-04-29T08:24:01	Freq_T0	50
2015-04-29T08:24:01	Freq_Thick	50
2015-04-29T08:24:04	Error_T0	0
2015-04-29T08:24:24	Error_Thick	-1
2015-04-29T08:24:24	T_Head	47.9430353207322
2015-04-29T08:24:27	Fermi_Speed	200
2015-04-29T08:24:28	Moderator_Temp	109.637496948242
2015-04-29T08:24:29	Fermi_delay	2742.003968
2015-04-29T08:24:29	Phase_T0	9770
2015-04-29T08:24:29	Phase_Thick	1426
2015-04-29T08:24:29	T_Sample	50.0747280924365
2015-04-29T08:24:31	Freq_T0	50
2015-04-29T08:24:31	Freq_Thick	50
2015-04-29T08:24:34	Error_T0	0
2015-04-29T08:24:54	Error_Thick	-1
2015-04-29T08:24:54	T_Head	47.9263957025879
2015-04-29T08:24:57	Fermi_Speed	200
2015-04-29T08:24:58	Moderator_Temp	109.5625
2015-04-29T08:24:59	Fermi_delay	2742.02381
2015-04-29T08:24:59	Phase_T0	9770
2015-04-29T08:24:59	Phase_Thick	1426
2015-04-29T08:24:59	T_Sample	50.0747280924365
2015-04-29T08:25:01	Freq_T0	50
2015-04-29T08:25:01	Freq_Thick	50
2015-04-29T08:25:04	Error_T0	-1
2015-04-29T08:25:24	Error_Thick	0
2015-04-29T08:25:24	T_Head	47.9596749388764
2015-04-29T08:25:27	Fermi_Speed	200
2015-04-29T08:25:28	Moderator_Temp	109.525001525879
2015-04-29T08:25:29	Fermi_delay	2742.003968
2015-04-29T08:25:29	Phase_T0	9770
2015-04-29T08:25:29	Phase_Thick	1426
2015-04-29T08:25:29	T_Sample	50.0432070873079
2015-04-29T08:25:31	Freq_T0	50
2015-04-29T08:25:31	Freq_Thick	50
2015-04-29T08:25:34	Error_T0	-1
2015-04-29T08:25:54	Error_Thick	0
2015-04-29T08:25:54	T_Head	47.9430353207322
2015-04-29T08:25:57	Fermi_Speed	200
2015-04-29T08:25:58	Moderator_Temp	109.449996948242
2015-04-29T08:25:59	Fermi_delay	2742.003968
2015-04-29T08:25:59	Phase_T0	9770
2015-04-29T08:25:59	Phase_Thick	1426
2015-04-29T08:25:59	T_Sample	50.0589675898722
2015-04-29T08:26:01	Freq_T0	50
2015-04-29T08:26:01	Freq_Thick	50
2015-04-29T08:26:04	Error_T0	-1
2015-04-29T08:26:24	Error_Thick	-1
2015-04-29T08:26:24	T_Head	47.9596749388764
2015-04-29T08:26:27	Fermi_Speed	200
2015-04-29T08:26:28	Moderator_Temp	109.412506103516
2015-04-29T08:26:29	Fermi_delay	2742.02381
2015-04-29T08:26:29	Phase_T0	9770
2015-04-29T08:26:29	Phase_Thick	1426
2015-04-29T08:26:29	T_Sample	50.0589675898722
2015-04-29T08:26:31	Freq_T0	50
2015-04-29T08:26:31	Freq_Thick	50
2015-04-29T08:26:34	Error_T0	0
2015-04-29T08:26:54	Error_Thick	0
2015-04-29T08:26:54	T_Head	47.9430353207322
2015-04-29T08:26:57	Fermi_Speed	200
2015-04-29T08:26:58	Moderator_Temp	109.337501525879
2015-04-29T08:26:59	Fermi_delay	2742.02381
2015-04-29T08:26:59	Phase_T0	9770
2015-04-29T08:26:59	Phase_Thick	1426
2015-04-29T08:26:59	T_Sample	50.0589675898722
2015-04-29T08:27:01	Freq_T0	49.99
2015-04-29T08:27:01	Freq_Thick	50
2015-04-29T08:27:04	Error_T0	-1
2015-04-29T08:27:24	Error_Thick	0
2015-04-29T08:27:24	T_Head	47.9097560844437
2015-04-29T08:27:27	Fermi_Speed	200
2015-04-29T08:27:28	Moderator_Temp	109.300003051758
2015-04-29T08:27:29	Fermi_delay	2741.984127
2015-04-29T08:27:29	Phase_T0	9770
2015-04-29T08:27:29	Phase_Thick	1426
2015-04-29T08:27:29	T_Sample	50.0589675898722
2015-04-29T08:27:31	Freq_T0	50
2015-04-29T08:27:31	Freq_Thick	50
2015-04-29T08:27:34	Error_T0	0
2015-04-29T08:27:55	Error_Thick	0
2015-04-29T08:27:55	T_Head	47.9263957025879
2015-04-29T08:27:58	Fermi_Speed	200
2015-04-29T08:27:59	Moderator_Temp	109.225006103516
2015-04-29T08:28:00	Fermi_delay	2741.984127
2015-04-29T08:28:00	Phase_T0	9770
2015-04-29T08:28:00	Phase_Thick	1426
2015-04-29T08:28:00	T_Sample	50.0747280924365
2015-04-29T08:28:02	Freq_T0	50
2015-04-29T08:28:02	Freq_Thick	50
2015-04-29T08:28:05	Error_T0	0
2015-04-29T08:28:25	Error_Thick	-1
2015-04-29T08:28:25	T_Head	47.9430353207322
2015-04-29T08:28:28	Fermi_Speed	200
2015-04-29T08:28:29	Moderator_Temp	109.1875
2015-04-29T08:28:30	Fermi_delay	2741.964286
2015-04-29T08:28:30	Phase_T0	9770
2015-04-29T08:28:30	Phase_Thick	1426
2015-04-29T08:28:30	T_Sample	50.0589675898722
2015-04-29T08:28:32	Freq_T0	50
2015-04-29T08:28:32	Freq_Thick	50
2015-04-29T08:28:35	Error_T0	-1
2015-04-29T08:28:55	Error_Thick	0
2015-04-29T08:28:55	T_Head	47.9763145570207
2015-04-29T08:28:58	Fermi_Speed	200
2015-04-29T08:28:59	Moderator_Temp	109.150001525879
2015-04-29T08:29:00	Fermi_delay	2742.003968
2015-04-29T08:29:00	Phase_T0	9770
2015-04-29T08:29:00	Phase_Thick	1426
2015-04-29T08:29:00	T_Sample	50.0589675898722
2015-04-29T08:29:02	Freq_T0	50
2015-04-29T08:29:02	Freq_Thick	50
2015-04-29T08:29:05	Error_T0	0
2015-04-29T08:29:26	Error_Thick	-1
2015-04-29T08:29:26	T_Head	47.9263957025879
2015-04-29T08:29:29	Fermi_Speed	200
2015-04-29T08:29:30	Moderator_Temp	109.112503051758
2015-04-29T08:29:31	Fermi_delay	2742.003968
2015-04-29T08:29:31	Phase_T0	9770
2015-04-29T08:29:31	Phase_Thick	1426
2015-04-29T08:29:31	T_Sample	50.0432070873079
2015-04-29T08:29:33	Freq_T0	50
2015-04-29T08:29:33	Freq_Thick	50
2015-04-29T08:29:36	Error_T0	-1
2015-04-29T08:29:56	Error_Thick	0
2015-04-29T08:29:56	T_Head	47.9263957025879
2015-04-29T08:29:59	Fermi_Speed	200
2015-04-29T08:30:00	Moderator_Temp	109.074996948242
2015-04-29T08:30:01	Fermi_delay	2742.02381
2015-04-29T08:30:01	Phase_T0	9770
2015-04-29T08:30:01	Phase_Thick	1426
2015-04-29T08:30:01	T_Sample	50.0589675898722
2015-04-29T08:30:03	Freq_T0	50
2015-04-29T08:30:03	Freq_Thick	49.99
2015-04-29T08:30:06	Error_T0	-1
2015-04-29T08:30:26	Error_Thick	0
2015-04-29T08:30:26	T_Head	47.9263957025879
2015-04-29T08:30:29	Fermi_Speed	200
2015-04-29T08:30:30	Moderator_Temp	109.037506103516
2015-04-29T08:30:31	Fermi_delay	2742.02381
2015-04-29T08:30:31	Phase_T0	9770
2015-04-29T08:30:31	Phase_Thick	1426
2015-04-29T08:30:31	T_Sample	50.0589675898722
2015-04-29T08:30:33	Freq_T0	50
2015-04-29T08:30:33	Freq_Thick	50
2015-04-29T08:30:36	Error_T0	0
2015-04-29T08:30:56	Error_Thick	0
2015-04-29T08:30:56	T_Head	47.9430353207322
2015-04-29T08:30:59	Fermi_Speed	200
2015-04-29T08:31:00	Moderator_Temp	109
2015-04-29T08:31:01	Fermi_delay	2741.984127
2015-04-29T08:31:01	Phase_T0	9770
2015-04-29T08:31:01	Phase_Thick	1426
2015-04-29T08:31:01	T_Sample	50.0589675898722
2015-04-29T08:31:03	Freq_T0	50
2015-04-29T08:31:03	Freq_Thick	50
2015-04-29T08:31:06	Error_T0	0
2015-04-29T08:31:26	Error_Thick	-1
2015-04-29T08:31:26	T_Head	47.9430353207322
2015-04-29T08:31:29	Fermi_Speed	200
2015-04-29T08:31:30	Moderator_Temp	108.962501525879
2015-04-29T08:31:31	Fermi_delay	2741.984127
2015-04-29T08:31:31	Phase_T0	9770
2015-04-29T08:31:31	Phase_Thick	1426
2015-04-29T08:31:31	T_Sample	50.0589675898722
2015-04-29T08:31:33	Freq_T0	49.99
2015-04-29T08:31:33	Freq_Thick	50
2015-04-29T08:31:36	Error_T0	-1
2015-04-29T08:31:56	Error_Thick	0
2015-04-29T08:31:56	T_Head	47.9430353207322
2015-04-29T08:31:59	Fermi_Speed	200
2015-04-29T08:32:00	Moderator_Temp	108.925003051758
2015-04-29T08:32:01	Fermi_delay	2742.003968
2015-04-29T08:32:01	Phase_T0	9770
2015-04-29T08:32:01	Phase_Thick	1426
2015-04-29T08:32:01	T_Sample	50.0432070873079
2015-04-29T08:32:03	Freq_T0	50
2015-04-29T08:32:03	Freq_Thick	50
2015-04-29T08:32:06	Error_T0	-1
2015-04-29T08:32:26	Error_Thick	-1
2015-04-29T08:32:26	T_Head	47.9263957025879
2015-04-29T08:32:29	Fermi_Speed	200
2015-04-29T08:32:30	Moderator_Temp	108.887496948242
2015-04-29T08:32:31	Fermi_delay	2742.02381
2015-04-29T08:32:31	Phase_T0	9770
2015-04-29T08:32:31	Phase_Thick	1426
2015-04-29T08:32:31	T_Sample	50.0589675898722
2015-04-29T08:32:33	Freq_T0	50
2015-04-29T08:32:33	Freq_Thick	50
2015-04-29T08:32:36	Error_T0	-2
2015-04-29T08:32:56	Error_Thick	-1
2015-04-29T08:32:56	T_Head	47.9596749388764
2015-04-29T08:32:59	Fermi_Speed	200
2015-04-29T08:33:00	Moderator_Temp	108.850006103516
2015-04-29T08:33:01	Fermi_delay	2742.003968
2015-04-29T08:33:01	Phase_T0	9770
2015-04-29T08:33:01	Phase_Thick	1426
2015-04-29T08:33:01	T_Sample	50.0589675898722
2015-04-29T08:33:03	Freq_T0	50
2015-04-29T08:33:03	Freq_Thick	50
2015-04-29T08:33:06	Error_T0	-1
2015-04-29T08:33:26	Error_Thick	0
2015-04-29T08:33:26	T_Head	47.9263957025879
2015-04-29T08:33:29	Fermi_Speed	200
2015-04-29T08:33:30	Moderator_Temp	108.850006103516
2015-04-29T08:33:31	Fermi_delay	2742.003968
2015-04-29T08:33:31	Phase_T0	9770
2015-04-29T08:33:31	Phase_Thick	1426
2015-04-29T08:33:31	T_Sample	50.0747280924365
2015-04-29T08:33:33	Freq_T0	49.99
2015-04-29T08:33:33	Freq_Thick	50
2015-04-29T08:33:36	Error_T0	0
2015-04-29T08:33:57	Error_Thick	-1
2015-04-29T08:33:57	T_Head	47.9596749388764
2015-04-29T08:34:00	Moderator_Temp	108.8125
2015-04-29T08:34:00	Fermi_Speed	200
2015-04-29T08:34:01	Fermi_delay	2742.003968
2015-04-29T08:34:01	Phase_T0	9770
2015-04-29T08:34:01	Phase_Thick	1426
2015-04-29T08:34:01	T_Sample	50.0589675898722
2015-04-29T08:34:03	Freq_T0	50
2015-04-29T08:34:03	Freq_Thick	50
2015-04-29T08:34:06	Error_T0	0
2015-04-29T08:34:27	Error_Thick	-1
2015-04-29T08:34:27	T_Head	47.9430353207322
2015-04-29T08:34:30	Moderator_Temp	108.8125
2015-04-29T08:34:30	Fermi_Speed	200
2015-04-29T08:34:31	Fermi_delay	2742.02381
2015-04-29T08:34:31	Phase_T0	9770
2015-04-29T08:34:31	Phase_Thick	1426
2015-04-29T08:34:31	T_Sample	50.0589675898722
2015-04-29T08:34:33	Freq_T0	49.99
2015-04-29T08:34:33	Freq_Thick	50
2015-04-29T08:34:36	Error_T0	-1
2015-04-29T08:34:57	Error_Thick	-1
2015-04-29T08:34:57	T_Head	47.9263957025879
2015-04-29T08:35:00	Moderator_Temp	108.775001525879
2015-04-29T08:35:00	Fermi_Speed	200
2015-04-29T08:35:01	Fermi_delay	2742.003968
2015-04-29T08:35:01	Phase_T0	9770
2015-04-29T08:35:01	Phase_Thick	1426
2015-04-29T08:35:01	T_Sample	50.0589675898722
2015-04-29T08:35:03	Freq_T0	50
2015-04-29T08:35:03	Freq_Thick	50
2015-04-29T08:35:06	Error_T0	-1
2015-04-29T08:35:27	Error_Thick	-1
2015-04-29T08:35:27	T_Head	47.9263957025879
2015-04-29T08:35:30	Fermi_Speed	200
2015-04-29T08:35:31	Moderator_Temp	108.737503051758
2015-04-29T08:35:31	Fermi_delay	2742.02381
2015-04-29T08:35:31	Phase_T0	9770
2015-04-29T08:35:31	Phase_Thick	1426
2015-04-29T08:35:31	T_Sample	50.0589675898722
2015-04-29T08:35:33	Freq_T0	50
2015-04-29T08:35:33	Freq_Thick	50
2015-04-29T08:35:36	Error_T0	-1
2015-04-29T08:35:57	Error_Thick	-1
2015-04-29T08:35:57	T_Head	47.9263957025879
2015-04-29T08:36:00	Fermi_Speed	200
2015-04-29T08:36:01	Moderator_Temp	108.737503051758
2015-04-29T08:36:01	Fermi_delay	2742.003968
2015-04-29T08:36:01	Phase_T0	9770
2015-04-29T08:36:01	Phase_Thick	1426
2015-04-29T08:36:01	T_Sample	50.0589675898722
2015-04-29T08:36:03	Freq_T0	49.99
2015-04-29T08:36:03	Freq_Thick	50
2015-04-29T08:36:06	Error_T0	-1
2015-04-29T08:36:27	Error_Thick	-1
2015-04-29T08:36:27	T_Head	47.9596749388764
2015-04-29T08:36:30	Fermi_Speed	200
2015-04-29T08:36:31	Moderator_Temp	108.699996948242
2015-04-29T08:36:31	Fermi_delay	2742.003968
2015-04-29T08:36:31	Phase_T0	9770
2015-04-29T08:36:31	Phase_Thick	1426
2015-04-29T08:36:31	T_Sample	50.0589675898722
2015-04-29T08:36:33	Freq_T0	50
2015-04-29T08:36:33	Freq_Thick	50
2015-04-29T08:36:36	Error_T0	-2
2015-04-29T08:36:57	Error_Thick	0
2015-04-29T08:36:57	T_Head	47.9596749388764
2015-04-29T08:37:00	Fermi_Speed	200
2015-04-29T08:37:01	Moderator_Temp	108.699996948242
2015-04-29T08:37:01	Fermi_delay	2742.003968
2015-04-29T08:37:01	Phase_T0	9770
2015-04-29T08:37:01	Phase_Thick	1426
2015-04-29T08:37:01	T_Sample	50.0589675898722
2015-04-29T08:37:03	Freq_T0	50
2015-04-29T08:37:03	Freq_Thick	50
2015-04-29T08:37:06	Error_T0	0
2015-04-29T08:37:27	Error_Thick	-1
2015-04-29T08:37:27	T_Head	47.9263957025879
2015-04-29T08:37:30	Fermi_Speed	200
2015-04-29T08:37:31	Moderator_Temp	108.699996948242
2015-04-29T08:37:31	Fermi_delay	2742.003968
2015-04-29T08:37:31	Phase_T0	9770
2015-04-29T08:37:31	Phase_Thick	1426
2015-04-29T08:37:31	T_Sample	50.0589675898722
2015-04-29T08:37:33	Freq_T0	50
2015-04-29T08:37:33	Freq_Thick	50
2015-04-29T08:37:36	Error_T0	-1
2015-04-29T08:37:57	Error_Thick	-1
2015-04-29T08:37:57	T_Head	47.9430353207322
2015-04-29T08:38:00	Fermi_Speed	200
2015-04-29T08:38:01	Moderator_Temp	108.662506103516
2015-04-29T08:38:01	Fermi_delay	2742.02381
2015-04-29T08:38:01	Phase_T0	9770
2015-04-29T08:38:01	Phase_Thick	1426
2015-04-29T08:38:01	T_Sample	50.0589675898722
2015-04-29T08:38:03	Freq_T0	50
2015-04-29T08:38:03	Freq_Thick	50
2015-04-29T08:38:06	Error_T0	-1
2015-04-29T08:38:27	Error_Thick	-1
2015-04-29T08:38:27	T_Head	47.9430353207322
2015-04-29T08:38:30	Fermi_Speed	200
2015-04-29T08:38:31	Moderator_Temp	108.662506103516
2015-04-29T08:38:31	Fermi_delay	2742.003968
2015-04-29T08:38:31	Phase_T0	9770
2015-04-29T08:38:31	Phase_Thick	1426
2015-04-29T08:38:31	T_Sample	50.0589675898722
2015-04-29T08:38:33	Freq_T0	50
2015-04-29T08:38:33	Freq_Thick	50
2015-04-29T08:38:36	Error_T0	0
2015-04-29T08:38:57	Error_Thick	-1
2015-04-29T08:38:58	T_Head	47.9596749388764
2015-04-29T08:39:00	Fermi_Speed	200
2015-04-29T08:39:02	Moderator_Temp	108.662506103516
2015-04-29T08:39:02	Fermi_delay	2742.02381
2015-04-29T08:39:02	Phase_T0	9770
2015-04-29T08:39:02	Phase_Thick	1426
2015-04-29T08:39:02	T_Sample	50.0589675898722
2015-04-29T08:39:04	Freq_T0	50
2015-04-29T08:39:04	Freq_Thick	50
2015-04-29T08:39:07	Error_T0	0
2015-04-29T08:39:27	Error_Thick	0
2015-04-29T08:39:28	T_Head	47.9430353207322
2015-04-29T08:39:30	Fermi_Speed	200
2015-04-29T08:39:32	Moderator_Temp	108.662506103516
2015-04-29T08:39:32	Fermi_delay	2742.043651
2015-04-29T08:39:32	Phase_T0	9770
2015-04-29T08:39:32	Phase_Thick	1426
2015-04-29T08:39:32	T_Sample	50.0747280924365
2015-04-29T08:39:34	Freq_T0	49.99
2015-04-29T08:39:34	Freq_Thick	50
2015-04-29T08:39:37	Error_T0	-1
2015-04-29T08:39:57	Error_Thick	-1
2015-04-29T08:39:58	T_Head	47.9430353207322
2015-04-29T08:40:00	Fermi_Speed	200
2015-04-29T08:40:02	Moderator_Temp	108.662506103516
2015-04-29T08:40:02	Fermi_delay	2742.043651
2015-04-29T08:40:02	Phase_T0	9770
2015-04-29T08:40:02	Phase_Thick	1426
2015-04-29T08:40:02	T_Sample	50.0747280924365
2015-04-29T08:40:04	Freq_T0	50
2015-04-29T08:40:04	Freq_Thick	50
2015-04-29T08:40:07	Error_T0	-1
2015-04-29T08:40:27	Error_Thick	-1
2015-04-29T08:40:28	T_Head	47.9263957025879
2015-04-29T08:40:30	Fermi_Speed	200
2015-04-29T08:40:32	Moderator_Temp	108.662506103516
2015-04-29T08:40:32	Fermi_delay	2742.003968
2015-04-29T08:40:32	Phase_T0	9770
2015-04-29T08:40:32	Phase_Thick	1426
2015-04-29T08:40:32	T_Sample	50.0589675898722
2015-04-29T08:40:34	Freq_T0	50
2015-04-29T08:40:34	Freq_Thick	50
2015-04-29T08:40:37	Error_T0	-1
2015-04-29T08:40:57	Error_Thick	-1
2015-04-29T08:40:58	T_Head	47.9430353207322
2015-04-29T08:41:00	Fermi_Speed	200
2015-04-29T08:41:02	Moderator_Temp	108.662506103516
2015-04-29T08:41:02	Fermi_delay	2741.984127
2015-04-29T08:41:02	Phase_T0	9770
2015-04-29T08:41:02	Phase_Thick	1426
2015-04-29T08:41:02	T_Sample	50.0747280924365
2015-04-29T08:41:04	Freq_T0	50
2015-04-29T08:41:04	Freq_Thick	50
2015-04-29T08:41:07	Error_T0	-1
2015-04-29T08:41:27	Error_Thick	-1
2015-04-29T08:41:28	T_Head	47.9596749388764
2015-04-29T08:41:30	Fermi_Speed	200
2015-04-29T08:41:32	Moderator_Temp	108.662506103516
2015-04-29T08:41:32	Fermi_delay	2742.003968
2015-04-29T08:41:32	Phase_T0	9770
2015-04-29T08:41:32	Phase_Thick	1426
2015-04-29T08:41:32	T_Sample	50.0589675898722
2015-04-29T08:41:34	Freq_T0	50
2015-04-29T08:41:34	Freq_Thick	50
2015-04-29T08:41:37	Error_T0	-1
2015-04-29T08:41:57	Error_Thick	0
2015-04-29T08:41:58	T_Head	47.9596749388764
2015-04-29T08:42:00	Fermi_Speed	200
2015-04-29T08:42:02	Moderator_Temp	108.662506103516
2015-04-29T08:42:02	Fermi_delay	2742.02381
2015-04-29T08:42:02	Phase_T0	9770
2015-04-29T08:42:02	Phase_Thick	1426
2015-04-29T08:42:02	T_Sample	50.0589675898722
2015-04-29T08:42:04	Freq_T0	50
2015-04-29T08:42:04	Freq_Thick	50
2015-04-29T08:42:07	Error_T0	-1
2015-04-29T08:42:27	Error_Thick	0
2015-04-29T08:42:28	T_Head	47.9263957025879
2015-04-29T08:42:30	Fermi_Speed	200
2015-04-29T08:42:32	Moderator_Temp	108.699996948242
2015-04-29T08:42:32	Fermi_delay	2742.043651
2015-04-29T08:42:32	Phase_T0	9770
2015-04-29T08:42:32	Phase_Thick	1426
2015-04-29T08:42:32	T_Sample	50.0589675898722
2015-04-29T08:42:34	Freq_T0	50
2015-04-29T08:42:34	Freq_Thick	50
2015-04-29T08:42:37	Error_T0	-1
2015-04-29T08:42:57	Error_Thick	-1
2015-04-29T08:42:58	T_Head	47.9263957025879
2015-04-29T08:43:00	Fermi_Speed	200
2015-04-29T08:43:02	Moderator_Temp	108.699996948242
2015-04-29T08:43:02	Fermi_delay	2742.043651
2015-04-29T08:43:02	Phase_T0	9770
2015-04-29T08:43:02	Phase_Thick	1426
2015-04-29T08:43:02	T_Sample	50.0432070873079
2015-04-29T08:43:04	Freq_T0	50
2015-04-29T08:43:04	Freq_Thick	50
2015-04-29T08:43:07	Error_T0	-1
2015-04-29T08:43:27	Error_Thick	0
2015-04-29T08:43:28	T_Head	47.9596749388764
2015-04-29T08:43:30	Fermi_Speed	200
2015-04-29T08:43:32	Moderator_Temp	108.699996948242
2015-04-29T08:43:32	Fermi_delay	2742.043651
2015-04-29T08:43:32	Phase_T0	9770
2015-04-29T08:43:32	Phase_Thick	1426
2015-04-29T08:43:32	T_Sample	50.0589675898722
2015-04-29T08:43:34	Freq_T0	50
2015-04-29T08:43:34	Freq_Thick	50
2015-04-29T08:43:37	Error_T0	-1
2015-04-29T08:43:57	Error_Thick	0
2015-04-29T08:43:58	T_Head	47.9596749388764
2015-04-29T08:44:00	Fermi_Speed	200
2015-04-29T08:44:02	Moderator_Temp	108.699996948242
2015-04-29T08:44:02	Fermi_delay	2741.984127
2015-04-29T08:44:02	Phase_T0	9770
2015-04-29T08:44:02	Phase_Thick	1426
2015-04-29T08:44:02	T_Sample	50.0589675898722
2015-04-29T08:44:04	Freq_T0	50
2015-04-29T08:44:04	Freq_Thick	50
2015-04-29T08:44:07	Error_T0	0
2015-04-29T08:44:27	Error_Thick	-1
2015-04-29T08:44:28	T_Head	47.9596749388764
2015-04-29T08:44:30	Fermi_Speed	200
2015-04-29T08:44:32	Moderator_Temp	108.737503051758
2015-04-29T08:44:32	Fermi_delay	2741.984127
2015-04-29T08:44:32	Phase_T0	9770
2015-04-29T08:44:32	Phase_Thick	1426
2015-04-29T08:44:32	T_Sample	50.0589675898722
2015-04-29T08:44:34	Freq_T0	50
2015-04-29T08:44:34	Freq_Thick	50
2015-04-29T08:44:37	Error_T0	-1
2015-04-29T08:44:57	Error_Thick	0
2015-04-29T08:44:58	T_Head	47.9097560844437
2015-04-29T08:45:00	Fermi_Speed	200
2015-04-29T08:45:02	Moderator_Temp	108.737503051758
2015-04-29T08:45:02	Fermi_delay	2741.984127
2015-04-29T08:45:02	Phase_T0	9770
2015-04-29T08:45:02	Phase_Thick	1426
2015-04-29T08:45:02	T_Sample	50.0589675898722
2015-04-29T08:45:04	Freq_T0	50
2015-04-29T08:45:04	Freq_Thick	50
2015-04-29T08:45:07	Error_T0	-1
2015-04-29T08:45:27	Error_Thick	0
2015-04-29T08:45:28	T_Head	47.9430353207322
2015-04-29T08:45:30	Fermi_Speed	200
2015-04-29T08:45:32	Moderator_Temp	108.775001525879
2015-04-29T08:45:32	Fermi_delay	2742.003968
2015-04-29T08:45:32	Phase_T0	9770
2015-04-29T08:45:32	Phase_Thick	1426
2015-04-29T08:45:32	T_Sample	50.0589675898722
2015-04-29T08:45:34	Freq_T0	50
2015-04-29T08:45:34	Freq_Thick	50
2015-04-29T08:45:37	Error_T0	0
2015-04-29T08:45:57	Error_Thick	-1
2015-04-29T08:45:58	T_Head	47.9430353207322
2015-04-29T08:46:00	Fermi_Speed	200
2015-04-29T08:46:02	Moderator_Temp	108.775001525879
2015-04-29T08:46:02	Fermi_delay	2742.043651
2015-04-29T08:46:02	Phase_T0	9770
2015-04-29T08:46:02	Phase_Thick	1426
2015-04-29T08:46:02	T_Sample	50.0589675898722
2015-04-29T08:46:04	Freq_T0	50
2015-04-29T08:46:04	Freq_Thick	50
2015-04-29T08:46:07	Error_T0	-1
2015-04-29T08:46:27	Error_Thick	-1
2015-04-29T08:46:28	T_Head	47.9263957025879
2015-04-29T08:46:30	Fermi_Speed	200
2015-04-29T08:46:32	Moderator_Temp	108.8125
2015-04-29T08:46:32	Fermi_delay	2742.02381
2015-04-29T08:46:32	Phase_T0	9770
2015-04-29T08:46:32	Phase_Thick	1426
2015-04-29T08:46:32	T_Sample	50.0589675898722
2015-04-29T08:46:34	Freq_T0	50
2015-04-29T08:46:34	Freq_Thick	50
2015-04-29T08:46:37	Error_T0	0
2015-04-29T08:46:57	Error_Thick	-1
2015-04-29T08:46:58	T_Head	47.9596749388764
2015-04-29T08:47:00	Fermi_Speed	200
2015-04-29T08:47:02	Moderator_Temp	108.8125
2015-04-29T08:47:02	Fermi_delay	2742.003968
2015-04-29T08:47:02	Phase_T0	9770
2015-04-29T08:47:02	Phase_Thick	1426
2015-04-29T08:47:02	T_Sample	50.0589675898722
2015-04-29T08:47:04	Freq_T0	50
2015-04-29T08:47:04	Freq_Thick	50
2015-04-29T08:47:07	Error_T0	-1
2015-04-29T08:47:27	Error_Thick	-1
2015-04-29T08:47:28	T_Head	47.9263957025879
2015-04-29T08:47:30	Fermi_Speed	200
2015-04-29T08:47:32	Moderator_Temp	108.850006103516
2015-04-29T08:47:32	Fermi_delay	2741.984127
2015-04-29T08:47:32	Phase_T0	9770
2015-04-29T08:47:32	Phase_Thick	1426
2015-04-29T08:47:32	T_Sample	50.0747280924365
2015-04-29T08:47:34	Freq_T0	50
2015-04-29T08:47:34	Freq_Thick	50
2015-04-29T08:47:37	Error_T0	-1
2015-04-29T08:47:57	Error_Thick	-1
2015-04-29T08:47:58	T_Head	47.9596749388764
2015-04-29T08:48:00	Fermi_Speed	200
2015-04-29T08:48:02	Moderator_Temp	108.850006103516
2015-04-29T08:48:02	Fermi_delay	2742.02381
2015-04-29T08:48:02	Phase_T0	9770
2015-04-29T08:48:02	Phase_Thick	1426
2015-04-29T08:48:02	T_Sample	50.0589675898722
2015-04-29T08:48:04	Freq_T0	50
2015-04-29T08:48:04	Freq_Thick	50
2015-04-29T08:48:07	Error_T0	-1
2015-04-29T08:48:28	Error_Thick	-1
2015-04-29T08:48:29	T_Head	47.9263957025879
2015-04-29T08:48:31	Fermi_Speed	200
2015-04-29T08:48:33	Moderator_Temp	108.850006103516
2015-04-29T08:48:33	Fermi_delay	2742.003968
2015-04-29T08:48:33	Phase_T0	9770
2015-04-29T08:48:33	Phase_Thick	1426
2015-04-29T08:48:33	T_Sample	50.0589675898722
2015-04-29T08:48:35	Freq_T0	50
2015-04-29T08:48:35	Freq_Thick	50
2015-04-29T08:48:38	Error_T0	-1
2015-04-29T08:48:58	Error_Thick	0
2015-04-29T08:48:59	T_Head	47.9097560844437
2015-04-29T08:49:01	Fermi_Speed	200
2015-04-29T08:49:03	Moderator_Temp	108.887496948242
2015-04-29T08:49:03	Fermi_delay	2742.02381
2015-04-29T08:49:03	Phase_T0	9770
2015-04-29T08:49:03	Phase_Thick	1426
2015-04-29T08:49:03	T_Sample	50.0432070873079
2015-04-29T08:49:05	Freq_T0	49.99
2015-04-29T08:49:05	Freq_Thick	50
2015-04-29T08:49:08	Error_T0	-1
2015-04-29T08:49:29	Error_Thick	-1
2015-04-29T08:49:30	T_Head	47.9430353207322
2015-04-29T08:49:32	Fermi_Speed	200
2015-04-29T08:49:34	Moderator_Temp	108.887496948242
2015-04-29T08:49:34	Fermi_delay	2742.003968
2015-04-29T08:49:34	Phase_T0	9770
2015-04-29T08:49:34	Phase_Thick	1426
2015-04-29T08:49:34	T_Sample	50.0432070873079
2015-04-29T08:49:36	Freq_T0	50
2015-04-29T08:49:36	Freq_Thick	50
2015-04-29T08:49:39	Error_T0	0
2015-04-29T08:49:59	Error_Thick	0
2015-04-29T08:50:01	T_Head	47.9596749388764
2015-04-29T08:50:03	Fermi_Speed	200
2015-04-29T08:50:05	Moderator_Temp	108.925003051758
2015-04-29T08:50:05	Fermi_delay	2742.02381
2015-04-29T08:50:05	Phase_T0	9770
2015-04-29T08:50:05	Phase_Thick	1426
2015-04-29T08:50:05	T_Sample	50.0589675898722
2015-04-29T08:50:07	Freq_T0	49.99
2015-04-29T08:50:07	Freq_Thick	50
2015-04-29T08:50:10	Error_T0	-1
2015-04-29T08:50:30	Error_Thick	-1
2015-04-29T08:50:31	T_Head	47.9263957025879
2015-04-29T08:50:33	Fermi_Speed	200
2015-04-29T08:50:35	Moderator_Temp	108.962501525879
2015-04-29T08:50:35	Fermi_delay	2742.003968
2015-04-29T08:50:35	Phase_T0	9770
2015-04-29T08:50:35	Phase_Thick	1426
2015-04-29T08:50:35	T_Sample	50.0747280924365
2015-04-29T08:50:37	Freq_T0	50
2015-04-29T08:50:37	Freq_Thick	50
2015-04-29T08:50:40	Error_T0	-1
2015-04-29T08:51:00	Error_Thick	-1
2015-04-29T08:51:01	T_Head	47.9430353207322
2015-04-29T08:51:03	Fermi_Speed	200
2015-04-29T08:51:05	Moderator_Temp	108.962501525879
2015-04-29T08:51:05	Fermi_delay	2742.003968
2015-04-29T08:51:05	Phase_T0	9770
2015-04-29T08:51:05	Phase_Thick	1426
2015-04-29T08:51:05	T_Sample	50.0589675898722
2015-04-29T08:51:07	Freq_T0	50
2015-04-29T08:51:07	Freq_Thick	50
2015-04-29T08:51:10	Error_T0	-1
2015-04-29T08:51:30	Error_Thick	0
2015-04-29T08:51:31	T_Head	47.9596749388764
2015-04-29T08:51:33	Fermi_Speed	200
2015-04-29T08:51:35	Moderator_Temp	109
2015-04-29T08:51:35	Fermi_delay	2742.003968
2015-04-29T08:51:35	Phase_T0	9770
2015-04-29T08:51:35	Phase_Thick	1426
2015-04-29T08:51:35	T_Sample	50.0589675898722
2015-04-29T08:51:37	Freq_T0	50
2015-04-29T08:51:37	Freq_Thick	50
2015-04-29T08:51:40	Error_T0	-1
2015-04-29T08:52:00	Error_Thick	-1
2015-04-29T08:52:01	T_Head	47.9097560844437
2015-04-29T08:52:03	Fermi_Speed	200
2015-04-29T08:52:05	Moderator_Temp	109
2015-04-29T08:52:05	Fermi_delay	2742.003968
2015-04-29T08:52:05	Phase_T0	9770
2015-04-29T08:52:05	Phase_Thick	1426
2015-04-29T08:52:05	T_Sample	50.0589675898722
2015-04-29T08:52:07	Freq_T0	50
2015-04-29T08:52:07	Freq_Thick	50
2015-04-29T08:52:10	Error_T0	-1
2015-04-29T08:52:30	Error_Thick	-1
2015-04-29T08:52:31	T_Head	47.9596749388764
2015-04-29T08:52:33	Fermi_Speed	200
2015-04-29T08:52:35	Moderator_Temp	109.037506103516
2015-04-29T08:52:35	Fermi_delay	2742.02381
2015-04-29T08:52:35	Phase_T0	9770
2015-04-29T08:52:35	Phase_Thick	1426
2015-04-29T08:52:35	T_Sample	50.0589675898722
2015-04-29T08:52:37	Freq_T0	50
2015-04-29T08:52:37	Freq_Thick	50
2015-04-29T08:52:40	Error_T0	-1
2015-04-29T08:53:00	Error_Thick	0
2015-04-29T08:53:01	T_Head	47.9596749388764
2015-04-29T08:53:03	Fermi_Speed	200
2015-04-29T08:53:05	Moderator_Temp	109.037506103516
2015-04-29T08:53:05	Fermi_delay	2742.043651
2015-04-29T08:53:05	Phase_T0	9770
2015-04-29T08:53:05	Phase_Thick	1426
2015-04-29T08:53:05	T_Sample	50.0589675898722
2015-04-29T08:53:07	Freq_T0	49.99
2015-04-29T08:53:07	Freq_Thick	50
2015-04-29T08:53:10	Error_T0	0
2015-04-29T08:53:30	Error_Thick	-1
2015-04-29T08:53:31	T_Head	47.9263957025879
2015-04-29T08:53:33	Fermi_Speed	200
2015-04-29T08:53:35	Moderator_Temp	109.074996948242
2015-04-29T08:53:35	Fermi_delay	2742.02381
2015-04-29T08:53:35	Phase_T0	9770
2015-04-29T08:53:35	Phase_Thick	1426
2015-04-29T08:53:35	T_Sample	50.0589675898722
2015-04-29T08:53:37	Freq_T0	49.99
2015-04-29T08:53:37	Freq_Thick	50
2015-04-29T08:53:40	Error_T0	-1
2015-04-29T08:54:01	Error_Thick	-1
2015-04-29T08:54:02	T_Head	47.9596749388764
2015-04-29T08:54:04	Fermi_Speed	200
2015-04-29T08:54:06	Moderator_Temp	109.112503051758
2015-04-29T08:54:06	Fermi_delay	2742.003968
2015-04-29T08:54:06	Phase_T0	9770
2015-04-29T08:54:06	Phase_Thick	1426
2015-04-29T08:54:06	T_Sample	50.0589675898722
2015-04-29T08:54:08	Freq_T0	50
2015-04-29T08:54:08	Freq_Thick	50
2015-04-29T08:54:11	Error_T0	0
2015-04-29T08:54:31	Error_Thick	0
2015-04-29T08:54:32	T_Head	47.9263957025879
2015-04-29T08:54:34	Fermi_Speed	200
2015-04-29T08:54:36	Moderator_Temp	109.150001525879
2015-04-29T08:54:36	Fermi_delay	2742.003968
2015-04-29T08:54:36	Phase_T0	9770
2015-04-29T08:54:36	Phase_Thick	1426
2015-04-29T08:54:36	T_Sample	50.0432070873079
2015-04-29T08:54:38	Freq_T0	50
2015-04-29T08:54:38	Freq_Thick	50
2015-04-29T08:54:41	Error_T0	-1
2015-04-29T08:55:01	Error_Thick	0
2015-04-29T08:55:02	T_Head	47.9263957025879
2015-04-29T08:55:04	Fermi_Speed	200
2015-04-29T08:55:06	Moderator_Temp	109.1875
2015-04-29T08:55:06	Fermi_delay	2742.003968
2015-04-29T08:55:06	Phase_T0	9770
2015-04-29T08:55:06	Phase_Thick	1426
2015-04-29T08:55:06	T_Sample	50.0432070873079
2015-04-29T08:55:08	Freq_T0	50
2015-04-29T08:55:08	Freq_Thick	50
2015-04-29T08:55:11	Error_T0	1
2015-04-29T08:55:32	Error_Thick	-1
2015-04-29T08:55:33	T_Head	47.9596749388764
2015-04-29T08:55:35	Fermi_Speed	200
2015-04-29T08:55:37	Moderator_Temp	109.1875
2015-04-29T08:55:37	Fermi_delay	2742.003968
2015-04-29T08:55:37	Phase_T0	9770
2015-04-29T08:55:37	Phase_Thick	1426
2015-04-29T08:55:37	T_Sample	50.0432070873079
2015-04-29T08:55:39	Freq_T0	49.99
2015-04-29T08:55:39	Freq_Thick	50
2015-04-29T08:55:42	Error_T0	-1
2015-04-29T08:56:02	Error_Thick	-1
2015-04-29T08:56:03	T_Head	47.9596749388764
2015-04-29T08:56:05	Fermi_Speed	200
2015-04-29T08:56:07	Moderator_Temp	109.225006103516
2015-04-29T08:56:07	Fermi_delay	2742.003968
2015-04-29T08:56:07	Phase_T0	9770
2015-04-29T08:56:07	Phase_Thick	1426
2015-04-29T08:56:07	T_Sample	50.0589675898722
2015-04-29T08:56:09	Freq_T0	50
2015-04-29T08:56:09	Freq_Thick	50
2015-04-29T08:56:12	Error_T0	-1
2015-04-29T08:56:33	Error_Thick	0
2015-04-29T08:56:34	T_Head	47.9430353207322
2015-04-29T08:56:36	Fermi_Speed	200
2015-04-29T08:56:38	Moderator_Temp	109.262496948242
2015-04-29T08:56:38	Fermi_delay	2742.02381
2015-04-29T08:56:38	Phase_T0	9770
2015-04-29T08:56:38	Phase_Thick	1426
2015-04-29T08:56:38	T_Sample	50.0747280924365
2015-04-29T08:56:40	Freq_T0	50
2015-04-29T08:56:40	Freq_Thick	50
2015-04-29T08:56:43	Error_T0	-1
2015-04-29T08:57:03	Error_Thick	-1
2015-04-29T08:57:04	T_Head	47.9263957025879
2015-04-29T08:57:06	Fermi_Speed	200
2015-04-29T08:57:08	Moderator_Temp	109.262496948242
2015-04-29T08:57:08	Fermi_delay	2742.02381
2015-04-29T08:57:08	Phase_T0	9770
2015-04-29T08:57:08	Phase_Thick	1426
2015-04-29T08:57:08	T_Sample	50.0589675898722
2015-04-29T08:57:10	Freq_T0	49.99
2015-04-29T08:57:10	Freq_Thick	50
2015-04-29T08:57:13	Error_T0	0
2015-04-29T08:57:33	Error_Thick	0
2015-04-29T08:57:34	T_Head	47.9596749388764
2015-04-29T08:57:36	Fermi_Speed	200
2015-04-29T08:57:38	Moderator_Temp	109.262496948242
2015-04-29T08:57:38	Fermi_delay	2742.02381
2015-04-29T08:57:38	Phase_T0	9770
2015-04-29T08:57:38	Phase_Thick	1426
2015-04-29T08:57:38	T_Sample	50.0589675898722
2015-04-29T08:57:40	Freq_T0	50
2015-04-29T08:57:40	Freq_Thick	50
2015-04-29T08:57:43	Error_T0	-1
2015-04-29T08:58:03	Error_Thick	-1
2015-04-29T08:58:04	T_Head	47.9596749388764
2015-04-29T08:58:06	Fermi_Speed	200
2015-04-29T08:58:08	Moderator_Temp	109.300003051758
2015-04-29T08:58:08	Fermi_delay	2742.02381
2015-04-29T08:58:08	Phase_T0	9770
2015-04-29T08:58:08	Phase_Thick	1426
2015-04-29T08:58:08	T_Sample	50.0432070873079
2015-04-29T08:58:10	Freq_T0	50
2015-04-29T08:58:10	Freq_Thick	50
2015-04-29T08:58:13	Error_T0	-1
2015-04-29T08:58:33	Error_Thick	-1
2015-04-29T08:58:34	T_Head	47.9097560844437
2015-04-29T08:58:36	Fermi_Speed	200
2015-04-29T08:58:38	Moderator_Temp	109.337501525879
2015-04-29T08:58:38	Fermi_delay	2741.984127
2015-04-29T08:58:38	Phase_T0	9770
2015-04-29T08:58:38	Phase_Thick	1426
2015-04-29T08:58:38	T_Sample	50.0589675898722
2015-04-29T08:58:40	Freq_T0	49.99
2015-04-29T08:58:40	Freq_Thick	50
2015-04-29T08:58:43	Error_T0	0
2015-04-29T08:59:03	Error_Thick	0
2015-04-29T08:59:04	T_Head	47.9430353207322
2015-04-29T08:59:06	Fermi_Speed	200
2015-04-29T08:59:08	Moderator_Temp	109.337501525879
2015-04-29T08:59:08	Fermi_delay	2742.003968
2015-04-29T08:59:08	Phase_T0	9770
2015-04-29T08:59:08	Phase_Thick	1426
2015-04-29T08:59:08	T_Sample	50.0589675898722
2015-04-29T08:59:10	Freq_T0	50
2015-04-29T08:59:10	Freq_Thick	50
2015-04-29T08:59:14	Error_T0	0
2015-04-29T08:59:33	Error_Thick	0
2015-04-29T08:59:34	T_Head	47.9596749388764
2015-04-29T08:59:36	Fermi_Speed	200
2015-04-29T08:59:38	Moderator_Temp	109.375
2015-04-29T08:59:38	Fermi_delay	2742.043651
2015-04-29T08:59:38	Phase_T0	9770
2015-04-29T08:59:38	Phase_Thick	1426
2015-04-29T08:59:38	T_Sample	50.0589675898722
2015-04-29T08:59:40	Freq_T0	50
2015-04-29T08:59:40	Freq_Thick	50
2015-04-29T08:59:44	Error_T0	-1
2015-04-29T09:00:03	Error_Thick	0
2015-04-29T09:00:04	T_Head	47.9263957025879
2015-04-29T09:00:06	Fermi_Speed	200
2015-04-29T09:00:08	Moderator_Temp	109.412506103516
2015-04-29T09:00:08	Fermi_delay	2742.043651
2015-04-29T09:00:08	Phase_T0	9770
2015-04-29T09:00:08	Phase_Thick	1426
2015-04-29T09:00:08	T_Sample	50.0589675898722
2015-04-29T09:00:10	Freq_T0	50
2015-04-29T09:00:10	Freq_Thick	50
2015-04-29T09:00:14	Error_T0	-1
2015-04-29T09:00:33	Error_Thick	-1
2015-04-29T09:00:35	T_Head	47.9263957025879
2015-04-29T09:00:36	Fermi_Speed	200
2015-04-29T09:00:38	Moderator_Temp	109.412506103516
2015-04-29T09:00:38	Fermi_delay	2742.003968
2015-04-29T09:00:38	Phase_T0	9770
2015-04-29T09:00:38	Phase_Thick	1426
2015-04-29T09:00:38	T_Sample	50.0589675898722
2015-04-29T09:00:40	Freq_T0	50
2015-04-29T09:00:40	Freq_Thick	50
2015-04-29T09:00:44	Error_T0	-2
2015-04-29T09:01:03	Error_Thick	-1
2015-04-29T09:01:05	T_Head	47.9596749388764
2015-04-29T09:01:06	Fermi_Speed	200
2015-04-29T09:01:08	Moderator_Temp	109.449996948242
2015-04-29T09:01:08	Fermi_delay	2742.003968
2015-04-29T09:01:08	Phase_T0	9770
2015-04-29T09:01:08	Phase_Thick	1426
2015-04-29T09:01:08	T_Sample	50.0589675898722
2015-04-29T09:01:10	Freq_T0	50
2015-04-29T09:01:10	Freq_Thick	50
2015-04-29T09:01:14	Error_T0	0
2015-04-29T09:01:33	Error_Thick	0
2015-04-29T09:01:35	T_Head	47.9263957025879
2015-04-29T09:01:36	Fermi_Speed	200
2015-04-29T09:01:38	Moderator_Temp	109.487503051758
2015-04-29T09:01:38	Fermi_delay	2742.003968
2015-04-29T09:01:38	Phase_T0	9770
2015-04-29T09:01:38	Phase_Thick	1426
2015-04-29T09:01:38	T_Sample	50.0589675898722
2015-04-29T09:01:40	Freq_T0	50
2015-04-29T09:01:40	Freq_Thick	50
2015-04-29T09:01:44	Error_T0	-1
2015-04-29T09:02:03	Error_Thick	0
2015-04-29T09:02:05	T_Head	47.9097560844437
2015-04-29T09:02:06	Fermi_Speed	200
2015-04-29T09:02:08	Moderator_Temp	109.487503051758
2015-04-29T09:02:08	Fermi_delay	2741.984127
2015-04-29T09:02:08	Phase_T0	9770
2015-04-29T09:02:08	Phase_Thick	1426
2015-04-29T09:02:08	T_Sample	50.0589675898722
2015-04-29T09:02:10	Freq_T0	50
2015-04-29T09:02:10	Freq_Thick	50
2015-04-29T09:02:14	Error_T0	0
2015-04-29T09:02:33	Error_Thick	0
2015-04-29T09:02:35	T_Head	47.9596749388764
2015-04-29T09:02:36	Fermi_Speed	200
2015-04-29T09:02:38	Moderator_Temp	109.487503051758
2015-04-29T09:02:38	Fermi_delay	2741.984127
2015-04-29T09:02:38	Phase_T0	9770
2015-04-29T09:02:38	Phase_Thick	1426
2015-04-29T09:02:38	T_Sample	50.0747280924365
2015-04-29T09:02:40	Freq_T0	49.99
2015-04-29T09:02:40	Freq_Thick	50
2015-04-29T09:02:44	Error_T0	-1
2015-04-29T09:03:03	Error_Thick	-1
2015-04-29T09:03:05	T_Head	47.9596749388764
2015-04-29T09:03:06	Fermi_Speed	200
2015-04-29T09:03:08	Moderator_Temp	109.5625
2015-04-29T09:03:08	Fermi_delay	2742.02381
2015-04-29T09:03:08	Phase_T0	9770
2015-04-29T09:03:08	Phase_Thick	1426
2015-04-29T09:03:08	T_Sample	50.0589675898722
2015-04-29T09:03:10	Freq_T0	50
2015-04-29T09:03:10	Freq_Thick	50
2015-04-29T09:03:14	Error_T0	-1
2015-04-29T09:03:33	Error_Thick	-1
2015-04-29T09:03:35	T_Head	47.9430353207322
2015-04-29T09:03:36	Fermi_Speed	200
2015-04-29T09:03:38	Moderator_Temp	109.5625
2015-04-29T09:03:38	Fermi_delay	2742.003968
2015-04-29T09:03:38	Phase_T0	9770
2015-04-29T09:03:38	Phase_Thick	1426
2015-04-29T09:03:38	T_Sample	50.0432070873079
2015-04-29T09:03:40	Freq_T0	50
2015-04-29T09:03:40	Freq_Thick	50
2015-04-29T09:03:44	Error_T0	-1
2015-04-29T09:04:03	Error_Thick	0
2015-04-29T09:04:05	T_Head	47.9430353207322
2015-04-29T09:04:06	Fermi_Speed	200
2015-04-29T09:04:08	Moderator_Temp	109.5625
2015-04-29T09:04:08	Fermi_delay	2742.003968
2015-04-29T09:04:08	Phase_T0	9770
2015-04-29T09:04:08	Phase_Thick	1426
2015-04-29T09:04:08	T_Sample	50.0747280924365
2015-04-29T09:04:10	Freq_T0	50
2015-04-29T09:04:10	Freq_Thick	50
2015-04-29T09:04:14	Error_T0	-1
2015-04-29T09:04:33	Error_Thick	0
2015-04-29T09:04:35	T_Head	47.9263957025879
2015-04-29T09:04:36	Fermi_Speed	200
2015-04-29T09:04:38	Moderator_Temp	109.600006103516
2015-04-29T09:04:38	Fermi_delay	2742.003968
2015-04-29T09:04:38	Phase_T0	9770
2015-04-29T09:04:38	Phase_Thick	1426
2015-04-29T09:04:38	T_Sample	50.0589675898722
2015-04-29T09:04:40	Freq_T0	50
2015-04-29T09:04:40	Freq_Thick	50
2015-04-29T09:04:44	Error_T0	0
2015-04-29T09:05:03	Error_Thick	0
2015-04-29T09:05:05	T_Head	47.9430353207322
2015-04-29T09:05:06	Fermi_Speed	200
2015-04-29T09:05:08	Moderator_Temp	109.600006103516
2015-04-29T09:05:08	Fermi_delay	2742.003968
2015-04-29T09:05:08	Phase_T0	9770
2015-04-29T09:05:08	Phase_Thick	1426
2015-04-29T09:05:08	T_Sample	50.0589675898722
2015-04-29T09:05:10	Freq_T0	50
2015-04-29T09:05:10	Freq_Thick	50
2015-04-29T09:05:14	Error_T0	-1
2015-04-29T09:05:33	Error_Thick	-1
2015-04-29T09:05:35	T_Head	47.9430353207322
2015-04-29T09:05:36	Fermi_Speed	200
2015-04-29T09:05:38	Moderator_Temp	109.637496948242
2015-04-29T09:05:38	Fermi_delay	2742.02381
2015-04-29T09:05:38	Phase_T0	9770
2015-04-29T09:05:38	Phase_Thick	1426
2015-04-29T09:05:38	T_Sample	50.0747280924365
2015-04-29T09:05:40	Freq_T0	50
2015-04-29T09:05:40	Freq_Thick	50
2015-04-29T09:05:44	Error_T0	-1
2015-04-29T09:06:03	Error_Thick	-1
2015-04-29T09:06:05	T_Head	47.9263957025879
2015-04-29T09:06:06	Fermi_Speed	200
2015-04-29T09:06:08	Moderator_Temp	109.637496948242
2015-04-29T09:06:08	Fermi_delay	2742.02381
2015-04-29T09:06:08	Phase_T0	9770
2015-04-29T09:06:08	Phase_Thick	1426
2015-04-29T09:06:08	T_Sample	50.0747280924365
2015-04-29T09:06:10	Freq_T0	50
2015-04-29T09:06:10	Freq_Thick	50
2015-04-29T09:06:14	Error_T0	0
2015-04-29T09:06:33	Error_Thick	0
2015-04-29T09:06:35	T_Head	47.9596749388764
2015-04-29T09:06:36	Fermi_Speed	200
2015-04-29T09:06:38	Moderator_Temp	109.675003051758
2015-04-29T09:06:38	Fermi_delay	2742.02381
2015-04-29T09:06:38	Phase_T0	9770
2015-04-29T09:06:38	Phase_Thick	1426
2015-04-29T09:06:38	T_Sample	50.0589675898722
2015-04-29T09:06:40	Freq_T0	50
2015-04-29T09:06:40	Freq_Thick	50
2015-04-29T09:06:44	Error_T0	0
2015-04-29T09:07:03	Error_Thick	0
2015-04-29T09:07:05	T_Head	47.9430353207322
2015-04-29T09:07:06	Fermi_Speed	200
2015-04-29T09:07:08	Moderator_Temp	109.675003051758
2015-04-29T09:07:08	Fermi_delay	2742.003968
2015-04-29T09:07:08	Phase_T0	9770
2015-04-29T09:07:08	Phase_Thick	1426
2015-04-29T09:07:08	T_Sample	50.0432070873079
2015-04-29T09:07:10	Freq_T0	50
2015-04-29T09:07:10	Freq_Thick	50
2015-04-29T09:07:14	Error_T0	-1
2015-04-29T09:07:34	Error_Thick	-1
2015-04-29T09:07:36	T_Head	47.9263957025879
2015-04-29T09:07:37	Fermi_Speed	200
2015-04-29T09:07:39	Moderator_Temp	109.675003051758
2015-04-29T09:07:39	Fermi_delay	2742.02381
2015-04-29T09:07:39	Phase_T0	9770
2015-04-29T09:07:39	Phase_Thick	1426
2015-04-29T09:07:39	T_Sample	50.0589675898722
2015-04-29T09:07:41	Freq_T0	50
2015-04-29T09:07:41	Freq_Thick	50
2015-04-29T09:07:45	Error_T0	-1
2015-04-29T09:08:04	Error_Thick	-1
2015-04-29T09:08:06	T_Head	47.9430353207322
2015-04-29T09:08:07	Fermi_Speed	200
2015-04-29T09:08:09	Moderator_Temp	109.712501525879
2015-04-29T09:08:09	Fermi_delay	2742.003968
2015-04-29T09:08:09	Phase_T0	9770
2015-04-29T09:08:09	Phase_Thick	1426
2015-04-29T09:08:09	T_Sample	50.0589675898722
2015-04-29T09:08:11	Freq_T0	50
2015-04-29T09:08:11	Freq_Thick	50
2015-04-29T09:08:15	Error_T0	-1
2015-04-29T09:08:35	Error_Thick	-1
2015-04-29T09:08:37	T_Head	47.9430353207322
2015-04-29T09:08:38	Fermi_Speed	200
2015-04-29T09:08:40	Moderator_Temp	109.712501525879
2015-04-29T09:08:40	Fermi_delay	2742.003968
2015-04-29T09:08:40	Phase_T0	9770
2015-04-29T09:08:40	Phase_Thick	1426
2015-04-29T09:08:40	T_Sample	50.0589675898722
2015-04-29T09:08:42	Freq_T0	50
2015-04-29T09:08:42	Freq_Thick	50
2015-04-29T09:08:45	Error_T0	0
2015-04-29T09:09:05	Error_Thick	0
2015-04-29T09:09:07	T_Head	47.9263957025879
2015-04-29T09:09:08	Fermi_Speed	200
2015-04-29T09:09:10	Moderator_Temp	109.712501525879
2015-04-29T09:09:10	Fermi_delay	2742.02381
2015-04-29T09:09:10	Phase_T0	9770
2015-04-29T09:09:10	Phase_Thick	1426
2015-04-29T09:09:10	T_Sample	50.0589675898722
2015-04-29T09:09:12	Freq_T0	49.99
2015-04-29T09:09:12	Freq_Thick	50
2015-04-29T09:09:15	Error_T0	-2
2015-04-29T09:09:35	Error_Thick	-1
2015-04-29T09:09:37	T_Head	47.9596749388764
2015-04-29T09:09:38	Fermi_Speed	200
2015-04-29T09:09:40	Moderator_Temp	109.712501525879
2015-04-29T09:09:40	Fermi_delay	2742.02381
2015-04-29T09:09:40	Phase_T0	9770
2015-04-29T09:09:40	Phase_Thick	1426
2015-04-29T09:09:40	T_Sample	50.0589675898722
2015-04-29T09:09:42	Freq_T0	49.99
2015-04-29T09:09:42	Freq_Thick	50
2015-04-29T09:09:45	Error_T0	-1
2015-04-29T09:10:05	Error_Thick	-1
2015-04-29T09:10:07	T_Head	47.9263957025879
2015-04-29T09:10:08	Fermi_Speed	200
2015-04-29T09:10:10	Moderator_Temp	109.712501525879
2015-04-29T09:10:10	Fermi_delay	2742.003968
2015-04-29T09:10:10	Phase_T0	9770
2015-04-29T09:10:10	Phase_Thick	1426
2015-04-29T09:10:10	T_Sample	50.0589675898722
2015-04-29T09:10:12	Freq_T0	50
2015-04-29T09:10:12	Freq_Thick	50
2015-04-29T09:10:15	Error_T0	-1
2015-04-29T09:10:35	Error_Thick	0
2015-04-29T09:10:37	T_Head	47.9596749388764
2015-04-29T09:10:38	Fermi_Speed	200
2015-04-29T09:10:40	Moderator_Temp	109.712501525879
2015-04-29T09:10:40	Fermi_delay	2742.02381
2015-04-29T09:10:40	Phase_T0	9770
2015-04-29T09:10:40	Phase_Thick	1426
2015-04-29T09:10:40	T_Sample	50.0589675898722
2015-04-29T09:10:42	Freq_T0	50
2015-04-29T09:10:42	Freq_Thick	50
2015-04-29T09:10:45	Error_T0	0
2015-04-29T09:11:05	Error_Thick	-1
2015-04-29T09:11:07	T_Head	47.9263957025879
2015-04-29T09:11:08	Fermi_Speed	200
2015-04-29T09:11:10	Moderator_Temp	109.712501525879
2015-04-29T09:11:10	Fermi_delay	2742.003968
2015-04-29T09:11:10	Phase_T0	9770
2015-04-29T09:11:10	Phase_Thick	1426
2015-04-29T09:11:10	T_Sample	50.0589675898722
2015-04-29T09:11:12	Freq_T0	50
2015-04-29T09:11:12	Freq_Thick	50
2015-04-29T09:11:15	Error_T0	-1
2015-04-29T09:11:35	Error_Thick	0
2015-04-29T09:11:37	T_Head	47.9430353207322
2015-04-29T09:11:38	Fermi_Speed	200
2015-04-29T09:11:40	Moderator_Temp	109.712501525879
2015-04-29T09:11:40	Fermi_delay	2742.02381
2015-04-29T09:11:40	Phase_T0	9770
2015-04-29T09:11:40	Phase_Thick	1426
2015-04-29T09:11:40	T_Sample	50.0589675898722
2015-04-29T09:11:42	Freq_T0	49.99
2015-04-29T09:11:42	Freq_Thick	50
2015-04-29T09:11:45	Error_T0	-1
2015-04-29T09:12:05	Error_Thick	-1
2015-04-29T09:12:07	T_Head	47.9596749388764
2015-04-29T09:12:08	Fermi_Speed	200
2015-04-29T09:12:10	Moderator_Temp	109.75
2015-04-29T09:12:10	Fermi_delay	2742.003968
2015-04-29T09:12:10	Phase_T0	9770
2015-04-29T09:12:10	Phase_Thick	1426
2015-04-29T09:12:10	T_Sample	50.0589675898722
2015-04-29T09:12:12	Freq_T0	50
2015-04-29T09:12:12	Freq_Thick	50
2015-04-29T09:12:15	Error_T0	-1
2015-04-29T09:12:35	Error_Thick	-1
2015-04-29T09:12:37	T_Head	47.9430353207322
2015-04-29T09:12:38	Fermi_Speed	200
2015-04-29T09:12:40	Moderator_Temp	109.712501525879
2015-04-29T09:12:40	Fermi_delay	2742.02381
2015-04-29T09:12:40	Phase_T0	9770
2015-04-29T09:12:40	Phase_Thick	1426
2015-04-29T09:12:40	T_Sample	50.0747280924365
2015-04-29T09:12:42	Freq_T0	50
2015-04-29T09:12:42	Freq_Thick	50
2015-04-29T09:12:45	Error_T0	0
2015-04-29T09:13:05	Error_Thick	0
2015-04-29T09:13:07	T_Head	47.9263957025879
2015-04-29T09:13:08	Fermi_Speed	200
2015-04-29T09:13:10	Moderator_Temp	109.75
2015-04-29T09:13:10	Fermi_delay	2742.003968
2015-04-29T09:13:10	Phase_T0	9770
2015-04-29T09:13:10	Phase_Thick	1426
2015-04-29T09:13:10	T_Sample	50.0589675898722
2015-04-29T09:13:12	Freq_T0	49.99
2015-04-29T09:13:12	Freq_Thick	50
2015-04-29T09:13:16	Error_T0	0
2015-04-29T09:13:36	Error_Thick	1
2015-04-29T09:13:38	T_Head	47.9430353207322
2015-04-29T09:13:39	Fermi_Speed	200
2015-04-29T09:13:41	Moderator_Temp	109.75
2015-04-29T09:13:41	Fermi_delay	2742.02381
2015-04-29T09:13:41	Phase_T0	9770
2015-04-29T09:13:41	Phase_Thick	1426
2015-04-29T09:13:41	T_Sample	50.0589675898722
2015-04-29T09:13:43	Freq_T0	50
2015-04-29T09:13:43	Freq_Thick	50
2015-04-29T09:13:46	Error_T0	0
2015-04-29T09:14:06	Error_Thick	-1
2015-04-29T09:14:08	T_Head	47.9097560844437
2015-04-29T09:14:09	Fermi_Speed	200
2015-04-29T09:14:12	Moderator_Temp	109.75
2015-04-29T09:14:12	Fermi_delay	2742.003968
2015-04-29T09:14:12	Phase_T0	9770
2015-04-29T09:14:12	Phase_Thick	1426
2015-04-29T09:14:12	T_Sample	50.0589675898722
2015-04-29T09:14:14	Freq_T0	50
2015-04-29T09:14:14	Freq_Thick	50
2015-04-29T09:14:17	Error_T0	0
2015-04-29T09:14:37	Error_Thick	-1
2015-04-29T09:14:39	T_Head	47.9430353207322
2015-04-29T09:14:40	Fermi_Speed	200
2015-04-29T09:14:42	Moderator_Temp	109.75
2015-04-29T09:14:42	Fermi_delay	2741.984127
2015-04-29T09:14:42	Phase_T0	9770
2015-04-29T09:14:42	Phase_Thick	1426
2015-04-29T09:14:42	T_Sample	50.0589675898722
2015-04-29T09:14:44	Freq_T0	50
2015-04-29T09:14:44	Freq_Thick	50
2015-04-29T09:14:47	Error_T0	-2
2015-04-29T09:15:07	Error_Thick	-1
2015-04-29T09:15:10	Fermi_Speed	200
2015-04-29T09:15:10	T_Head	47.9097560844437
2015-04-29T09:15:12	Moderator_Temp	109.75
2015-04-29T09:15:12	Fermi_delay	2742.02381
2015-04-29T09:15:12	Phase_T0	9770
2015-04-29T09:15:12	Phase_Thick	1426
2015-04-29T09:15:12	T_Sample	50.0589675898722
2015-04-29T09:15:14	Freq_T0	49.99
2015-04-29T09:15:14	Freq_Thick	50
2015-04-29T09:15:18	Error_T0	-1
2015-04-29T09:15:37	Error_Thick	-1
2015-04-29T09:15:40	Fermi_Speed	200
2015-04-29T09:15:40	T_Head	47.9596749388764
2015-04-29T09:15:42	Moderator_Temp	109.75
2015-04-29T09:15:42	Fermi_delay	2742.003968
2015-04-29T09:15:42	Phase_T0	9770
2015-04-29T09:15:42	Phase_Thick	1426
2015-04-29T09:15:42	T_Sample	50.0589675898722
2015-04-29T09:15:44	Freq_T0	49.99
2015-04-29T09:15:44	Freq_Thick	50
2015-04-29T09:15:48	Error_T0	-1
2015-04-29T09:16:08	Error_Thick	0
2015-04-29T09:16:11	Fermi_Speed	200
2015-04-29T09:16:11	T_Head	47.9430353207322
2015-04-29T09:16:13	Moderator_Temp	109.75
2015-04-29T09:16:13	Fermi_delay	2742.02381
2015-04-29T09:16:13	Phase_T0	9770
2015-04-29T09:16:13	Phase_Thick	1426
2015-04-29T09:16:13	T_Sample	50.0589675898722
2015-04-29T09:16:15	Freq_T0	50
2015-04-29T09:16:15	Freq_Thick	50
2015-04-29T09:16:19	Error_T0	0
2015-04-29T09:16:38	Error_Thick	-1
2015-04-29T09:16:41	Fermi_Speed	200
2015-04-29T09:16:41	T_Head	47.9596749388764
2015-04-29T09:16:43	Moderator_Temp	109.75
2015-04-29T09:16:43	Fermi_delay	2742.02381
2015-04-29T09:16:43	Phase_T0	9770
2015-04-29T09:16:43	Phase_Thick	1426
2015-04-29T09:16:43	T_Sample	50.0589675898722
2015-04-29T09:16:46	Freq_T0	49.99
2015-04-29T09:16:46	Freq_Thick	50
2015-04-29T09:16:50	Error_T0	-1
2015-04-29T09:17:09	Error_Thick	-1
2015-04-29T09:17:12	Fermi_Speed	200
2015-04-29T09:17:12	T_Head	47.9430353207322
2015-04-29T09:17:14	Moderator_Temp	109.75
2015-04-29T09:17:14	Fermi_delay	2742.02381
2015-04-29T09:17:14	Phase_T0	9770
2015-04-29T09:17:14	Phase_Thick	1426
2015-04-29T09:17:14	T_Sample	50.0589675898722
2015-04-29T09:17:16	Freq_T0	50
2015-04-29T09:17:16	Freq_Thick	50
2015-04-29T09:17:20	Error_T0	0
2015-04-29T09:17:40	Error_Thick	0
2015-04-29T09:17:43	Fermi_Speed	200
2015-04-29T09:17:43	T_Head	47.9263957025879
2015-04-29T09:17:44	Fermi_delay	2742.003968
2015-04-29T09:17:45	Moderator_Temp	109.75
2015-04-29T09:17:45	Phase_T0	9770
2015-04-29T09:17:45	Phase_Thick	1426
2015-04-29T09:17:45	T_Sample	50.0589675898722
2015-04-29T09:17:46	Freq_T0	49.99
2015-04-29T09:17:46	Freq_Thick	50
2015-04-29T09:17:50	Error_T0	1
2015-04-29T09:18:10	Error_Thick	0
2015-04-29T09:18:13	Fermi_Speed	200
2015-04-29T09:18:13	T_Head	47.9596749388764
2015-04-29T09:18:14	Fermi_delay	2742.003968
2015-04-29T09:18:15	Moderator_Temp	109.75
2015-04-29T09:18:15	Phase_T0	9770
2015-04-29T09:18:15	Phase_Thick	1426
2015-04-29T09:18:15	T_Sample	50.0432070873079
2015-04-29T09:18:16	Freq_T0	50
2015-04-29T09:18:16	Freq_Thick	49.99
2015-04-29T09:18:20	Error_T0	-1
2015-04-29T09:18:40	Error_Thick	-1
2015-04-29T09:18:43	Fermi_Speed	200
2015-04-29T09:18:43	T_Head	47.9596749388764
2015-04-29T09:18:44	Fermi_delay	2741.984127
2015-04-29T09:18:45	Moderator_Temp	109.75
2015-04-29T09:18:45	Phase_T0	9770
2015-04-29T09:18:45	Phase_Thick	1426
2015-04-29T09:18:45	T_Sample	50.0589675898722
2015-04-29T09:18:46	Freq_T0	50
2015-04-29T09:18:46	Freq_Thick	50
2015-04-29T09:18:51	Error_T0	0
2015-04-29T09:19:10	Error_Thick	-1
2015-04-29T09:19:13	Fermi_Speed	200
2015-04-29T09:19:13	T_Head	47.9430353207322
2015-04-29T09:19:15	Fermi_delay	2741.984127
2015-04-29T09:19:16	Moderator_Temp	109.75
2015-04-29T09:19:16	Phase_T0	9770
2015-04-29T09:19:16	Phase_Thick	1426
2015-04-29T09:19:16	T_Sample	50.0589675898722
2015-04-29T09:19:17	Freq_T0	50
2015-04-29T09:19:17	Freq_Thick	50
2015-04-29T09:19:21	Error_T0	-1
2015-04-29T09:19:40	Error_Thick	0
2015-04-29T09:19:44	Fermi_Speed	200
2015-04-29T09:19:44	T_Head	47.9263957025879
2015-04-29T09:19:45	Fermi_delay	2742.02381
2015-04-29T09:19:46	Moderator_Temp	109.75
2015-04-29T09:19:46	T_Sample	50.0747280924365
2015-04-29T09:19:47	Freq_T0	50
2015-04-29T09:19:47	Phase_T0	9770
2015-04-29T09:19:47	Freq_Thick	50
2015-04-29T09:19:47	Phase_Thick	1426
2015-04-29T09:19:51	Error_T0	0
2015-04-29T09:20:11	Error_Thick	-1
2015-04-29T09:20:14	Fermi_Speed	200
2015-04-29T09:20:14	T_Head	47.9263957025879
2015-04-29T09:20:15	Fermi_delay	2742.043651
2015-04-29T09:20:16	Moderator_Temp	109.787506103516
2015-04-29T09:20:16	T_Sample	50.0747280924365
2015-04-29T09:20:17	Freq_T0	50
2015-04-29T09:20:17	Phase_T0	9770
2015-04-29T09:20:17	Freq_Thick	50
2015-04-29T09:20:17	Phase_Thick	1426
2015-04-29T09:20:21	Error_T0	-1
2015-04-29T09:20:41	Error_Thick	-1
2015-04-29T09:20:44	Fermi_Speed	200
2015-04-29T09:20:44	T_Head	47.9430353207322
2015-04-29T09:20:45	Fermi_delay	2742.003968
2015-04-29T09:20:46	Moderator_Temp	109.75
2015-04-29T09:20:47	Freq_T0	50
2015-04-29T09:20:47	Phase_T0	9770
2015-04-29T09:20:47	Phase_Thick	1426
2015-04-29T09:20:47	T_Sample	50.0589675898722
2015-04-29T09:20:48	Freq_Thick	50
2015-04-29T09:20:52	Error_T0	-2
2015-04-29T09:21:11	Error_Thick	0
2015-04-29T09:21:14	Fermi_Speed	200
2015-04-29T09:21:14	T_Head	47.9263957025879
2015-04-29T09:21:15	Fermi_delay	2742.003968
2015-04-29T09:21:16	Moderator_Temp	109.75
2015-04-29T09:21:18	Freq_T0	50
2015-04-29T09:21:18	Phase_T0	9770
2015-04-29T09:21:18	Freq_Thick	50
2015-04-29T09:21:18	Phase_Thick	1426
2015-04-29T09:21:18	T_Sample	50.0589675898722
2015-04-29T09:21:23	Error_T0	-2
2015-04-29T09:21:41	Error_Thick	0
2015-04-29T09:21:45	Fermi_Speed	200
2015-04-29T09:21:45	Fermi_delay	2742.003968
2015-04-29T09:21:45	T_Head	47.9596749388764
2015-04-29T09:21:46	Moderator_Temp	109.75
2015-04-29T09:21:48	Freq_T0	50
2015-04-29T09:21:48	Phase_T0	9770
2015-04-29T09:21:48	Freq_Thick	50
2015-04-29T09:21:48	Phase_Thick	1426
2015-04-29T09:21:48	T_Sample	50.0589675898722
2015-04-29T09:21:54	Error_T0	0
2015-04-29T09:22:12	Error_Thick	-1
2015-04-29T09:22:15	Fermi_Speed	200
2015-04-29T09:22:15	Fermi_delay	2742.02381
2015-04-29T09:22:15	T_Head	47.9263957025879
2015-04-29T09:22:16	Moderator_Temp	109.787506103516
2015-04-29T09:22:18	Freq_T0	50
2015-04-29T09:22:18	Phase_T0	9770
2015-04-29T09:22:18	Freq_Thick	50
2015-04-29T09:22:18	Phase_Thick	1426
2015-04-29T09:22:18	T_Sample	50.0432070873079
2015-04-29T09:22:24	Error_T0	-1
2015-04-29T09:22:42	Error_Thick	-1
2015-04-29T09:22:45	Fermi_Speed	200
2015-04-29T09:22:45	Fermi_delay	2742.003968
2015-04-29T09:22:45	T_Head	47.9430353207322
2015-04-29T09:22:46	Moderator_Temp	109.75
2015-04-29T09:22:48	Freq_T0	50
2015-04-29T09:22:48	Phase_T0	9770
2015-04-29T09:22:48	Freq_Thick	50
2015-04-29T09:22:48	Phase_Thick	1426
2015-04-29T09:22:48	T_Sample	50.0589675898722
2015-04-29T09:22:54	Error_T0	-1
2015-04-29T09:23:13	Error_Thick	-1
2015-04-29T09:23:16	Fermi_Speed	200
2015-04-29T09:23:16	Fermi_delay	2742.003968
2015-04-29T09:23:16	T_Head	47.9596749388764
2015-04-29T09:23:17	Moderator_Temp	109.787506103516
2015-04-29T09:23:19	Freq_T0	50
2015-04-29T09:23:19	Phase_T0	9770
2015-04-29T09:23:19	Freq_Thick	50
2015-04-29T09:23:19	Phase_Thick	1426
2015-04-29T09:23:19	T_Sample	50.0589675898722
2015-04-29T09:23:25	Error_T0	1
2015-04-29T09:23:43	Error_Thick	0
2015-04-29T09:23:46	Fermi_Speed	200
2015-04-29T09:23:46	Fermi_delay	2742.003968
2015-04-29T09:23:46	T_Head	47.9430353207322
2015-04-29T09:23:47	Moderator_Temp	109.75
2015-04-29T09:23:49	Freq_T0	50
2015-04-29T09:23:49	Phase_T0	9770
2015-04-29T09:23:49	Freq_Thick	50
2015-04-29T09:23:49	Phase_Thick	1426
2015-04-29T09:23:49	T_Sample	50.0747280924365
2015-04-29T09:23:55	Error_T0	-1
2015-04-29T09:24:13	Error_Thick	-1
2015-04-29T09:24:16	Fermi_Speed	200
2015-04-29T09:24:16	Fermi_delay	2742.02381
2015-04-29T09:24:16	T_Head	47.9596749388764
2015-04-29T09:24:17	Moderator_Temp	109.75
2015-04-29T09:24:19	Freq_T0	50
2015-04-29T09:24:19	Phase_T0	9770
2015-04-29T09:24:19	Freq_Thick	50
2015-04-29T09:24:19	Phase_Thick	1426
2015-04-29T09:24:19	T_Sample	50.0589675898722
2015-04-29T09:24:25	Error_T0	-1
2015-04-29T09:24:43	Error_Thick	-1
2015-04-29T09:24:46	Fermi_Speed	200
2015-04-29T09:24:46	Fermi_delay	2742.02381
2015-04-29T09:24:46	T_Head	47.9263957025879
2015-04-29T09:24:47	Moderator_Temp	109.75
2015-04-29T09:24:49	Freq_T0	49.99
2015-04-29T09:24:49	Phase_T0	9770
2015-04-29T09:24:49	Freq_Thick	50
2015-04-29T09:24:49	Phase_Thick	1426
2015-04-29T09:24:49	T_Sample	50.0589675898722
2015-04-29T09:24:55	Error_T0	-1
2015-04-29T09:25:13	Error_Thick	0
2015-04-29T09:25:16	Fermi_Speed	200
2015-04-29T09:25:16	Fermi_delay	2742.003968
2015-04-29T09:25:16	T_Head	47.9596749388764
2015-04-29T09:25:17	Moderator_Temp	109.75
2015-04-29T09:25:19	Freq_T0	50
2015-04-29T09:25:19	Phase_T0	9770
2015-04-29T09:25:19	Freq_Thick	50
2015-04-29T09:25:19	Phase_Thick	1426
2015-04-29T09:25:19	T_Sample	50.0589675898722
2015-04-29T09:25:25	Error_T0	0
2015-04-29T09:25:43	Error_Thick	-1
2015-04-29T09:25:46	Fermi_Speed	200
2015-04-29T09:25:46	Fermi_delay	2742.02381
2015-04-29T09:25:46	T_Head	47.9263957025879
2015-04-29T09:25:47	Moderator_Temp	109.75
2015-04-29T09:25:49	Freq_T0	50
2015-04-29T09:25:49	Phase_T0	9770
2015-04-29T09:25:49	Freq_Thick	50
2015-04-29T09:25:49	Phase_Thick	1426
2015-04-29T09:25:49	T_Sample	50.0589675898722
2015-04-29T09:25:55	Error_T0	-1
2015-04-29T09:26:13	Error_Thick	0
2015-04-29T09:26:16	Fermi_Speed	200
2015-04-29T09:26:16	Fermi_delay	2742.02381
2015-04-29T09:26:16	T_Head	47.9430353207322
2015-04-29T09:26:17	Moderator_Temp	109.75
2015-04-29T09:26:19	Freq_T0	50
2015-04-29T09:26:19	Phase_T0	9770
2015-04-29T09:26:19	Freq_Thick	50
2015-04-29T09:26:19	Phase_Thick	1426
2015-04-29T09:26:19	T_Sample	50.0589675898722
2015-04-29T09:26:25	Error_T0	-1
2015-04-29T09:26:43	Error_Thick	-1
2015-04-29T09:26:46	Fermi_Speed	200
2015-04-29T09:26:46	Fermi_delay	2742.043651
2015-04-29T09:26:46	T_Head	47.9263957025879
2015-04-29T09:26:47	Moderator_Temp	109.75
2015-04-29T09:26:49	Freq_T0	49.99
2015-04-29T09:26:49	Phase_T0	9770
2015-04-29T09:26:49	Freq_Thick	50
2015-04-29T09:26:49	Phase_Thick	1426
2015-04-29T09:26:49	T_Sample	50.0589675898722
2015-04-29T09:26:55	Error_T0	-1
2015-04-29T09:27:13	Error_Thick	-1
2015-04-29T09:27:16	Fermi_Speed	200
2015-04-29T09:27:16	Fermi_delay	2742.003968
2015-04-29T09:27:16	T_Head	47.9596749388764
2015-04-29T09:27:17	Moderator_Temp	109.75
2015-04-29T09:27:19	Freq_T0	50
2015-04-29T09:27:19	Phase_T0	9770
2015-04-29T09:27:19	Freq_Thick	50
2015-04-29T09:27:19	Phase_Thick	1426
2015-04-29T09:27:19	T_Sample	50.0747280924365
2015-04-29T09:27:25	Error_T0	5
2015-04-29T09:27:43	Error_Thick	0
2015-04-29T09:27:46	Fermi_Speed	200
2015-04-29T09:27:46	Fermi_delay	2741.984127
2015-04-29T09:27:46	T_Head	47.9430353207322
2015-04-29T09:27:47	Moderator_Temp	109.75
2015-04-29T09:27:49	Freq_T0	50
2015-04-29T09:27:49	Phase_T0	9770
2015-04-29T09:27:49	Freq_Thick	50
2015-04-29T09:27:49	Phase_Thick	1426
2015-04-29T09:27:49	T_Sample	50.0589675898722
2015-04-29T09:27:55	Error_T0	-1
2015-04-29T09:28:13	Error_Thick	-1
2015-04-29T09:28:16	Fermi_Speed	200
2015-04-29T09:28:16	Fermi_delay	2742.003968
2015-04-29T09:28:16	T_Head	47.9430353207322
2015-04-29T09:28:17	Moderator_Temp	109.75
2015-04-29T09:28:19	Freq_T0	49.99
2015-04-29T09:28:19	Phase_T0	9770
2015-04-29T09:28:19	Freq_Thick	50
2015-04-29T09:28:19	Phase_Thick	1426
2015-04-29T09:28:19	T_Sample	50.0432070873079
2015-04-29T09:28:25	Error_T0	-1
2015-04-29T09:28:43	Error_Thick	0
2015-04-29T09:28:46	Fermi_Speed	200
2015-04-29T09:28:46	Fermi_delay	2742.02381
2015-04-29T09:28:46	T_Head	47.9097560844437
2015-04-29T09:28:47	Moderator_Temp	109.75
2015-04-29T09:28:49	Freq_T0	50
2015-04-29T09:28:49	Phase_T0	9770
2015-04-29T09:28:49	Freq_Thick	50
2015-04-29T09:28:49	Phase_Thick	1426
2015-04-29T09:28:49	T_Sample	50.0589675898722
2015-04-29T09:28:55	Error_T0	-1
2015-04-29T09:29:13	Error_Thick	-1
2015-04-29T09:29:16	Fermi_Speed	200
2015-04-29T09:29:16	Fermi_delay	2742.02381
2015-04-29T09:29:16	T_Head	47.992954175165
2015-04-29T09:29:17	Moderator_Temp	109.75
2015-04-29T09:29:19	Freq_T0	50
2015-04-29T09:29:19	Phase_T0	9770
2015-04-29T09:29:19	Freq_Thick	50
2015-04-29T09:29:19	Phase_Thick	1426
2015-04-29T09:29:19	T_Sample	50.0747280924365
2015-04-29T09:29:25	Error_T0	0
2015-04-29T09:29:43	Error_Thick	-1
2015-04-29T09:29:47	Fermi_Speed	200
2015-04-29T09:29:47	Fermi_delay	2742.02381
2015-04-29T09:29:47	T_Head	47.9596749388764
2015-04-29T09:29:48	Moderator_Temp	109.75
2015-04-29T09:29:50	Freq_T0	50
2015-04-29T09:29:50	Phase_T0	9770
2015-04-29T09:29:50	Freq_Thick	50
2015-04-29T09:29:50	Phase_Thick	1426
2015-04-29T09:29:50	T_Sample	50.0589675898722
2015-04-29T09:29:56	Error_T0	0
2015-04-29T09:30:14	Error_Thick	0
2015-04-29T09:30:17	Fermi_Speed	200
2015-04-29T09:30:17	Fermi_delay	2742.02381
2015-04-29T09:30:17	T_Head	47.9097560844437
2015-04-29T09:30:18	Moderator_Temp	109.75
2015-04-29T09:30:20	Freq_T0	50
2015-04-29T09:30:20	Phase_T0	9770
2015-04-29T09:30:20	Freq_Thick	50
2015-04-29T09:30:20	Phase_Thick	1426
2015-04-29T09:30:20	T_Sample	50.0589675898722
2015-04-29T09:30:26	Error_T0	-1
2015-04-29T09:30:44	Error_Thick	0
2015-04-29T09:30:47	Fermi_Speed	200
2015-04-29T09:30:47	Fermi_delay	2742.003968
2015-04-29T09:30:47	T_Head	47.9430353207322
2015-04-29T09:30:48	Moderator_Temp	109.75
2015-04-29T09:30:50	Freq_T0	50
2015-04-29T09:30:50	Phase_T0	9770
2015-04-29T09:30:50	Freq_Thick	50
2015-04-29T09:30:50	Phase_Thick	1426
2015-04-29T09:30:50	T_Sample	50.0589675898722
2015-04-29T09:30:56	Error_T0	-1
2015-04-29T09:31:15	Error_Thick	0
2015-04-29T09:31:18	Fermi_Speed	200
2015-04-29T09:31:18	Fermi_delay	2741.984127
2015-04-29T09:31:18	T_Head	47.9596749388764
2015-04-29T09:31:19	Moderator_Temp	109.75
2015-04-29T09:31:21	Freq_T0	50
2015-04-29T09:31:21	Phase_T0	9770
2015-04-29T09:31:21	Freq_Thick	50
2015-04-29T09:31:21	Phase_Thick	1426
2015-04-29T09:31:21	T_Sample	50.0432070873079
2015-04-29T09:31:27	Error_T0	-1
2015-04-29T09:31:45	Error_Thick	0
2015-04-29T09:31:48	Fermi_Speed	200
2015-04-29T09:31:48	Fermi_delay	2742.003968
2015-04-29T09:31:48	T_Head	47.9263957025879
2015-04-29T09:31:49	Moderator_Temp	109.75
2015-04-29T09:31:51	Freq_T0	50
2015-04-29T09:31:51	Phase_T0	9770
2015-04-29T09:31:51	Freq_Thick	50
2015-04-29T09:31:51	Phase_Thick	1426
2015-04-29T09:31:51	T_Sample	50.0589675898722
2015-04-29T09:31:57	Error_T0	-1
2015-04-29T09:32:16	Error_Thick	-1
2015-04-29T09:32:19	Moderator_Temp	109.712501525879
2015-04-29T09:32:19	Fermi_Speed	200
2015-04-29T09:32:19	Fermi_delay	2741.984127
2015-04-29T09:32:19	T_Head	47.9596749388764
2015-04-29T09:32:22	Freq_T0	50
2015-04-29T09:32:22	Phase_T0	9770
2015-04-29T09:32:22	Freq_Thick	50
2015-04-29T09:32:22	Phase_Thick	1426
2015-04-29T09:32:22	T_Sample	50.0589675898722
2015-04-29T09:32:27	Error_T0	2
2015-04-29T09:32:46	Error_Thick	-1
2015-04-29T09:32:49	Moderator_Temp	109.712501525879
2015-04-29T09:32:49	Fermi_Speed	200
2015-04-29T09:32:49	Fermi_delay	2742.02381
2015-04-29T09:32:49	T_Head	47.9763145570207
2015-04-29T09:32:53	Freq_T0	50
2015-04-29T09:32:53	Phase_T0	9770
2015-04-29T09:32:53	Freq_Thick	50
2015-04-29T09:32:53	Phase_Thick	1426
2015-04-29T09:32:53	T_Sample	50.0589675898722
2015-04-29T09:32:58	Error_T0	0
2015-04-29T09:33:16	Error_Thick	-1
2015-04-29T09:33:20	Moderator_Temp	109.712501525879
2015-04-29T09:33:20	Fermi_Speed	200
2015-04-29T09:33:20	Fermi_delay	2742.003968
2015-04-29T09:33:20	T_Head	47.9097560844437
2015-04-29T09:33:23	Freq_T0	50
2015-04-29T09:33:23	Phase_T0	9770
2015-04-29T09:33:23	Freq_Thick	50
2015-04-29T09:33:23	Phase_Thick	1426
2015-04-29T09:33:23	T_Sample	50.0589675898722
2015-04-29T09:33:28	Error_T0	0
2015-04-29T09:33:47	Error_Thick	0
2015-04-29T09:33:50	Moderator_Temp	109.712501525879
2015-04-29T09:33:50	Fermi_Speed	200
2015-04-29T09:33:50	Fermi_delay	2741.984127
2015-04-29T09:33:50	T_Head	47.9263957025879
2015-04-29T09:33:53	Freq_T0	50
2015-04-29T09:33:53	Freq_Thick	50
2015-04-29T09:33:53	T_Sample	50.0589675898722
2015-04-29T09:33:54	Phase_T0	9770
2015-04-29T09:33:54	Phase_Thick	1426
2015-04-29T09:33:59	Error_T0	-1
2015-04-29T09:34:17	Error_Thick	-1
2015-04-29T09:34:20	Moderator_Temp	109.712501525879
2015-04-29T09:34:20	Fermi_Speed	200
2015-04-29T09:34:20	Fermi_delay	2742.003968
2015-04-29T09:34:20	T_Head	47.9596749388764
2015-04-29T09:34:23	Freq_T0	50
2015-04-29T09:34:23	Freq_Thick	50
2015-04-29T09:34:23	T_Sample	50.0589675898722
2015-04-29T09:34:24	Phase_T0	9770
2015-04-29T09:34:24	Phase_Thick	1426
2015-04-29T09:34:29	Error_T0	-1
2015-04-29T09:34:47	Error_Thick	-1
2015-04-29T09:34:50	Moderator_Temp	109.712501525879
2015-04-29T09:34:50	Fermi_Speed	200
2015-04-29T09:34:50	Fermi_delay	2742.02381
2015-04-29T09:34:50	T_Head	47.9430353207322
2015-04-29T09:34:53	Freq_T0	50
2015-04-29T09:34:53	Freq_Thick	50
2015-04-29T09:34:53	T_Sample	50.0432070873079
2015-04-29T09:34:54	Phase_T0	9770
2015-04-29T09:34:54	Phase_Thick	1426
2015-04-29T09:34:59	Error_T0	0
