2015-04-29T12:16:34	Error_Thick	0
2015-04-29T12:16:44	Moderator_Temp	109.9375
2015-04-29T12:16:44	Fermi_Speed	150
2015-04-29T12:16:46	Fermi_delay	6617.996032
2015-04-29T12:16:46	Freq_T0	50
2015-04-29T12:16:46	Phase_T0	9770
2015-04-29T12:16:46	Error_T0	-1
2015-04-29T12:16:46	Freq_Thick	50
2015-04-29T12:16:46	T_Head	24.3262128620344
2015-04-29T12:16:46	T_Sample	17.000487919833
2015-04-29T12:16:48	Phase_Thick	4152
2015-04-29T12:17:04	Error_Thick	-1
2015-04-29T12:17:14	Moderator_Temp	109.900001525879
2015-04-29T12:17:14	Fermi_Speed	150
2015-04-29T12:17:16	Fermi_delay	6617.936508
2015-04-29T12:17:16	Freq_T0	50
2015-04-29T12:17:16	Phase_T0	9770
2015-04-29T12:17:16	Error_T0	-1
2015-04-29T12:17:16	Freq_Thick	50
2015-04-29T12:17:16	T_Head	51.8410221610404
2015-04-29T12:17:16	T_Sample	84.7838744455402
2015-04-29T12:17:18	Phase_Thick	4152
2015-04-29T12:17:34	Error_Thick	-1
2015-04-29T12:17:44	Moderator_Temp	109.900001525879
2015-04-29T12:17:44	Fermi_Speed	150
2015-04-29T12:17:46	Fermi_delay	6618.035714
2015-04-29T12:17:46	Freq_T0	50
2015-04-29T12:17:46	Phase_T0	9770
2015-04-29T12:17:46	Error_T0	-1
2015-04-29T12:17:46	Freq_Thick	50
2015-04-29T12:17:46	T_Head	63.9710975324559
2015-04-29T12:17:46	T_Sample	110.772561995325
2015-04-29T12:17:48	Phase_Thick	4152
2015-04-29T12:18:04	Error_Thick	0
2015-04-29T12:18:14	Moderator_Temp	109.900001525879
2015-04-29T12:18:14	Fermi_Speed	150
2015-04-29T12:18:16	Fermi_delay	6618.035714
2015-04-29T12:18:16	Freq_T0	49.99
2015-04-29T12:18:16	Phase_T0	9770
2015-04-29T12:18:16	Error_T0	1
2015-04-29T12:18:16	Freq_Thick	50
2015-04-29T12:18:16	T_Head	73.596709453861
2015-04-29T12:18:16	T_Sample	109.466250762057
2015-04-29T12:18:18	Phase_Thick	4152
2015-04-29T12:18:34	Error_Thick	-1
2015-04-29T12:18:44	Moderator_Temp	109.900001525879
2015-04-29T12:18:44	Fermi_Speed	150
2015-04-29T12:18:46	Fermi_delay	6617.936508
2015-04-29T12:18:46	Freq_T0	49.99
2015-04-29T12:18:46	Phase_T0	9770
2015-04-29T12:18:46	Error_T0	1
2015-04-29T12:18:46	Freq_Thick	50
2015-04-29T12:18:46	T_Head	81.7934967539733
2015-04-29T12:18:46	T_Sample	104.524750177379
2015-04-29T12:18:48	Phase_Thick	4152
2015-04-29T12:19:04	Error_Thick	0
2015-04-29T12:19:14	Moderator_Temp	109.900001525879
2015-04-29T12:19:14	Fermi_Speed	150
2015-04-29T12:19:16	Fermi_delay	6617.97619
2015-04-29T12:19:16	Freq_T0	50
2015-04-29T12:19:16	Phase_T0	9770
2015-04-29T12:19:16	Error_T0	-1
2015-04-29T12:19:16	Freq_Thick	50
2015-04-29T12:19:16	T_Head	88.8174987548854
2015-04-29T12:19:16	T_Sample	100.247731678897
2015-04-29T12:19:18	Phase_Thick	4152
2015-04-29T12:19:34	Error_Thick	-1
2015-04-29T12:19:44	Moderator_Temp	109.862503051758
2015-04-29T12:19:44	Fermi_Speed	150
2015-04-29T12:19:46	Error_T0	-1
2015-04-29T12:19:47	Fermi_delay	6617.996032
2015-04-29T12:19:47	Freq_T0	50
2015-04-29T12:19:47	Phase_T0	9770
2015-04-29T12:19:47	Freq_Thick	50
2015-04-29T12:19:47	T_Head	95.3256584207161
2015-04-29T12:19:47	T_Sample	0
2015-04-29T12:19:49	Phase_Thick	4152
2015-04-29T12:20:04	Error_Thick	-1
2015-04-29T12:20:15	Moderator_Temp	109.862503051758
2015-04-29T12:20:15	Fermi_Speed	150
2015-04-29T12:20:17	Error_T0	0
2015-04-29T12:20:18	Fermi_delay	6617.97619
2015-04-29T12:20:18	Freq_T0	50
2015-04-29T12:20:18	Phase_T0	9770
2015-04-29T12:20:18	Freq_Thick	50
2015-04-29T12:20:18	T_Head	101.200679411601
2015-04-29T12:20:18	T_Sample	0
2015-04-29T12:20:20	Phase_Thick	4152
2015-04-29T12:20:35	Error_Thick	0
2015-04-29T12:20:45	Moderator_Temp	109.862503051758
2015-04-29T12:20:45	Fermi_Speed	150
2015-04-29T12:20:47	Error_T0	-1
2015-04-29T12:20:48	Fermi_delay	6618.035714
2015-04-29T12:20:48	Freq_T0	50
2015-04-29T12:20:48	Phase_T0	9770
2015-04-29T12:20:48	Freq_Thick	50
2015-04-29T12:20:48	T_Head	105.65544251289
2015-04-29T12:20:48	T_Sample	0
2015-04-29T12:20:50	Phase_Thick	4152
2015-04-29T12:21:05	Error_Thick	0
2015-04-29T12:21:15	Moderator_Temp	109.862503051758
2015-04-29T12:21:15	Fermi_Speed	150
2015-04-29T12:21:17	Error_T0	-1
2015-04-29T12:21:18	Fermi_delay	6618.035714
2015-04-29T12:21:18	Freq_T0	50
2015-04-29T12:21:18	Phase_T0	9770
2015-04-29T12:21:18	Freq_Thick	50
2015-04-29T12:21:18	T_Head	105.369880775628
2015-04-29T12:21:18	T_Sample	0
2015-04-29T12:21:20	Phase_Thick	4152
2015-04-29T12:21:36	Error_Thick	0
2015-04-29T12:21:45	Moderator_Temp	109.862503051758
2015-04-29T12:21:45	Fermi_Speed	150
2015-04-29T12:21:48	Fermi_delay	6617.956349
2015-04-29T12:21:48	Freq_T0	50
2015-04-29T12:21:48	Phase_T0	9770
2015-04-29T12:21:48	Error_T0	-1
2015-04-29T12:21:48	Freq_Thick	50
2015-04-29T12:21:48	T_Head	102.447632330979
2015-04-29T12:21:48	T_Sample	0
2015-04-29T12:21:50	Phase_Thick	4152
2015-04-29T12:22:07	Error_Thick	0
2015-04-29T12:22:16	Moderator_Temp	109.862503051758
2015-04-29T12:22:16	Fermi_Speed	150
2015-04-29T12:22:19	Fermi_delay	6617.956349
2015-04-29T12:22:19	Freq_T0	50
2015-04-29T12:22:19	Phase_T0	9770
2015-04-29T12:22:19	Error_T0	-1
2015-04-29T12:22:19	Freq_Thick	50
2015-04-29T12:22:19	T_Head	99.1039333613232
2015-04-29T12:22:19	T_Sample	0
2015-04-29T12:22:21	Phase_Thick	4152
2015-04-29T12:22:37	Error_Thick	-1
2015-04-29T12:22:46	Moderator_Temp	109.862503051758
2015-04-29T12:22:46	Fermi_Speed	150
2015-04-29T12:22:49	Fermi_delay	6618.015873
2015-04-29T12:22:49	Freq_T0	50
2015-04-29T12:22:49	Phase_T0	9770
2015-04-29T12:22:49	Error_T0	0
2015-04-29T12:22:49	Freq_Thick	50
2015-04-29T12:22:49	T_Head	96.0567722501476
2015-04-29T12:22:49	T_Sample	0
2015-04-29T12:22:51	Phase_Thick	4152
2015-04-29T12:23:08	Error_Thick	0
2015-04-29T12:23:17	Moderator_Temp	109.862503051758
2015-04-29T12:23:17	Fermi_Speed	150
2015-04-29T12:23:20	Fermi_delay	6618.055556
2015-04-29T12:23:20	Freq_T0	50
2015-04-29T12:23:20	Phase_T0	9770
2015-04-29T12:23:20	Error_T0	-1
2015-04-29T12:23:20	Freq_Thick	50
2015-04-29T12:23:20	T_Head	94.643436530941
2015-04-29T12:23:20	T_Sample	0
2015-04-29T12:23:22	Phase_Thick	4152
2015-04-29T12:23:38	Error_Thick	0
2015-04-29T12:23:47	Moderator_Temp	109.862503051758
2015-04-29T12:23:47	Fermi_Speed	150
2015-04-29T12:23:50	Fermi_delay	6618.055556
2015-04-29T12:23:50	Freq_T0	50
2015-04-29T12:23:50	Phase_T0	9770
2015-04-29T12:23:50	Error_T0	-1
2015-04-29T12:23:50	Freq_Thick	50
2015-04-29T12:23:50	T_Head	98.9693584226592
2015-04-29T12:23:50	T_Sample	0
2015-04-29T12:23:52	Phase_Thick	4152
2015-04-29T12:24:08	Error_Thick	-1
2015-04-29T12:24:17	Moderator_Temp	109.862503051758
2015-04-29T12:24:17	Fermi_Speed	150
2015-04-29T12:24:20	Fermi_delay	6617.996032
2015-04-29T12:24:20	Freq_T0	50
2015-04-29T12:24:20	Phase_T0	9770
2015-04-29T12:24:20	Error_T0	-1
2015-04-29T12:24:20	Freq_Thick	50
2015-04-29T12:24:20	T_Head	105.07480031379
2015-04-29T12:24:20	T_Sample	0
2015-04-29T12:24:22	Phase_Thick	4152
2015-04-29T12:24:38	Error_Thick	-1
2015-04-29T12:24:47	Moderator_Temp	109.862503051758
2015-04-29T12:24:47	Fermi_Speed	150
2015-04-29T12:24:50	Fermi_delay	6617.956349
2015-04-29T12:24:50	Freq_T0	50
2015-04-29T12:24:50	Phase_T0	9770
2015-04-29T12:24:50	Error_T0	-1
2015-04-29T12:24:50	Freq_Thick	50
2015-04-29T12:24:50	T_Head	107.0832511992
2015-04-29T12:24:50	T_Sample	0
2015-04-29T12:24:53	Phase_Thick	4152
2015-04-29T12:25:08	Error_Thick	-1
2015-04-29T12:25:18	Moderator_Temp	109.862503051758
2015-04-29T12:25:18	Fermi_Speed	150
2015-04-29T12:25:21	Fermi_delay	6617.936508
2015-04-29T12:25:21	Freq_T0	50
2015-04-29T12:25:21	Phase_T0	9770
2015-04-29T12:25:21	Error_T0	-2
2015-04-29T12:25:21	Freq_Thick	50
2015-04-29T12:25:21	T_Head	105.112875212092
2015-04-29T12:25:21	T_Sample	0
2015-04-29T12:25:23	Phase_Thick	4152
2015-04-29T12:25:39	Error_Thick	-1
2015-04-29T12:25:48	Moderator_Temp	109.862503051758
2015-04-29T12:25:48	Fermi_Speed	150
2015-04-29T12:25:51	Fermi_delay	6618.055556
2015-04-29T12:25:51	Freq_T0	49.99
2015-04-29T12:25:51	Error_T0	0
2015-04-29T12:25:51	Freq_Thick	50
2015-04-29T12:25:51	T_Head	102.381001258951
2015-04-29T12:25:51	T_Sample	0
2015-04-29T12:25:52	Phase_T0	9770
2015-04-29T12:25:53	Phase_Thick	4152
2015-04-29T12:26:10	Error_Thick	-1
2015-04-29T12:26:18	Moderator_Temp	109.824996948242
2015-04-29T12:26:19	Fermi_Speed	150
2015-04-29T12:26:21	Fermi_delay	6617.97619
2015-04-29T12:26:21	Freq_T0	50
2015-04-29T12:26:21	Error_T0	0
2015-04-29T12:26:22	Phase_T0	9770
2015-04-29T12:26:22	Freq_Thick	50
2015-04-29T12:26:22	T_Head	99.5364956641714
2015-04-29T12:26:22	T_Sample	0
2015-04-29T12:26:23	Phase_Thick	4152
2015-04-29T12:26:40	Error_Thick	0
2015-04-29T12:26:48	Moderator_Temp	109.824996948242
2015-04-29T12:26:49	Fermi_Speed	150
2015-04-29T12:26:52	Fermi_delay	6617.996032
2015-04-29T12:26:52	Freq_T0	50
2015-04-29T12:26:52	Error_T0	-1
2015-04-29T12:26:53	Phase_T0	9770
2015-04-29T12:26:53	Freq_Thick	50
2015-04-29T12:26:53	T_Head	96.8546093865122
2015-04-29T12:26:53	T_Sample	0
2015-04-29T12:26:54	Phase_Thick	4152
2015-04-29T12:27:10	Error_Thick	-1
2015-04-29T12:27:19	Moderator_Temp	109.824996948242
2015-04-29T12:27:20	Fermi_Speed	150
2015-04-29T12:27:22	Fermi_delay	6618.055556
2015-04-29T12:27:22	Freq_T0	50
2015-04-29T12:27:22	Error_T0	-1
2015-04-29T12:27:23	Phase_T0	9770
2015-04-29T12:27:23	Freq_Thick	50
2015-04-29T12:27:23	T_Head	95.0430236378093
2015-04-29T12:27:23	T_Sample	0
2015-04-29T12:27:24	Phase_Thick	4152
2015-04-29T12:27:40	Error_Thick	0
2015-04-29T12:27:49	Moderator_Temp	109.862503051758
2015-04-29T12:27:50	Fermi_Speed	150
2015-04-29T12:27:52	Fermi_delay	6618.035714
2015-04-29T12:27:52	Freq_T0	50
2015-04-29T12:27:52	Error_T0	0
2015-04-29T12:27:53	Phase_T0	9770
2015-04-29T12:27:53	Freq_Thick	50
2015-04-29T12:27:53	T_Head	98.0369463476307
2015-04-29T12:27:53	T_Sample	0
2015-04-29T12:27:54	Phase_Thick	4152
2015-04-29T12:28:10	Error_Thick	0
2015-04-29T12:28:19	Moderator_Temp	109.862503051758
2015-04-29T12:28:20	Fermi_Speed	150
2015-04-29T12:28:22	Fermi_delay	6618.055556
2015-04-29T12:28:22	Freq_T0	50
2015-04-29T12:28:22	Error_T0	0
2015-04-29T12:28:23	Phase_T0	9770
2015-04-29T12:28:23	Freq_Thick	50
2015-04-29T12:28:23	T_Head	103.818328669837
2015-04-29T12:28:23	T_Sample	0
2015-04-29T12:28:24	Phase_Thick	4152
2015-04-29T12:28:40	Error_Thick	0
2015-04-29T12:28:49	Moderator_Temp	109.862503051758
2015-04-29T12:28:50	Fermi_Speed	150
2015-04-29T12:28:52	Fermi_delay	6617.97619
2015-04-29T12:28:52	Freq_T0	50
2015-04-29T12:28:52	Error_T0	0
2015-04-29T12:28:53	Phase_T0	9770
2015-04-29T12:28:53	Freq_Thick	50
2015-04-29T12:28:53	T_Head	118.279284117573
2015-04-29T12:28:53	T_Sample	0
2015-04-29T12:28:54	Phase_Thick	4152
2015-04-29T12:29:10	Error_Thick	-1
2015-04-29T12:29:19	Moderator_Temp	109.824996948242
2015-04-29T12:29:20	Fermi_Speed	150
2015-04-29T12:29:22	Fermi_delay	6617.956349
2015-04-29T12:29:22	Freq_T0	50
2015-04-29T12:29:22	Error_T0	0
2015-04-29T12:29:23	Phase_T0	9770
2015-04-29T12:29:23	Freq_Thick	50
2015-04-29T12:29:23	T_Head	129.941053227589
2015-04-29T12:29:23	T_Sample	0
2015-04-29T12:29:24	Phase_Thick	4152
2015-04-29T12:29:40	Error_Thick	-1
2015-04-29T12:29:49	Moderator_Temp	109.824996948242
2015-04-29T12:29:50	Fermi_Speed	150
2015-04-29T12:29:52	Fermi_delay	6617.956349
2015-04-29T12:29:52	Freq_T0	50
2015-04-29T12:29:52	Error_T0	6
2015-04-29T12:29:53	Phase_T0	9770
2015-04-29T12:29:53	Freq_Thick	50
2015-04-29T12:29:53	T_Head	134.609187741481
2015-04-29T12:29:53	T_Sample	0
2015-04-29T12:29:54	Phase_Thick	4152
2015-04-29T12:30:10	Error_Thick	0
2015-04-29T12:30:19	Moderator_Temp	109.862503051758
2015-04-29T12:30:20	Fermi_Speed	150
2015-04-29T12:30:22	Fermi_delay	6617.97619
2015-04-29T12:30:22	Freq_T0	49.99
2015-04-29T12:30:22	Error_T0	0
2015-04-29T12:30:23	Phase_T0	9770
2015-04-29T12:30:23	Freq_Thick	50
2015-04-29T12:30:23	T_Head	135.371630423378
2015-04-29T12:30:23	T_Sample	0
2015-04-29T12:30:24	Phase_Thick	4152
2015-04-29T12:30:40	Error_Thick	-1
2015-04-29T12:30:49	Moderator_Temp	109.824996948242
2015-04-29T12:30:50	Fermi_Speed	150
2015-04-29T12:30:52	Fermi_delay	6618.035714
2015-04-29T12:30:52	Freq_T0	50
2015-04-29T12:30:52	Error_T0	-1
2015-04-29T12:30:53	Phase_T0	9770
2015-04-29T12:30:53	Freq_Thick	50
2015-04-29T12:30:53	T_Head	136.610599781459
2015-04-29T12:30:53	T_Sample	0
2015-04-29T12:30:54	Phase_Thick	4152
2015-04-29T12:31:11	Error_Thick	-1
2015-04-29T12:31:19	Moderator_Temp	109.862503051758
2015-04-29T12:31:21	Fermi_Speed	150
2015-04-29T12:31:23	Fermi_delay	6618.035714
2015-04-29T12:31:23	Freq_T0	50
2015-04-29T12:31:23	Error_T0	-1
2015-04-29T12:31:24	Phase_T0	9770
2015-04-29T12:31:24	Freq_Thick	50
2015-04-29T12:31:24	T_Head	136.419989110985
2015-04-29T12:31:24	T_Sample	247.338769911551
2015-04-29T12:31:25	Phase_Thick	4152
2015-04-29T12:31:41	Error_Thick	0
2015-04-29T12:31:50	Moderator_Temp	109.862503051758
2015-04-29T12:31:51	Fermi_Speed	150
2015-04-29T12:31:53	Fermi_delay	6617.996032
2015-04-29T12:31:53	Freq_T0	49.99
2015-04-29T12:31:53	Error_T0	-1
2015-04-29T12:31:54	Phase_T0	9770
2015-04-29T12:31:54	Freq_Thick	50
2015-04-29T12:31:54	T_Head	136.610599781459
2015-04-29T12:31:54	T_Sample	239.057470868027
2015-04-29T12:31:55	Phase_Thick	4152
2015-04-29T12:32:11	Error_Thick	-1
2015-04-29T12:32:21	Moderator_Temp	109.824996948242
2015-04-29T12:32:22	Fermi_Speed	150
2015-04-29T12:32:24	Fermi_delay	6617.956349
2015-04-29T12:32:24	Freq_T0	50
2015-04-29T12:32:24	Error_T0	-1
2015-04-29T12:32:25	Phase_T0	9770
2015-04-29T12:32:25	Freq_Thick	50
2015-04-29T12:32:25	T_Head	136.419989110985
2015-04-29T12:32:25	T_Sample	235.513490907647
2015-04-29T12:32:26	Phase_Thick	4152
2015-04-29T12:32:42	Error_Thick	0
2015-04-29T12:32:51	Moderator_Temp	109.862503051758
2015-04-29T12:32:52	Fermi_Speed	150
2015-04-29T12:32:54	Fermi_delay	6617.936508
2015-04-29T12:32:54	Freq_T0	50
2015-04-29T12:32:54	Error_T0	-1
2015-04-29T12:32:55	Phase_T0	9770
2015-04-29T12:32:55	Freq_Thick	50
2015-04-29T12:32:55	T_Head	136.419989110985
2015-04-29T12:32:55	T_Sample	228.920716551366
2015-04-29T12:32:56	Phase_Thick	4152
2015-04-29T12:33:12	Error_Thick	-1
2015-04-29T12:33:22	Moderator_Temp	109.862503051758
2015-04-29T12:33:23	Fermi_Speed	150
2015-04-29T12:33:25	Fermi_delay	6617.97619
2015-04-29T12:33:25	Freq_T0	50
2015-04-29T12:33:25	Error_T0	0
2015-04-29T12:33:26	Phase_T0	9770
2015-04-29T12:33:26	Freq_Thick	50
2015-04-29T12:33:26	T_Head	135.848157099563
2015-04-29T12:33:26	T_Sample	226.170796283422
2015-04-29T12:33:27	Phase_Thick	4152
2015-04-29T12:33:42	Error_Thick	-1
2015-04-29T12:33:52	Moderator_Temp	109.862503051758
2015-04-29T12:33:53	Fermi_Speed	150
2015-04-29T12:33:55	Fermi_delay	6617.97619
2015-04-29T12:33:55	Freq_T0	50
2015-04-29T12:33:55	Error_T0	-1
2015-04-29T12:33:56	Phase_T0	9770
2015-04-29T12:33:56	Freq_Thick	50
2015-04-29T12:33:56	T_Head	135.181019752904
2015-04-29T12:33:56	T_Sample	221.358435814521
2015-04-29T12:33:57	Phase_Thick	4152
2015-04-29T12:34:12	Error_Thick	0
2015-04-29T12:34:22	Moderator_Temp	109.824996948242
2015-04-29T12:34:23	Fermi_Speed	150
2015-04-29T12:34:25	Fermi_delay	6618.035714
2015-04-29T12:34:25	Freq_T0	50
2015-04-29T12:34:25	Error_T0	-1
2015-04-29T12:34:26	Phase_T0	9770
2015-04-29T12:34:26	Freq_Thick	50
2015-04-29T12:34:26	T_Head	134.513882406244
2015-04-29T12:34:26	T_Sample	217.634656175281
2015-04-29T12:34:27	Phase_Thick	4152
2015-04-29T12:34:42	Error_Thick	-1
2015-04-29T12:34:53	Moderator_Temp	109.862503051758
2015-04-29T12:34:54	Fermi_Speed	150
2015-04-29T12:34:56	Fermi_delay	6617.97619
2015-04-29T12:34:56	Freq_T0	50
2015-04-29T12:34:56	Error_T0	-1
2015-04-29T12:34:57	Phase_T0	9770
2015-04-29T12:34:57	Freq_Thick	50
2015-04-29T12:34:57	T_Head	133.751439724347
2015-04-29T12:34:57	T_Sample	214.110517057532
2015-04-29T12:34:58	Phase_Thick	4152
2015-04-29T12:35:13	Error_Thick	-1
2015-04-29T12:35:23	Moderator_Temp	109.862503051758
2015-04-29T12:35:24	Fermi_Speed	150
2015-04-29T12:35:26	Fermi_delay	6617.996032
2015-04-29T12:35:26	Freq_T0	49.99
2015-04-29T12:35:26	Error_T0	-1
2015-04-29T12:35:27	Phase_T0	9770
2015-04-29T12:35:27	Freq_Thick	50
2015-04-29T12:35:27	T_Head	133.084302377688
2015-04-29T12:35:27	T_Sample	210.782163446324
2015-04-29T12:35:28	Phase_Thick	4152
2015-04-29T12:35:43	Error_Thick	999
2015-04-29T12:35:53	Moderator_Temp	109.862503051758
2015-04-29T12:35:54	Fermi_Speed	152.833333
2015-04-29T12:35:56	Fermi_delay	0
2015-04-29T12:35:56	Freq_T0	50
2015-04-29T12:35:56	Error_T0	-1
2015-04-29T12:35:57	Phase_T0	9770
2015-04-29T12:35:57	Freq_Thick	50
2015-04-29T12:35:57	T_Head	132.321859695791
2015-04-29T12:35:57	T_Sample	207.561700893748
2015-04-29T12:35:58	Phase_Thick	1779
2015-04-29T12:36:13	Error_Thick	-1
2015-04-29T12:36:18	Error_Thick	0
2015-04-29T12:36:23	Moderator_Temp	109.862503051758
2015-04-29T12:36:24	Fermi_Speed	178.916667
2015-04-29T12:36:26	Fermi_delay	0
2015-04-29T12:36:26	Freq_T0	50
2015-04-29T12:36:26	Error_T0	-1
2015-04-29T12:36:27	Phase_T0	9770
2015-04-29T12:36:27	Freq_Thick	50
2015-04-29T12:36:27	T_Head	131.464111678658
2015-04-29T12:36:27	T_Sample	204.441030714946
2015-04-29T12:36:30	Phase_Thick	1779
2015-04-29T12:36:48	Error_Thick	0
2015-04-29T12:36:53	Moderator_Temp	109.862503051758
2015-04-29T12:36:54	Fermi_Speed	200
2015-04-29T12:36:56	Fermi_delay	3558.115079
2015-04-29T12:36:56	Freq_T0	50
2015-04-29T12:36:56	Error_T0	0
2015-04-29T12:36:57	Phase_T0	9770
2015-04-29T12:36:57	Freq_Thick	50
2015-04-29T12:36:57	T_Head	130.701668996761
2015-04-29T12:36:57	T_Sample	201.515402422319
2015-04-29T12:37:00	Phase_Thick	1779
2015-04-29T12:37:18	Error_Thick	-1
2015-04-29T12:37:23	Moderator_Temp	109.862503051758
2015-04-29T12:37:24	Fermi_Speed	200
2015-04-29T12:37:26	Fermi_delay	3268.730159
2015-04-29T12:37:26	Freq_T0	50
2015-04-29T12:37:26	Error_T0	-1
2015-04-29T12:37:27	Phase_T0	9770
2015-04-29T12:37:27	Freq_Thick	50
2015-04-29T12:37:27	T_Head	129.846229715953
2015-04-29T12:37:27	T_Sample	198.598308846871
2015-04-29T12:37:31	Phase_Thick	1779
2015-04-29T12:37:48	Error_Thick	-1
2015-04-29T12:37:53	Moderator_Temp	109.862503051758
2015-04-29T12:37:54	Fermi_Speed	200
2015-04-29T12:37:56	Fermi_delay	3245.93254
2015-04-29T12:37:56	Freq_T0	50
2015-04-29T12:37:56	Error_T0	-1
2015-04-29T12:37:57	Phase_T0	9770
2015-04-29T12:37:57	Freq_Thick	50
2015-04-29T12:37:57	T_Head	129.087641622863
2015-04-29T12:37:57	T_Sample	195.882292082741
2015-04-29T12:38:01	Phase_Thick	1779
2015-04-29T12:38:18	Error_Thick	0
2015-04-29T12:38:23	Moderator_Temp	109.862503051758
2015-04-29T12:38:24	Fermi_Speed	200
2015-04-29T12:38:26	Fermi_delay	3245.555556
2015-04-29T12:38:26	Freq_T0	50
2015-04-29T12:38:26	Error_T0	-1
2015-04-29T12:38:27	Phase_T0	9770
2015-04-29T12:38:27	Freq_Thick	50
2015-04-29T12:38:27	T_Head	128.234230018136
2015-04-29T12:38:27	T_Sample	193.166275318612
2015-04-29T12:38:31	Phase_Thick	1779
2015-04-29T12:38:48	Error_Thick	-1
2015-04-29T12:38:53	Moderator_Temp	109.824996948242
2015-04-29T12:38:54	Fermi_Speed	200
2015-04-29T12:38:56	Fermi_delay	3245.039683
2015-04-29T12:38:56	Freq_T0	49.99
2015-04-29T12:38:56	Error_T0	0
2015-04-29T12:38:57	Phase_T0	9770
2015-04-29T12:38:57	Freq_Thick	50
2015-04-29T12:38:57	T_Head	127.38081841341
2015-04-29T12:38:57	T_Sample	190.547259153201
2015-04-29T12:39:01	Phase_Thick	1779
2015-04-29T12:39:18	Error_Thick	-1
2015-04-29T12:39:23	Moderator_Temp	109.824996948242
2015-04-29T12:39:24	Fermi_Speed	200
2015-04-29T12:39:26	Fermi_delay	3245
2015-04-29T12:39:26	Freq_T0	49.99
2015-04-29T12:39:26	Error_T0	0
2015-04-29T12:39:27	Phase_T0	9770
2015-04-29T12:39:27	Freq_Thick	50
2015-04-29T12:39:27	T_Head	126.527406808684
2015-04-29T12:39:27	T_Sample	188.03574695193
2015-04-29T12:39:31	Phase_Thick	1779
2015-04-29T12:39:48	Error_Thick	0
2015-04-29T12:39:53	Moderator_Temp	109.824996948242
2015-04-29T12:39:54	Fermi_Speed	200
2015-04-29T12:39:56	Fermi_delay	3245.019841
2015-04-29T12:39:56	Freq_T0	50
2015-04-29T12:39:56	Error_T0	-1
2015-04-29T12:39:57	Phase_T0	9770
2015-04-29T12:39:57	Freq_Thick	50
2015-04-29T12:39:57	T_Head	125.579171692321
2015-04-29T12:39:57	T_Sample	185.622505388339
2015-04-29T12:40:01	Phase_Thick	1779
2015-04-29T12:40:19	Error_Thick	0
2015-04-29T12:40:24	Moderator_Temp	109.824996948242
2015-04-29T12:40:25	Fermi_Speed	200
2015-04-29T12:40:26	Fermi_delay	3245
2015-04-29T12:40:26	Freq_T0	50
2015-04-29T12:40:26	Error_T0	-1
2015-04-29T12:40:27	Phase_T0	9770
2015-04-29T12:40:27	Freq_Thick	50
2015-04-29T12:40:27	T_Head	124.725760087594
2015-04-29T12:40:27	T_Sample	183.209263824747
2015-04-29T12:40:31	Phase_Thick	1779
2015-04-29T12:40:49	Error_Thick	-1
2015-04-29T12:40:54	Moderator_Temp	109.824996948242
2015-04-29T12:40:55	Fermi_Speed	200
2015-04-29T12:40:57	Fermi_delay	3245
2015-04-29T12:40:57	Freq_T0	50
2015-04-29T12:40:57	Error_T0	-1
2015-04-29T12:40:58	Phase_T0	9770
2015-04-29T12:40:58	Freq_Thick	49.99
2015-04-29T12:40:58	T_Head	123.777524971232
2015-04-29T12:40:58	T_Sample	180.796022261155
2015-04-29T12:41:01	Phase_Thick	1779
2015-04-29T12:41:19	Error_Thick	0
2015-04-29T12:41:25	Moderator_Temp	109.787506103516
2015-04-29T12:41:25	Fermi_Speed	200
2015-04-29T12:41:27	Fermi_delay	3245.019841
2015-04-29T12:41:27	Freq_T0	50
2015-04-29T12:41:27	Error_T0	-1
2015-04-29T12:41:28	Phase_T0	9770
2015-04-29T12:41:28	Freq_Thick	50
2015-04-29T12:41:28	T_Head	122.829289854869
2015-04-29T12:41:28	T_Sample	178.39522977303
2015-04-29T12:41:32	Phase_Thick	1779
2015-04-29T12:41:50	Error_Thick	0
2015-04-29T12:41:55	Fermi_Speed	200
2015-04-29T12:41:56	Moderator_Temp	109.824996948242
2015-04-29T12:41:58	Fermi_delay	3245
2015-04-29T12:41:58	Freq_T0	50
2015-04-29T12:41:58	Phase_T0	9770
2015-04-29T12:41:58	Error_T0	4
2015-04-29T12:41:58	Freq_Thick	50
2015-04-29T12:41:58	T_Head	121.975878250143
2015-04-29T12:41:58	T_Sample	176.190332406761
2015-04-29T12:42:02	Phase_Thick	1779
2015-04-29T12:42:20	Error_Thick	0
2015-04-29T12:42:25	Fermi_Speed	200
2015-04-29T12:42:26	Moderator_Temp	109.787506103516
2015-04-29T12:42:28	Fermi_delay	3245.019841
2015-04-29T12:42:28	Freq_T0	49.99
2015-04-29T12:42:28	Phase_T0	9770
2015-04-29T12:42:28	Error_T0	0
2015-04-29T12:42:28	Freq_Thick	50
2015-04-29T12:42:28	T_Head	121.02764313378
2015-04-29T12:42:28	T_Sample	173.985435040491
2015-04-29T12:42:32	Phase_Thick	1779
2015-04-29T12:42:50	Error_Thick	-1
2015-04-29T12:42:55	Fermi_Speed	200
2015-04-29T12:42:56	Moderator_Temp	109.824996948242
2015-04-29T12:42:59	Fermi_delay	3245.039683
2015-04-29T12:42:59	Freq_T0	50
2015-04-29T12:42:59	Phase_T0	9770
2015-04-29T12:42:59	Error_T0	-1
2015-04-29T12:42:59	Freq_Thick	50
2015-04-29T12:42:59	T_Head	119.984824883533
2015-04-29T12:42:59	T_Sample	171.780537674221
2015-04-29T12:43:03	Phase_Thick	1779
2015-04-29T12:43:20	Error_Thick	0
2015-04-29T12:43:25	Fermi_Speed	200
2015-04-29T12:43:26	Moderator_Temp	109.787506103516
2015-04-29T12:43:29	Fermi_delay	3245.019841
2015-04-29T12:43:29	Freq_T0	50
2015-04-29T12:43:29	Phase_T0	9770
2015-04-29T12:43:29	Error_T0	-2
2015-04-29T12:43:29	Freq_Thick	50
2015-04-29T12:43:29	T_Head	119.037302235777
2015-04-29T12:43:29	T_Sample	169.674785571693
2015-04-29T12:43:33	Phase_Thick	1779
2015-04-29T12:43:50	Error_Thick	-1
2015-04-29T12:43:55	Fermi_Speed	200
2015-04-29T12:43:56	Moderator_Temp	109.824996948242
2015-04-29T12:43:59	Fermi_delay	3245
2015-04-29T12:43:59	Freq_T0	50
2015-04-29T12:43:59	Phase_T0	9770
2015-04-29T12:43:59	Error_T0	-1
2015-04-29T12:43:59	Freq_Thick	50
2015-04-29T12:43:59	T_Head	118.089779588021
2015-04-29T12:43:59	T_Sample	167.578817815051
2015-04-29T12:44:03	Phase_Thick	1779
2015-04-29T12:44:20	Error_Thick	0
2015-04-29T12:44:25	Fermi_Speed	200
2015-04-29T12:44:26	Moderator_Temp	109.824996948242
2015-04-29T12:44:29	Fermi_delay	3244.980159
2015-04-29T12:44:29	Freq_T0	50
2015-04-29T12:44:29	Phase_T0	9770
2015-04-29T12:44:29	Error_T0	0
2015-04-29T12:44:29	Freq_Thick	50
2015-04-29T12:44:29	T_Head	117.142256940266
2015-04-29T12:44:29	T_Sample	165.578121320076
2015-04-29T12:44:33	Phase_Thick	1779
2015-04-29T12:44:50	Error_Thick	-1
2015-04-29T12:44:55	Fermi_Speed	200
2015-04-29T12:44:56	Moderator_Temp	109.787506103516
2015-04-29T12:44:59	Fermi_delay	3245
2015-04-29T12:44:59	Freq_T0	50
2015-04-29T12:44:59	Phase_T0	9770
2015-04-29T12:44:59	Error_T0	-2
2015-04-29T12:44:59	Freq_Thick	50
2015-04-29T12:44:59	T_Head	116.099982027734
2015-04-29T12:44:59	T_Sample	163.5774248251
2015-04-29T12:45:03	Phase_Thick	1779
2015-04-29T12:45:20	Error_Thick	3
2015-04-29T12:45:25	Fermi_Speed	200
2015-04-29T12:45:26	Moderator_Temp	109.824996948242
2015-04-29T12:45:29	Fermi_delay	3245
2015-04-29T12:45:29	Freq_T0	50
2015-04-29T12:45:29	Phase_T0	9770
2015-04-29T12:45:29	Error_T0	0
2015-04-29T12:45:29	Freq_Thick	50
2015-04-29T12:45:29	T_Head	115.152459379979
2015-04-29T12:45:29	T_Sample	161.576728330124
2015-04-29T12:45:33	Phase_Thick	1779
2015-04-29T12:45:51	Error_Thick	-1
2015-04-29T12:45:55	Fermi_Speed	200
2015-04-29T12:45:56	Moderator_Temp	109.824996948242
2015-04-29T12:45:59	Fermi_delay	3245
2015-04-29T12:45:59	Freq_T0	50
2015-04-29T12:45:59	Phase_T0	9770
2015-04-29T12:45:59	Error_T0	-1
2015-04-29T12:45:59	Freq_Thick	50
2015-04-29T12:45:59	T_Head	114.110184467448
2015-04-29T12:45:59	T_Sample	159.675142509568
2015-04-29T12:46:03	Phase_Thick	1779
2015-04-29T12:46:21	Error_Thick	-1
2015-04-29T12:46:26	Fermi_Speed	200
2015-04-29T12:46:27	Moderator_Temp	109.787506103516
2015-04-29T12:46:30	Fermi_delay	3244.980159
2015-04-29T12:46:30	Freq_T0	50
2015-04-29T12:46:30	Phase_T0	9770
2015-04-29T12:46:30	Error_T0	0
2015-04-29T12:46:30	Freq_Thick	50
2015-04-29T12:46:30	T_Head	113.067909554916
2015-04-29T12:46:30	T_Sample	157.783290833985
2015-04-29T12:46:34	Phase_Thick	1779
2015-04-29T12:46:51	Error_Thick	0
2015-04-29T12:46:56	Fermi_Speed	200
2015-04-29T12:46:57	Moderator_Temp	109.787506103516
2015-04-29T12:47:00	Fermi_delay	3245
2015-04-29T12:47:00	Freq_T0	50
2015-04-29T12:47:00	Phase_T0	9770
2015-04-29T12:47:00	Error_T0	0
2015-04-29T12:47:00	Freq_Thick	50
2015-04-29T12:47:00	T_Head	112.025634642385
2015-04-29T12:47:00	T_Sample	155.891439158402
2015-04-29T12:47:04	Phase_Thick	1779
2015-04-29T12:47:21	Error_Thick	-1
2015-04-29T12:47:26	Fermi_Speed	200
2015-04-29T12:47:27	Moderator_Temp	109.787506103516
2015-04-29T12:47:30	Fermi_delay	3244.960317
2015-04-29T12:47:30	Freq_T0	50
2015-04-29T12:47:30	Phase_T0	9770
2015-04-29T12:47:30	Error_T0	0
2015-04-29T12:47:30	Freq_Thick	50
2015-04-29T12:47:30	T_Head	110.983359729854
2015-04-29T12:47:30	T_Sample	153.999587482818
2015-04-29T12:47:34	Phase_Thick	1779
2015-04-29T12:47:51	Error_Thick	0
2015-04-29T12:47:56	Fermi_Speed	200
2015-04-29T12:47:57	Moderator_Temp	109.787506103516
2015-04-29T12:48:00	Fermi_delay	3245
2015-04-29T12:48:00	Freq_T0	49.99
2015-04-29T12:48:00	Phase_T0	9770
2015-04-29T12:48:00	Error_T0	-1
2015-04-29T12:48:00	Freq_Thick	50
2015-04-29T12:48:00	T_Head	109.938868571821
2015-04-29T12:48:00	T_Sample	152.202328391014
2015-04-29T12:48:04	Phase_Thick	1779
2015-04-29T12:48:21	Error_Thick	-1
2015-04-29T12:48:26	Fermi_Speed	200
2015-04-29T12:48:27	Moderator_Temp	109.787506103516
2015-04-29T12:48:30	Fermi_delay	3245.019841
2015-04-29T12:48:30	Freq_T0	50
2015-04-29T12:48:30	Phase_T0	9770
2015-04-29T12:48:30	Error_T0	-1
2015-04-29T12:48:30	Freq_Thick	50
2015-04-29T12:48:30	T_Head	108.796621622773
2015-04-29T12:48:30	T_Sample	150.40506929921
2015-04-29T12:48:34	Phase_Thick	1779
2015-04-29T12:48:51	Error_Thick	0
2015-04-29T12:48:56	Fermi_Speed	200
2015-04-29T12:48:57	Moderator_Temp	109.75
2015-04-29T12:49:00	Fermi_delay	3245.019841
2015-04-29T12:49:00	Freq_T0	50
2015-04-29T12:49:00	Phase_T0	9770
2015-04-29T12:49:00	Error_T0	-1
2015-04-29T12:49:00	Freq_Thick	50
2015-04-29T12:49:00	T_Head	107.749561919479
2015-04-29T12:49:00	T_Sample	148.619939096486
2015-04-29T12:49:04	Phase_Thick	1779
2015-04-29T12:49:22	Error_Thick	0
2015-04-29T12:49:27	Fermi_Speed	200
2015-04-29T12:49:28	Moderator_Temp	109.75
2015-04-29T12:49:31	Fermi_delay	3245.019841
2015-04-29T12:49:31	Freq_T0	50
2015-04-29T12:49:31	Phase_T0	9770
2015-04-29T12:49:31	Error_T0	-1
2015-04-29T12:49:31	Freq_Thick	50
2015-04-29T12:49:31	T_Head	106.60731497043
2015-04-29T12:49:31	T_Sample	146.836209057802
2015-04-29T12:49:34	Phase_Thick	1779
2015-04-29T12:49:53	Error_Thick	-1
2015-04-29T12:49:58	Fermi_Speed	200
2015-04-29T12:49:59	Moderator_Temp	109.75
2015-04-29T12:50:02	Fermi_delay	3245.039683
2015-04-29T12:50:02	Freq_T0	50
2015-04-29T12:50:02	Phase_T0	9770
2015-04-29T12:50:02	Error_T0	-1
2015-04-29T12:50:02	Freq_Thick	50
2015-04-29T12:50:02	T_Head	105.465068021382
2015-04-29T12:50:02	T_Sample	145.052479019118
2015-04-29T12:50:05	Phase_Thick	1779
2015-04-29T12:50:23	Error_Thick	-1
2015-04-29T12:50:28	Fermi_Speed	200
2015-04-29T12:50:29	Moderator_Temp	109.75
2015-04-29T12:50:32	Fermi_delay	3245.019841
2015-04-29T12:50:32	Freq_T0	50
2015-04-29T12:50:32	Phase_T0	9770
2015-04-29T12:50:32	Error_T0	-1
2015-04-29T12:50:32	Freq_Thick	50
2015-04-29T12:50:32	T_Head	104.303783623183
2015-04-29T12:50:32	T_Sample	143.362629508786
2015-04-29T12:50:35	Phase_Thick	1779
2015-04-29T12:50:53	Error_Thick	-1
2015-04-29T12:50:58	Fermi_Speed	200
2015-04-29T12:50:59	Moderator_Temp	109.75
2015-04-29T12:51:02	Fermi_delay	3245.039683
2015-04-29T12:51:02	Freq_T0	50
2015-04-29T12:51:02	Phase_T0	9770
2015-04-29T12:51:02	Error_T0	1
2015-04-29T12:51:02	Freq_Thick	50
2015-04-29T12:51:02	T_Head	103.161536674134
2015-04-29T12:51:02	T_Sample	141.672779998454
2015-04-29T12:51:05	Phase_Thick	1779
2015-04-29T12:51:23	Error_Thick	0
2015-04-29T12:51:28	Fermi_Speed	200
2015-04-29T12:51:29	Moderator_Temp	109.75
2015-04-29T12:51:32	Fermi_delay	3245.019841
2015-04-29T12:51:32	Freq_T0	49.99
2015-04-29T12:51:32	Phase_T0	9770
2015-04-29T12:51:32	Error_T0	-1
2015-04-29T12:51:32	Freq_Thick	50
2015-04-29T12:51:32	T_Head	102.000252275935
2015-04-29T12:51:32	T_Sample	140.077795547484
2015-04-29T12:51:35	Phase_Thick	1779
2015-04-29T12:51:53	Error_Thick	-1
2015-04-29T12:51:58	Fermi_Speed	200
2015-04-29T12:51:59	Moderator_Temp	109.75
2015-04-29T12:52:02	Fermi_delay	3244.980159
2015-04-29T12:52:02	Freq_T0	50
2015-04-29T12:52:02	Phase_T0	9770
2015-04-29T12:52:02	Error_T0	-1
2015-04-29T12:52:02	Freq_Thick	50
2015-04-29T12:52:02	T_Head	100.82944915316
2015-04-29T12:52:02	T_Sample	138.399038677939
2015-04-29T12:52:05	Phase_Thick	1779
2015-04-29T12:52:23	Error_Thick	0
2015-04-29T12:52:28	Fermi_Speed	200
2015-04-29T12:52:29	Moderator_Temp	109.787506103516
2015-04-29T12:52:32	Fermi_delay	3245
2015-04-29T12:52:32	Freq_T0	50
2015-04-29T12:52:32	Phase_T0	9770
2015-04-29T12:52:32	Error_T0	-1
2015-04-29T12:52:32	Freq_Thick	50
2015-04-29T12:52:32	T_Head	99.6326206203599
2015-04-29T12:52:32	T_Sample	136.720281808394
2015-04-29T12:52:35	Phase_Thick	1779
2015-04-29T12:52:53	Error_Thick	-1
2015-04-29T12:52:58	Fermi_Speed	200
2015-04-29T12:52:59	Moderator_Temp	109.75
2015-04-29T12:53:02	Fermi_delay	3245.019841
2015-04-29T12:53:02	Freq_T0	50
2015-04-29T12:53:02	Phase_T0	9770
2015-04-29T12:53:02	Error_T0	-2
2015-04-29T12:53:02	Freq_Thick	50
2015-04-29T12:53:02	T_Head	98.4310586680036
2015-04-29T12:53:02	T_Sample	135.13478920938
2015-04-29T12:53:05	Phase_Thick	1779
2015-04-29T12:53:23	Error_Thick	0
2015-04-29T12:53:28	Fermi_Speed	200
2015-04-29T12:53:29	Moderator_Temp	109.75
2015-04-29T12:53:32	Fermi_delay	3245.019841
2015-04-29T12:53:32	Freq_T0	49.99
2015-04-29T12:53:32	Phase_T0	9770
2015-04-29T12:53:32	Error_T0	-1
2015-04-29T12:53:32	Freq_Thick	50
2015-04-29T12:53:32	T_Head	97.2102717244096
2015-04-29T12:53:32	T_Sample	133.549296610365
2015-04-29T12:53:35	Phase_Thick	1779
2015-04-29T12:53:54	Error_Thick	0
2015-04-29T12:53:59	Fermi_Speed	200
2015-04-29T12:54:00	Moderator_Temp	109.75
2015-04-29T12:54:02	Freq_T0	50
2015-04-29T12:54:02	Phase_T0	9770
2015-04-29T12:54:02	Error_T0	-1
2015-04-29T12:54:02	Freq_Thick	50
2015-04-29T12:54:02	T_Head	95.9702597895779
2015-04-29T12:54:02	T_Sample	131.87053974082
2015-04-29T12:54:03	Fermi_delay	3245.039683
2015-04-29T12:54:06	Phase_Thick	1779
2015-04-29T12:54:24	Error_Thick	-1
2015-04-29T12:54:29	Fermi_Speed	200
2015-04-29T12:54:30	Moderator_Temp	109.75
2015-04-29T12:54:32	Freq_T0	50
2015-04-29T12:54:32	Phase_T0	9770
2015-04-29T12:54:32	Error_T0	-1
2015-04-29T12:54:32	Freq_Thick	50
2015-04-29T12:54:32	T_Head	94.7116587199185
2015-04-29T12:54:32	T_Sample	130.285047141806
2015-04-29T12:54:33	Fermi_delay	3245.019841
2015-04-29T12:54:36	Phase_Thick	1779
2015-04-29T12:54:54	Error_Thick	-1
2015-04-29T12:54:59	Fermi_Speed	200
2015-04-29T12:55:00	Moderator_Temp	109.75
2015-04-29T12:55:02	Freq_T0	49.99
2015-04-29T12:55:02	Phase_T0	9770
2015-04-29T12:55:02	Error_T0	-1
2015-04-29T12:55:02	Freq_Thick	50
2015-04-29T12:55:02	T_Head	93.4154371293459
2015-04-29T12:55:02	T_Sample	128.705041861243
2015-04-29T12:55:03	Fermi_delay	3245.019841
2015-04-29T12:55:06	Phase_Thick	1779
2015-04-29T12:55:24	Error_Thick	0
2015-04-29T12:55:30	Fermi_Speed	200
2015-04-29T12:55:31	Moderator_Temp	109.75
2015-04-29T12:55:33	Freq_T0	50
2015-04-29T12:55:33	Phase_T0	9770
2015-04-29T12:55:33	Error_T0	-1
2015-04-29T12:55:33	Freq_Thick	50
2015-04-29T12:55:33	T_Head	92.0607393767925
2015-04-29T12:55:33	T_Sample	127.125234704405
2015-04-29T12:55:34	Fermi_delay	3245.019841
2015-04-29T12:55:37	Phase_Thick	1779
2015-04-29T12:55:55	Error_Thick	0
2015-04-29T12:56:00	Fermi_Speed	200
2015-04-29T12:56:01	Moderator_Temp	109.75
2015-04-29T12:56:03	T_Head	90.7450257322263
2015-04-29T12:56:03	T_Sample	125.452497714812
2015-04-29T12:56:04	Fermi_delay	3245
2015-04-29T12:56:04	Freq_T0	50
2015-04-29T12:56:04	Phase_T0	9770
2015-04-29T12:56:04	Error_T0	-1
2015-04-29T12:56:04	Freq_Thick	50
2015-04-29T12:56:07	Phase_Thick	1779
2015-04-29T12:56:25	Error_Thick	-1
2015-04-29T12:56:30	Fermi_Speed	200
2015-04-29T12:56:31	Moderator_Temp	109.75
2015-04-29T12:56:33	T_Head	89.3927618204324
2015-04-29T12:56:33	T_Sample	123.872690557975
2015-04-29T12:56:35	Fermi_delay	3245.039683
2015-04-29T12:56:35	Freq_T0	50
2015-04-29T12:56:35	Phase_T0	9770
2015-04-29T12:56:35	Error_T0	-1
2015-04-29T12:56:35	Freq_Thick	50
2015-04-29T12:56:38	Phase_Thick	1779
2015-04-29T12:56:56	Error_Thick	-1
2015-04-29T12:57:01	Moderator_Temp	109.75
2015-04-29T12:57:01	Fermi_Speed	200
2015-04-29T12:57:03	T_Head	88.0141141288627
2015-04-29T12:57:03	T_Sample	122.385813233892
2015-04-29T12:57:05	Fermi_delay	3245.019841
2015-04-29T12:57:05	Freq_T0	50
2015-04-29T12:57:05	Phase_T0	9770
2015-04-29T12:57:05	Error_T0	0
2015-04-29T12:57:05	Freq_Thick	50
2015-04-29T12:57:08	Phase_Thick	1779
2015-04-29T12:57:26	Error_Thick	-1
2015-04-29T12:57:31	Moderator_Temp	109.75
2015-04-29T12:57:31	Fermi_Speed	200
2015-04-29T12:57:33	T_Head	86.6057114511441
2015-04-29T12:57:33	T_Sample	120.806006077055
2015-04-29T12:57:35	Fermi_delay	3244.980159
2015-04-29T12:57:35	Freq_T0	50
2015-04-29T12:57:35	Phase_T0	9770
2015-04-29T12:57:35	Error_T0	-1
2015-04-29T12:57:35	Freq_Thick	50
2015-04-29T12:57:38	Phase_Thick	1779
2015-04-29T12:57:56	Error_Thick	-1
2015-04-29T12:58:01	Moderator_Temp	109.75
2015-04-29T12:58:01	Fermi_Speed	200
2015-04-29T12:58:03	T_Head	85.1929510834685
2015-04-29T12:58:03	T_Sample	119.22651560772
2015-04-29T12:58:06	Fermi_delay	3245.019841
2015-04-29T12:58:06	Freq_T0	49.99
2015-04-29T12:58:06	Phase_T0	9770
2015-04-29T12:58:06	Error_T0	-1
2015-04-29T12:58:06	Freq_Thick	50
2015-04-29T12:58:09	Phase_Thick	1779
2015-04-29T12:58:27	Error_Thick	-1
2015-04-29T12:58:32	Moderator_Temp	109.75
2015-04-29T12:58:32	Fermi_Speed	200
2015-04-29T12:58:34	T_Head	83.6809549787079
2015-04-29T12:58:34	T_Sample	117.55430500307
2015-04-29T12:58:36	Fermi_delay	3245.019841
2015-04-29T12:58:36	Freq_T0	50
2015-04-29T12:58:36	Phase_T0	9770
2015-04-29T12:58:36	Error_T0	-4
2015-04-29T12:58:36	Freq_Thick	50
2015-04-29T12:58:39	Phase_Thick	1779
2015-04-29T12:58:57	Error_Thick	-1
2015-04-29T12:59:02	Moderator_Temp	109.787506103516
2015-04-29T12:59:02	Fermi_Speed	200
2015-04-29T12:59:04	T_Head	82.1994017485399
2015-04-29T12:59:04	T_Sample	115.974994987568
2015-04-29T12:59:06	Fermi_delay	3244.980159
2015-04-29T12:59:06	Freq_T0	50
2015-04-29T12:59:06	Phase_T0	9770
2015-04-29T12:59:06	Error_T0	-1
2015-04-29T12:59:06	Freq_Thick	50
2015-04-29T12:59:09	Phase_Thick	1779
2015-04-29T12:59:27	Error_Thick	0
2015-04-29T12:59:33	Moderator_Temp	109.787506103516
2015-04-29T12:59:33	Fermi_Speed	200
2015-04-29T12:59:35	T_Head	80.6366675194585
2015-04-29T12:59:35	T_Sample	114.302784382918
2015-04-29T12:59:37	Fermi_delay	3245.019841
2015-04-29T12:59:37	Freq_T0	50
2015-04-29T12:59:37	Phase_T0	9770
2015-04-29T12:59:37	Error_T0	-1
2015-04-29T12:59:37	Freq_Thick	50
2015-04-29T12:59:40	Phase_Thick	1779
2015-04-29T12:59:58	Error_Thick	0
2015-04-29T13:00:03	Moderator_Temp	109.787506103516
2015-04-29T13:00:03	Fermi_Speed	200
2015-04-29T13:00:05	T_Head	79.0627265416133
2015-04-29T13:00:05	T_Sample	112.723474367416
2015-04-29T13:00:07	Fermi_delay	3245.019841
2015-04-29T13:00:07	Freq_T0	50
2015-04-29T13:00:07	Phase_T0	9770
2015-04-29T13:00:07	Error_T0	-1
2015-04-29T13:00:07	Freq_Thick	50
2015-04-29T13:00:10	Phase_Thick	1779
2015-04-29T13:00:29	Error_Thick	-1
2015-04-29T13:00:34	Moderator_Temp	109.787506103516
2015-04-29T13:00:34	Fermi_Speed	200
2015-04-29T13:00:36	T_Head	77.4075467733529
2015-04-29T13:00:36	T_Sample	111.051263762766
2015-04-29T13:00:38	Fermi_delay	3245
2015-04-29T13:00:38	Freq_T0	50
2015-04-29T13:00:38	Phase_T0	9770
2015-04-29T13:00:38	Error_T0	-1
2015-04-29T13:00:38	Freq_Thick	50
2015-04-29T13:00:41	Phase_Thick	1779
2015-04-29T13:00:59	Error_Thick	-1
2015-04-29T13:01:04	Moderator_Temp	109.787506103516
2015-04-29T13:01:04	Fermi_Speed	200
2015-04-29T13:01:06	T_Head	75.7942702903649
2015-04-29T13:01:06	T_Sample	109.447532956812
2015-04-29T13:01:08	Fermi_delay	3245.019841
2015-04-29T13:01:08	Freq_T0	50
2015-04-29T13:01:08	Phase_T0	9770
2015-04-29T13:01:08	Error_T0	-1
2015-04-29T13:01:08	Freq_Thick	50
2015-04-29T13:01:11	Phase_Thick	1779
2015-04-29T13:01:29	Error_Thick	0
2015-04-29T13:01:34	Moderator_Temp	109.787506103516
2015-04-29T13:01:34	Fermi_Speed	200
2015-04-29T13:01:36	T_Head	74.0983399422805
2015-04-29T13:01:36	T_Sample	107.809724997875
2015-04-29T13:01:38	Fermi_delay	3245.019841
2015-04-29T13:01:38	Freq_T0	50
2015-04-29T13:01:38	Phase_T0	9770
2015-04-29T13:01:38	Error_T0	0
2015-04-29T13:01:38	Freq_Thick	50
2015-04-29T13:01:41	Phase_Thick	1779
2015-04-29T13:01:59	Error_Thick	0
2015-04-29T13:02:04	Moderator_Temp	109.824996948242
2015-04-29T13:02:04	Fermi_Speed	200
2015-04-29T13:02:06	T_Head	72.3535382434301
2015-04-29T13:02:06	T_Sample	106.162558136315
2015-04-29T13:02:08	Fermi_delay	3245.019841
2015-04-29T13:02:08	Freq_T0	50
2015-04-29T13:02:08	Phase_T0	9770
2015-04-29T13:02:08	Error_T0	-1
2015-04-29T13:02:08	Freq_Thick	50
2015-04-29T13:02:11	Phase_Thick	1779
2015-04-29T13:02:29	Error_Thick	0
2015-04-29T13:02:34	Moderator_Temp	109.824996948242
2015-04-29T13:02:34	Fermi_Speed	200
2015-04-29T13:02:36	T_Head	70.586926523344
2015-04-29T13:02:36	T_Sample	104.496673469511
2015-04-29T13:02:38	Fermi_delay	3245
2015-04-29T13:02:38	Freq_T0	50
2015-04-29T13:02:38	Phase_T0	9770
2015-04-29T13:02:38	Error_T0	-1
2015-04-29T13:02:38	Freq_Thick	50
2015-04-29T13:02:41	Phase_Thick	1779
2015-04-29T13:02:59	Error_Thick	-1
2015-04-29T13:03:04	Moderator_Temp	109.824996948242
2015-04-29T13:03:04	Fermi_Speed	200
2015-04-29T13:03:06	T_Head	68.7268525400648
2015-04-29T13:03:06	T_Sample	102.812070997462
2015-04-29T13:03:08	Fermi_delay	3245
2015-04-29T13:03:08	Freq_T0	50
2015-04-29T13:03:08	Phase_T0	9770
2015-04-29T13:03:08	Error_T0	-1
2015-04-29T13:03:08	Freq_Thick	50
2015-04-29T13:03:11	Phase_Thick	1779
2015-04-29T13:03:29	Error_Thick	-1
2015-04-29T13:03:34	Moderator_Temp	109.787506103516
2015-04-29T13:03:34	Fermi_Speed	200
2015-04-29T13:03:36	T_Head	66.7999233081583
2015-04-29T13:03:36	T_Sample	101.11810962279
2015-04-29T13:03:38	Fermi_delay	3245.019841
2015-04-29T13:03:38	Freq_T0	50
2015-04-29T13:03:38	Phase_T0	9770
2015-04-29T13:03:38	Error_T0	-1
2015-04-29T13:03:38	Freq_Thick	49.99
2015-04-29T13:03:41	Phase_Thick	1779
2015-04-29T13:03:59	Error_Thick	0
2015-04-29T13:04:04	Moderator_Temp	109.824996948242
2015-04-29T13:04:04	Fermi_Speed	200
2015-04-29T13:04:06	T_Head	64.8387780848267
2015-04-29T13:04:06	T_Sample	99.3758775276823
2015-04-29T13:04:08	Fermi_delay	3245.019841
2015-04-29T13:04:08	Freq_T0	50
2015-04-29T13:04:08	Phase_T0	9770
2015-04-29T13:04:08	Error_T0	-2
2015-04-29T13:04:08	Freq_Thick	50
2015-04-29T13:04:11	Phase_Thick	1779
2015-04-29T13:04:29	Error_Thick	0
2015-04-29T13:04:34	Moderator_Temp	109.824996948242
2015-04-29T13:04:34	Fermi_Speed	200
2015-04-29T13:04:36	T_Head	62.7123496888758
2015-04-29T13:04:36	T_Sample	97.6135393750205
2015-04-29T13:04:38	Fermi_delay	3245
2015-04-29T13:04:38	Freq_T0	50
2015-04-29T13:04:38	Phase_T0	9770
2015-04-29T13:04:38	Error_T0	-1
2015-04-29T13:04:38	Freq_Thick	50
2015-04-29T13:04:41	Phase_Thick	1779
2015-04-29T13:04:59	Error_Thick	-1
2015-04-29T13:05:04	Moderator_Temp	109.824996948242
2015-04-29T13:05:04	Fermi_Speed	200
2015-04-29T13:05:06	T_Head	60.585921292925
2015-04-29T13:05:06	T_Sample	95.8038265408355
2015-04-29T13:05:08	Fermi_delay	3245.019841
2015-04-29T13:05:08	Freq_T0	50
2015-04-29T13:05:08	Phase_T0	9770
2015-04-29T13:05:08	Error_T0	-1
2015-04-29T13:05:08	Freq_Thick	50
2015-04-29T13:05:11	Phase_Thick	1779
2015-04-29T13:05:29	Error_Thick	0
2015-04-29T13:05:34	Moderator_Temp	109.824996948242
2015-04-29T13:05:34	Fermi_Speed	200
2015-04-29T13:05:36	T_Head	58.2735925229891
2015-04-29T13:05:36	T_Sample	93.9684499604652
2015-04-29T13:05:38	Fermi_delay	3244.980159
2015-04-29T13:05:38	Freq_T0	50
2015-04-29T13:05:38	Phase_T0	9770
2015-04-29T13:05:38	Error_T0	-2
2015-04-29T13:05:38	Freq_Thick	50
2015-04-29T13:05:41	Phase_Thick	1779
2015-04-29T13:05:59	Error_Thick	-1
2015-04-29T13:06:04	Moderator_Temp	109.824996948242
2015-04-29T13:06:04	Fermi_Speed	200
2015-04-29T13:06:06	T_Head	55.9048450710852
2015-04-29T13:06:06	T_Sample	92.0879074027899
2015-04-29T13:06:08	Fermi_delay	3244.980159
2015-04-29T13:06:08	Freq_T0	50
2015-04-29T13:06:08	Phase_T0	9770
2015-04-29T13:06:08	Error_T0	-1
2015-04-29T13:06:08	Freq_Thick	50
2015-04-29T13:06:11	Phase_Thick	1779
2015-04-29T13:06:29	Error_Thick	0
2015-04-29T13:06:34	Moderator_Temp	109.824996948242
2015-04-29T13:06:34	Fermi_Speed	200
2015-04-29T13:06:36	T_Head	53.2956669290361
2015-04-29T13:06:36	T_Sample	90.1669541075709
2015-04-29T13:06:38	Fermi_delay	3245
2015-04-29T13:06:38	Freq_T0	50
2015-04-29T13:06:38	Phase_T0	9770
2015-04-29T13:06:38	Error_T0	0
2015-04-29T13:06:38	Freq_Thick	50
2015-04-29T13:06:41	Phase_Thick	1779
2015-04-29T13:06:59	Error_Thick	-1
2015-04-29T13:07:04	Moderator_Temp	109.824996948242
2015-04-29T13:07:04	Fermi_Speed	200
2015-04-29T13:07:06	T_Head	50.619120555924
2015-04-29T13:07:06	T_Sample	88.1418293638589
2015-04-29T13:07:08	Fermi_delay	3245.019841
2015-04-29T13:07:08	Freq_T0	50
2015-04-29T13:07:08	Phase_T0	9770
2015-04-29T13:07:08	Error_T0	-1
2015-04-29T13:07:08	Freq_Thick	50
2015-04-29T13:07:11	Phase_Thick	1779
2015-04-29T13:07:30	Error_Thick	-1
2015-04-29T13:07:34	Moderator_Temp	109.824996948242
2015-04-29T13:07:34	Fermi_Speed	200
2015-04-29T13:07:36	T_Head	47.6601618122796
2015-04-29T13:07:36	T_Sample	86.0971381975023
2015-04-29T13:07:38	Fermi_delay	3245.019841
2015-04-29T13:07:38	Freq_T0	50
2015-04-29T13:07:38	Phase_T0	9770
2015-04-29T13:07:38	Error_T0	-1
2015-04-29T13:07:38	Freq_Thick	50
2015-04-29T13:07:41	Phase_Thick	1779
2015-04-29T13:08:00	Error_Thick	0
2015-04-29T13:08:04	Moderator_Temp	109.824996948242
2015-04-29T13:08:04	Fermi_Speed	200
2015-04-29T13:08:06	T_Head	44.3731142641881
2015-04-29T13:08:06	T_Sample	83.9214535528352
2015-04-29T13:08:08	Fermi_delay	3244.980159
2015-04-29T13:08:08	Freq_T0	49.99
2015-04-29T13:08:08	Phase_T0	9770
2015-04-29T13:08:08	Error_T0	0
2015-04-29T13:08:08	Freq_Thick	50
2015-04-29T13:08:11	Phase_Thick	1779
2015-04-29T13:08:30	Error_Thick	0
2015-04-29T13:08:34	Moderator_Temp	109.824996948242
2015-04-29T13:08:34	Fermi_Speed	200
2015-04-29T13:08:36	T_Head	40.7464078895792
2015-04-29T13:08:36	T_Sample	81.6851761217515
2015-04-29T13:08:38	Fermi_delay	3244.960317
2015-04-29T13:08:38	Freq_T0	50
2015-04-29T13:08:38	Phase_T0	9770
2015-04-29T13:08:38	Error_T0	0
2015-04-29T13:08:38	Freq_Thick	50
2015-04-29T13:08:41	Phase_Thick	1779
2015-04-29T13:09:00	Error_Thick	0
2015-04-29T13:09:04	Moderator_Temp	109.824996948242
2015-04-29T13:09:04	Fermi_Speed	200
2015-04-29T13:09:06	T_Head	36.5973699584724
2015-04-29T13:09:06	T_Sample	79.3275660393556
2015-04-29T13:09:08	Fermi_delay	3245
2015-04-29T13:09:08	Freq_T0	50
2015-04-29T13:09:08	Phase_T0	9770
2015-04-29T13:09:08	Error_T0	-1
2015-04-29T13:09:08	Freq_Thick	50
2015-04-29T13:09:11	Phase_Thick	1779
2015-04-29T13:09:30	Error_Thick	0
2015-04-29T13:09:34	Moderator_Temp	109.824996948242
2015-04-29T13:09:34	Fermi_Speed	200
2015-04-29T13:09:36	T_Head	31.7258711196557
2015-04-29T13:09:36	T_Sample	76.7980709815769
2015-04-29T13:09:38	Fermi_delay	3245.019841
2015-04-29T13:09:38	Freq_T0	49.99
2015-04-29T13:09:38	Phase_T0	9770
2015-04-29T13:09:38	Error_T0	-2
2015-04-29T13:09:38	Freq_Thick	50
2015-04-29T13:09:41	Phase_Thick	1779
2015-04-29T13:10:01	Error_Thick	0
2015-04-29T13:10:04	Moderator_Temp	109.862503051758
2015-04-29T13:10:04	Fermi_Speed	200
2015-04-29T13:10:06	T_Head	26.0305920098002
2015-04-29T13:10:06	T_Sample	74.0852136339306
2015-04-29T13:10:08	Fermi_delay	3245.039683
2015-04-29T13:10:08	Freq_T0	50
2015-04-29T13:10:08	Phase_T0	9770
2015-04-29T13:10:08	Error_T0	0
2015-04-29T13:10:08	Freq_Thick	50
2015-04-29T13:10:11	Phase_Thick	1779
2015-04-29T13:10:31	Error_Thick	-1
2015-04-29T13:10:34	Moderator_Temp	109.862503051758
2015-04-29T13:10:34	Fermi_Speed	200
2015-04-29T13:10:36	T_Head	20.2600116718889
2015-04-29T13:10:36	T_Sample	71.1580674139983
2015-04-29T13:10:38	Fermi_delay	3245
2015-04-29T13:10:38	Freq_T0	50
2015-04-29T13:10:38	Phase_T0	9770
2015-04-29T13:10:38	Error_T0	-1
2015-04-29T13:10:38	Freq_Thick	50
2015-04-29T13:10:41	Phase_Thick	1779
2015-04-29T13:11:01	Error_Thick	0
2015-04-29T13:11:04	Moderator_Temp	109.824996948242
2015-04-29T13:11:04	Fermi_Speed	200
2015-04-29T13:11:06	T_Head	16.526433134839
2015-04-29T13:11:06	T_Sample	67.9584311839736
2015-04-29T13:11:08	Fermi_delay	3245
2015-04-29T13:11:08	Freq_T0	49.99
2015-04-29T13:11:08	Phase_T0	9770
2015-04-29T13:11:08	Error_T0	-2
2015-04-29T13:11:08	Freq_Thick	50
2015-04-29T13:11:11	Phase_Thick	1779
2015-04-29T13:11:31	Error_Thick	-1
2015-04-29T13:11:34	Moderator_Temp	109.862503051758
2015-04-29T13:11:34	Fermi_Speed	200
2015-04-29T13:11:36	T_Head	14.4772614219817
2015-04-29T13:11:36	T_Sample	64.6471419413064
2015-04-29T13:11:38	Fermi_delay	3245
2015-04-29T13:11:38	Freq_T0	50
2015-04-29T13:11:38	Phase_T0	9770
2015-04-29T13:11:38	Error_T0	0
2015-04-29T13:11:38	Freq_Thick	50
2015-04-29T13:11:41	Phase_Thick	1779
2015-04-29T13:12:02	Error_Thick	-1
2015-04-29T13:12:04	Moderator_Temp	109.862503051758
2015-04-29T13:12:04	Fermi_Speed	200
2015-04-29T13:12:06	T_Head	13.2331376553751
2015-04-29T13:12:06	T_Sample	61.2182815978049
2015-04-29T13:12:08	Fermi_delay	3245
2015-04-29T13:12:08	Freq_T0	50
2015-04-29T13:12:08	Phase_T0	9770
2015-04-29T13:12:08	Error_T0	-1
2015-04-29T13:12:08	Freq_Thick	50
2015-04-29T13:12:11	Phase_Thick	1779
2015-04-29T13:12:32	Error_Thick	-1
2015-04-29T13:12:34	Moderator_Temp	109.862503051758
2015-04-29T13:12:34	Fermi_Speed	200
2015-04-29T13:12:36	T_Head	12.3618159951085
2015-04-29T13:12:36	T_Sample	57.6510156801001
2015-04-29T13:12:38	Fermi_delay	3245
2015-04-29T13:12:38	Freq_T0	50
2015-04-29T13:12:38	Phase_T0	9770
2015-04-29T13:12:38	Error_T0	-1
2015-04-29T13:12:38	Freq_Thick	50
2015-04-29T13:12:41	Phase_Thick	1779
2015-04-29T13:13:02	Error_Thick	0
2015-04-29T13:13:04	Moderator_Temp	109.862503051758
2015-04-29T13:13:04	Fermi_Speed	200
2015-04-29T13:13:06	T_Head	11.7670677378251
2015-04-29T13:13:06	T_Sample	54.1018292188131
2015-04-29T13:13:08	Fermi_delay	3245.019841
2015-04-29T13:13:08	Freq_T0	50
2015-04-29T13:13:08	Phase_T0	9770
2015-04-29T13:13:08	Error_T0	-5
2015-04-29T13:13:08	Freq_Thick	50
2015-04-29T13:13:11	Phase_Thick	1779
2015-04-29T13:13:33	Error_Thick	-1
2015-04-29T13:13:35	Moderator_Temp	109.862503051758
2015-04-29T13:13:35	Fermi_Speed	200
2015-04-29T13:13:37	T_Head	11.203620052082
2015-04-29T13:13:37	T_Sample	50.4012479168641
2015-04-29T13:13:39	Fermi_delay	3245.019841
2015-04-29T13:13:39	Freq_T0	50
2015-04-29T13:13:39	Phase_T0	9770
2015-04-29T13:13:39	Error_T0	-1
2015-04-29T13:13:39	Freq_Thick	50
2015-04-29T13:13:42	Phase_Thick	1779
2015-04-29T13:14:03	Error_Thick	-1
2015-04-29T13:14:05	Moderator_Temp	109.862503051758
2015-04-29T13:14:05	Fermi_Speed	200
2015-04-29T13:14:07	T_Head	10.6587762075984
2015-04-29T13:14:07	T_Sample	46.6445041624221
2015-04-29T13:14:09	Fermi_delay	3245
2015-04-29T13:14:09	Freq_T0	50
2015-04-29T13:14:09	Phase_T0	9770
2015-04-29T13:14:09	Error_T0	1
2015-04-29T13:14:09	Freq_Thick	50
2015-04-29T13:14:12	Phase_Thick	1779
2015-04-29T13:14:34	Error_Thick	-1
2015-04-29T13:14:36	Moderator_Temp	109.862503051758
2015-04-29T13:14:36	Fermi_Speed	200
2015-04-29T13:14:38	T_Head	10.1090466519306
2015-04-29T13:14:38	T_Sample	42.6060983479002
2015-04-29T13:14:40	Fermi_delay	3245
2015-04-29T13:14:40	Freq_T0	50
2015-04-29T13:14:40	Phase_T0	9770
2015-04-29T13:14:40	Error_T0	0
2015-04-29T13:14:40	Freq_Thick	50
2015-04-29T13:14:43	Phase_Thick	1779
2015-04-29T13:15:04	Error_Thick	0
2015-04-29T13:15:06	Moderator_Temp	109.862503051758
2015-04-29T13:15:06	Fermi_Speed	200
2015-04-29T13:15:08	T_Head	9.57312138954275
2015-04-29T13:15:08	T_Sample	38.4149088775415
2015-04-29T13:15:10	Fermi_delay	3245
2015-04-29T13:15:10	Freq_T0	50
2015-04-29T13:15:10	Phase_T0	9770
2015-04-29T13:15:10	Error_T0	0
2015-04-29T13:15:10	Freq_Thick	50
2015-04-29T13:15:13	Phase_Thick	1779
2015-04-29T13:15:35	Error_Thick	-1
2015-04-29T13:15:37	Moderator_Temp	109.824996948242
2015-04-29T13:15:37	Fermi_Speed	200
2015-04-29T13:15:39	T_Head	8.95544533198848
2015-04-29T13:15:39	T_Sample	33.6834037139886
2015-04-29T13:15:41	Fermi_delay	3245.019841
2015-04-29T13:15:41	Freq_T0	50
2015-04-29T13:15:41	Phase_T0	9770
2015-04-29T13:15:41	Error_T0	-1
2015-04-29T13:15:41	Freq_Thick	50
2015-04-29T13:15:44	Phase_Thick	1779
2015-04-29T13:16:05	Error_Thick	-1
2015-04-29T13:16:07	Moderator_Temp	109.862503051758
2015-04-29T13:16:07	Fermi_Speed	200
2015-04-29T13:16:09	T_Head	8.31257635493598
2015-04-29T13:16:09	T_Sample	28.4557082135234
2015-04-29T13:16:11	Fermi_delay	3245
2015-04-29T13:16:11	Freq_T0	50
2015-04-29T13:16:11	Phase_T0	9770
2015-04-29T13:16:11	Error_T0	0
2015-04-29T13:16:11	Freq_Thick	50
2015-04-29T13:16:14	Phase_Thick	1779
2015-04-29T13:16:36	Error_Thick	-1
2015-04-29T13:16:38	Moderator_Temp	109.862503051758
2015-04-29T13:16:38	Fermi_Speed	200
2015-04-29T13:16:40	T_Head	7.55482154204337
2015-04-29T13:16:40	T_Sample	21.9715470675169
2015-04-29T13:16:42	Fermi_delay	3244.980159
2015-04-29T13:16:42	Freq_T0	50
2015-04-29T13:16:42	Phase_T0	9770
2015-04-29T13:16:42	Error_T0	-1
2015-04-29T13:16:42	Freq_Thick	50
2015-04-29T13:16:45	Phase_Thick	1779
2015-04-29T13:17:06	Error_Thick	0
2015-04-29T13:17:08	Moderator_Temp	109.862503051758
2015-04-29T13:17:08	Fermi_Speed	200
2015-04-29T13:17:10	T_Head	6.7378446681009
2015-04-29T13:17:10	T_Sample	14.5869792806077
2015-04-29T13:17:12	Fermi_delay	3245
2015-04-29T13:17:12	Freq_T0	50
2015-04-29T13:17:12	Phase_T0	9770
2015-04-29T13:17:12	Error_T0	-1
2015-04-29T13:17:12	Freq_Thick	50
2015-04-29T13:17:15	Phase_Thick	1779
2015-04-29T13:17:37	Error_Thick	-1
2015-04-29T13:17:39	Moderator_Temp	109.862503051758
2015-04-29T13:17:39	Fermi_Speed	200
2015-04-29T13:17:41	T_Head	6.08136665621589
2015-04-29T13:17:41	T_Sample	9.40450575627973
2015-04-29T13:17:43	Fermi_delay	3245
2015-04-29T13:17:43	Freq_T0	50
2015-04-29T13:17:43	Phase_T0	9770
2015-04-29T13:17:43	Error_T0	0
2015-04-29T13:17:43	Freq_Thick	50
2015-04-29T13:17:46	Phase_Thick	1779
2015-04-29T13:18:07	Error_Thick	-1
2015-04-29T13:18:09	Moderator_Temp	109.862503051758
2015-04-29T13:18:09	Fermi_Speed	200
2015-04-29T13:18:11	T_Head	5.82885070890285
2015-04-29T13:18:11	T_Sample	8.21246257435419
2015-04-29T13:18:13	Fermi_delay	3245
2015-04-29T13:18:13	Freq_T0	50
2015-04-29T13:18:13	Phase_T0	9770
2015-04-29T13:18:13	Error_T0	-1
2015-04-29T13:18:13	Freq_Thick	50
2015-04-29T13:18:16	Phase_Thick	1779
2015-04-29T13:18:38	Error_Thick	-1
2015-04-29T13:18:40	Moderator_Temp	109.862503051758
2015-04-29T13:18:40	Fermi_Speed	200
2015-04-29T13:18:42	T_Head	5.70259273524633
2015-04-29T13:18:42	T_Sample	7.95106325723989
2015-04-29T13:18:44	Fermi_delay	3245
2015-04-29T13:18:44	Freq_T0	50
2015-04-29T13:18:44	Phase_T0	9770
2015-04-29T13:18:44	Error_T0	0
2015-04-29T13:18:44	Freq_Thick	50
2015-04-29T13:18:47	Phase_Thick	1779
2015-04-29T13:19:08	Error_Thick	-1
2015-04-29T13:19:10	Moderator_Temp	109.862503051758
2015-04-29T13:19:10	Fermi_Speed	200
2015-04-29T13:19:12	T_Head	5.61000355456488
2015-04-29T13:19:12	T_Sample	7.84309568560614
2015-04-29T13:19:14	Fermi_delay	3245
2015-04-29T13:19:14	Freq_T0	50
2015-04-29T13:19:14	Phase_T0	9770
2015-04-29T13:19:14	Error_T0	-1
2015-04-29T13:19:14	Freq_Thick	50
2015-04-29T13:19:17	Phase_Thick	1779
2015-04-29T13:19:39	Error_Thick	-1
2015-04-29T13:19:41	Moderator_Temp	109.862503051758
2015-04-29T13:19:41	Fermi_Speed	200
2015-04-29T13:19:43	T_Head	5.51741437388344
2015-04-29T13:19:43	T_Sample	7.724331356809
2015-04-29T13:19:45	Fermi_delay	3245.039683
2015-04-29T13:19:45	Freq_T0	50
2015-04-29T13:19:45	Phase_T0	9770
2015-04-29T13:19:45	Error_T0	-1
2015-04-29T13:19:45	Freq_Thick	50
2015-04-29T13:19:48	Phase_Thick	1779
2015-04-29T13:20:09	Error_Thick	-1
2015-04-29T13:20:11	Moderator_Temp	109.862503051758
2015-04-29T13:20:11	Fermi_Speed	200
2015-04-29T13:20:13	T_Head	5.43818395435791
2015-04-29T13:20:13	T_Sample	7.62716054233862
2015-04-29T13:20:15	Fermi_delay	3245.039683
2015-04-29T13:20:15	Freq_T0	50
2015-04-29T13:20:15	Phase_T0	9770
2015-04-29T13:20:15	Error_T0	-1
2015-04-29T13:20:15	Freq_Thick	50
2015-04-29T13:20:18	Phase_Thick	1779
2015-04-29T13:20:39	Error_Thick	-1
2015-04-29T13:20:41	Moderator_Temp	109.862503051758
2015-04-29T13:20:41	Fermi_Speed	200
2015-04-29T13:20:43	T_Head	5.36675070800605
2015-04-29T13:20:43	T_Sample	7.52998972786824
2015-04-29T13:20:45	Fermi_delay	3244.980159
2015-04-29T13:20:45	Freq_T0	50
2015-04-29T13:20:45	Phase_T0	9770
2015-04-29T13:20:45	Error_T0	-1
2015-04-29T13:20:45	Freq_Thick	50
2015-04-29T13:20:48	Phase_Thick	1779
2015-04-29T13:21:10	Error_Thick	-1
2015-04-29T13:21:12	Moderator_Temp	109.862503051758
2015-04-29T13:21:12	Fermi_Speed	200
2015-04-29T13:21:14	T_Head	5.29531746165419
2015-04-29T13:21:14	T_Sample	7.42202215623447
2015-04-29T13:21:16	Fermi_delay	3245
2015-04-29T13:21:16	Freq_T0	50
2015-04-29T13:21:16	Phase_T0	9770
2015-04-29T13:21:16	Error_T0	0
2015-04-29T13:21:16	Freq_Thick	50
2015-04-29T13:21:19	Phase_Thick	1779
2015-04-29T13:21:40	Error_Thick	-1
2015-04-29T13:21:42	Moderator_Temp	109.862503051758
2015-04-29T13:21:42	Fermi_Speed	200
2015-04-29T13:21:44	T_Head	5.23182124267477
2015-04-29T13:21:44	T_Sample	7.34644485609085
2015-04-29T13:21:46	Fermi_delay	3244.980159
2015-04-29T13:21:46	Freq_T0	49.99
2015-04-29T13:21:46	Phase_T0	9770
2015-04-29T13:21:46	Error_T0	-3
2015-04-29T13:21:46	Freq_Thick	50
2015-04-29T13:21:49	Phase_Thick	1779
2015-04-29T13:22:10	Error_Thick	0
2015-04-29T13:22:12	Moderator_Temp	109.862503051758
2015-04-29T13:22:12	Fermi_Speed	200
2015-04-29T13:22:14	T_Head	5.16038799632291
2015-04-29T13:22:14	T_Sample	7.24927404162046
2015-04-29T13:22:16	Fermi_delay	3245
2015-04-29T13:22:16	Freq_T0	49.99
2015-04-29T13:22:16	Phase_T0	9770
2015-04-29T13:22:16	Error_T0	-1
2015-04-29T13:22:16	Freq_Thick	50
2015-04-29T13:22:19	Phase_Thick	1779
2015-04-29T13:22:40	Error_Thick	-1
2015-04-29T13:22:42	Moderator_Temp	109.862503051758
2015-04-29T13:22:42	Fermi_Speed	200
2015-04-29T13:22:44	T_Head	5.09689177734348
2015-04-29T13:22:44	T_Sample	7.15210322715008
2015-04-29T13:22:46	Fermi_delay	3244.980159
2015-04-29T13:22:46	Freq_T0	49.99
2015-04-29T13:22:46	Phase_T0	9770
2015-04-29T13:22:46	Error_T0	-1
2015-04-29T13:22:46	Freq_Thick	50
2015-04-29T13:22:49	Phase_Thick	1779
2015-04-29T13:23:10	Error_Thick	-2
2015-04-29T13:23:12	Moderator_Temp	109.862503051758
2015-04-29T13:23:12	Fermi_Speed	200
